Mon Mar  3 00:04:53 2025: Running xcd server. This server was built by gradle.
Mon Mar  3 00:04:53 2025: Server was asked to start on port: '44405'
Mon Mar  3 00:04:53 2025: Server is using token UUID: '09c0019a-f7ed-11ef-a80c-8707d399e20d'
Mon Mar  3 00:04:53 2025: SESSION_MGR: creating session with session uuid: '6d04a3e9-ade5-4ab9-8d63-1f78fcd2ec76' and name 'default'
Mon Mar  3 00:04:53 2025: Attempting to start server on port '44405'
Mon Mar  3 00:04:53 2025: XCD main fifo: created main fifo '/tmp/xcdmain09c0019a-f7ed-11ef-a80c-8707d399e20d', fd read = 11
Mon Mar  3 00:04:53 2025: Running Dispatch Server
Mon Mar  3 00:04:53 2025: Version 2.2.0
Mon Mar  3 00:04:54 2025: Dispatch Server: Accepted socket connection from client
Mon Mar  3 00:04:54 2025: Starting Socket connection
Mon Mar  3 00:04:54 2025: EXCHANGE_TOKEN received, server token: 09c0019a-f7ed-11ef-a80c-8707d399e20d, passed token: 09c0019a-f7ed-11ef-a80c-8707d399e20d
Mon Mar  3 00:04:54 2025: SESSION_MGR: creating session with session uuid: 'ac2242aa-8dd1-47e8-959a-af498206be7f' and name 'Code Analyzer'
Mon Mar  3 00:04:54 2025: KERNEL_SVC: creating session with uuid: 'ac2242aa-8dd1-47e8-959a-af498206be7f' and name 'Code Analyzer'
Mon Mar  3 00:04:54 2025: GUIDANCE_SMGR: creating guidance session with uuid: 'ac2242aa-8dd1-47e8-959a-af498206be7f' and name 'Code Analyzer'
Mon Mar  3 00:05:01 2025: SESSION_MGR: closing session for UUID 'ac2242aa-8dd1-47e8-959a-af498206be7f' with name ''
Mon Mar  3 00:05:01 2025: KERNEL_SVC: closing session for UUID 'ac2242aa-8dd1-47e8-959a-af498206be7f' with name ''
Mon Mar  3 00:05:01 2025: GUIDANCE_SMGR: closing session for UUID 'ac2242aa-8dd1-47e8-959a-af498206be7f' with name ''
Mon Mar  3 00:05:01 2025: STOP_SERVER received, server token: 09c0019a-f7ed-11ef-a80c-8707d399e20d, passed token: 09c0019a-f7ed-11ef-a80c-8707d399e20d
Mon Mar  3 00:05:01 2025: Socket received request to stop server.
Mon Mar  3 00:05:01 2025: Dispatch Server: do_await_stop
Mon Mar  3 00:05:01 2025: Dispatch Server: stopping mainFifo_
Mon Mar  3 00:05:01 2025: XCD main fifo: Stopping
Mon Mar  3 00:05:01 2025: XCD main fifo: do_read error code: Operation canceled
Mon Mar  3 00:05:01 2025: XCD main fifo: bytes_transferred: 0
Mon Mar  3 00:05:01 2025: SERVER: destructor for server bound to port 44405
Mon Mar  3 00:05:01 2025: XCD main fifo: Good unlink of /tmp/xcdmain09c0019a-f7ed-11ef-a80c-8707d399e20d
Mon Mar  3 00:05:01 2025: Server exiting with status 0.
Mon Mar  3 00:05:01 2025: Closing log file.
