Sat Jan 25 21:17:42 2025: Running xcd server. This server was built by gradle.
Sat Jan 25 21:17:42 2025: Server was asked to start on port: '32881'
Sat Jan 25 21:17:42 2025: Server is using token UUID: '026d47da-34c2-483b-acd2-ffa94699c56e'
Sat Jan 25 21:17:42 2025: SESSION_MGR: creating session with session uuid: '6d04a3e9-ade5-4ab9-8d63-1f78fcd2ec76' and name 'default'
Sat Jan 25 21:17:42 2025: Attempting to start server on port '32881'
Sat Jan 25 21:17:42 2025: XCD main fifo: created main fifo '/tmp/xcdmain026d47da-34c2-483b-acd2-ffa94699c56e', fd read = 13
Sat Jan 25 21:17:42 2025: Running Dispatch Server
Sat Jan 25 21:17:42 2025: Version 2.2.0
Sat Jan 25 21:17:43 2025: Dispatch Server: Accepted socket connection from client
Sat Jan 25 21:17:43 2025: Starting Socket connection
Sat Jan 25 21:17:43 2025: EXCHANGE_TOKEN received, server token: 026d47da-34c2-483b-acd2-ffa94699c56e, passed token: 026d47da-34c2-483b-acd2-ffa94699c56e
Sat Jan 25 21:17:43 2025: DISPATCH_HANDLER: Adding handler from function makeHandler in library libxv_system_diagram
Sat Jan 25 21:17:43 2025: SESSION_MGR: creating session with session uuid: 'a31729ce-9e71-4194-bc3d-a89464ec6f9c' and name 'vitis-run_compile_AES_ECB_encrypt'
Sat Jan 25 21:17:43 2025: KERNEL_SVC: creating session with uuid: 'a31729ce-9e71-4194-bc3d-a89464ec6f9c' and name 'vitis-run_compile_AES_ECB_encrypt'
Sat Jan 25 21:17:43 2025: GUIDANCE_SMGR: creating guidance session with uuid: 'a31729ce-9e71-4194-bc3d-a89464ec6f9c' and name 'vitis-run_compile_AES_ECB_encrypt'
Sat Jan 25 21:17:43 2025: SYSTEM_DIAGRAM: creating session with uuid: 'a31729ce-9e71-4194-bc3d-a89464ec6f9c' and name 'vitis-run_compile_AES_ECB_encrypt'
Sat Jan 25 21:17:53 2025: Dispatch Server: Accepted socket connection from client
Sat Jan 25 21:17:53 2025: Starting Socket connection
Sat Jan 25 21:17:54 2025: SESSION_MGR: closing session for UUID 'a31729ce-9e71-4194-bc3d-a89464ec6f9c' with name 'vitis-run_compile_AES_ECB_encrypt'
Sat Jan 25 21:17:54 2025: KERNEL_SVC: closing session for UUID 'a31729ce-9e71-4194-bc3d-a89464ec6f9c' with name 'vitis-run_compile_AES_ECB_encrypt'
Sat Jan 25 21:17:54 2025: GUIDANCE_SMGR: closing session for UUID 'a31729ce-9e71-4194-bc3d-a89464ec6f9c' with name 'vitis-run_compile_AES_ECB_encrypt'
Sat Jan 25 21:17:54 2025: SYSTEM_DIAGRAM: closing session for UUID 'a31729ce-9e71-4194-bc3d-a89464ec6f9c' with name 'vitis-run_compile_AES_ECB_encrypt'
Sat Jan 25 21:17:54 2025: STOP_SERVER received, server token: 026d47da-34c2-483b-acd2-ffa94699c56e, passed token: 026d47da-34c2-483b-acd2-ffa94699c56e
Sat Jan 25 21:17:54 2025: Socket received request to stop server.
Sat Jan 25 21:17:54 2025: Dispatch Server: do_await_stop
Sat Jan 25 21:17:54 2025: Dispatch Server: stopping mainFifo_
Sat Jan 25 21:17:54 2025: XCD main fifo: Stopping
Sat Jan 25 21:17:54 2025: XCD main fifo: do_read error code: Operation canceled
Sat Jan 25 21:17:54 2025: XCD main fifo: bytes_transferred: 0
Sat Jan 25 21:17:54 2025: SERVER: destructor for server bound to port 32881
Sat Jan 25 21:17:54 2025: XCD main fifo: Good unlink of /tmp/xcdmain026d47da-34c2-483b-acd2-ffa94699c56e
Sat Jan 25 21:17:54 2025: Server exiting with status 0.
Sat Jan 25 21:17:54 2025: Closing log file.
Sat Jan 25 21:18:10 2025: Running xcd server. This server was built by gradle.
Sat Jan 25 21:18:10 2025: Server was asked to start on port: '39289'
Sat Jan 25 21:18:10 2025: Server is using token UUID: 'fbbe3a2d-46d4-4509-abf6-106676758a04'
Sat Jan 25 21:18:10 2025: SESSION_MGR: creating session with session uuid: '6d04a3e9-ade5-4ab9-8d63-1f78fcd2ec76' and name 'default'
Sat Jan 25 21:18:10 2025: Attempting to start server on port '39289'
Sat Jan 25 21:18:10 2025: XCD main fifo: created main fifo '/tmp/xcdmainfbbe3a2d-46d4-4509-abf6-106676758a04', fd read = 13
Sat Jan 25 21:18:10 2025: Running Dispatch Server
Sat Jan 25 21:18:10 2025: Version 2.2.0
Sat Jan 25 21:18:11 2025: Dispatch Server: Accepted socket connection from client
Sat Jan 25 21:18:11 2025: Starting Socket connection
Sat Jan 25 21:18:11 2025: EXCHANGE_TOKEN received, server token: fbbe3a2d-46d4-4509-abf6-106676758a04, passed token: fbbe3a2d-46d4-4509-abf6-106676758a04
Sat Jan 25 21:18:11 2025: DISPATCH_HANDLER: Adding handler from function makeHandler in library libxv_system_diagram
Sat Jan 25 21:18:11 2025: SESSION_MGR: creating session with session uuid: 'fb7bd18a-9f3f-4b99-8c1f-b7ccbc9314c3' and name 'v++_compile_AES_ECB_encrypt'
Sat Jan 25 21:18:11 2025: KERNEL_SVC: creating session with uuid: 'fb7bd18a-9f3f-4b99-8c1f-b7ccbc9314c3' and name 'v++_compile_AES_ECB_encrypt'
Sat Jan 25 21:18:11 2025: GUIDANCE_SMGR: creating guidance session with uuid: 'fb7bd18a-9f3f-4b99-8c1f-b7ccbc9314c3' and name 'v++_compile_AES_ECB_encrypt'
Sat Jan 25 21:18:11 2025: SYSTEM_DIAGRAM: creating session with uuid: 'fb7bd18a-9f3f-4b99-8c1f-b7ccbc9314c3' and name 'v++_compile_AES_ECB_encrypt'
Sat Jan 25 21:18:21 2025: Dispatch Server: Accepted socket connection from client
Sat Jan 25 21:18:21 2025: Starting Socket connection
Sat Jan 25 21:18:39 2025: SESSION_MGR: closing session for UUID 'fb7bd18a-9f3f-4b99-8c1f-b7ccbc9314c3' with name 'v++_compile_AES_ECB_encrypt'
Sat Jan 25 21:18:39 2025: KERNEL_SVC: closing session for UUID 'fb7bd18a-9f3f-4b99-8c1f-b7ccbc9314c3' with name 'v++_compile_AES_ECB_encrypt'
Sat Jan 25 21:18:39 2025: GUIDANCE_SMGR: closing session for UUID 'fb7bd18a-9f3f-4b99-8c1f-b7ccbc9314c3' with name 'v++_compile_AES_ECB_encrypt'
Sat Jan 25 21:18:39 2025: SYSTEM_DIAGRAM: closing session for UUID 'fb7bd18a-9f3f-4b99-8c1f-b7ccbc9314c3' with name 'v++_compile_AES_ECB_encrypt'
Sat Jan 25 21:18:39 2025: STOP_SERVER received, server token: fbbe3a2d-46d4-4509-abf6-106676758a04, passed token: fbbe3a2d-46d4-4509-abf6-106676758a04
Sat Jan 25 21:18:39 2025: Socket received request to stop server.
Sat Jan 25 21:18:39 2025: Dispatch Server: do_await_stop
Sat Jan 25 21:18:39 2025: Dispatch Server: stopping mainFifo_
Sat Jan 25 21:18:39 2025: XCD main fifo: Stopping
Sat Jan 25 21:18:39 2025: XCD main fifo: do_read error code: Operation canceled
Sat Jan 25 21:18:39 2025: XCD main fifo: bytes_transferred: 0
Sat Jan 25 21:18:39 2025: SERVER: destructor for server bound to port 39289
Sat Jan 25 21:18:39 2025: XCD main fifo: Good unlink of /tmp/xcdmainfbbe3a2d-46d4-4509-abf6-106676758a04
Sat Jan 25 21:18:39 2025: Server exiting with status 0.
Sat Jan 25 21:18:39 2025: Closing log file.
Sat Jan 25 21:18:55 2025: Running xcd server. This server was built by gradle.
Sat Jan 25 21:18:55 2025: Server was asked to start on port: '33499'
Sat Jan 25 21:18:55 2025: Server is using token UUID: '0c3f00d0-0f29-4cfe-a8c0-ea8257ec59ca'
Sat Jan 25 21:18:55 2025: SESSION_MGR: creating session with session uuid: '6d04a3e9-ade5-4ab9-8d63-1f78fcd2ec76' and name 'default'
Sat Jan 25 21:18:55 2025: Attempting to start server on port '33499'
Sat Jan 25 21:18:55 2025: XCD main fifo: created main fifo '/tmp/xcdmain0c3f00d0-0f29-4cfe-a8c0-ea8257ec59ca', fd read = 13
Sat Jan 25 21:18:55 2025: Running Dispatch Server
Sat Jan 25 21:18:55 2025: Version 2.2.0
Sat Jan 25 21:18:56 2025: Dispatch Server: Accepted socket connection from client
Sat Jan 25 21:18:56 2025: Starting Socket connection
Sat Jan 25 21:18:56 2025: EXCHANGE_TOKEN received, server token: 0c3f00d0-0f29-4cfe-a8c0-ea8257ec59ca, passed token: 0c3f00d0-0f29-4cfe-a8c0-ea8257ec59ca
Sat Jan 25 21:18:56 2025: DISPATCH_HANDLER: Adding handler from function makeHandler in library libxv_system_diagram
Sat Jan 25 21:18:56 2025: SESSION_MGR: creating session with session uuid: '0a67ed7b-65d5-47e1-b6e7-fbcc17948457' and name 'vitis-run_compile_AES_ECB_encrypt'
Sat Jan 25 21:18:56 2025: KERNEL_SVC: creating session with uuid: '0a67ed7b-65d5-47e1-b6e7-fbcc17948457' and name 'vitis-run_compile_AES_ECB_encrypt'
Sat Jan 25 21:18:56 2025: GUIDANCE_SMGR: creating guidance session with uuid: '0a67ed7b-65d5-47e1-b6e7-fbcc17948457' and name 'vitis-run_compile_AES_ECB_encrypt'
Sat Jan 25 21:18:56 2025: SYSTEM_DIAGRAM: creating session with uuid: '0a67ed7b-65d5-47e1-b6e7-fbcc17948457' and name 'vitis-run_compile_AES_ECB_encrypt'
Sat Jan 25 21:19:06 2025: Dispatch Server: Accepted socket connection from client
Sat Jan 25 21:19:06 2025: Starting Socket connection
Sat Jan 25 21:19:37 2025: SESSION_MGR: closing session for UUID '0a67ed7b-65d5-47e1-b6e7-fbcc17948457' with name 'vitis-run_compile_AES_ECB_encrypt'
Sat Jan 25 21:19:37 2025: KERNEL_SVC: closing session for UUID '0a67ed7b-65d5-47e1-b6e7-fbcc17948457' with name 'vitis-run_compile_AES_ECB_encrypt'
Sat Jan 25 21:19:37 2025: GUIDANCE_SMGR: closing session for UUID '0a67ed7b-65d5-47e1-b6e7-fbcc17948457' with name 'vitis-run_compile_AES_ECB_encrypt'
Sat Jan 25 21:19:37 2025: SYSTEM_DIAGRAM: closing session for UUID '0a67ed7b-65d5-47e1-b6e7-fbcc17948457' with name 'vitis-run_compile_AES_ECB_encrypt'
Sat Jan 25 21:19:37 2025: STOP_SERVER received, server token: 0c3f00d0-0f29-4cfe-a8c0-ea8257ec59ca, passed token: 0c3f00d0-0f29-4cfe-a8c0-ea8257ec59ca
Sat Jan 25 21:19:37 2025: Socket received request to stop server.
Sat Jan 25 21:19:37 2025: Dispatch Server: do_await_stop
Sat Jan 25 21:19:37 2025: Dispatch Server: stopping mainFifo_
Sat Jan 25 21:19:37 2025: XCD main fifo: Stopping
Sat Jan 25 21:19:37 2025: XCD main fifo: do_read error code: Operation canceled
Sat Jan 25 21:19:37 2025: XCD main fifo: bytes_transferred: 0
Sat Jan 25 21:19:37 2025: SERVER: destructor for server bound to port 33499
Sat Jan 25 21:19:37 2025: XCD main fifo: Good unlink of /tmp/xcdmain0c3f00d0-0f29-4cfe-a8c0-ea8257ec59ca
Sat Jan 25 21:19:37 2025: Server exiting with status 0.
Sat Jan 25 21:19:37 2025: Closing log file.
Sat Jan 25 21:26:04 2025: Running xcd server. This server was built by gradle.
Sat Jan 25 21:26:04 2025: Server was asked to start on port: '34681'
Sat Jan 25 21:26:04 2025: Server is using token UUID: '432f0716-2eb0-4ece-a429-d4c6d61850dc'
Sat Jan 25 21:26:04 2025: SESSION_MGR: creating session with session uuid: '6d04a3e9-ade5-4ab9-8d63-1f78fcd2ec76' and name 'default'
Sat Jan 25 21:26:04 2025: Attempting to start server on port '34681'
Sat Jan 25 21:26:04 2025: XCD main fifo: created main fifo '/tmp/xcdmain432f0716-2eb0-4ece-a429-d4c6d61850dc', fd read = 13
Sat Jan 25 21:26:04 2025: Running Dispatch Server
Sat Jan 25 21:26:04 2025: Version 2.2.0
Sat Jan 25 21:26:05 2025: Dispatch Server: Accepted socket connection from client
Sat Jan 25 21:26:05 2025: Starting Socket connection
Sat Jan 25 21:26:05 2025: EXCHANGE_TOKEN received, server token: 432f0716-2eb0-4ece-a429-d4c6d61850dc, passed token: 432f0716-2eb0-4ece-a429-d4c6d61850dc
Sat Jan 25 21:26:05 2025: DISPATCH_HANDLER: Adding handler from function makeHandler in library libxv_system_diagram
Sat Jan 25 21:26:05 2025: SESSION_MGR: creating session with session uuid: 'f02590dc-041f-42cd-9fef-50a0e68340d4' and name 'vitis-run_compile_AES_ECB_encrypt'
Sat Jan 25 21:26:05 2025: KERNEL_SVC: creating session with uuid: 'f02590dc-041f-42cd-9fef-50a0e68340d4' and name 'vitis-run_compile_AES_ECB_encrypt'
Sat Jan 25 21:26:05 2025: GUIDANCE_SMGR: creating guidance session with uuid: 'f02590dc-041f-42cd-9fef-50a0e68340d4' and name 'vitis-run_compile_AES_ECB_encrypt'
Sat Jan 25 21:26:05 2025: SYSTEM_DIAGRAM: creating session with uuid: 'f02590dc-041f-42cd-9fef-50a0e68340d4' and name 'vitis-run_compile_AES_ECB_encrypt'
Sat Jan 25 21:26:15 2025: Dispatch Server: Accepted socket connection from client
Sat Jan 25 21:26:15 2025: Starting Socket connection
Sat Jan 25 21:26:45 2025: SESSION_MGR: closing session for UUID 'f02590dc-041f-42cd-9fef-50a0e68340d4' with name 'vitis-run_compile_AES_ECB_encrypt'
Sat Jan 25 21:26:45 2025: KERNEL_SVC: closing session for UUID 'f02590dc-041f-42cd-9fef-50a0e68340d4' with name 'vitis-run_compile_AES_ECB_encrypt'
Sat Jan 25 21:26:45 2025: GUIDANCE_SMGR: closing session for UUID 'f02590dc-041f-42cd-9fef-50a0e68340d4' with name 'vitis-run_compile_AES_ECB_encrypt'
Sat Jan 25 21:26:45 2025: SYSTEM_DIAGRAM: closing session for UUID 'f02590dc-041f-42cd-9fef-50a0e68340d4' with name 'vitis-run_compile_AES_ECB_encrypt'
Sat Jan 25 21:26:45 2025: STOP_SERVER received, server token: 432f0716-2eb0-4ece-a429-d4c6d61850dc, passed token: 432f0716-2eb0-4ece-a429-d4c6d61850dc
Sat Jan 25 21:26:45 2025: Socket received request to stop server.
Sat Jan 25 21:26:45 2025: Dispatch Server: do_await_stop
Sat Jan 25 21:26:45 2025: Dispatch Server: stopping mainFifo_
Sat Jan 25 21:26:45 2025: XCD main fifo: Stopping
Sat Jan 25 21:26:45 2025: XCD main fifo: do_read error code: Operation canceled
Sat Jan 25 21:26:45 2025: XCD main fifo: bytes_transferred: 0
Sat Jan 25 21:26:45 2025: SERVER: destructor for server bound to port 34681
Sat Jan 25 21:26:45 2025: XCD main fifo: Good unlink of /tmp/xcdmain432f0716-2eb0-4ece-a429-d4c6d61850dc
Sat Jan 25 21:26:45 2025: Server exiting with status 0.
Sat Jan 25 21:26:45 2025: Closing log file.
Sun Jan 26 18:08:33 2025: Running xcd server. This server was built by gradle.
Sun Jan 26 18:08:33 2025: Server was asked to start on port: '34901'
Sun Jan 26 18:08:33 2025: Server is using token UUID: 'b98224df-fc9f-44a1-bebc-902e306d6a93'
Sun Jan 26 18:08:33 2025: SESSION_MGR: creating session with session uuid: '6d04a3e9-ade5-4ab9-8d63-1f78fcd2ec76' and name 'default'
Sun Jan 26 18:08:33 2025: Attempting to start server on port '34901'
Sun Jan 26 18:08:33 2025: XCD main fifo: created main fifo '/tmp/xcdmainb98224df-fc9f-44a1-bebc-902e306d6a93', fd read = 12
Sun Jan 26 18:08:33 2025: Running Dispatch Server
Sun Jan 26 18:08:33 2025: Version 2.2.0
Sun Jan 26 18:08:34 2025: Dispatch Server: Accepted socket connection from client
Sun Jan 26 18:08:34 2025: Starting Socket connection
Sun Jan 26 18:08:34 2025: EXCHANGE_TOKEN received, server token: b98224df-fc9f-44a1-bebc-902e306d6a93, passed token: b98224df-fc9f-44a1-bebc-902e306d6a93
Sun Jan 26 18:08:35 2025: DISPATCH_HANDLER: Adding handler from function makeHandler in library libxv_system_diagram
Sun Jan 26 18:08:35 2025: SESSION_MGR: creating session with session uuid: 'aa694b6a-6669-4e8e-86c5-3af1991a3ef1' and name 'vitis-run_compile_AES_ECB_encrypt'
Sun Jan 26 18:08:35 2025: KERNEL_SVC: creating session with uuid: 'aa694b6a-6669-4e8e-86c5-3af1991a3ef1' and name 'vitis-run_compile_AES_ECB_encrypt'
Sun Jan 26 18:08:35 2025: GUIDANCE_SMGR: creating guidance session with uuid: 'aa694b6a-6669-4e8e-86c5-3af1991a3ef1' and name 'vitis-run_compile_AES_ECB_encrypt'
Sun Jan 26 18:08:35 2025: SYSTEM_DIAGRAM: creating session with uuid: 'aa694b6a-6669-4e8e-86c5-3af1991a3ef1' and name 'vitis-run_compile_AES_ECB_encrypt'
Sun Jan 26 18:08:49 2025: Dispatch Server: Accepted socket connection from client
Sun Jan 26 18:08:49 2025: Starting Socket connection
Sun Jan 26 18:09:47 2025: SESSION_MGR: closing session for UUID 'aa694b6a-6669-4e8e-86c5-3af1991a3ef1' with name 'vitis-run_compile_AES_ECB_encrypt'
Sun Jan 26 18:09:47 2025: KERNEL_SVC: closing session for UUID 'aa694b6a-6669-4e8e-86c5-3af1991a3ef1' with name 'vitis-run_compile_AES_ECB_encrypt'
Sun Jan 26 18:09:47 2025: GUIDANCE_SMGR: closing session for UUID 'aa694b6a-6669-4e8e-86c5-3af1991a3ef1' with name 'vitis-run_compile_AES_ECB_encrypt'
Sun Jan 26 18:09:47 2025: SYSTEM_DIAGRAM: closing session for UUID 'aa694b6a-6669-4e8e-86c5-3af1991a3ef1' with name 'vitis-run_compile_AES_ECB_encrypt'
Sun Jan 26 18:09:47 2025: STOP_SERVER received, server token: b98224df-fc9f-44a1-bebc-902e306d6a93, passed token: b98224df-fc9f-44a1-bebc-902e306d6a93
Sun Jan 26 18:09:47 2025: Socket received request to stop server.
Sun Jan 26 18:09:47 2025: Dispatch Server: do_await_stop
Sun Jan 26 18:09:47 2025: Dispatch Server: stopping mainFifo_
Sun Jan 26 18:09:47 2025: XCD main fifo: Stopping
Sun Jan 26 18:09:47 2025: XCD main fifo: do_read error code: Operation canceled
Sun Jan 26 18:09:47 2025: XCD main fifo: bytes_transferred: 0
Sun Jan 26 18:09:47 2025: SERVER: destructor for server bound to port 34901
Sun Jan 26 18:09:47 2025: XCD main fifo: Good unlink of /tmp/xcdmainb98224df-fc9f-44a1-bebc-902e306d6a93
Sun Jan 26 18:09:47 2025: Server exiting with status 0.
Sun Jan 26 18:09:47 2025: Closing log file.
Sun Jan 26 18:15:41 2025: Running xcd server. This server was built by gradle.
Sun Jan 26 18:15:41 2025: Server was asked to start on port: '44509'
Sun Jan 26 18:15:41 2025: Server is using token UUID: 'f99ab96e-a67a-4ae5-aeef-43b3ae5dff26'
Sun Jan 26 18:15:41 2025: SESSION_MGR: creating session with session uuid: '6d04a3e9-ade5-4ab9-8d63-1f78fcd2ec76' and name 'default'
Sun Jan 26 18:15:41 2025: Attempting to start server on port '44509'
Sun Jan 26 18:15:41 2025: XCD main fifo: created main fifo '/tmp/xcdmainf99ab96e-a67a-4ae5-aeef-43b3ae5dff26', fd read = 13
Sun Jan 26 18:15:41 2025: Running Dispatch Server
Sun Jan 26 18:15:41 2025: Version 2.2.0
Sun Jan 26 18:15:42 2025: Dispatch Server: Accepted socket connection from client
Sun Jan 26 18:15:42 2025: Starting Socket connection
Sun Jan 26 18:15:42 2025: EXCHANGE_TOKEN received, server token: f99ab96e-a67a-4ae5-aeef-43b3ae5dff26, passed token: f99ab96e-a67a-4ae5-aeef-43b3ae5dff26
Sun Jan 26 18:15:42 2025: DISPATCH_HANDLER: Adding handler from function makeHandler in library libxv_system_diagram
Sun Jan 26 18:15:42 2025: SESSION_MGR: creating session with session uuid: '9671b90e-bd15-4071-ac08-43f5648bb9c1' and name 'vitis-run_compile_AES_ECB_encrypt'
Sun Jan 26 18:15:42 2025: KERNEL_SVC: creating session with uuid: '9671b90e-bd15-4071-ac08-43f5648bb9c1' and name 'vitis-run_compile_AES_ECB_encrypt'
Sun Jan 26 18:15:42 2025: GUIDANCE_SMGR: creating guidance session with uuid: '9671b90e-bd15-4071-ac08-43f5648bb9c1' and name 'vitis-run_compile_AES_ECB_encrypt'
Sun Jan 26 18:15:42 2025: SYSTEM_DIAGRAM: creating session with uuid: '9671b90e-bd15-4071-ac08-43f5648bb9c1' and name 'vitis-run_compile_AES_ECB_encrypt'
Sun Jan 26 18:15:57 2025: Dispatch Server: Accepted socket connection from client
Sun Jan 26 18:15:57 2025: Starting Socket connection
Sun Jan 26 18:16:46 2025: SESSION_MGR: closing session for UUID '9671b90e-bd15-4071-ac08-43f5648bb9c1' with name 'vitis-run_compile_AES_ECB_encrypt'
Sun Jan 26 18:16:46 2025: KERNEL_SVC: closing session for UUID '9671b90e-bd15-4071-ac08-43f5648bb9c1' with name 'vitis-run_compile_AES_ECB_encrypt'
Sun Jan 26 18:16:46 2025: GUIDANCE_SMGR: closing session for UUID '9671b90e-bd15-4071-ac08-43f5648bb9c1' with name 'vitis-run_compile_AES_ECB_encrypt'
Sun Jan 26 18:16:46 2025: SYSTEM_DIAGRAM: closing session for UUID '9671b90e-bd15-4071-ac08-43f5648bb9c1' with name 'vitis-run_compile_AES_ECB_encrypt'
Sun Jan 26 18:16:46 2025: STOP_SERVER received, server token: f99ab96e-a67a-4ae5-aeef-43b3ae5dff26, passed token: f99ab96e-a67a-4ae5-aeef-43b3ae5dff26
Sun Jan 26 18:16:46 2025: Socket received request to stop server.
Sun Jan 26 18:16:46 2025: Dispatch Server: do_await_stop
Sun Jan 26 18:16:46 2025: Dispatch Server: stopping mainFifo_
Sun Jan 26 18:16:46 2025: XCD main fifo: Stopping
Sun Jan 26 18:16:46 2025: XCD main fifo: do_read error code: Operation canceled
Sun Jan 26 18:16:46 2025: XCD main fifo: bytes_transferred: 0
Sun Jan 26 18:16:46 2025: SERVER: destructor for server bound to port 44509
Sun Jan 26 18:16:46 2025: XCD main fifo: Good unlink of /tmp/xcdmainf99ab96e-a67a-4ae5-aeef-43b3ae5dff26
Sun Jan 26 18:16:46 2025: Server exiting with status 0.
Sun Jan 26 18:16:46 2025: Closing log file.
Sun Jan 26 18:22:35 2025: Running xcd server. This server was built by gradle.
Sun Jan 26 18:22:35 2025: Server was asked to start on port: '39959'
Sun Jan 26 18:22:35 2025: Server is using token UUID: '02c06301-afbb-4969-b5af-306a4d8f22b0'
Sun Jan 26 18:22:35 2025: SESSION_MGR: creating session with session uuid: '6d04a3e9-ade5-4ab9-8d63-1f78fcd2ec76' and name 'default'
Sun Jan 26 18:22:35 2025: Attempting to start server on port '39959'
Sun Jan 26 18:22:35 2025: XCD main fifo: created main fifo '/tmp/xcdmain02c06301-afbb-4969-b5af-306a4d8f22b0', fd read = 13
Sun Jan 26 18:22:35 2025: Running Dispatch Server
Sun Jan 26 18:22:35 2025: Version 2.2.0
Sun Jan 26 18:22:36 2025: Dispatch Server: Accepted socket connection from client
Sun Jan 26 18:22:36 2025: Starting Socket connection
Sun Jan 26 18:22:36 2025: EXCHANGE_TOKEN received, server token: 02c06301-afbb-4969-b5af-306a4d8f22b0, passed token: 02c06301-afbb-4969-b5af-306a4d8f22b0
Sun Jan 26 18:22:37 2025: DISPATCH_HANDLER: Adding handler from function makeHandler in library libxv_system_diagram
Sun Jan 26 18:22:37 2025: SESSION_MGR: creating session with session uuid: '4ce24c67-eb59-44e9-88dc-994d5dfd4502' and name 'vitis-run_compile_AES_ECB_encrypt'
Sun Jan 26 18:22:37 2025: KERNEL_SVC: creating session with uuid: '4ce24c67-eb59-44e9-88dc-994d5dfd4502' and name 'vitis-run_compile_AES_ECB_encrypt'
Sun Jan 26 18:22:37 2025: GUIDANCE_SMGR: creating guidance session with uuid: '4ce24c67-eb59-44e9-88dc-994d5dfd4502' and name 'vitis-run_compile_AES_ECB_encrypt'
Sun Jan 26 18:22:37 2025: SYSTEM_DIAGRAM: creating session with uuid: '4ce24c67-eb59-44e9-88dc-994d5dfd4502' and name 'vitis-run_compile_AES_ECB_encrypt'
Sun Jan 26 18:22:47 2025: Dispatch Server: Accepted socket connection from client
Sun Jan 26 18:22:47 2025: Starting Socket connection
Sun Jan 26 18:22:49 2025: SESSION_MGR: closing session for UUID '4ce24c67-eb59-44e9-88dc-994d5dfd4502' with name 'vitis-run_compile_AES_ECB_encrypt'
Sun Jan 26 18:22:49 2025: KERNEL_SVC: closing session for UUID '4ce24c67-eb59-44e9-88dc-994d5dfd4502' with name 'vitis-run_compile_AES_ECB_encrypt'
Sun Jan 26 18:22:49 2025: GUIDANCE_SMGR: closing session for UUID '4ce24c67-eb59-44e9-88dc-994d5dfd4502' with name 'vitis-run_compile_AES_ECB_encrypt'
Sun Jan 26 18:22:49 2025: SYSTEM_DIAGRAM: closing session for UUID '4ce24c67-eb59-44e9-88dc-994d5dfd4502' with name 'vitis-run_compile_AES_ECB_encrypt'
Sun Jan 26 18:22:49 2025: STOP_SERVER received, server token: 02c06301-afbb-4969-b5af-306a4d8f22b0, passed token: 02c06301-afbb-4969-b5af-306a4d8f22b0
Sun Jan 26 18:22:49 2025: Socket received request to stop server.
Sun Jan 26 18:22:49 2025: Dispatch Server: do_await_stop
Sun Jan 26 18:22:49 2025: Dispatch Server: stopping mainFifo_
Sun Jan 26 18:22:49 2025: XCD main fifo: Stopping
Sun Jan 26 18:22:49 2025: XCD main fifo: do_read error code: Operation canceled
Sun Jan 26 18:22:49 2025: XCD main fifo: bytes_transferred: 0
Sun Jan 26 18:22:49 2025: SERVER: destructor for server bound to port 39959
Sun Jan 26 18:22:49 2025: XCD main fifo: Good unlink of /tmp/xcdmain02c06301-afbb-4969-b5af-306a4d8f22b0
Sun Jan 26 18:22:49 2025: Server exiting with status 0.
Sun Jan 26 18:22:49 2025: Closing log file.
Sun Jan 26 18:23:03 2025: Running xcd server. This server was built by gradle.
Sun Jan 26 18:23:03 2025: Server was asked to start on port: '42965'
Sun Jan 26 18:23:03 2025: Server is using token UUID: '432ba6a5-d966-458b-9fdc-fd7105994b17'
Sun Jan 26 18:23:03 2025: SESSION_MGR: creating session with session uuid: '6d04a3e9-ade5-4ab9-8d63-1f78fcd2ec76' and name 'default'
Sun Jan 26 18:23:03 2025: Attempting to start server on port '42965'
Sun Jan 26 18:23:03 2025: XCD main fifo: created main fifo '/tmp/xcdmain432ba6a5-d966-458b-9fdc-fd7105994b17', fd read = 13
Sun Jan 26 18:23:03 2025: Running Dispatch Server
Sun Jan 26 18:23:03 2025: Version 2.2.0
Sun Jan 26 18:23:03 2025: Dispatch Server: Accepted socket connection from client
Sun Jan 26 18:23:03 2025: Starting Socket connection
Sun Jan 26 18:23:03 2025: EXCHANGE_TOKEN received, server token: 432ba6a5-d966-458b-9fdc-fd7105994b17, passed token: 432ba6a5-d966-458b-9fdc-fd7105994b17
Sun Jan 26 18:23:03 2025: DISPATCH_HANDLER: Adding handler from function makeHandler in library libxv_system_diagram
Sun Jan 26 18:23:03 2025: SESSION_MGR: creating session with session uuid: '5a8c0ce9-9020-4939-bf28-97d8c2843898' and name 'v++_compile_AES_ECB_encrypt'
Sun Jan 26 18:23:03 2025: KERNEL_SVC: creating session with uuid: '5a8c0ce9-9020-4939-bf28-97d8c2843898' and name 'v++_compile_AES_ECB_encrypt'
Sun Jan 26 18:23:03 2025: GUIDANCE_SMGR: creating guidance session with uuid: '5a8c0ce9-9020-4939-bf28-97d8c2843898' and name 'v++_compile_AES_ECB_encrypt'
Sun Jan 26 18:23:03 2025: SYSTEM_DIAGRAM: creating session with uuid: '5a8c0ce9-9020-4939-bf28-97d8c2843898' and name 'v++_compile_AES_ECB_encrypt'
Sun Jan 26 18:23:13 2025: Dispatch Server: Accepted socket connection from client
Sun Jan 26 18:23:13 2025: Starting Socket connection
Sun Jan 26 18:23:33 2025: SESSION_MGR: closing session for UUID '5a8c0ce9-9020-4939-bf28-97d8c2843898' with name 'v++_compile_AES_ECB_encrypt'
Sun Jan 26 18:23:33 2025: KERNEL_SVC: closing session for UUID '5a8c0ce9-9020-4939-bf28-97d8c2843898' with name 'v++_compile_AES_ECB_encrypt'
Sun Jan 26 18:23:33 2025: GUIDANCE_SMGR: closing session for UUID '5a8c0ce9-9020-4939-bf28-97d8c2843898' with name 'v++_compile_AES_ECB_encrypt'
Sun Jan 26 18:23:33 2025: SYSTEM_DIAGRAM: closing session for UUID '5a8c0ce9-9020-4939-bf28-97d8c2843898' with name 'v++_compile_AES_ECB_encrypt'
Sun Jan 26 18:23:33 2025: STOP_SERVER received, server token: 432ba6a5-d966-458b-9fdc-fd7105994b17, passed token: 432ba6a5-d966-458b-9fdc-fd7105994b17
Sun Jan 26 18:23:33 2025: Socket received request to stop server.
Sun Jan 26 18:23:33 2025: Dispatch Server: do_await_stop
Sun Jan 26 18:23:33 2025: Dispatch Server: stopping mainFifo_
Sun Jan 26 18:23:33 2025: XCD main fifo: Stopping
Sun Jan 26 18:23:33 2025: XCD main fifo: do_read error code: Operation canceled
Sun Jan 26 18:23:33 2025: XCD main fifo: bytes_transferred: 0
Sun Jan 26 18:23:33 2025: SERVER: destructor for server bound to port 42965
Sun Jan 26 18:23:33 2025: XCD main fifo: Good unlink of /tmp/xcdmain432ba6a5-d966-458b-9fdc-fd7105994b17
Sun Jan 26 18:23:33 2025: Server exiting with status 0.
Sun Jan 26 18:23:33 2025: Closing log file.
Sun Jan 26 18:23:44 2025: Running xcd server. This server was built by gradle.
Sun Jan 26 18:23:44 2025: Server was asked to start on port: '37203'
Sun Jan 26 18:23:44 2025: Server is using token UUID: 'acda9f1f-67fa-45e1-a658-c3fec0fb042e'
Sun Jan 26 18:23:44 2025: SESSION_MGR: creating session with session uuid: '6d04a3e9-ade5-4ab9-8d63-1f78fcd2ec76' and name 'default'
Sun Jan 26 18:23:44 2025: Attempting to start server on port '37203'
Sun Jan 26 18:23:44 2025: XCD main fifo: created main fifo '/tmp/xcdmainacda9f1f-67fa-45e1-a658-c3fec0fb042e', fd read = 13
Sun Jan 26 18:23:44 2025: Running Dispatch Server
Sun Jan 26 18:23:44 2025: Version 2.2.0
Sun Jan 26 18:23:44 2025: Dispatch Server: Accepted socket connection from client
Sun Jan 26 18:23:44 2025: Starting Socket connection
Sun Jan 26 18:23:44 2025: EXCHANGE_TOKEN received, server token: acda9f1f-67fa-45e1-a658-c3fec0fb042e, passed token: acda9f1f-67fa-45e1-a658-c3fec0fb042e
Sun Jan 26 18:23:44 2025: DISPATCH_HANDLER: Adding handler from function makeHandler in library libxv_system_diagram
Sun Jan 26 18:23:44 2025: SESSION_MGR: creating session with session uuid: 'a1ec0bed-bbc5-4db2-a9fb-0717ccd3cc3e' and name 'vitis-run_compile_AES_ECB_encrypt'
Sun Jan 26 18:23:44 2025: KERNEL_SVC: creating session with uuid: 'a1ec0bed-bbc5-4db2-a9fb-0717ccd3cc3e' and name 'vitis-run_compile_AES_ECB_encrypt'
Sun Jan 26 18:23:44 2025: GUIDANCE_SMGR: creating guidance session with uuid: 'a1ec0bed-bbc5-4db2-a9fb-0717ccd3cc3e' and name 'vitis-run_compile_AES_ECB_encrypt'
Sun Jan 26 18:23:44 2025: SYSTEM_DIAGRAM: creating session with uuid: 'a1ec0bed-bbc5-4db2-a9fb-0717ccd3cc3e' and name 'vitis-run_compile_AES_ECB_encrypt'
Sun Jan 26 18:23:55 2025: Dispatch Server: Accepted socket connection from client
Sun Jan 26 18:23:55 2025: Starting Socket connection
Sun Jan 26 18:24:37 2025: SESSION_MGR: closing session for UUID 'a1ec0bed-bbc5-4db2-a9fb-0717ccd3cc3e' with name 'vitis-run_compile_AES_ECB_encrypt'
Sun Jan 26 18:24:37 2025: KERNEL_SVC: closing session for UUID 'a1ec0bed-bbc5-4db2-a9fb-0717ccd3cc3e' with name 'vitis-run_compile_AES_ECB_encrypt'
Sun Jan 26 18:24:37 2025: GUIDANCE_SMGR: closing session for UUID 'a1ec0bed-bbc5-4db2-a9fb-0717ccd3cc3e' with name 'vitis-run_compile_AES_ECB_encrypt'
Sun Jan 26 18:24:37 2025: SYSTEM_DIAGRAM: closing session for UUID 'a1ec0bed-bbc5-4db2-a9fb-0717ccd3cc3e' with name 'vitis-run_compile_AES_ECB_encrypt'
Sun Jan 26 18:24:37 2025: STOP_SERVER received, server token: acda9f1f-67fa-45e1-a658-c3fec0fb042e, passed token: acda9f1f-67fa-45e1-a658-c3fec0fb042e
Sun Jan 26 18:24:37 2025: Socket received request to stop server.
Sun Jan 26 18:24:37 2025: Dispatch Server: do_await_stop
Sun Jan 26 18:24:37 2025: Dispatch Server: stopping mainFifo_
Sun Jan 26 18:24:37 2025: XCD main fifo: Stopping
Sun Jan 26 18:24:37 2025: XCD main fifo: do_read error code: Operation canceled
Sun Jan 26 18:24:37 2025: XCD main fifo: bytes_transferred: 0
Sun Jan 26 18:24:37 2025: SERVER: destructor for server bound to port 37203
Sun Jan 26 18:24:37 2025: XCD main fifo: Good unlink of /tmp/xcdmainacda9f1f-67fa-45e1-a658-c3fec0fb042e
Sun Jan 26 18:24:37 2025: Server exiting with status 0.
Sun Jan 26 18:24:37 2025: Closing log file.
Sun Jan 26 18:25:05 2025: Running xcd server. This server was built by gradle.
Sun Jan 26 18:25:05 2025: Server was asked to start on port: '35985'
Sun Jan 26 18:25:05 2025: Server is using token UUID: '09f66650-1b7a-47ae-8073-bc193eb92f7d'
Sun Jan 26 18:25:05 2025: SESSION_MGR: creating session with session uuid: '6d04a3e9-ade5-4ab9-8d63-1f78fcd2ec76' and name 'default'
Sun Jan 26 18:25:05 2025: Attempting to start server on port '35985'
Sun Jan 26 18:25:05 2025: XCD main fifo: created main fifo '/tmp/xcdmain09f66650-1b7a-47ae-8073-bc193eb92f7d', fd read = 13
Sun Jan 26 18:25:05 2025: Running Dispatch Server
Sun Jan 26 18:25:05 2025: Version 2.2.0
Sun Jan 26 18:25:05 2025: Dispatch Server: Accepted socket connection from client
Sun Jan 26 18:25:05 2025: Starting Socket connection
Sun Jan 26 18:25:05 2025: EXCHANGE_TOKEN received, server token: 09f66650-1b7a-47ae-8073-bc193eb92f7d, passed token: 09f66650-1b7a-47ae-8073-bc193eb92f7d
Sun Jan 26 18:25:06 2025: DISPATCH_HANDLER: Adding handler from function makeHandler in library libxv_system_diagram
Sun Jan 26 18:25:06 2025: SESSION_MGR: creating session with session uuid: '0ddb5972-6d39-4b30-ac34-f543d3501d7e' and name 'vitis-run_compile_AES_ECB_encrypt'
Sun Jan 26 18:25:06 2025: KERNEL_SVC: creating session with uuid: '0ddb5972-6d39-4b30-ac34-f543d3501d7e' and name 'vitis-run_compile_AES_ECB_encrypt'
Sun Jan 26 18:25:06 2025: GUIDANCE_SMGR: creating guidance session with uuid: '0ddb5972-6d39-4b30-ac34-f543d3501d7e' and name 'vitis-run_compile_AES_ECB_encrypt'
Sun Jan 26 18:25:06 2025: SYSTEM_DIAGRAM: creating session with uuid: '0ddb5972-6d39-4b30-ac34-f543d3501d7e' and name 'vitis-run_compile_AES_ECB_encrypt'
Sun Jan 26 18:25:17 2025: Dispatch Server: Accepted socket connection from client
Sun Jan 26 18:25:17 2025: Starting Socket connection
Sun Jan 26 18:25:51 2025: SESSION_MGR: closing session for UUID '0ddb5972-6d39-4b30-ac34-f543d3501d7e' with name 'vitis-run_compile_AES_ECB_encrypt'
Sun Jan 26 18:25:51 2025: KERNEL_SVC: closing session for UUID '0ddb5972-6d39-4b30-ac34-f543d3501d7e' with name 'vitis-run_compile_AES_ECB_encrypt'
Sun Jan 26 18:25:51 2025: GUIDANCE_SMGR: closing session for UUID '0ddb5972-6d39-4b30-ac34-f543d3501d7e' with name 'vitis-run_compile_AES_ECB_encrypt'
Sun Jan 26 18:25:51 2025: SYSTEM_DIAGRAM: closing session for UUID '0ddb5972-6d39-4b30-ac34-f543d3501d7e' with name 'vitis-run_compile_AES_ECB_encrypt'
Sun Jan 26 18:25:51 2025: STOP_SERVER received, server token: 09f66650-1b7a-47ae-8073-bc193eb92f7d, passed token: 09f66650-1b7a-47ae-8073-bc193eb92f7d
Sun Jan 26 18:25:51 2025: Socket received request to stop server.
Sun Jan 26 18:25:51 2025: Dispatch Server: do_await_stop
Sun Jan 26 18:25:51 2025: Dispatch Server: stopping mainFifo_
Sun Jan 26 18:25:51 2025: XCD main fifo: Stopping
Sun Jan 26 18:25:51 2025: XCD main fifo: do_read error code: Operation canceled
Sun Jan 26 18:25:51 2025: XCD main fifo: bytes_transferred: 0
Sun Jan 26 18:25:51 2025: SERVER: destructor for server bound to port 35985
Sun Jan 26 18:25:51 2025: XCD main fifo: Good unlink of /tmp/xcdmain09f66650-1b7a-47ae-8073-bc193eb92f7d
Sun Jan 26 18:25:51 2025: Server exiting with status 0.
Sun Jan 26 18:25:51 2025: Closing log file.
Sun Jan 26 18:26:19 2025: Running xcd server. This server was built by gradle.
Sun Jan 26 18:26:19 2025: Server was asked to start on port: '34035'
Sun Jan 26 18:26:19 2025: Server is using token UUID: 'c26cb464-cde8-449c-be78-a6cfcb1dd96d'
Sun Jan 26 18:26:19 2025: SESSION_MGR: creating session with session uuid: '6d04a3e9-ade5-4ab9-8d63-1f78fcd2ec76' and name 'default'
Sun Jan 26 18:26:19 2025: Attempting to start server on port '34035'
Sun Jan 26 18:26:19 2025: XCD main fifo: created main fifo '/tmp/xcdmainc26cb464-cde8-449c-be78-a6cfcb1dd96d', fd read = 13
Sun Jan 26 18:26:19 2025: Running Dispatch Server
Sun Jan 26 18:26:19 2025: Version 2.2.0
Sun Jan 26 18:26:20 2025: Dispatch Server: Accepted socket connection from client
Sun Jan 26 18:26:20 2025: Starting Socket connection
Sun Jan 26 18:26:20 2025: EXCHANGE_TOKEN received, server token: c26cb464-cde8-449c-be78-a6cfcb1dd96d, passed token: c26cb464-cde8-449c-be78-a6cfcb1dd96d
Sun Jan 26 18:26:20 2025: DISPATCH_HANDLER: Adding handler from function makeHandler in library libxv_system_diagram
Sun Jan 26 18:26:20 2025: SESSION_MGR: creating session with session uuid: 'aba70cf1-43c8-4c69-8098-b9dda222f4ee' and name 'vitis-run_compile_AES_ECB_encrypt'
Sun Jan 26 18:26:20 2025: KERNEL_SVC: creating session with uuid: 'aba70cf1-43c8-4c69-8098-b9dda222f4ee' and name 'vitis-run_compile_AES_ECB_encrypt'
Sun Jan 26 18:26:20 2025: GUIDANCE_SMGR: creating guidance session with uuid: 'aba70cf1-43c8-4c69-8098-b9dda222f4ee' and name 'vitis-run_compile_AES_ECB_encrypt'
Sun Jan 26 18:26:20 2025: SYSTEM_DIAGRAM: creating session with uuid: 'aba70cf1-43c8-4c69-8098-b9dda222f4ee' and name 'vitis-run_compile_AES_ECB_encrypt'
Sun Jan 26 18:26:31 2025: Dispatch Server: Accepted socket connection from client
Sun Jan 26 18:26:31 2025: Starting Socket connection
Sun Jan 26 18:27:02 2025: SESSION_MGR: closing session for UUID 'aba70cf1-43c8-4c69-8098-b9dda222f4ee' with name 'vitis-run_compile_AES_ECB_encrypt'
Sun Jan 26 18:27:02 2025: KERNEL_SVC: closing session for UUID 'aba70cf1-43c8-4c69-8098-b9dda222f4ee' with name 'vitis-run_compile_AES_ECB_encrypt'
Sun Jan 26 18:27:02 2025: GUIDANCE_SMGR: closing session for UUID 'aba70cf1-43c8-4c69-8098-b9dda222f4ee' with name 'vitis-run_compile_AES_ECB_encrypt'
Sun Jan 26 18:27:02 2025: SYSTEM_DIAGRAM: closing session for UUID 'aba70cf1-43c8-4c69-8098-b9dda222f4ee' with name 'vitis-run_compile_AES_ECB_encrypt'
Sun Jan 26 18:27:02 2025: STOP_SERVER received, server token: c26cb464-cde8-449c-be78-a6cfcb1dd96d, passed token: c26cb464-cde8-449c-be78-a6cfcb1dd96d
Sun Jan 26 18:27:02 2025: Socket received request to stop server.
Sun Jan 26 18:27:02 2025: Dispatch Server: do_await_stop
Sun Jan 26 18:27:02 2025: Dispatch Server: stopping mainFifo_
Sun Jan 26 18:27:02 2025: XCD main fifo: Stopping
Sun Jan 26 18:27:02 2025: XCD main fifo: do_read error code: Operation canceled
Sun Jan 26 18:27:02 2025: XCD main fifo: bytes_transferred: 0
Sun Jan 26 18:27:02 2025: SERVER: destructor for server bound to port 34035
Sun Jan 26 18:27:02 2025: XCD main fifo: Good unlink of /tmp/xcdmainc26cb464-cde8-449c-be78-a6cfcb1dd96d
Sun Jan 26 18:27:02 2025: Server exiting with status 0.
Sun Jan 26 18:27:02 2025: Closing log file.
Sun Jan 26 18:55:30 2025: Running xcd server. This server was built by gradle.
Sun Jan 26 18:55:30 2025: Server was asked to start on port: '37851'
Sun Jan 26 18:55:30 2025: Server is using token UUID: '09a79b72-fbce-4524-a59e-3360a7f78c2d'
Sun Jan 26 18:55:30 2025: SESSION_MGR: creating session with session uuid: '6d04a3e9-ade5-4ab9-8d63-1f78fcd2ec76' and name 'default'
Sun Jan 26 18:55:30 2025: Attempting to start server on port '37851'
Sun Jan 26 18:55:30 2025: XCD main fifo: created main fifo '/tmp/xcdmain09a79b72-fbce-4524-a59e-3360a7f78c2d', fd read = 13
Sun Jan 26 18:55:30 2025: Running Dispatch Server
Sun Jan 26 18:55:30 2025: Version 2.2.0
Sun Jan 26 18:55:31 2025: Dispatch Server: Accepted socket connection from client
Sun Jan 26 18:55:31 2025: Starting Socket connection
Sun Jan 26 18:55:31 2025: EXCHANGE_TOKEN received, server token: 09a79b72-fbce-4524-a59e-3360a7f78c2d, passed token: 09a79b72-fbce-4524-a59e-3360a7f78c2d
Sun Jan 26 18:55:31 2025: DISPATCH_HANDLER: Adding handler from function makeHandler in library libxv_system_diagram
Sun Jan 26 18:55:31 2025: SESSION_MGR: creating session with session uuid: '92aa903a-25d5-4750-8239-3d67abb1d2fe' and name 'vitis-run_compile_AES_ECB_encrypt'
Sun Jan 26 18:55:31 2025: KERNEL_SVC: creating session with uuid: '92aa903a-25d5-4750-8239-3d67abb1d2fe' and name 'vitis-run_compile_AES_ECB_encrypt'
Sun Jan 26 18:55:31 2025: GUIDANCE_SMGR: creating guidance session with uuid: '92aa903a-25d5-4750-8239-3d67abb1d2fe' and name 'vitis-run_compile_AES_ECB_encrypt'
Sun Jan 26 18:55:31 2025: SYSTEM_DIAGRAM: creating session with uuid: '92aa903a-25d5-4750-8239-3d67abb1d2fe' and name 'vitis-run_compile_AES_ECB_encrypt'
Sun Jan 26 18:55:41 2025: Dispatch Server: Accepted socket connection from client
Sun Jan 26 18:55:41 2025: Starting Socket connection
Sun Jan 26 18:56:13 2025: SESSION_MGR: closing session for UUID '92aa903a-25d5-4750-8239-3d67abb1d2fe' with name 'vitis-run_compile_AES_ECB_encrypt'
Sun Jan 26 18:56:13 2025: KERNEL_SVC: closing session for UUID '92aa903a-25d5-4750-8239-3d67abb1d2fe' with name 'vitis-run_compile_AES_ECB_encrypt'
Sun Jan 26 18:56:13 2025: GUIDANCE_SMGR: closing session for UUID '92aa903a-25d5-4750-8239-3d67abb1d2fe' with name 'vitis-run_compile_AES_ECB_encrypt'
Sun Jan 26 18:56:13 2025: SYSTEM_DIAGRAM: closing session for UUID '92aa903a-25d5-4750-8239-3d67abb1d2fe' with name 'vitis-run_compile_AES_ECB_encrypt'
Sun Jan 26 18:56:13 2025: STOP_SERVER received, server token: 09a79b72-fbce-4524-a59e-3360a7f78c2d, passed token: 09a79b72-fbce-4524-a59e-3360a7f78c2d
Sun Jan 26 18:56:13 2025: Socket received request to stop server.
Sun Jan 26 18:56:13 2025: Dispatch Server: do_await_stop
Sun Jan 26 18:56:13 2025: Dispatch Server: stopping mainFifo_
Sun Jan 26 18:56:13 2025: XCD main fifo: Stopping
Sun Jan 26 18:56:13 2025: XCD main fifo: do_read error code: Operation canceled
Sun Jan 26 18:56:13 2025: XCD main fifo: bytes_transferred: 0
Sun Jan 26 18:56:13 2025: SERVER: destructor for server bound to port 37851
Sun Jan 26 18:56:13 2025: XCD main fifo: Good unlink of /tmp/xcdmain09a79b72-fbce-4524-a59e-3360a7f78c2d
Sun Jan 26 18:56:13 2025: Server exiting with status 0.
Sun Jan 26 18:56:13 2025: Closing log file.
Sun Jan 26 18:58:21 2025: Running xcd server. This server was built by gradle.
Sun Jan 26 18:58:21 2025: Server was asked to start on port: '38421'
Sun Jan 26 18:58:21 2025: Server is using token UUID: 'a7e5863c-e6d5-40d6-9d7e-5c04b77cf3ca'
Sun Jan 26 18:58:21 2025: SESSION_MGR: creating session with session uuid: '6d04a3e9-ade5-4ab9-8d63-1f78fcd2ec76' and name 'default'
Sun Jan 26 18:58:21 2025: Attempting to start server on port '38421'
Sun Jan 26 18:58:21 2025: XCD main fifo: created main fifo '/tmp/xcdmaina7e5863c-e6d5-40d6-9d7e-5c04b77cf3ca', fd read = 13
Sun Jan 26 18:58:21 2025: Running Dispatch Server
Sun Jan 26 18:58:21 2025: Version 2.2.0
Sun Jan 26 18:58:21 2025: Dispatch Server: Accepted socket connection from client
Sun Jan 26 18:58:21 2025: Starting Socket connection
Sun Jan 26 18:58:21 2025: EXCHANGE_TOKEN received, server token: a7e5863c-e6d5-40d6-9d7e-5c04b77cf3ca, passed token: a7e5863c-e6d5-40d6-9d7e-5c04b77cf3ca
Sun Jan 26 18:58:22 2025: DISPATCH_HANDLER: Adding handler from function makeHandler in library libxv_system_diagram
Sun Jan 26 18:58:22 2025: SESSION_MGR: creating session with session uuid: '18202920-689f-4ca0-bac2-32bedd3a71a6' and name 'vitis-run_compile_AES_ECB_encrypt'
Sun Jan 26 18:58:22 2025: KERNEL_SVC: creating session with uuid: '18202920-689f-4ca0-bac2-32bedd3a71a6' and name 'vitis-run_compile_AES_ECB_encrypt'
Sun Jan 26 18:58:22 2025: GUIDANCE_SMGR: creating guidance session with uuid: '18202920-689f-4ca0-bac2-32bedd3a71a6' and name 'vitis-run_compile_AES_ECB_encrypt'
Sun Jan 26 18:58:22 2025: SYSTEM_DIAGRAM: creating session with uuid: '18202920-689f-4ca0-bac2-32bedd3a71a6' and name 'vitis-run_compile_AES_ECB_encrypt'
Sun Jan 26 18:58:33 2025: Dispatch Server: Accepted socket connection from client
Sun Jan 26 18:58:33 2025: Starting Socket connection
Sun Jan 26 18:59:23 2025: SESSION_MGR: closing session for UUID '18202920-689f-4ca0-bac2-32bedd3a71a6' with name 'vitis-run_compile_AES_ECB_encrypt'
Sun Jan 26 18:59:23 2025: KERNEL_SVC: closing session for UUID '18202920-689f-4ca0-bac2-32bedd3a71a6' with name 'vitis-run_compile_AES_ECB_encrypt'
Sun Jan 26 18:59:23 2025: GUIDANCE_SMGR: closing session for UUID '18202920-689f-4ca0-bac2-32bedd3a71a6' with name 'vitis-run_compile_AES_ECB_encrypt'
Sun Jan 26 18:59:23 2025: SYSTEM_DIAGRAM: closing session for UUID '18202920-689f-4ca0-bac2-32bedd3a71a6' with name 'vitis-run_compile_AES_ECB_encrypt'
Sun Jan 26 18:59:23 2025: STOP_SERVER received, server token: a7e5863c-e6d5-40d6-9d7e-5c04b77cf3ca, passed token: a7e5863c-e6d5-40d6-9d7e-5c04b77cf3ca
Sun Jan 26 18:59:23 2025: Socket received request to stop server.
Sun Jan 26 18:59:23 2025: Dispatch Server: do_await_stop
Sun Jan 26 18:59:23 2025: Dispatch Server: stopping mainFifo_
Sun Jan 26 18:59:23 2025: XCD main fifo: Stopping
Sun Jan 26 18:59:23 2025: XCD main fifo: do_read error code: Operation canceled
Sun Jan 26 18:59:23 2025: XCD main fifo: bytes_transferred: 0
Sun Jan 26 18:59:23 2025: SERVER: destructor for server bound to port 38421
Sun Jan 26 18:59:23 2025: XCD main fifo: Good unlink of /tmp/xcdmaina7e5863c-e6d5-40d6-9d7e-5c04b77cf3ca
Sun Jan 26 18:59:23 2025: Server exiting with status 0.
Sun Jan 26 18:59:23 2025: Closing log file.
Sun Jan 26 18:59:48 2025: Running xcd server. This server was built by gradle.
Sun Jan 26 18:59:48 2025: Server was asked to start on port: '36603'
Sun Jan 26 18:59:48 2025: Server is using token UUID: 'a2e70906-e7f4-44c5-9037-67c9853c87aa'
Sun Jan 26 18:59:48 2025: SESSION_MGR: creating session with session uuid: '6d04a3e9-ade5-4ab9-8d63-1f78fcd2ec76' and name 'default'
Sun Jan 26 18:59:48 2025: Attempting to start server on port '36603'
Sun Jan 26 18:59:48 2025: XCD main fifo: created main fifo '/tmp/xcdmaina2e70906-e7f4-44c5-9037-67c9853c87aa', fd read = 13
Sun Jan 26 18:59:48 2025: Running Dispatch Server
Sun Jan 26 18:59:48 2025: Version 2.2.0
Sun Jan 26 18:59:48 2025: Dispatch Server: Accepted socket connection from client
Sun Jan 26 18:59:48 2025: Starting Socket connection
Sun Jan 26 18:59:48 2025: EXCHANGE_TOKEN received, server token: a2e70906-e7f4-44c5-9037-67c9853c87aa, passed token: a2e70906-e7f4-44c5-9037-67c9853c87aa
Sun Jan 26 18:59:49 2025: DISPATCH_HANDLER: Adding handler from function makeHandler in library libxv_system_diagram
Sun Jan 26 18:59:49 2025: SESSION_MGR: creating session with session uuid: '204eb0cc-0a66-4901-96df-909ffa2d3265' and name 'vitis-run_compile_AES_ECB_encrypt'
Sun Jan 26 18:59:49 2025: KERNEL_SVC: creating session with uuid: '204eb0cc-0a66-4901-96df-909ffa2d3265' and name 'vitis-run_compile_AES_ECB_encrypt'
Sun Jan 26 18:59:49 2025: GUIDANCE_SMGR: creating guidance session with uuid: '204eb0cc-0a66-4901-96df-909ffa2d3265' and name 'vitis-run_compile_AES_ECB_encrypt'
Sun Jan 26 18:59:49 2025: SYSTEM_DIAGRAM: creating session with uuid: '204eb0cc-0a66-4901-96df-909ffa2d3265' and name 'vitis-run_compile_AES_ECB_encrypt'
Sun Jan 26 19:00:00 2025: Dispatch Server: Accepted socket connection from client
Sun Jan 26 19:00:00 2025: Starting Socket connection
Sun Jan 26 19:00:32 2025: SESSION_MGR: closing session for UUID '204eb0cc-0a66-4901-96df-909ffa2d3265' with name 'vitis-run_compile_AES_ECB_encrypt'
Sun Jan 26 19:00:32 2025: KERNEL_SVC: closing session for UUID '204eb0cc-0a66-4901-96df-909ffa2d3265' with name 'vitis-run_compile_AES_ECB_encrypt'
Sun Jan 26 19:00:32 2025: GUIDANCE_SMGR: closing session for UUID '204eb0cc-0a66-4901-96df-909ffa2d3265' with name 'vitis-run_compile_AES_ECB_encrypt'
Sun Jan 26 19:00:32 2025: SYSTEM_DIAGRAM: closing session for UUID '204eb0cc-0a66-4901-96df-909ffa2d3265' with name 'vitis-run_compile_AES_ECB_encrypt'
Sun Jan 26 19:00:32 2025: STOP_SERVER received, server token: a2e70906-e7f4-44c5-9037-67c9853c87aa, passed token: a2e70906-e7f4-44c5-9037-67c9853c87aa
Sun Jan 26 19:00:32 2025: Socket received request to stop server.
Sun Jan 26 19:00:32 2025: Dispatch Server: do_await_stop
Sun Jan 26 19:00:32 2025: Dispatch Server: stopping mainFifo_
Sun Jan 26 19:00:32 2025: XCD main fifo: Stopping
Sun Jan 26 19:00:32 2025: XCD main fifo: do_read error code: Operation canceled
Sun Jan 26 19:00:32 2025: XCD main fifo: bytes_transferred: 0
Sun Jan 26 19:00:32 2025: SERVER: destructor for server bound to port 36603
Sun Jan 26 19:00:32 2025: XCD main fifo: Good unlink of /tmp/xcdmaina2e70906-e7f4-44c5-9037-67c9853c87aa
Sun Jan 26 19:00:32 2025: Server exiting with status 0.
Sun Jan 26 19:00:32 2025: Closing log file.
