Mon Mar  3 00:16:16 2025: Running xcd server. This server was built by gradle.
Mon Mar  3 00:16:16 2025: Server was asked to start on port: '43899'
Mon Mar  3 00:16:16 2025: Server is using token UUID: 'a1498bb6-f7ee-11ef-a80c-8707d399e20d'
Mon Mar  3 00:16:16 2025: SESSION_MGR: creating session with session uuid: '6d04a3e9-ade5-4ab9-8d63-1f78fcd2ec76' and name 'default'
Mon Mar  3 00:16:16 2025: Attempting to start server on port '43899'
Mon Mar  3 00:16:16 2025: XCD main fifo: created main fifo '/tmp/xcdmaina1498bb6-f7ee-11ef-a80c-8707d399e20d', fd read = 11
Mon Mar  3 00:16:16 2025: Running Dispatch Server
Mon Mar  3 00:16:16 2025: Version 2.2.0
Mon Mar  3 00:16:18 2025: Dispatch Server: Accepted socket connection from client
Mon Mar  3 00:16:18 2025: Starting Socket connection
Mon Mar  3 00:16:18 2025: EXCHANGE_TOKEN received, server token: a1498bb6-f7ee-11ef-a80c-8707d399e20d, passed token: a1498bb6-f7ee-11ef-a80c-8707d399e20d
Mon Mar  3 00:16:18 2025: SESSION_MGR: creating session with session uuid: 'c383d677-2745-444d-9a29-f65a9bd7c8eb' and name 'Code Analyzer'
Mon Mar  3 00:16:18 2025: KERNEL_SVC: creating session with uuid: 'c383d677-2745-444d-9a29-f65a9bd7c8eb' and name 'Code Analyzer'
Mon Mar  3 00:16:18 2025: GUIDANCE_SMGR: creating guidance session with uuid: 'c383d677-2745-444d-9a29-f65a9bd7c8eb' and name 'Code Analyzer'
Mon Mar  3 00:16:23 2025: SESSION_MGR: closing session for UUID 'c383d677-2745-444d-9a29-f65a9bd7c8eb' with name ''
Mon Mar  3 00:16:23 2025: KERNEL_SVC: closing session for UUID 'c383d677-2745-444d-9a29-f65a9bd7c8eb' with name ''
Mon Mar  3 00:16:23 2025: GUIDANCE_SMGR: closing session for UUID 'c383d677-2745-444d-9a29-f65a9bd7c8eb' with name ''
Mon Mar  3 00:16:23 2025: STOP_SERVER received, server token: a1498bb6-f7ee-11ef-a80c-8707d399e20d, passed token: a1498bb6-f7ee-11ef-a80c-8707d399e20d
Mon Mar  3 00:16:23 2025: Socket received request to stop server.
Mon Mar  3 00:16:23 2025: Dispatch Server: do_await_stop
Mon Mar  3 00:16:23 2025: Dispatch Server: stopping mainFifo_
Mon Mar  3 00:16:23 2025: XCD main fifo: Stopping
Mon Mar  3 00:16:23 2025: XCD main fifo: do_read error code: Operation canceled
Mon Mar  3 00:16:23 2025: XCD main fifo: bytes_transferred: 0
Mon Mar  3 00:16:23 2025: SERVER: destructor for server bound to port 43899
Mon Mar  3 00:16:23 2025: XCD main fifo: Good unlink of /tmp/xcdmaina1498bb6-f7ee-11ef-a80c-8707d399e20d
Mon Mar  3 00:16:23 2025: Server exiting with status 0.
Mon Mar  3 00:16:23 2025: Closing log file.
