Mon Mar  3 00:27:20 2025: Running xcd server. This server was built by gradle.
Mon Mar  3 00:27:20 2025: Server was asked to start on port: '46879'
Mon Mar  3 00:27:20 2025: Server is using token UUID: 'b0da0047-5835-4a71-be73-ae113a094056'
Mon Mar  3 00:27:20 2025: SESSION_MGR: creating session with session uuid: '6d04a3e9-ade5-4ab9-8d63-1f78fcd2ec76' and name 'default'
Mon Mar  3 00:27:20 2025: Attempting to start server on port '46879'
Mon Mar  3 00:27:20 2025: XCD main fifo: created main fifo '/tmp/xcdmainb0da0047-5835-4a71-be73-ae113a094056', fd read = 13
Mon Mar  3 00:27:20 2025: Running Dispatch Server
Mon Mar  3 00:27:20 2025: Version 2.2.0
Mon Mar  3 00:27:21 2025: Dispatch Server: Accepted socket connection from client
Mon Mar  3 00:27:21 2025: Starting Socket connection
Mon Mar  3 00:27:21 2025: EXCHANGE_TOKEN received, server token: b0da0047-5835-4a71-be73-ae113a094056, passed token: b0da0047-5835-4a71-be73-ae113a094056
Mon Mar  3 00:27:21 2025: DISPATCH_HANDLER: Adding handler from function makeHandler in library libxv_system_diagram
Mon Mar  3 00:27:21 2025: SESSION_MGR: creating session with session uuid: '1509501d-4c1b-47bf-a0fa-0790f67b9fc0' and name 'vitis-run_compile_AES_ECB_encrypt'
Mon Mar  3 00:27:21 2025: KERNEL_SVC: creating session with uuid: '1509501d-4c1b-47bf-a0fa-0790f67b9fc0' and name 'vitis-run_compile_AES_ECB_encrypt'
Mon Mar  3 00:27:21 2025: GUIDANCE_SMGR: creating guidance session with uuid: '1509501d-4c1b-47bf-a0fa-0790f67b9fc0' and name 'vitis-run_compile_AES_ECB_encrypt'
Mon Mar  3 00:27:21 2025: SYSTEM_DIAGRAM: creating session with uuid: '1509501d-4c1b-47bf-a0fa-0790f67b9fc0' and name 'vitis-run_compile_AES_ECB_encrypt'
Mon Mar  3 00:27:31 2025: Dispatch Server: Accepted socket connection from client
Mon Mar  3 00:27:31 2025: Starting Socket connection
Mon Mar  3 00:27:40 2025: SESSION_MGR: closing session for UUID '1509501d-4c1b-47bf-a0fa-0790f67b9fc0' with name 'vitis-run_compile_AES_ECB_encrypt'
Mon Mar  3 00:27:40 2025: KERNEL_SVC: closing session for UUID '1509501d-4c1b-47bf-a0fa-0790f67b9fc0' with name 'vitis-run_compile_AES_ECB_encrypt'
Mon Mar  3 00:27:40 2025: GUIDANCE_SMGR: closing session for UUID '1509501d-4c1b-47bf-a0fa-0790f67b9fc0' with name 'vitis-run_compile_AES_ECB_encrypt'
Mon Mar  3 00:27:40 2025: SYSTEM_DIAGRAM: closing session for UUID '1509501d-4c1b-47bf-a0fa-0790f67b9fc0' with name 'vitis-run_compile_AES_ECB_encrypt'
Mon Mar  3 00:27:40 2025: STOP_SERVER received, server token: b0da0047-5835-4a71-be73-ae113a094056, passed token: b0da0047-5835-4a71-be73-ae113a094056
Mon Mar  3 00:27:40 2025: Socket received request to stop server.
Mon Mar  3 00:27:40 2025: Dispatch Server: do_await_stop
Mon Mar  3 00:27:40 2025: Dispatch Server: stopping mainFifo_
Mon Mar  3 00:27:40 2025: XCD main fifo: Stopping
Mon Mar  3 00:27:40 2025: XCD main fifo: do_read error code: Operation canceled
Mon Mar  3 00:27:40 2025: XCD main fifo: bytes_transferred: 0
Mon Mar  3 00:27:40 2025: SERVER: destructor for server bound to port 46879
Mon Mar  3 00:27:40 2025: XCD main fifo: Good unlink of /tmp/xcdmainb0da0047-5835-4a71-be73-ae113a094056
Mon Mar  3 00:27:40 2025: Server exiting with status 0.
Mon Mar  3 00:27:40 2025: Closing log file.
Mon Mar  3 00:27:52 2025: Running xcd server. This server was built by gradle.
Mon Mar  3 00:27:52 2025: Server was asked to start on port: '33777'
Mon Mar  3 00:27:52 2025: Server is using token UUID: '8bafdcce-d264-4373-ab18-427dfb82a9ab'
Mon Mar  3 00:27:52 2025: SESSION_MGR: creating session with session uuid: '6d04a3e9-ade5-4ab9-8d63-1f78fcd2ec76' and name 'default'
Mon Mar  3 00:27:52 2025: Attempting to start server on port '33777'
Mon Mar  3 00:27:52 2025: XCD main fifo: created main fifo '/tmp/xcdmain8bafdcce-d264-4373-ab18-427dfb82a9ab', fd read = 13
Mon Mar  3 00:27:52 2025: Running Dispatch Server
Mon Mar  3 00:27:52 2025: Version 2.2.0
Mon Mar  3 00:27:53 2025: Dispatch Server: Accepted socket connection from client
Mon Mar  3 00:27:53 2025: Starting Socket connection
Mon Mar  3 00:27:53 2025: EXCHANGE_TOKEN received, server token: 8bafdcce-d264-4373-ab18-427dfb82a9ab, passed token: 8bafdcce-d264-4373-ab18-427dfb82a9ab
Mon Mar  3 00:27:53 2025: DISPATCH_HANDLER: Adding handler from function makeHandler in library libxv_system_diagram
Mon Mar  3 00:27:53 2025: SESSION_MGR: creating session with session uuid: '9ca2fac3-fe04-4cf8-9f03-ed9ebea0e089' and name 'v++_compile_AES_ECB_encrypt'
Mon Mar  3 00:27:53 2025: KERNEL_SVC: creating session with uuid: '9ca2fac3-fe04-4cf8-9f03-ed9ebea0e089' and name 'v++_compile_AES_ECB_encrypt'
Mon Mar  3 00:27:53 2025: GUIDANCE_SMGR: creating guidance session with uuid: '9ca2fac3-fe04-4cf8-9f03-ed9ebea0e089' and name 'v++_compile_AES_ECB_encrypt'
Mon Mar  3 00:27:53 2025: SYSTEM_DIAGRAM: creating session with uuid: '9ca2fac3-fe04-4cf8-9f03-ed9ebea0e089' and name 'v++_compile_AES_ECB_encrypt'
Mon Mar  3 00:28:03 2025: Dispatch Server: Accepted socket connection from client
Mon Mar  3 00:28:03 2025: Starting Socket connection
Mon Mar  3 00:28:21 2025: SESSION_MGR: closing session for UUID '9ca2fac3-fe04-4cf8-9f03-ed9ebea0e089' with name 'v++_compile_AES_ECB_encrypt'
Mon Mar  3 00:28:21 2025: KERNEL_SVC: closing session for UUID '9ca2fac3-fe04-4cf8-9f03-ed9ebea0e089' with name 'v++_compile_AES_ECB_encrypt'
Mon Mar  3 00:28:21 2025: GUIDANCE_SMGR: closing session for UUID '9ca2fac3-fe04-4cf8-9f03-ed9ebea0e089' with name 'v++_compile_AES_ECB_encrypt'
Mon Mar  3 00:28:21 2025: SYSTEM_DIAGRAM: closing session for UUID '9ca2fac3-fe04-4cf8-9f03-ed9ebea0e089' with name 'v++_compile_AES_ECB_encrypt'
Mon Mar  3 00:28:21 2025: STOP_SERVER received, server token: 8bafdcce-d264-4373-ab18-427dfb82a9ab, passed token: 8bafdcce-d264-4373-ab18-427dfb82a9ab
Mon Mar  3 00:28:21 2025: Socket received request to stop server.
Mon Mar  3 00:28:21 2025: Dispatch Server: do_await_stop
Mon Mar  3 00:28:21 2025: Dispatch Server: stopping mainFifo_
Mon Mar  3 00:28:21 2025: XCD main fifo: Stopping
Mon Mar  3 00:28:21 2025: XCD main fifo: do_read error code: Operation canceled
Mon Mar  3 00:28:21 2025: XCD main fifo: bytes_transferred: 0
Mon Mar  3 00:28:21 2025: SERVER: destructor for server bound to port 33777
Mon Mar  3 00:28:21 2025: XCD main fifo: Good unlink of /tmp/xcdmain8bafdcce-d264-4373-ab18-427dfb82a9ab
Mon Mar  3 00:28:21 2025: Server exiting with status 0.
Mon Mar  3 00:28:21 2025: Closing log file.
Mon Mar  3 00:28:29 2025: Running xcd server. This server was built by gradle.
Mon Mar  3 00:28:29 2025: Server was asked to start on port: '41215'
Mon Mar  3 00:28:29 2025: Server is using token UUID: '769c5107-8789-49a9-ba6d-75a5a3972267'
Mon Mar  3 00:28:29 2025: SESSION_MGR: creating session with session uuid: '6d04a3e9-ade5-4ab9-8d63-1f78fcd2ec76' and name 'default'
Mon Mar  3 00:28:29 2025: Attempting to start server on port '41215'
Mon Mar  3 00:28:29 2025: XCD main fifo: created main fifo '/tmp/xcdmain769c5107-8789-49a9-ba6d-75a5a3972267', fd read = 13
Mon Mar  3 00:28:29 2025: Running Dispatch Server
Mon Mar  3 00:28:29 2025: Version 2.2.0
Mon Mar  3 00:28:30 2025: Dispatch Server: Accepted socket connection from client
Mon Mar  3 00:28:30 2025: Starting Socket connection
Mon Mar  3 00:28:30 2025: EXCHANGE_TOKEN received, server token: 769c5107-8789-49a9-ba6d-75a5a3972267, passed token: 769c5107-8789-49a9-ba6d-75a5a3972267
Mon Mar  3 00:28:30 2025: DISPATCH_HANDLER: Adding handler from function makeHandler in library libxv_system_diagram
Mon Mar  3 00:28:30 2025: SESSION_MGR: creating session with session uuid: 'e17a0999-a6d3-484a-8f4f-f419a84930da' and name 'vitis-run_compile_AES_ECB_encrypt'
Mon Mar  3 00:28:30 2025: KERNEL_SVC: creating session with uuid: 'e17a0999-a6d3-484a-8f4f-f419a84930da' and name 'vitis-run_compile_AES_ECB_encrypt'
Mon Mar  3 00:28:30 2025: GUIDANCE_SMGR: creating guidance session with uuid: 'e17a0999-a6d3-484a-8f4f-f419a84930da' and name 'vitis-run_compile_AES_ECB_encrypt'
Mon Mar  3 00:28:30 2025: SYSTEM_DIAGRAM: creating session with uuid: 'e17a0999-a6d3-484a-8f4f-f419a84930da' and name 'vitis-run_compile_AES_ECB_encrypt'
Mon Mar  3 00:28:40 2025: Dispatch Server: Accepted socket connection from client
Mon Mar  3 00:28:40 2025: Starting Socket connection
Mon Mar  3 00:29:16 2025: SESSION_MGR: closing session for UUID 'e17a0999-a6d3-484a-8f4f-f419a84930da' with name 'vitis-run_compile_AES_ECB_encrypt'
Mon Mar  3 00:29:16 2025: KERNEL_SVC: closing session for UUID 'e17a0999-a6d3-484a-8f4f-f419a84930da' with name 'vitis-run_compile_AES_ECB_encrypt'
Mon Mar  3 00:29:16 2025: GUIDANCE_SMGR: closing session for UUID 'e17a0999-a6d3-484a-8f4f-f419a84930da' with name 'vitis-run_compile_AES_ECB_encrypt'
Mon Mar  3 00:29:16 2025: SYSTEM_DIAGRAM: closing session for UUID 'e17a0999-a6d3-484a-8f4f-f419a84930da' with name 'vitis-run_compile_AES_ECB_encrypt'
Mon Mar  3 00:29:16 2025: STOP_SERVER received, server token: 769c5107-8789-49a9-ba6d-75a5a3972267, passed token: 769c5107-8789-49a9-ba6d-75a5a3972267
Mon Mar  3 00:29:16 2025: Socket received request to stop server.
Mon Mar  3 00:29:16 2025: Dispatch Server: do_await_stop
Mon Mar  3 00:29:16 2025: Dispatch Server: stopping mainFifo_
Mon Mar  3 00:29:16 2025: XCD main fifo: Stopping
Mon Mar  3 00:29:16 2025: XCD main fifo: do_read error code: Operation canceled
Mon Mar  3 00:29:16 2025: XCD main fifo: bytes_transferred: 0
Mon Mar  3 00:29:16 2025: SERVER: destructor for server bound to port 41215
Mon Mar  3 00:29:16 2025: XCD main fifo: Good unlink of /tmp/xcdmain769c5107-8789-49a9-ba6d-75a5a3972267
Mon Mar  3 00:29:16 2025: Server exiting with status 0.
Mon Mar  3 00:29:16 2025: Closing log file.
