Sat Jan 25 21:14:26 2025: Running xcd server. This server was built by gradle.
Sat Jan 25 21:14:26 2025: Server was asked to start on port: '38425'
Sat Jan 25 21:14:26 2025: Server is using token UUID: '23cef7e8-ae28-4dbf-953f-efd69adcd477'
Sat Jan 25 21:14:26 2025: SESSION_MGR: creating session with session uuid: '6d04a3e9-ade5-4ab9-8d63-1f78fcd2ec76' and name 'default'
Sat Jan 25 21:14:26 2025: Attempting to start server on port '38425'
Sat Jan 25 21:14:26 2025: XCD main fifo: created main fifo '/tmp/xcdmain23cef7e8-ae28-4dbf-953f-efd69adcd477', fd read = 13
Sat Jan 25 21:14:26 2025: Running Dispatch Server
Sat Jan 25 21:14:26 2025: Version 2.2.0
Sat Jan 25 21:14:26 2025: Dispatch Server: Accepted socket connection from client
Sat Jan 25 21:14:26 2025: Starting Socket connection
Sat Jan 25 21:14:26 2025: EXCHANGE_TOKEN received, server token: 23cef7e8-ae28-4dbf-953f-efd69adcd477, passed token: 23cef7e8-ae28-4dbf-953f-efd69adcd477
Sat Jan 25 21:14:27 2025: DISPATCH_HANDLER: Adding handler from function makeHandler in library libxv_system_diagram
Sat Jan 25 21:14:27 2025: SESSION_MGR: creating session with session uuid: 'b19ce393-06cc-4f34-97f0-d91819ae842c' and name 'vitis-run_compile_AES_ECB_encrypt'
Sat Jan 25 21:14:27 2025: KERNEL_SVC: creating session with uuid: 'b19ce393-06cc-4f34-97f0-d91819ae842c' and name 'vitis-run_compile_AES_ECB_encrypt'
Sat Jan 25 21:14:27 2025: GUIDANCE_SMGR: creating guidance session with uuid: 'b19ce393-06cc-4f34-97f0-d91819ae842c' and name 'vitis-run_compile_AES_ECB_encrypt'
Sat Jan 25 21:14:27 2025: SYSTEM_DIAGRAM: creating session with uuid: 'b19ce393-06cc-4f34-97f0-d91819ae842c' and name 'vitis-run_compile_AES_ECB_encrypt'
Sat Jan 25 21:14:37 2025: Dispatch Server: Accepted socket connection from client
Sat Jan 25 21:14:37 2025: Starting Socket connection
Sat Jan 25 21:14:38 2025: SESSION_MGR: closing session for UUID 'b19ce393-06cc-4f34-97f0-d91819ae842c' with name 'vitis-run_compile_AES_ECB_encrypt'
Sat Jan 25 21:14:38 2025: KERNEL_SVC: closing session for UUID 'b19ce393-06cc-4f34-97f0-d91819ae842c' with name 'vitis-run_compile_AES_ECB_encrypt'
Sat Jan 25 21:14:38 2025: GUIDANCE_SMGR: closing session for UUID 'b19ce393-06cc-4f34-97f0-d91819ae842c' with name 'vitis-run_compile_AES_ECB_encrypt'
Sat Jan 25 21:14:38 2025: SYSTEM_DIAGRAM: closing session for UUID 'b19ce393-06cc-4f34-97f0-d91819ae842c' with name 'vitis-run_compile_AES_ECB_encrypt'
Sat Jan 25 21:14:38 2025: STOP_SERVER received, server token: 23cef7e8-ae28-4dbf-953f-efd69adcd477, passed token: 23cef7e8-ae28-4dbf-953f-efd69adcd477
Sat Jan 25 21:14:38 2025: Socket received request to stop server.
Sat Jan 25 21:14:38 2025: Dispatch Server: do_await_stop
Sat Jan 25 21:14:38 2025: Dispatch Server: stopping mainFifo_
Sat Jan 25 21:14:38 2025: XCD main fifo: Stopping
Sat Jan 25 21:14:38 2025: XCD main fifo: do_read error code: Operation canceled
Sat Jan 25 21:14:38 2025: XCD main fifo: bytes_transferred: 0
Sat Jan 25 21:14:38 2025: SERVER: destructor for server bound to port 38425
Sat Jan 25 21:14:38 2025: XCD main fifo: Good unlink of /tmp/xcdmain23cef7e8-ae28-4dbf-953f-efd69adcd477
Sat Jan 25 21:14:38 2025: Server exiting with status 0.
Sat Jan 25 21:14:38 2025: Closing log file.
Sat Jan 25 21:14:50 2025: Running xcd server. This server was built by gradle.
Sat Jan 25 21:14:50 2025: Server was asked to start on port: '39231'
Sat Jan 25 21:14:50 2025: Server is using token UUID: '61e5e14b-24d0-4bdd-a40d-72aa94dfe0a6'
Sat Jan 25 21:14:50 2025: SESSION_MGR: creating session with session uuid: '6d04a3e9-ade5-4ab9-8d63-1f78fcd2ec76' and name 'default'
Sat Jan 25 21:14:50 2025: Attempting to start server on port '39231'
Sat Jan 25 21:14:50 2025: XCD main fifo: created main fifo '/tmp/xcdmain61e5e14b-24d0-4bdd-a40d-72aa94dfe0a6', fd read = 13
Sat Jan 25 21:14:50 2025: Running Dispatch Server
Sat Jan 25 21:14:50 2025: Version 2.2.0
Sat Jan 25 21:14:50 2025: Dispatch Server: Accepted socket connection from client
Sat Jan 25 21:14:50 2025: Starting Socket connection
Sat Jan 25 21:14:50 2025: EXCHANGE_TOKEN received, server token: 61e5e14b-24d0-4bdd-a40d-72aa94dfe0a6, passed token: 61e5e14b-24d0-4bdd-a40d-72aa94dfe0a6
Sat Jan 25 21:14:51 2025: DISPATCH_HANDLER: Adding handler from function makeHandler in library libxv_system_diagram
Sat Jan 25 21:14:51 2025: SESSION_MGR: creating session with session uuid: '2aafe42e-8be9-441e-a2bb-bf1034e01f63' and name 'v++_compile_AES_ECB_encrypt'
Sat Jan 25 21:14:51 2025: KERNEL_SVC: creating session with uuid: '2aafe42e-8be9-441e-a2bb-bf1034e01f63' and name 'v++_compile_AES_ECB_encrypt'
Sat Jan 25 21:14:51 2025: GUIDANCE_SMGR: creating guidance session with uuid: '2aafe42e-8be9-441e-a2bb-bf1034e01f63' and name 'v++_compile_AES_ECB_encrypt'
Sat Jan 25 21:14:51 2025: SYSTEM_DIAGRAM: creating session with uuid: '2aafe42e-8be9-441e-a2bb-bf1034e01f63' and name 'v++_compile_AES_ECB_encrypt'
Sat Jan 25 21:15:00 2025: Dispatch Server: Accepted socket connection from client
Sat Jan 25 21:15:00 2025: Starting Socket connection
Sat Jan 25 21:15:19 2025: SESSION_MGR: closing session for UUID '2aafe42e-8be9-441e-a2bb-bf1034e01f63' with name 'v++_compile_AES_ECB_encrypt'
Sat Jan 25 21:15:19 2025: KERNEL_SVC: closing session for UUID '2aafe42e-8be9-441e-a2bb-bf1034e01f63' with name 'v++_compile_AES_ECB_encrypt'
Sat Jan 25 21:15:19 2025: GUIDANCE_SMGR: closing session for UUID '2aafe42e-8be9-441e-a2bb-bf1034e01f63' with name 'v++_compile_AES_ECB_encrypt'
Sat Jan 25 21:15:19 2025: SYSTEM_DIAGRAM: closing session for UUID '2aafe42e-8be9-441e-a2bb-bf1034e01f63' with name 'v++_compile_AES_ECB_encrypt'
Sat Jan 25 21:15:19 2025: STOP_SERVER received, server token: 61e5e14b-24d0-4bdd-a40d-72aa94dfe0a6, passed token: 61e5e14b-24d0-4bdd-a40d-72aa94dfe0a6
Sat Jan 25 21:15:19 2025: Socket received request to stop server.
Sat Jan 25 21:15:19 2025: Dispatch Server: do_await_stop
Sat Jan 25 21:15:19 2025: Dispatch Server: stopping mainFifo_
Sat Jan 25 21:15:19 2025: XCD main fifo: Stopping
Sat Jan 25 21:15:19 2025: XCD main fifo: do_read error code: Operation canceled
Sat Jan 25 21:15:19 2025: XCD main fifo: bytes_transferred: 0
Sat Jan 25 21:15:19 2025: SERVER: destructor for server bound to port 39231
Sat Jan 25 21:15:19 2025: XCD main fifo: Good unlink of /tmp/xcdmain61e5e14b-24d0-4bdd-a40d-72aa94dfe0a6
Sat Jan 25 21:15:19 2025: Server exiting with status 0.
Sat Jan 25 21:15:19 2025: Closing log file.
Sat Jan 25 21:15:30 2025: Running xcd server. This server was built by gradle.
Sat Jan 25 21:15:30 2025: Server was asked to start on port: '33825'
Sat Jan 25 21:15:30 2025: Server is using token UUID: 'ffae06d1-d4ee-4a69-8400-a620c23f6843'
Sat Jan 25 21:15:30 2025: SESSION_MGR: creating session with session uuid: '6d04a3e9-ade5-4ab9-8d63-1f78fcd2ec76' and name 'default'
Sat Jan 25 21:15:30 2025: Attempting to start server on port '33825'
Sat Jan 25 21:15:30 2025: XCD main fifo: created main fifo '/tmp/xcdmainffae06d1-d4ee-4a69-8400-a620c23f6843', fd read = 13
Sat Jan 25 21:15:30 2025: Running Dispatch Server
Sat Jan 25 21:15:30 2025: Version 2.2.0
Sat Jan 25 21:15:31 2025: Dispatch Server: Accepted socket connection from client
Sat Jan 25 21:15:31 2025: Starting Socket connection
Sat Jan 25 21:15:31 2025: EXCHANGE_TOKEN received, server token: ffae06d1-d4ee-4a69-8400-a620c23f6843, passed token: ffae06d1-d4ee-4a69-8400-a620c23f6843
Sat Jan 25 21:15:31 2025: DISPATCH_HANDLER: Adding handler from function makeHandler in library libxv_system_diagram
Sat Jan 25 21:15:31 2025: SESSION_MGR: creating session with session uuid: 'e0706ea9-1b46-4536-92cc-b9ad6206a8dc' and name 'vitis-run_compile_AES_ECB_encrypt'
Sat Jan 25 21:15:31 2025: KERNEL_SVC: creating session with uuid: 'e0706ea9-1b46-4536-92cc-b9ad6206a8dc' and name 'vitis-run_compile_AES_ECB_encrypt'
Sat Jan 25 21:15:31 2025: GUIDANCE_SMGR: creating guidance session with uuid: 'e0706ea9-1b46-4536-92cc-b9ad6206a8dc' and name 'vitis-run_compile_AES_ECB_encrypt'
Sat Jan 25 21:15:31 2025: SYSTEM_DIAGRAM: creating session with uuid: 'e0706ea9-1b46-4536-92cc-b9ad6206a8dc' and name 'vitis-run_compile_AES_ECB_encrypt'
Sat Jan 25 21:15:41 2025: Dispatch Server: Accepted socket connection from client
Sat Jan 25 21:15:41 2025: Starting Socket connection
Sat Jan 25 21:16:15 2025: SESSION_MGR: closing session for UUID 'e0706ea9-1b46-4536-92cc-b9ad6206a8dc' with name 'vitis-run_compile_AES_ECB_encrypt'
Sat Jan 25 21:16:15 2025: KERNEL_SVC: closing session for UUID 'e0706ea9-1b46-4536-92cc-b9ad6206a8dc' with name 'vitis-run_compile_AES_ECB_encrypt'
Sat Jan 25 21:16:15 2025: GUIDANCE_SMGR: closing session for UUID 'e0706ea9-1b46-4536-92cc-b9ad6206a8dc' with name 'vitis-run_compile_AES_ECB_encrypt'
Sat Jan 25 21:16:15 2025: SYSTEM_DIAGRAM: closing session for UUID 'e0706ea9-1b46-4536-92cc-b9ad6206a8dc' with name 'vitis-run_compile_AES_ECB_encrypt'
Sat Jan 25 21:16:15 2025: STOP_SERVER received, server token: ffae06d1-d4ee-4a69-8400-a620c23f6843, passed token: ffae06d1-d4ee-4a69-8400-a620c23f6843
Sat Jan 25 21:16:15 2025: Socket received request to stop server.
Sat Jan 25 21:16:15 2025: Dispatch Server: do_await_stop
Sat Jan 25 21:16:15 2025: Dispatch Server: stopping mainFifo_
Sat Jan 25 21:16:15 2025: XCD main fifo: Stopping
Sat Jan 25 21:16:15 2025: XCD main fifo: do_read error code: Operation canceled
Sat Jan 25 21:16:15 2025: XCD main fifo: bytes_transferred: 0
Sat Jan 25 21:16:15 2025: SERVER: destructor for server bound to port 33825
Sat Jan 25 21:16:15 2025: XCD main fifo: Good unlink of /tmp/xcdmainffae06d1-d4ee-4a69-8400-a620c23f6843
Sat Jan 25 21:16:15 2025: Server exiting with status 0.
Sat Jan 25 21:16:15 2025: Closing log file.
Sat Jan 25 21:24:56 2025: Running xcd server. This server was built by gradle.
Sat Jan 25 21:24:56 2025: Server was asked to start on port: '35611'
Sat Jan 25 21:24:56 2025: Server is using token UUID: '5f9bf5bf-e00e-4f9b-b298-21cadd013e40'
Sat Jan 25 21:24:56 2025: SESSION_MGR: creating session with session uuid: '6d04a3e9-ade5-4ab9-8d63-1f78fcd2ec76' and name 'default'
Sat Jan 25 21:24:56 2025: Attempting to start server on port '35611'
Sat Jan 25 21:24:56 2025: XCD main fifo: created main fifo '/tmp/xcdmain5f9bf5bf-e00e-4f9b-b298-21cadd013e40', fd read = 13
Sat Jan 25 21:24:56 2025: Running Dispatch Server
Sat Jan 25 21:24:56 2025: Version 2.2.0
Sat Jan 25 21:24:57 2025: Dispatch Server: Accepted socket connection from client
Sat Jan 25 21:24:57 2025: Starting Socket connection
Sat Jan 25 21:24:57 2025: EXCHANGE_TOKEN received, server token: 5f9bf5bf-e00e-4f9b-b298-21cadd013e40, passed token: 5f9bf5bf-e00e-4f9b-b298-21cadd013e40
Sat Jan 25 21:24:57 2025: DISPATCH_HANDLER: Adding handler from function makeHandler in library libxv_system_diagram
Sat Jan 25 21:24:57 2025: SESSION_MGR: creating session with session uuid: 'bb840e7f-00a4-4968-b678-3b1499330557' and name 'vitis-run_compile_AES_ECB_encrypt'
Sat Jan 25 21:24:57 2025: KERNEL_SVC: creating session with uuid: 'bb840e7f-00a4-4968-b678-3b1499330557' and name 'vitis-run_compile_AES_ECB_encrypt'
Sat Jan 25 21:24:57 2025: GUIDANCE_SMGR: creating guidance session with uuid: 'bb840e7f-00a4-4968-b678-3b1499330557' and name 'vitis-run_compile_AES_ECB_encrypt'
Sat Jan 25 21:24:57 2025: SYSTEM_DIAGRAM: creating session with uuid: 'bb840e7f-00a4-4968-b678-3b1499330557' and name 'vitis-run_compile_AES_ECB_encrypt'
Sat Jan 25 21:25:06 2025: Dispatch Server: Accepted socket connection from client
Sat Jan 25 21:25:06 2025: Starting Socket connection
Sat Jan 25 21:25:37 2025: SESSION_MGR: closing session for UUID 'bb840e7f-00a4-4968-b678-3b1499330557' with name 'vitis-run_compile_AES_ECB_encrypt'
Sat Jan 25 21:25:37 2025: KERNEL_SVC: closing session for UUID 'bb840e7f-00a4-4968-b678-3b1499330557' with name 'vitis-run_compile_AES_ECB_encrypt'
Sat Jan 25 21:25:37 2025: GUIDANCE_SMGR: closing session for UUID 'bb840e7f-00a4-4968-b678-3b1499330557' with name 'vitis-run_compile_AES_ECB_encrypt'
Sat Jan 25 21:25:37 2025: SYSTEM_DIAGRAM: closing session for UUID 'bb840e7f-00a4-4968-b678-3b1499330557' with name 'vitis-run_compile_AES_ECB_encrypt'
Sat Jan 25 21:25:37 2025: STOP_SERVER received, server token: 5f9bf5bf-e00e-4f9b-b298-21cadd013e40, passed token: 5f9bf5bf-e00e-4f9b-b298-21cadd013e40
Sat Jan 25 21:25:37 2025: Socket received request to stop server.
Sat Jan 25 21:25:37 2025: Dispatch Server: do_await_stop
Sat Jan 25 21:25:37 2025: Dispatch Server: stopping mainFifo_
Sat Jan 25 21:25:37 2025: XCD main fifo: Stopping
Sat Jan 25 21:25:37 2025: XCD main fifo: do_read error code: Operation canceled
Sat Jan 25 21:25:37 2025: XCD main fifo: bytes_transferred: 0
Sat Jan 25 21:25:37 2025: SERVER: destructor for server bound to port 35611
Sat Jan 25 21:25:37 2025: XCD main fifo: Good unlink of /tmp/xcdmain5f9bf5bf-e00e-4f9b-b298-21cadd013e40
Sat Jan 25 21:25:37 2025: Server exiting with status 0.
Sat Jan 25 21:25:37 2025: Closing log file.
Sun Jan 26 18:27:31 2025: Running xcd server. This server was built by gradle.
Sun Jan 26 18:27:31 2025: Server was asked to start on port: '45457'
Sun Jan 26 18:27:31 2025: Server is using token UUID: 'a9fd46e7-18df-40b7-b176-cee11bfc3386'
Sun Jan 26 18:27:31 2025: SESSION_MGR: creating session with session uuid: '6d04a3e9-ade5-4ab9-8d63-1f78fcd2ec76' and name 'default'
Sun Jan 26 18:27:31 2025: Attempting to start server on port '45457'
Sun Jan 26 18:27:31 2025: XCD main fifo: created main fifo '/tmp/xcdmaina9fd46e7-18df-40b7-b176-cee11bfc3386', fd read = 13
Sun Jan 26 18:27:31 2025: Running Dispatch Server
Sun Jan 26 18:27:31 2025: Version 2.2.0
Sun Jan 26 18:27:32 2025: Dispatch Server: Accepted socket connection from client
Sun Jan 26 18:27:32 2025: Starting Socket connection
Sun Jan 26 18:27:32 2025: EXCHANGE_TOKEN received, server token: a9fd46e7-18df-40b7-b176-cee11bfc3386, passed token: a9fd46e7-18df-40b7-b176-cee11bfc3386
Sun Jan 26 18:27:32 2025: DISPATCH_HANDLER: Adding handler from function makeHandler in library libxv_system_diagram
Sun Jan 26 18:27:32 2025: SESSION_MGR: creating session with session uuid: 'b1d72292-f337-4ee6-9603-ae8c3afcb188' and name 'vitis-run_compile_AES_ECB_encrypt'
Sun Jan 26 18:27:32 2025: KERNEL_SVC: creating session with uuid: 'b1d72292-f337-4ee6-9603-ae8c3afcb188' and name 'vitis-run_compile_AES_ECB_encrypt'
Sun Jan 26 18:27:32 2025: GUIDANCE_SMGR: creating guidance session with uuid: 'b1d72292-f337-4ee6-9603-ae8c3afcb188' and name 'vitis-run_compile_AES_ECB_encrypt'
Sun Jan 26 18:27:32 2025: SYSTEM_DIAGRAM: creating session with uuid: 'b1d72292-f337-4ee6-9603-ae8c3afcb188' and name 'vitis-run_compile_AES_ECB_encrypt'
Sun Jan 26 18:27:41 2025: Dispatch Server: Accepted socket connection from client
Sun Jan 26 18:27:41 2025: Starting Socket connection
Sun Jan 26 18:27:43 2025: SESSION_MGR: closing session for UUID 'b1d72292-f337-4ee6-9603-ae8c3afcb188' with name 'vitis-run_compile_AES_ECB_encrypt'
Sun Jan 26 18:27:43 2025: KERNEL_SVC: closing session for UUID 'b1d72292-f337-4ee6-9603-ae8c3afcb188' with name 'vitis-run_compile_AES_ECB_encrypt'
Sun Jan 26 18:27:43 2025: GUIDANCE_SMGR: closing session for UUID 'b1d72292-f337-4ee6-9603-ae8c3afcb188' with name 'vitis-run_compile_AES_ECB_encrypt'
Sun Jan 26 18:27:43 2025: SYSTEM_DIAGRAM: closing session for UUID 'b1d72292-f337-4ee6-9603-ae8c3afcb188' with name 'vitis-run_compile_AES_ECB_encrypt'
Sun Jan 26 18:27:43 2025: STOP_SERVER received, server token: a9fd46e7-18df-40b7-b176-cee11bfc3386, passed token: a9fd46e7-18df-40b7-b176-cee11bfc3386
Sun Jan 26 18:27:43 2025: Socket received request to stop server.
Sun Jan 26 18:27:43 2025: Dispatch Server: do_await_stop
Sun Jan 26 18:27:43 2025: Dispatch Server: stopping mainFifo_
Sun Jan 26 18:27:43 2025: XCD main fifo: Stopping
Sun Jan 26 18:27:43 2025: XCD main fifo: do_read error code: Operation canceled
Sun Jan 26 18:27:43 2025: XCD main fifo: bytes_transferred: 0
Sun Jan 26 18:27:43 2025: SERVER: destructor for server bound to port 45457
Sun Jan 26 18:27:43 2025: XCD main fifo: Good unlink of /tmp/xcdmaina9fd46e7-18df-40b7-b176-cee11bfc3386
Sun Jan 26 18:27:43 2025: Server exiting with status 0.
Sun Jan 26 18:27:43 2025: Closing log file.
Sun Jan 26 18:27:52 2025: Running xcd server. This server was built by gradle.
Sun Jan 26 18:27:52 2025: Server was asked to start on port: '42283'
Sun Jan 26 18:27:52 2025: Server is using token UUID: '190772a0-9d99-44ba-bb62-89967c91ca3d'
Sun Jan 26 18:27:52 2025: SESSION_MGR: creating session with session uuid: '6d04a3e9-ade5-4ab9-8d63-1f78fcd2ec76' and name 'default'
Sun Jan 26 18:27:52 2025: Attempting to start server on port '42283'
Sun Jan 26 18:27:52 2025: XCD main fifo: created main fifo '/tmp/xcdmain190772a0-9d99-44ba-bb62-89967c91ca3d', fd read = 13
Sun Jan 26 18:27:52 2025: Running Dispatch Server
Sun Jan 26 18:27:52 2025: Version 2.2.0
Sun Jan 26 18:27:52 2025: Dispatch Server: Accepted socket connection from client
Sun Jan 26 18:27:52 2025: Starting Socket connection
Sun Jan 26 18:27:52 2025: EXCHANGE_TOKEN received, server token: 190772a0-9d99-44ba-bb62-89967c91ca3d, passed token: 190772a0-9d99-44ba-bb62-89967c91ca3d
Sun Jan 26 18:27:53 2025: DISPATCH_HANDLER: Adding handler from function makeHandler in library libxv_system_diagram
Sun Jan 26 18:27:53 2025: SESSION_MGR: creating session with session uuid: 'fbd9e951-c7b7-4936-a9b3-d5d99b9d0260' and name 'v++_compile_AES_ECB_encrypt'
Sun Jan 26 18:27:53 2025: KERNEL_SVC: creating session with uuid: 'fbd9e951-c7b7-4936-a9b3-d5d99b9d0260' and name 'v++_compile_AES_ECB_encrypt'
Sun Jan 26 18:27:53 2025: GUIDANCE_SMGR: creating guidance session with uuid: 'fbd9e951-c7b7-4936-a9b3-d5d99b9d0260' and name 'v++_compile_AES_ECB_encrypt'
Sun Jan 26 18:27:53 2025: SYSTEM_DIAGRAM: creating session with uuid: 'fbd9e951-c7b7-4936-a9b3-d5d99b9d0260' and name 'v++_compile_AES_ECB_encrypt'
Sun Jan 26 18:28:02 2025: Dispatch Server: Accepted socket connection from client
Sun Jan 26 18:28:02 2025: Starting Socket connection
Sun Jan 26 18:28:20 2025: SESSION_MGR: closing session for UUID 'fbd9e951-c7b7-4936-a9b3-d5d99b9d0260' with name 'v++_compile_AES_ECB_encrypt'
Sun Jan 26 18:28:20 2025: KERNEL_SVC: closing session for UUID 'fbd9e951-c7b7-4936-a9b3-d5d99b9d0260' with name 'v++_compile_AES_ECB_encrypt'
Sun Jan 26 18:28:20 2025: GUIDANCE_SMGR: closing session for UUID 'fbd9e951-c7b7-4936-a9b3-d5d99b9d0260' with name 'v++_compile_AES_ECB_encrypt'
Sun Jan 26 18:28:20 2025: SYSTEM_DIAGRAM: closing session for UUID 'fbd9e951-c7b7-4936-a9b3-d5d99b9d0260' with name 'v++_compile_AES_ECB_encrypt'
Sun Jan 26 18:28:20 2025: STOP_SERVER received, server token: 190772a0-9d99-44ba-bb62-89967c91ca3d, passed token: 190772a0-9d99-44ba-bb62-89967c91ca3d
Sun Jan 26 18:28:20 2025: Socket received request to stop server.
Sun Jan 26 18:28:20 2025: Dispatch Server: do_await_stop
Sun Jan 26 18:28:20 2025: Dispatch Server: stopping mainFifo_
Sun Jan 26 18:28:20 2025: XCD main fifo: Stopping
Sun Jan 26 18:28:20 2025: XCD main fifo: do_read error code: Operation canceled
Sun Jan 26 18:28:20 2025: XCD main fifo: bytes_transferred: 0
Sun Jan 26 18:28:20 2025: SERVER: destructor for server bound to port 42283
Sun Jan 26 18:28:20 2025: XCD main fifo: Good unlink of /tmp/xcdmain190772a0-9d99-44ba-bb62-89967c91ca3d
Sun Jan 26 18:28:20 2025: Server exiting with status 0.
Sun Jan 26 18:28:20 2025: Closing log file.
Sun Jan 26 18:28:32 2025: Running xcd server. This server was built by gradle.
Sun Jan 26 18:28:32 2025: Server was asked to start on port: '39003'
Sun Jan 26 18:28:32 2025: Server is using token UUID: '4c76278a-b7f4-473e-8d62-bc90dbeaedab'
Sun Jan 26 18:28:32 2025: SESSION_MGR: creating session with session uuid: '6d04a3e9-ade5-4ab9-8d63-1f78fcd2ec76' and name 'default'
Sun Jan 26 18:28:32 2025: Attempting to start server on port '39003'
Sun Jan 26 18:28:32 2025: XCD main fifo: created main fifo '/tmp/xcdmain4c76278a-b7f4-473e-8d62-bc90dbeaedab', fd read = 13
Sun Jan 26 18:28:32 2025: Running Dispatch Server
Sun Jan 26 18:28:32 2025: Version 2.2.0
Sun Jan 26 18:28:32 2025: Dispatch Server: Accepted socket connection from client
Sun Jan 26 18:28:32 2025: Starting Socket connection
Sun Jan 26 18:28:32 2025: EXCHANGE_TOKEN received, server token: 4c76278a-b7f4-473e-8d62-bc90dbeaedab, passed token: 4c76278a-b7f4-473e-8d62-bc90dbeaedab
Sun Jan 26 18:28:33 2025: DISPATCH_HANDLER: Adding handler from function makeHandler in library libxv_system_diagram
Sun Jan 26 18:28:33 2025: SESSION_MGR: creating session with session uuid: '16da0b3e-16fd-4a2b-8d3c-e938080d8300' and name 'vitis-run_compile_AES_ECB_encrypt'
Sun Jan 26 18:28:33 2025: KERNEL_SVC: creating session with uuid: '16da0b3e-16fd-4a2b-8d3c-e938080d8300' and name 'vitis-run_compile_AES_ECB_encrypt'
Sun Jan 26 18:28:33 2025: GUIDANCE_SMGR: creating guidance session with uuid: '16da0b3e-16fd-4a2b-8d3c-e938080d8300' and name 'vitis-run_compile_AES_ECB_encrypt'
Sun Jan 26 18:28:33 2025: SYSTEM_DIAGRAM: creating session with uuid: '16da0b3e-16fd-4a2b-8d3c-e938080d8300' and name 'vitis-run_compile_AES_ECB_encrypt'
Sun Jan 26 18:28:43 2025: Dispatch Server: Accepted socket connection from client
Sun Jan 26 18:28:43 2025: Starting Socket connection
Sun Jan 26 18:29:15 2025: SESSION_MGR: closing session for UUID '16da0b3e-16fd-4a2b-8d3c-e938080d8300' with name 'vitis-run_compile_AES_ECB_encrypt'
Sun Jan 26 18:29:15 2025: KERNEL_SVC: closing session for UUID '16da0b3e-16fd-4a2b-8d3c-e938080d8300' with name 'vitis-run_compile_AES_ECB_encrypt'
Sun Jan 26 18:29:15 2025: GUIDANCE_SMGR: closing session for UUID '16da0b3e-16fd-4a2b-8d3c-e938080d8300' with name 'vitis-run_compile_AES_ECB_encrypt'
Sun Jan 26 18:29:15 2025: SYSTEM_DIAGRAM: closing session for UUID '16da0b3e-16fd-4a2b-8d3c-e938080d8300' with name 'vitis-run_compile_AES_ECB_encrypt'
Sun Jan 26 18:29:15 2025: STOP_SERVER received, server token: 4c76278a-b7f4-473e-8d62-bc90dbeaedab, passed token: 4c76278a-b7f4-473e-8d62-bc90dbeaedab
Sun Jan 26 18:29:15 2025: Socket received request to stop server.
Sun Jan 26 18:29:15 2025: Dispatch Server: do_await_stop
Sun Jan 26 18:29:15 2025: Dispatch Server: stopping mainFifo_
Sun Jan 26 18:29:15 2025: XCD main fifo: Stopping
Sun Jan 26 18:29:15 2025: XCD main fifo: do_read error code: Operation canceled
Sun Jan 26 18:29:15 2025: XCD main fifo: bytes_transferred: 0
Sun Jan 26 18:29:15 2025: SERVER: destructor for server bound to port 39003
Sun Jan 26 18:29:15 2025: XCD main fifo: Good unlink of /tmp/xcdmain4c76278a-b7f4-473e-8d62-bc90dbeaedab
Sun Jan 26 18:29:15 2025: Server exiting with status 0.
Sun Jan 26 18:29:15 2025: Closing log file.
Sun Jan 26 18:29:41 2025: Running xcd server. This server was built by gradle.
Sun Jan 26 18:29:41 2025: Server was asked to start on port: '38973'
Sun Jan 26 18:29:41 2025: Server is using token UUID: 'e6cd2db1-6213-477f-acc9-dcf70aca2141'
Sun Jan 26 18:29:41 2025: SESSION_MGR: creating session with session uuid: '6d04a3e9-ade5-4ab9-8d63-1f78fcd2ec76' and name 'default'
Sun Jan 26 18:29:41 2025: Attempting to start server on port '38973'
Sun Jan 26 18:29:41 2025: XCD main fifo: created main fifo '/tmp/xcdmaine6cd2db1-6213-477f-acc9-dcf70aca2141', fd read = 13
Sun Jan 26 18:29:41 2025: Running Dispatch Server
Sun Jan 26 18:29:41 2025: Version 2.2.0
Sun Jan 26 18:29:42 2025: Dispatch Server: Accepted socket connection from client
Sun Jan 26 18:29:42 2025: Starting Socket connection
Sun Jan 26 18:29:42 2025: EXCHANGE_TOKEN received, server token: e6cd2db1-6213-477f-acc9-dcf70aca2141, passed token: e6cd2db1-6213-477f-acc9-dcf70aca2141
Sun Jan 26 18:29:42 2025: DISPATCH_HANDLER: Adding handler from function makeHandler in library libxv_system_diagram
Sun Jan 26 18:29:42 2025: SESSION_MGR: creating session with session uuid: 'c1dd0dd2-aa4c-4ad7-8446-b4df1cd80a87' and name 'vitis-run_compile_AES_ECB_encrypt'
Sun Jan 26 18:29:42 2025: KERNEL_SVC: creating session with uuid: 'c1dd0dd2-aa4c-4ad7-8446-b4df1cd80a87' and name 'vitis-run_compile_AES_ECB_encrypt'
Sun Jan 26 18:29:42 2025: GUIDANCE_SMGR: creating guidance session with uuid: 'c1dd0dd2-aa4c-4ad7-8446-b4df1cd80a87' and name 'vitis-run_compile_AES_ECB_encrypt'
Sun Jan 26 18:29:42 2025: SYSTEM_DIAGRAM: creating session with uuid: 'c1dd0dd2-aa4c-4ad7-8446-b4df1cd80a87' and name 'vitis-run_compile_AES_ECB_encrypt'
Sun Jan 26 18:29:53 2025: Dispatch Server: Accepted socket connection from client
Sun Jan 26 18:29:53 2025: Starting Socket connection
Sun Jan 26 18:30:23 2025: SESSION_MGR: closing session for UUID 'c1dd0dd2-aa4c-4ad7-8446-b4df1cd80a87' with name 'vitis-run_compile_AES_ECB_encrypt'
Sun Jan 26 18:30:23 2025: KERNEL_SVC: closing session for UUID 'c1dd0dd2-aa4c-4ad7-8446-b4df1cd80a87' with name 'vitis-run_compile_AES_ECB_encrypt'
Sun Jan 26 18:30:23 2025: GUIDANCE_SMGR: closing session for UUID 'c1dd0dd2-aa4c-4ad7-8446-b4df1cd80a87' with name 'vitis-run_compile_AES_ECB_encrypt'
Sun Jan 26 18:30:23 2025: SYSTEM_DIAGRAM: closing session for UUID 'c1dd0dd2-aa4c-4ad7-8446-b4df1cd80a87' with name 'vitis-run_compile_AES_ECB_encrypt'
Sun Jan 26 18:30:23 2025: STOP_SERVER received, server token: e6cd2db1-6213-477f-acc9-dcf70aca2141, passed token: e6cd2db1-6213-477f-acc9-dcf70aca2141
Sun Jan 26 18:30:23 2025: Socket received request to stop server.
Sun Jan 26 18:30:23 2025: Dispatch Server: do_await_stop
Sun Jan 26 18:30:23 2025: Dispatch Server: stopping mainFifo_
Sun Jan 26 18:30:23 2025: XCD main fifo: Stopping
Sun Jan 26 18:30:23 2025: XCD main fifo: do_read error code: Operation canceled
Sun Jan 26 18:30:23 2025: XCD main fifo: bytes_transferred: 0
Sun Jan 26 18:30:23 2025: SERVER: destructor for server bound to port 38973
Sun Jan 26 18:30:23 2025: XCD main fifo: Good unlink of /tmp/xcdmaine6cd2db1-6213-477f-acc9-dcf70aca2141
Sun Jan 26 18:30:23 2025: Server exiting with status 0.
Sun Jan 26 18:30:23 2025: Closing log file.
Sun Jan 26 18:30:51 2025: Running xcd server. This server was built by gradle.
Sun Jan 26 18:30:51 2025: Server was asked to start on port: '33705'
Sun Jan 26 18:30:51 2025: Server is using token UUID: 'e258e742-e035-4d8c-b9c7-29e54174d5ee'
Sun Jan 26 18:30:51 2025: SESSION_MGR: creating session with session uuid: '6d04a3e9-ade5-4ab9-8d63-1f78fcd2ec76' and name 'default'
Sun Jan 26 18:30:51 2025: Attempting to start server on port '33705'
Sun Jan 26 18:30:51 2025: XCD main fifo: created main fifo '/tmp/xcdmaine258e742-e035-4d8c-b9c7-29e54174d5ee', fd read = 13
Sun Jan 26 18:30:51 2025: Running Dispatch Server
Sun Jan 26 18:30:51 2025: Version 2.2.0
Sun Jan 26 18:30:51 2025: Dispatch Server: Accepted socket connection from client
Sun Jan 26 18:30:51 2025: Starting Socket connection
Sun Jan 26 18:30:51 2025: EXCHANGE_TOKEN received, server token: e258e742-e035-4d8c-b9c7-29e54174d5ee, passed token: e258e742-e035-4d8c-b9c7-29e54174d5ee
Sun Jan 26 18:30:52 2025: DISPATCH_HANDLER: Adding handler from function makeHandler in library libxv_system_diagram
Sun Jan 26 18:30:52 2025: SESSION_MGR: creating session with session uuid: '9509e8c0-d009-42a8-a11d-a38cec737ccd' and name 'vitis-run_compile_AES_ECB_encrypt'
Sun Jan 26 18:30:52 2025: KERNEL_SVC: creating session with uuid: '9509e8c0-d009-42a8-a11d-a38cec737ccd' and name 'vitis-run_compile_AES_ECB_encrypt'
Sun Jan 26 18:30:52 2025: GUIDANCE_SMGR: creating guidance session with uuid: '9509e8c0-d009-42a8-a11d-a38cec737ccd' and name 'vitis-run_compile_AES_ECB_encrypt'
Sun Jan 26 18:30:52 2025: SYSTEM_DIAGRAM: creating session with uuid: '9509e8c0-d009-42a8-a11d-a38cec737ccd' and name 'vitis-run_compile_AES_ECB_encrypt'
Sun Jan 26 18:31:02 2025: Dispatch Server: Accepted socket connection from client
Sun Jan 26 18:31:02 2025: Starting Socket connection
Sun Jan 26 18:31:32 2025: SESSION_MGR: closing session for UUID '9509e8c0-d009-42a8-a11d-a38cec737ccd' with name 'vitis-run_compile_AES_ECB_encrypt'
Sun Jan 26 18:31:32 2025: KERNEL_SVC: closing session for UUID '9509e8c0-d009-42a8-a11d-a38cec737ccd' with name 'vitis-run_compile_AES_ECB_encrypt'
Sun Jan 26 18:31:32 2025: GUIDANCE_SMGR: closing session for UUID '9509e8c0-d009-42a8-a11d-a38cec737ccd' with name 'vitis-run_compile_AES_ECB_encrypt'
Sun Jan 26 18:31:32 2025: SYSTEM_DIAGRAM: closing session for UUID '9509e8c0-d009-42a8-a11d-a38cec737ccd' with name 'vitis-run_compile_AES_ECB_encrypt'
Sun Jan 26 18:31:32 2025: STOP_SERVER received, server token: e258e742-e035-4d8c-b9c7-29e54174d5ee, passed token: e258e742-e035-4d8c-b9c7-29e54174d5ee
Sun Jan 26 18:31:32 2025: Socket received request to stop server.
Sun Jan 26 18:31:32 2025: Dispatch Server: do_await_stop
Sun Jan 26 18:31:32 2025: Dispatch Server: stopping mainFifo_
Sun Jan 26 18:31:32 2025: XCD main fifo: Stopping
Sun Jan 26 18:31:32 2025: XCD main fifo: do_read error code: Operation canceled
Sun Jan 26 18:31:32 2025: XCD main fifo: bytes_transferred: 0
Sun Jan 26 18:31:32 2025: SERVER: destructor for server bound to port 33705
Sun Jan 26 18:31:32 2025: XCD main fifo: Good unlink of /tmp/xcdmaine258e742-e035-4d8c-b9c7-29e54174d5ee
Sun Jan 26 18:31:32 2025: Server exiting with status 0.
Sun Jan 26 18:31:32 2025: Closing log file.
