Sat Jan 25 19:56:01 2025: Running xcd server. This server was built by gradle.
Sat Jan 25 19:56:01 2025: Server was asked to start on port: '37871'
Sat Jan 25 19:56:01 2025: Server is using token UUID: 'fa01f77c-ff30-4633-98fb-3c811e643d62'
Sat Jan 25 19:56:01 2025: SESSION_MGR: creating session with session uuid: '6d04a3e9-ade5-4ab9-8d63-1f78fcd2ec76' and name 'default'
Sat Jan 25 19:56:01 2025: Attempting to start server on port '37871'
Sat Jan 25 19:56:01 2025: XCD main fifo: created main fifo '/tmp/xcdmainfa01f77c-ff30-4633-98fb-3c811e643d62', fd read = 13
Sat Jan 25 19:56:01 2025: Running Dispatch Server
Sat Jan 25 19:56:01 2025: Version 2.2.0
Sat Jan 25 19:56:01 2025: Dispatch Server: Accepted socket connection from client
Sat Jan 25 19:56:01 2025: Starting Socket connection
Sat Jan 25 19:56:01 2025: EXCHANGE_TOKEN received, server token: fa01f77c-ff30-4633-98fb-3c811e643d62, passed token: fa01f77c-ff30-4633-98fb-3c811e643d62
Sat Jan 25 19:56:02 2025: DISPATCH_HANDLER: Adding handler from function makeHandler in library libxv_system_diagram
Sat Jan 25 19:56:02 2025: SESSION_MGR: creating session with session uuid: '5eb8a4fd-05ef-4543-b5e2-238a411a5ece' and name 'vitis-run_compile_AES_ECB_encrypt'
Sat Jan 25 19:56:02 2025: KERNEL_SVC: creating session with uuid: '5eb8a4fd-05ef-4543-b5e2-238a411a5ece' and name 'vitis-run_compile_AES_ECB_encrypt'
Sat Jan 25 19:56:02 2025: GUIDANCE_SMGR: creating guidance session with uuid: '5eb8a4fd-05ef-4543-b5e2-238a411a5ece' and name 'vitis-run_compile_AES_ECB_encrypt'
Sat Jan 25 19:56:02 2025: SYSTEM_DIAGRAM: creating session with uuid: '5eb8a4fd-05ef-4543-b5e2-238a411a5ece' and name 'vitis-run_compile_AES_ECB_encrypt'
Sat Jan 25 19:56:11 2025: Dispatch Server: Accepted socket connection from client
Sat Jan 25 19:56:11 2025: Starting Socket connection
Sat Jan 25 19:56:12 2025: SESSION_MGR: closing session for UUID '5eb8a4fd-05ef-4543-b5e2-238a411a5ece' with name 'vitis-run_compile_AES_ECB_encrypt'
Sat Jan 25 19:56:12 2025: KERNEL_SVC: closing session for UUID '5eb8a4fd-05ef-4543-b5e2-238a411a5ece' with name 'vitis-run_compile_AES_ECB_encrypt'
Sat Jan 25 19:56:12 2025: GUIDANCE_SMGR: closing session for UUID '5eb8a4fd-05ef-4543-b5e2-238a411a5ece' with name 'vitis-run_compile_AES_ECB_encrypt'
Sat Jan 25 19:56:12 2025: SYSTEM_DIAGRAM: closing session for UUID '5eb8a4fd-05ef-4543-b5e2-238a411a5ece' with name 'vitis-run_compile_AES_ECB_encrypt'
Sat Jan 25 19:56:12 2025: STOP_SERVER received, server token: fa01f77c-ff30-4633-98fb-3c811e643d62, passed token: fa01f77c-ff30-4633-98fb-3c811e643d62
Sat Jan 25 19:56:12 2025: Socket received request to stop server.
Sat Jan 25 19:56:12 2025: Dispatch Server: do_await_stop
Sat Jan 25 19:56:12 2025: Dispatch Server: stopping mainFifo_
Sat Jan 25 19:56:12 2025: XCD main fifo: Stopping
Sat Jan 25 19:56:12 2025: XCD main fifo: do_read error code: Operation canceled
Sat Jan 25 19:56:12 2025: XCD main fifo: bytes_transferred: 0
Sat Jan 25 19:56:12 2025: SERVER: destructor for server bound to port 37871
Sat Jan 25 19:56:12 2025: XCD main fifo: Good unlink of /tmp/xcdmainfa01f77c-ff30-4633-98fb-3c811e643d62
Sat Jan 25 19:56:12 2025: Server exiting with status 0.
Sat Jan 25 19:56:12 2025: Closing log file.
Sat Jan 25 19:56:24 2025: Running xcd server. This server was built by gradle.
Sat Jan 25 19:56:24 2025: Server was asked to start on port: '41999'
Sat Jan 25 19:56:24 2025: Server is using token UUID: 'c81e46d8-fadc-4f17-a82f-237da245de4e'
Sat Jan 25 19:56:24 2025: SESSION_MGR: creating session with session uuid: '6d04a3e9-ade5-4ab9-8d63-1f78fcd2ec76' and name 'default'
Sat Jan 25 19:56:24 2025: Attempting to start server on port '41999'
Sat Jan 25 19:56:24 2025: XCD main fifo: created main fifo '/tmp/xcdmainc81e46d8-fadc-4f17-a82f-237da245de4e', fd read = 13
Sat Jan 25 19:56:24 2025: Running Dispatch Server
Sat Jan 25 19:56:24 2025: Version 2.2.0
Sat Jan 25 19:56:25 2025: Dispatch Server: Accepted socket connection from client
Sat Jan 25 19:56:25 2025: Starting Socket connection
Sat Jan 25 19:56:25 2025: EXCHANGE_TOKEN received, server token: c81e46d8-fadc-4f17-a82f-237da245de4e, passed token: c81e46d8-fadc-4f17-a82f-237da245de4e
Sat Jan 25 19:56:25 2025: DISPATCH_HANDLER: Adding handler from function makeHandler in library libxv_system_diagram
Sat Jan 25 19:56:25 2025: SESSION_MGR: creating session with session uuid: 'fa7c5445-73ff-4e22-bc60-7c47f57e8d53' and name 'v++_compile_AES_ECB_encrypt'
Sat Jan 25 19:56:25 2025: KERNEL_SVC: creating session with uuid: 'fa7c5445-73ff-4e22-bc60-7c47f57e8d53' and name 'v++_compile_AES_ECB_encrypt'
Sat Jan 25 19:56:25 2025: GUIDANCE_SMGR: creating guidance session with uuid: 'fa7c5445-73ff-4e22-bc60-7c47f57e8d53' and name 'v++_compile_AES_ECB_encrypt'
Sat Jan 25 19:56:25 2025: SYSTEM_DIAGRAM: creating session with uuid: 'fa7c5445-73ff-4e22-bc60-7c47f57e8d53' and name 'v++_compile_AES_ECB_encrypt'
Sat Jan 25 19:56:35 2025: Dispatch Server: Accepted socket connection from client
Sat Jan 25 19:56:35 2025: Starting Socket connection
Sat Jan 25 19:56:58 2025: SESSION_MGR: closing session for UUID 'fa7c5445-73ff-4e22-bc60-7c47f57e8d53' with name 'v++_compile_AES_ECB_encrypt'
Sat Jan 25 19:56:58 2025: KERNEL_SVC: closing session for UUID 'fa7c5445-73ff-4e22-bc60-7c47f57e8d53' with name 'v++_compile_AES_ECB_encrypt'
Sat Jan 25 19:56:58 2025: GUIDANCE_SMGR: closing session for UUID 'fa7c5445-73ff-4e22-bc60-7c47f57e8d53' with name 'v++_compile_AES_ECB_encrypt'
Sat Jan 25 19:56:58 2025: SYSTEM_DIAGRAM: closing session for UUID 'fa7c5445-73ff-4e22-bc60-7c47f57e8d53' with name 'v++_compile_AES_ECB_encrypt'
Sat Jan 25 19:56:58 2025: STOP_SERVER received, server token: c81e46d8-fadc-4f17-a82f-237da245de4e, passed token: c81e46d8-fadc-4f17-a82f-237da245de4e
Sat Jan 25 19:56:58 2025: Socket received request to stop server.
Sat Jan 25 19:56:58 2025: Dispatch Server: do_await_stop
Sat Jan 25 19:56:58 2025: Dispatch Server: stopping mainFifo_
Sat Jan 25 19:56:58 2025: XCD main fifo: Stopping
Sat Jan 25 19:56:58 2025: XCD main fifo: do_read error code: Operation canceled
Sat Jan 25 19:56:58 2025: XCD main fifo: bytes_transferred: 0
Sat Jan 25 19:56:58 2025: SERVER: destructor for server bound to port 41999
Sat Jan 25 19:56:58 2025: XCD main fifo: Good unlink of /tmp/xcdmainc81e46d8-fadc-4f17-a82f-237da245de4e
Sat Jan 25 19:56:58 2025: Server exiting with status 0.
Sat Jan 25 19:56:58 2025: Closing log file.
Sat Jan 25 19:57:55 2025: Running xcd server. This server was built by gradle.
Sat Jan 25 19:57:55 2025: Server was asked to start on port: '45605'
Sat Jan 25 19:57:55 2025: Server is using token UUID: '47e76e03-3db9-4fa8-b8ef-e77a1b0d9727'
Sat Jan 25 19:57:55 2025: SESSION_MGR: creating session with session uuid: '6d04a3e9-ade5-4ab9-8d63-1f78fcd2ec76' and name 'default'
Sat Jan 25 19:57:55 2025: Attempting to start server on port '45605'
Sat Jan 25 19:57:55 2025: XCD main fifo: created main fifo '/tmp/xcdmain47e76e03-3db9-4fa8-b8ef-e77a1b0d9727', fd read = 13
Sat Jan 25 19:57:55 2025: Running Dispatch Server
Sat Jan 25 19:57:55 2025: Version 2.2.0
Sat Jan 25 19:57:55 2025: Dispatch Server: Accepted socket connection from client
Sat Jan 25 19:57:55 2025: Starting Socket connection
Sat Jan 25 19:57:55 2025: EXCHANGE_TOKEN received, server token: 47e76e03-3db9-4fa8-b8ef-e77a1b0d9727, passed token: 47e76e03-3db9-4fa8-b8ef-e77a1b0d9727
Sat Jan 25 19:57:56 2025: DISPATCH_HANDLER: Adding handler from function makeHandler in library libxv_system_diagram
Sat Jan 25 19:57:56 2025: SESSION_MGR: creating session with session uuid: 'e6b3ed05-49cd-472e-af01-c3778744bbfa' and name 'vitis-run_compile_AES_ECB_encrypt'
Sat Jan 25 19:57:56 2025: KERNEL_SVC: creating session with uuid: 'e6b3ed05-49cd-472e-af01-c3778744bbfa' and name 'vitis-run_compile_AES_ECB_encrypt'
Sat Jan 25 19:57:56 2025: GUIDANCE_SMGR: creating guidance session with uuid: 'e6b3ed05-49cd-472e-af01-c3778744bbfa' and name 'vitis-run_compile_AES_ECB_encrypt'
Sat Jan 25 19:57:56 2025: SYSTEM_DIAGRAM: creating session with uuid: 'e6b3ed05-49cd-472e-af01-c3778744bbfa' and name 'vitis-run_compile_AES_ECB_encrypt'
Sat Jan 25 19:58:06 2025: Dispatch Server: Accepted socket connection from client
Sat Jan 25 19:58:06 2025: Starting Socket connection
Sat Jan 25 19:58:46 2025: SESSION_MGR: closing session for UUID 'e6b3ed05-49cd-472e-af01-c3778744bbfa' with name 'vitis-run_compile_AES_ECB_encrypt'
Sat Jan 25 19:58:46 2025: KERNEL_SVC: closing session for UUID 'e6b3ed05-49cd-472e-af01-c3778744bbfa' with name 'vitis-run_compile_AES_ECB_encrypt'
Sat Jan 25 19:58:46 2025: GUIDANCE_SMGR: closing session for UUID 'e6b3ed05-49cd-472e-af01-c3778744bbfa' with name 'vitis-run_compile_AES_ECB_encrypt'
Sat Jan 25 19:58:46 2025: SYSTEM_DIAGRAM: closing session for UUID 'e6b3ed05-49cd-472e-af01-c3778744bbfa' with name 'vitis-run_compile_AES_ECB_encrypt'
Sat Jan 25 19:58:46 2025: STOP_SERVER received, server token: 47e76e03-3db9-4fa8-b8ef-e77a1b0d9727, passed token: 47e76e03-3db9-4fa8-b8ef-e77a1b0d9727
Sat Jan 25 19:58:46 2025: Socket received request to stop server.
Sat Jan 25 19:58:46 2025: Dispatch Server: do_await_stop
Sat Jan 25 19:58:46 2025: Dispatch Server: stopping mainFifo_
Sat Jan 25 19:58:46 2025: XCD main fifo: Stopping
Sat Jan 25 19:58:46 2025: XCD main fifo: do_read error code: Operation canceled
Sat Jan 25 19:58:46 2025: XCD main fifo: bytes_transferred: 0
Sat Jan 25 19:58:46 2025: SERVER: destructor for server bound to port 45605
Sat Jan 25 19:58:46 2025: XCD main fifo: Good unlink of /tmp/xcdmain47e76e03-3db9-4fa8-b8ef-e77a1b0d9727
Sat Jan 25 19:58:46 2025: Server exiting with status 0.
Sat Jan 25 19:58:46 2025: Closing log file.
Sat Jan 25 20:00:58 2025: Running xcd server. This server was built by gradle.
Sat Jan 25 20:00:58 2025: Server was asked to start on port: '36489'
Sat Jan 25 20:00:58 2025: Server is using token UUID: 'd49da99f-f959-4990-90da-2254472ff7be'
Sat Jan 25 20:00:58 2025: SESSION_MGR: creating session with session uuid: '6d04a3e9-ade5-4ab9-8d63-1f78fcd2ec76' and name 'default'
Sat Jan 25 20:00:58 2025: Attempting to start server on port '36489'
Sat Jan 25 20:00:58 2025: XCD main fifo: created main fifo '/tmp/xcdmaind49da99f-f959-4990-90da-2254472ff7be', fd read = 13
Sat Jan 25 20:00:58 2025: Running Dispatch Server
Sat Jan 25 20:00:58 2025: Version 2.2.0
Sat Jan 25 20:00:59 2025: Dispatch Server: Accepted socket connection from client
Sat Jan 25 20:00:59 2025: Starting Socket connection
Sat Jan 25 20:00:59 2025: EXCHANGE_TOKEN received, server token: d49da99f-f959-4990-90da-2254472ff7be, passed token: d49da99f-f959-4990-90da-2254472ff7be
Sat Jan 25 20:00:59 2025: DISPATCH_HANDLER: Adding handler from function makeHandler in library libxv_system_diagram
Sat Jan 25 20:00:59 2025: SESSION_MGR: creating session with session uuid: '3212b14c-3073-441a-9b70-12208307fc68' and name 'vitis-run_compile_AES_ECB_encrypt'
Sat Jan 25 20:00:59 2025: KERNEL_SVC: creating session with uuid: '3212b14c-3073-441a-9b70-12208307fc68' and name 'vitis-run_compile_AES_ECB_encrypt'
Sat Jan 25 20:00:59 2025: GUIDANCE_SMGR: creating guidance session with uuid: '3212b14c-3073-441a-9b70-12208307fc68' and name 'vitis-run_compile_AES_ECB_encrypt'
Sat Jan 25 20:00:59 2025: SYSTEM_DIAGRAM: creating session with uuid: '3212b14c-3073-441a-9b70-12208307fc68' and name 'vitis-run_compile_AES_ECB_encrypt'
Sat Jan 25 20:01:09 2025: Dispatch Server: Accepted socket connection from client
Sat Jan 25 20:01:09 2025: Starting Socket connection
Sat Jan 25 20:01:41 2025: SESSION_MGR: closing session for UUID '3212b14c-3073-441a-9b70-12208307fc68' with name 'vitis-run_compile_AES_ECB_encrypt'
Sat Jan 25 20:01:41 2025: KERNEL_SVC: closing session for UUID '3212b14c-3073-441a-9b70-12208307fc68' with name 'vitis-run_compile_AES_ECB_encrypt'
Sat Jan 25 20:01:41 2025: GUIDANCE_SMGR: closing session for UUID '3212b14c-3073-441a-9b70-12208307fc68' with name 'vitis-run_compile_AES_ECB_encrypt'
Sat Jan 25 20:01:41 2025: SYSTEM_DIAGRAM: closing session for UUID '3212b14c-3073-441a-9b70-12208307fc68' with name 'vitis-run_compile_AES_ECB_encrypt'
Sat Jan 25 20:01:41 2025: STOP_SERVER received, server token: d49da99f-f959-4990-90da-2254472ff7be, passed token: d49da99f-f959-4990-90da-2254472ff7be
Sat Jan 25 20:01:41 2025: Socket received request to stop server.
Sat Jan 25 20:01:41 2025: Dispatch Server: do_await_stop
Sat Jan 25 20:01:41 2025: Dispatch Server: stopping mainFifo_
Sat Jan 25 20:01:41 2025: XCD main fifo: Stopping
Sat Jan 25 20:01:41 2025: XCD main fifo: do_read error code: Operation canceled
Sat Jan 25 20:01:41 2025: XCD main fifo: bytes_transferred: 0
Sat Jan 25 20:01:41 2025: SERVER: destructor for server bound to port 36489
Sat Jan 25 20:01:41 2025: XCD main fifo: Good unlink of /tmp/xcdmaind49da99f-f959-4990-90da-2254472ff7be
Sat Jan 25 20:01:41 2025: Server exiting with status 0.
Sat Jan 25 20:01:41 2025: Closing log file.
Sat Jan 25 20:08:54 2025: Running xcd server. This server was built by gradle.
Sat Jan 25 20:08:54 2025: Server was asked to start on port: '45737'
Sat Jan 25 20:08:54 2025: Server is using token UUID: '06e32ff4-7c11-45b6-9fcf-fd2abbdf409c'
Sat Jan 25 20:08:54 2025: SESSION_MGR: creating session with session uuid: '6d04a3e9-ade5-4ab9-8d63-1f78fcd2ec76' and name 'default'
Sat Jan 25 20:08:54 2025: Attempting to start server on port '45737'
Sat Jan 25 20:08:54 2025: XCD main fifo: created main fifo '/tmp/xcdmain06e32ff4-7c11-45b6-9fcf-fd2abbdf409c', fd read = 13
Sat Jan 25 20:08:54 2025: Running Dispatch Server
Sat Jan 25 20:08:54 2025: Version 2.2.0
Sat Jan 25 20:08:55 2025: Dispatch Server: Accepted socket connection from client
Sat Jan 25 20:08:55 2025: Starting Socket connection
Sat Jan 25 20:08:55 2025: EXCHANGE_TOKEN received, server token: 06e32ff4-7c11-45b6-9fcf-fd2abbdf409c, passed token: 06e32ff4-7c11-45b6-9fcf-fd2abbdf409c
Sat Jan 25 20:08:55 2025: DISPATCH_HANDLER: Adding handler from function makeHandler in library libxv_system_diagram
Sat Jan 25 20:08:55 2025: SESSION_MGR: creating session with session uuid: '3d12155b-91b9-4866-a890-a33ebe3ae6aa' and name 'vitis-run_compile_AES_ECB_encrypt'
Sat Jan 25 20:08:55 2025: KERNEL_SVC: creating session with uuid: '3d12155b-91b9-4866-a890-a33ebe3ae6aa' and name 'vitis-run_compile_AES_ECB_encrypt'
Sat Jan 25 20:08:55 2025: GUIDANCE_SMGR: creating guidance session with uuid: '3d12155b-91b9-4866-a890-a33ebe3ae6aa' and name 'vitis-run_compile_AES_ECB_encrypt'
Sat Jan 25 20:08:55 2025: SYSTEM_DIAGRAM: creating session with uuid: '3d12155b-91b9-4866-a890-a33ebe3ae6aa' and name 'vitis-run_compile_AES_ECB_encrypt'
Sat Jan 25 20:09:05 2025: Dispatch Server: Accepted socket connection from client
Sat Jan 25 20:09:05 2025: Starting Socket connection
Sat Jan 25 20:09:41 2025: SESSION_MGR: closing session for UUID '3d12155b-91b9-4866-a890-a33ebe3ae6aa' with name 'vitis-run_compile_AES_ECB_encrypt'
Sat Jan 25 20:09:41 2025: KERNEL_SVC: closing session for UUID '3d12155b-91b9-4866-a890-a33ebe3ae6aa' with name 'vitis-run_compile_AES_ECB_encrypt'
Sat Jan 25 20:09:41 2025: GUIDANCE_SMGR: closing session for UUID '3d12155b-91b9-4866-a890-a33ebe3ae6aa' with name 'vitis-run_compile_AES_ECB_encrypt'
Sat Jan 25 20:09:41 2025: SYSTEM_DIAGRAM: closing session for UUID '3d12155b-91b9-4866-a890-a33ebe3ae6aa' with name 'vitis-run_compile_AES_ECB_encrypt'
Sat Jan 25 20:09:41 2025: STOP_SERVER received, server token: 06e32ff4-7c11-45b6-9fcf-fd2abbdf409c, passed token: 06e32ff4-7c11-45b6-9fcf-fd2abbdf409c
Sat Jan 25 20:09:41 2025: Socket received request to stop server.
Sat Jan 25 20:09:41 2025: Dispatch Server: do_await_stop
Sat Jan 25 20:09:41 2025: Dispatch Server: stopping mainFifo_
Sat Jan 25 20:09:41 2025: XCD main fifo: Stopping
Sat Jan 25 20:09:41 2025: XCD main fifo: do_read error code: Operation canceled
Sat Jan 25 20:09:41 2025: XCD main fifo: bytes_transferred: 0
Sat Jan 25 20:09:41 2025: SERVER: destructor for server bound to port 45737
Sat Jan 25 20:09:41 2025: XCD main fifo: Good unlink of /tmp/xcdmain06e32ff4-7c11-45b6-9fcf-fd2abbdf409c
Sat Jan 25 20:09:41 2025: Server exiting with status 0.
Sat Jan 25 20:09:41 2025: Closing log file.
Sat Jan 25 20:17:12 2025: Running xcd server. This server was built by gradle.
Sat Jan 25 20:17:12 2025: Server was asked to start on port: '41635'
Sat Jan 25 20:17:12 2025: Server is using token UUID: '2e38ac07-231a-404a-8324-48c21463ad43'
Sat Jan 25 20:17:12 2025: SESSION_MGR: creating session with session uuid: '6d04a3e9-ade5-4ab9-8d63-1f78fcd2ec76' and name 'default'
Sat Jan 25 20:17:12 2025: Attempting to start server on port '41635'
Sat Jan 25 20:17:12 2025: XCD main fifo: created main fifo '/tmp/xcdmain2e38ac07-231a-404a-8324-48c21463ad43', fd read = 13
Sat Jan 25 20:17:12 2025: Running Dispatch Server
Sat Jan 25 20:17:12 2025: Version 2.2.0
Sat Jan 25 20:17:13 2025: Dispatch Server: Accepted socket connection from client
Sat Jan 25 20:17:13 2025: Starting Socket connection
Sat Jan 25 20:17:13 2025: EXCHANGE_TOKEN received, server token: 2e38ac07-231a-404a-8324-48c21463ad43, passed token: 2e38ac07-231a-404a-8324-48c21463ad43
Sat Jan 25 20:17:13 2025: DISPATCH_HANDLER: Adding handler from function makeHandler in library libxv_system_diagram
Sat Jan 25 20:17:13 2025: SESSION_MGR: creating session with session uuid: '78c480ff-5d7e-497c-a080-98ad41a46330' and name 'vitis-run_compile_AES_ECB_encrypt'
Sat Jan 25 20:17:13 2025: KERNEL_SVC: creating session with uuid: '78c480ff-5d7e-497c-a080-98ad41a46330' and name 'vitis-run_compile_AES_ECB_encrypt'
Sat Jan 25 20:17:13 2025: GUIDANCE_SMGR: creating guidance session with uuid: '78c480ff-5d7e-497c-a080-98ad41a46330' and name 'vitis-run_compile_AES_ECB_encrypt'
Sat Jan 25 20:17:13 2025: SYSTEM_DIAGRAM: creating session with uuid: '78c480ff-5d7e-497c-a080-98ad41a46330' and name 'vitis-run_compile_AES_ECB_encrypt'
Sat Jan 25 20:17:24 2025: Dispatch Server: Accepted socket connection from client
Sat Jan 25 20:17:24 2025: Starting Socket connection
Sat Jan 25 20:17:55 2025: SESSION_MGR: closing session for UUID '78c480ff-5d7e-497c-a080-98ad41a46330' with name 'vitis-run_compile_AES_ECB_encrypt'
Sat Jan 25 20:17:55 2025: KERNEL_SVC: closing session for UUID '78c480ff-5d7e-497c-a080-98ad41a46330' with name 'vitis-run_compile_AES_ECB_encrypt'
Sat Jan 25 20:17:55 2025: GUIDANCE_SMGR: closing session for UUID '78c480ff-5d7e-497c-a080-98ad41a46330' with name 'vitis-run_compile_AES_ECB_encrypt'
Sat Jan 25 20:17:55 2025: SYSTEM_DIAGRAM: closing session for UUID '78c480ff-5d7e-497c-a080-98ad41a46330' with name 'vitis-run_compile_AES_ECB_encrypt'
Sat Jan 25 20:17:55 2025: STOP_SERVER received, server token: 2e38ac07-231a-404a-8324-48c21463ad43, passed token: 2e38ac07-231a-404a-8324-48c21463ad43
Sat Jan 25 20:17:55 2025: Socket received request to stop server.
Sat Jan 25 20:17:55 2025: Dispatch Server: do_await_stop
Sat Jan 25 20:17:55 2025: Dispatch Server: stopping mainFifo_
Sat Jan 25 20:17:55 2025: XCD main fifo: Stopping
Sat Jan 25 20:17:55 2025: XCD main fifo: do_read error code: Operation canceled
Sat Jan 25 20:17:55 2025: XCD main fifo: bytes_transferred: 0
Sat Jan 25 20:17:55 2025: SERVER: destructor for server bound to port 41635
Sat Jan 25 20:17:55 2025: XCD main fifo: Good unlink of /tmp/xcdmain2e38ac07-231a-404a-8324-48c21463ad43
Sat Jan 25 20:17:55 2025: Server exiting with status 0.
Sat Jan 25 20:17:55 2025: Closing log file.
Sat Jan 25 20:18:14 2025: Running xcd server. This server was built by gradle.
Sat Jan 25 20:18:14 2025: Server was asked to start on port: '42983'
Sat Jan 25 20:18:14 2025: Server is using token UUID: '83a174b5-fd4b-4cc2-893c-a21ac246fcb6'
Sat Jan 25 20:18:14 2025: SESSION_MGR: creating session with session uuid: '6d04a3e9-ade5-4ab9-8d63-1f78fcd2ec76' and name 'default'
Sat Jan 25 20:18:14 2025: Attempting to start server on port '42983'
Sat Jan 25 20:18:14 2025: XCD main fifo: created main fifo '/tmp/xcdmain83a174b5-fd4b-4cc2-893c-a21ac246fcb6', fd read = 13
Sat Jan 25 20:18:14 2025: Running Dispatch Server
Sat Jan 25 20:18:14 2025: Version 2.2.0
Sat Jan 25 20:18:15 2025: Dispatch Server: Accepted socket connection from client
Sat Jan 25 20:18:15 2025: Starting Socket connection
Sat Jan 25 20:18:15 2025: EXCHANGE_TOKEN received, server token: 83a174b5-fd4b-4cc2-893c-a21ac246fcb6, passed token: 83a174b5-fd4b-4cc2-893c-a21ac246fcb6
Sat Jan 25 20:18:15 2025: DISPATCH_HANDLER: Adding handler from function makeHandler in library libxv_system_diagram
Sat Jan 25 20:18:15 2025: SESSION_MGR: creating session with session uuid: 'f3c9dd5e-ee05-403a-937b-e3fa200e339a' and name 'vitis-run_compile_AES_ECB_encrypt'
Sat Jan 25 20:18:15 2025: KERNEL_SVC: creating session with uuid: 'f3c9dd5e-ee05-403a-937b-e3fa200e339a' and name 'vitis-run_compile_AES_ECB_encrypt'
Sat Jan 25 20:18:15 2025: GUIDANCE_SMGR: creating guidance session with uuid: 'f3c9dd5e-ee05-403a-937b-e3fa200e339a' and name 'vitis-run_compile_AES_ECB_encrypt'
Sat Jan 25 20:18:15 2025: SYSTEM_DIAGRAM: creating session with uuid: 'f3c9dd5e-ee05-403a-937b-e3fa200e339a' and name 'vitis-run_compile_AES_ECB_encrypt'
Sat Jan 25 20:18:25 2025: Dispatch Server: Accepted socket connection from client
Sat Jan 25 20:18:25 2025: Starting Socket connection
Sat Jan 25 20:18:56 2025: SESSION_MGR: closing session for UUID 'f3c9dd5e-ee05-403a-937b-e3fa200e339a' with name 'vitis-run_compile_AES_ECB_encrypt'
Sat Jan 25 20:18:56 2025: KERNEL_SVC: closing session for UUID 'f3c9dd5e-ee05-403a-937b-e3fa200e339a' with name 'vitis-run_compile_AES_ECB_encrypt'
Sat Jan 25 20:18:56 2025: GUIDANCE_SMGR: closing session for UUID 'f3c9dd5e-ee05-403a-937b-e3fa200e339a' with name 'vitis-run_compile_AES_ECB_encrypt'
Sat Jan 25 20:18:56 2025: SYSTEM_DIAGRAM: closing session for UUID 'f3c9dd5e-ee05-403a-937b-e3fa200e339a' with name 'vitis-run_compile_AES_ECB_encrypt'
Sat Jan 25 20:18:56 2025: STOP_SERVER received, server token: 83a174b5-fd4b-4cc2-893c-a21ac246fcb6, passed token: 83a174b5-fd4b-4cc2-893c-a21ac246fcb6
Sat Jan 25 20:18:56 2025: Socket received request to stop server.
Sat Jan 25 20:18:56 2025: Dispatch Server: do_await_stop
Sat Jan 25 20:18:56 2025: Dispatch Server: stopping mainFifo_
Sat Jan 25 20:18:56 2025: XCD main fifo: Stopping
Sat Jan 25 20:18:56 2025: XCD main fifo: do_read error code: Operation canceled
Sat Jan 25 20:18:56 2025: XCD main fifo: bytes_transferred: 0
Sat Jan 25 20:18:56 2025: SERVER: destructor for server bound to port 42983
Sat Jan 25 20:18:56 2025: XCD main fifo: Good unlink of /tmp/xcdmain83a174b5-fd4b-4cc2-893c-a21ac246fcb6
Sat Jan 25 20:18:56 2025: Server exiting with status 0.
Sat Jan 25 20:18:56 2025: Closing log file.
Sat Jan 25 20:48:52 2025: Running xcd server. This server was built by gradle.
Sat Jan 25 20:48:52 2025: Server was asked to start on port: '33535'
Sat Jan 25 20:48:52 2025: Server is using token UUID: 'dd764eb2-e609-480f-80e0-74a45d783d85'
Sat Jan 25 20:48:52 2025: SESSION_MGR: creating session with session uuid: '6d04a3e9-ade5-4ab9-8d63-1f78fcd2ec76' and name 'default'
Sat Jan 25 20:48:52 2025: Attempting to start server on port '33535'
Sat Jan 25 20:48:52 2025: XCD main fifo: created main fifo '/tmp/xcdmaindd764eb2-e609-480f-80e0-74a45d783d85', fd read = 13
Sat Jan 25 20:48:52 2025: Running Dispatch Server
Sat Jan 25 20:48:52 2025: Version 2.2.0
Sat Jan 25 20:48:52 2025: Dispatch Server: Accepted socket connection from client
Sat Jan 25 20:48:52 2025: Starting Socket connection
Sat Jan 25 20:48:52 2025: EXCHANGE_TOKEN received, server token: dd764eb2-e609-480f-80e0-74a45d783d85, passed token: dd764eb2-e609-480f-80e0-74a45d783d85
Sat Jan 25 20:48:53 2025: DISPATCH_HANDLER: Adding handler from function makeHandler in library libxv_system_diagram
Sat Jan 25 20:48:53 2025: SESSION_MGR: creating session with session uuid: '8d4887c2-a066-48d7-9f64-abc3df86d8b8' and name 'vitis-run_compile_AES_ECB_encrypt'
Sat Jan 25 20:48:53 2025: KERNEL_SVC: creating session with uuid: '8d4887c2-a066-48d7-9f64-abc3df86d8b8' and name 'vitis-run_compile_AES_ECB_encrypt'
Sat Jan 25 20:48:53 2025: GUIDANCE_SMGR: creating guidance session with uuid: '8d4887c2-a066-48d7-9f64-abc3df86d8b8' and name 'vitis-run_compile_AES_ECB_encrypt'
Sat Jan 25 20:48:53 2025: SYSTEM_DIAGRAM: creating session with uuid: '8d4887c2-a066-48d7-9f64-abc3df86d8b8' and name 'vitis-run_compile_AES_ECB_encrypt'
Sat Jan 25 20:49:03 2025: Dispatch Server: Accepted socket connection from client
Sat Jan 25 20:49:03 2025: Starting Socket connection
Sat Jan 25 20:49:50 2025: SESSION_MGR: closing session for UUID '8d4887c2-a066-48d7-9f64-abc3df86d8b8' with name 'vitis-run_compile_AES_ECB_encrypt'
Sat Jan 25 20:49:50 2025: KERNEL_SVC: closing session for UUID '8d4887c2-a066-48d7-9f64-abc3df86d8b8' with name 'vitis-run_compile_AES_ECB_encrypt'
Sat Jan 25 20:49:50 2025: GUIDANCE_SMGR: closing session for UUID '8d4887c2-a066-48d7-9f64-abc3df86d8b8' with name 'vitis-run_compile_AES_ECB_encrypt'
Sat Jan 25 20:49:50 2025: SYSTEM_DIAGRAM: closing session for UUID '8d4887c2-a066-48d7-9f64-abc3df86d8b8' with name 'vitis-run_compile_AES_ECB_encrypt'
Sat Jan 25 20:49:50 2025: STOP_SERVER received, server token: dd764eb2-e609-480f-80e0-74a45d783d85, passed token: dd764eb2-e609-480f-80e0-74a45d783d85
Sat Jan 25 20:49:50 2025: Socket received request to stop server.
Sat Jan 25 20:49:50 2025: Dispatch Server: do_await_stop
Sat Jan 25 20:49:50 2025: Dispatch Server: stopping mainFifo_
Sat Jan 25 20:49:50 2025: XCD main fifo: Stopping
Sat Jan 25 20:49:50 2025: XCD main fifo: do_read error code: Operation canceled
Sat Jan 25 20:49:50 2025: XCD main fifo: bytes_transferred: 0
Sat Jan 25 20:49:50 2025: SERVER: destructor for server bound to port 33535
Sat Jan 25 20:49:50 2025: XCD main fifo: Good unlink of /tmp/xcdmaindd764eb2-e609-480f-80e0-74a45d783d85
Sat Jan 25 20:49:50 2025: Server exiting with status 0.
Sat Jan 25 20:49:50 2025: Closing log file.
Sat Jan 25 20:58:17 2025: Running xcd server. This server was built by gradle.
Sat Jan 25 20:58:17 2025: Server was asked to start on port: '42841'
Sat Jan 25 20:58:17 2025: Server is using token UUID: 'ea4e2d7b-fa91-454e-a666-9479d8301f2a'
Sat Jan 25 20:58:17 2025: SESSION_MGR: creating session with session uuid: '6d04a3e9-ade5-4ab9-8d63-1f78fcd2ec76' and name 'default'
Sat Jan 25 20:58:17 2025: Attempting to start server on port '42841'
Sat Jan 25 20:58:17 2025: XCD main fifo: created main fifo '/tmp/xcdmainea4e2d7b-fa91-454e-a666-9479d8301f2a', fd read = 13
Sat Jan 25 20:58:17 2025: Running Dispatch Server
Sat Jan 25 20:58:17 2025: Version 2.2.0
Sat Jan 25 20:58:17 2025: Dispatch Server: Accepted socket connection from client
Sat Jan 25 20:58:17 2025: Starting Socket connection
Sat Jan 25 20:58:17 2025: EXCHANGE_TOKEN received, server token: ea4e2d7b-fa91-454e-a666-9479d8301f2a, passed token: ea4e2d7b-fa91-454e-a666-9479d8301f2a
Sat Jan 25 20:58:18 2025: DISPATCH_HANDLER: Adding handler from function makeHandler in library libxv_system_diagram
Sat Jan 25 20:58:18 2025: SESSION_MGR: creating session with session uuid: 'effe7746-d91a-49ac-af92-6b1ad9544dab' and name 'vitis-run_compile_AES_ECB_encrypt'
Sat Jan 25 20:58:18 2025: KERNEL_SVC: creating session with uuid: 'effe7746-d91a-49ac-af92-6b1ad9544dab' and name 'vitis-run_compile_AES_ECB_encrypt'
Sat Jan 25 20:58:18 2025: GUIDANCE_SMGR: creating guidance session with uuid: 'effe7746-d91a-49ac-af92-6b1ad9544dab' and name 'vitis-run_compile_AES_ECB_encrypt'
Sat Jan 25 20:58:18 2025: SYSTEM_DIAGRAM: creating session with uuid: 'effe7746-d91a-49ac-af92-6b1ad9544dab' and name 'vitis-run_compile_AES_ECB_encrypt'
Sat Jan 25 20:58:28 2025: Dispatch Server: Accepted socket connection from client
Sat Jan 25 20:58:28 2025: Starting Socket connection
Sat Jan 25 20:59:01 2025: SESSION_MGR: closing session for UUID 'effe7746-d91a-49ac-af92-6b1ad9544dab' with name 'vitis-run_compile_AES_ECB_encrypt'
Sat Jan 25 20:59:01 2025: KERNEL_SVC: closing session for UUID 'effe7746-d91a-49ac-af92-6b1ad9544dab' with name 'vitis-run_compile_AES_ECB_encrypt'
Sat Jan 25 20:59:01 2025: GUIDANCE_SMGR: closing session for UUID 'effe7746-d91a-49ac-af92-6b1ad9544dab' with name 'vitis-run_compile_AES_ECB_encrypt'
Sat Jan 25 20:59:01 2025: SYSTEM_DIAGRAM: closing session for UUID 'effe7746-d91a-49ac-af92-6b1ad9544dab' with name 'vitis-run_compile_AES_ECB_encrypt'
Sat Jan 25 20:59:01 2025: STOP_SERVER received, server token: ea4e2d7b-fa91-454e-a666-9479d8301f2a, passed token: ea4e2d7b-fa91-454e-a666-9479d8301f2a
Sat Jan 25 20:59:01 2025: Socket received request to stop server.
Sat Jan 25 20:59:01 2025: Dispatch Server: do_await_stop
Sat Jan 25 20:59:01 2025: Dispatch Server: stopping mainFifo_
Sat Jan 25 20:59:01 2025: XCD main fifo: Stopping
Sat Jan 25 20:59:01 2025: XCD main fifo: do_read error code: Operation canceled
Sat Jan 25 20:59:01 2025: XCD main fifo: bytes_transferred: 0
Sat Jan 25 20:59:01 2025: SERVER: destructor for server bound to port 42841
Sat Jan 25 20:59:01 2025: XCD main fifo: Good unlink of /tmp/xcdmainea4e2d7b-fa91-454e-a666-9479d8301f2a
Sat Jan 25 20:59:01 2025: Server exiting with status 0.
Sat Jan 25 20:59:01 2025: Closing log file.
Sat Jan 25 21:23:40 2025: Running xcd server. This server was built by gradle.
Sat Jan 25 21:23:40 2025: Server was asked to start on port: '38127'
Sat Jan 25 21:23:40 2025: Server is using token UUID: '6d73e25c-5503-4184-aa7b-4b76eeff44ab'
Sat Jan 25 21:23:40 2025: SESSION_MGR: creating session with session uuid: '6d04a3e9-ade5-4ab9-8d63-1f78fcd2ec76' and name 'default'
Sat Jan 25 21:23:40 2025: Attempting to start server on port '38127'
Sat Jan 25 21:23:40 2025: XCD main fifo: created main fifo '/tmp/xcdmain6d73e25c-5503-4184-aa7b-4b76eeff44ab', fd read = 13
Sat Jan 25 21:23:40 2025: Running Dispatch Server
Sat Jan 25 21:23:40 2025: Version 2.2.0
Sat Jan 25 21:23:40 2025: Dispatch Server: Accepted socket connection from client
Sat Jan 25 21:23:40 2025: Starting Socket connection
Sat Jan 25 21:23:40 2025: EXCHANGE_TOKEN received, server token: 6d73e25c-5503-4184-aa7b-4b76eeff44ab, passed token: 6d73e25c-5503-4184-aa7b-4b76eeff44ab
Sat Jan 25 21:23:40 2025: DISPATCH_HANDLER: Adding handler from function makeHandler in library libxv_system_diagram
Sat Jan 25 21:23:40 2025: SESSION_MGR: creating session with session uuid: 'e2f51b63-1be7-4b0c-b38c-d0bc4afb8e5a' and name 'vitis-run_compile_AES_ECB_encrypt'
Sat Jan 25 21:23:40 2025: KERNEL_SVC: creating session with uuid: 'e2f51b63-1be7-4b0c-b38c-d0bc4afb8e5a' and name 'vitis-run_compile_AES_ECB_encrypt'
Sat Jan 25 21:23:40 2025: GUIDANCE_SMGR: creating guidance session with uuid: 'e2f51b63-1be7-4b0c-b38c-d0bc4afb8e5a' and name 'vitis-run_compile_AES_ECB_encrypt'
Sat Jan 25 21:23:40 2025: SYSTEM_DIAGRAM: creating session with uuid: 'e2f51b63-1be7-4b0c-b38c-d0bc4afb8e5a' and name 'vitis-run_compile_AES_ECB_encrypt'
Sat Jan 25 21:23:50 2025: Dispatch Server: Accepted socket connection from client
Sat Jan 25 21:23:50 2025: Starting Socket connection
Sat Jan 25 21:24:21 2025: SESSION_MGR: closing session for UUID 'e2f51b63-1be7-4b0c-b38c-d0bc4afb8e5a' with name 'vitis-run_compile_AES_ECB_encrypt'
Sat Jan 25 21:24:21 2025: KERNEL_SVC: closing session for UUID 'e2f51b63-1be7-4b0c-b38c-d0bc4afb8e5a' with name 'vitis-run_compile_AES_ECB_encrypt'
Sat Jan 25 21:24:21 2025: GUIDANCE_SMGR: closing session for UUID 'e2f51b63-1be7-4b0c-b38c-d0bc4afb8e5a' with name 'vitis-run_compile_AES_ECB_encrypt'
Sat Jan 25 21:24:21 2025: SYSTEM_DIAGRAM: closing session for UUID 'e2f51b63-1be7-4b0c-b38c-d0bc4afb8e5a' with name 'vitis-run_compile_AES_ECB_encrypt'
Sat Jan 25 21:24:21 2025: STOP_SERVER received, server token: 6d73e25c-5503-4184-aa7b-4b76eeff44ab, passed token: 6d73e25c-5503-4184-aa7b-4b76eeff44ab
Sat Jan 25 21:24:21 2025: Socket received request to stop server.
Sat Jan 25 21:24:21 2025: Dispatch Server: do_await_stop
Sat Jan 25 21:24:21 2025: Dispatch Server: stopping mainFifo_
Sat Jan 25 21:24:21 2025: XCD main fifo: Stopping
Sat Jan 25 21:24:21 2025: XCD main fifo: do_read error code: Operation canceled
Sat Jan 25 21:24:21 2025: XCD main fifo: bytes_transferred: 0
Sat Jan 25 21:24:21 2025: SERVER: destructor for server bound to port 38127
Sat Jan 25 21:24:21 2025: XCD main fifo: Good unlink of /tmp/xcdmain6d73e25c-5503-4184-aa7b-4b76eeff44ab
Sat Jan 25 21:24:21 2025: Server exiting with status 0.
Sat Jan 25 21:24:21 2025: Closing log file.
Sun Jan 26 18:32:23 2025: Running xcd server. This server was built by gradle.
Sun Jan 26 18:32:23 2025: Server was asked to start on port: '40621'
Sun Jan 26 18:32:23 2025: Server is using token UUID: 'c5e0b8ad-1916-42eb-ac9e-1c0cab7ea7d5'
Sun Jan 26 18:32:23 2025: SESSION_MGR: creating session with session uuid: '6d04a3e9-ade5-4ab9-8d63-1f78fcd2ec76' and name 'default'
Sun Jan 26 18:32:23 2025: Attempting to start server on port '40621'
Sun Jan 26 18:32:23 2025: XCD main fifo: created main fifo '/tmp/xcdmainc5e0b8ad-1916-42eb-ac9e-1c0cab7ea7d5', fd read = 13
Sun Jan 26 18:32:23 2025: Running Dispatch Server
Sun Jan 26 18:32:23 2025: Version 2.2.0
Sun Jan 26 18:32:23 2025: Dispatch Server: Accepted socket connection from client
Sun Jan 26 18:32:23 2025: Starting Socket connection
Sun Jan 26 18:32:23 2025: EXCHANGE_TOKEN received, server token: c5e0b8ad-1916-42eb-ac9e-1c0cab7ea7d5, passed token: c5e0b8ad-1916-42eb-ac9e-1c0cab7ea7d5
Sun Jan 26 18:32:24 2025: DISPATCH_HANDLER: Adding handler from function makeHandler in library libxv_system_diagram
Sun Jan 26 18:32:24 2025: SESSION_MGR: creating session with session uuid: '70e74c7c-b166-44c3-a975-edc5c2ddd87a' and name 'vitis-run_compile_AES_ECB_encrypt'
Sun Jan 26 18:32:24 2025: KERNEL_SVC: creating session with uuid: '70e74c7c-b166-44c3-a975-edc5c2ddd87a' and name 'vitis-run_compile_AES_ECB_encrypt'
Sun Jan 26 18:32:24 2025: GUIDANCE_SMGR: creating guidance session with uuid: '70e74c7c-b166-44c3-a975-edc5c2ddd87a' and name 'vitis-run_compile_AES_ECB_encrypt'
Sun Jan 26 18:32:24 2025: SYSTEM_DIAGRAM: creating session with uuid: '70e74c7c-b166-44c3-a975-edc5c2ddd87a' and name 'vitis-run_compile_AES_ECB_encrypt'
Sun Jan 26 18:32:33 2025: Dispatch Server: Accepted socket connection from client
Sun Jan 26 18:32:33 2025: Starting Socket connection
Sun Jan 26 18:32:34 2025: SESSION_MGR: closing session for UUID '70e74c7c-b166-44c3-a975-edc5c2ddd87a' with name 'vitis-run_compile_AES_ECB_encrypt'
Sun Jan 26 18:32:34 2025: KERNEL_SVC: closing session for UUID '70e74c7c-b166-44c3-a975-edc5c2ddd87a' with name 'vitis-run_compile_AES_ECB_encrypt'
Sun Jan 26 18:32:34 2025: GUIDANCE_SMGR: closing session for UUID '70e74c7c-b166-44c3-a975-edc5c2ddd87a' with name 'vitis-run_compile_AES_ECB_encrypt'
Sun Jan 26 18:32:34 2025: SYSTEM_DIAGRAM: closing session for UUID '70e74c7c-b166-44c3-a975-edc5c2ddd87a' with name 'vitis-run_compile_AES_ECB_encrypt'
Sun Jan 26 18:32:34 2025: STOP_SERVER received, server token: c5e0b8ad-1916-42eb-ac9e-1c0cab7ea7d5, passed token: c5e0b8ad-1916-42eb-ac9e-1c0cab7ea7d5
Sun Jan 26 18:32:34 2025: Socket received request to stop server.
Sun Jan 26 18:32:34 2025: Dispatch Server: do_await_stop
Sun Jan 26 18:32:34 2025: Dispatch Server: stopping mainFifo_
Sun Jan 26 18:32:34 2025: XCD main fifo: Stopping
Sun Jan 26 18:32:34 2025: XCD main fifo: do_read error code: Operation canceled
Sun Jan 26 18:32:34 2025: XCD main fifo: bytes_transferred: 0
Sun Jan 26 18:32:34 2025: SERVER: destructor for server bound to port 40621
Sun Jan 26 18:32:34 2025: XCD main fifo: Good unlink of /tmp/xcdmainc5e0b8ad-1916-42eb-ac9e-1c0cab7ea7d5
Sun Jan 26 18:32:34 2025: Server exiting with status 0.
Sun Jan 26 18:32:34 2025: Closing log file.
Sun Jan 26 18:32:48 2025: Running xcd server. This server was built by gradle.
Sun Jan 26 18:32:48 2025: Server was asked to start on port: '34231'
Sun Jan 26 18:32:48 2025: Server is using token UUID: '6d5ac82d-d8bc-4279-b8b8-0e9010ca4948'
Sun Jan 26 18:32:48 2025: SESSION_MGR: creating session with session uuid: '6d04a3e9-ade5-4ab9-8d63-1f78fcd2ec76' and name 'default'
Sun Jan 26 18:32:48 2025: Attempting to start server on port '34231'
Sun Jan 26 18:32:48 2025: XCD main fifo: created main fifo '/tmp/xcdmain6d5ac82d-d8bc-4279-b8b8-0e9010ca4948', fd read = 13
Sun Jan 26 18:32:48 2025: Running Dispatch Server
Sun Jan 26 18:32:48 2025: Version 2.2.0
Sun Jan 26 18:32:48 2025: Dispatch Server: Accepted socket connection from client
Sun Jan 26 18:32:48 2025: Starting Socket connection
Sun Jan 26 18:32:48 2025: EXCHANGE_TOKEN received, server token: 6d5ac82d-d8bc-4279-b8b8-0e9010ca4948, passed token: 6d5ac82d-d8bc-4279-b8b8-0e9010ca4948
Sun Jan 26 18:32:48 2025: DISPATCH_HANDLER: Adding handler from function makeHandler in library libxv_system_diagram
Sun Jan 26 18:32:48 2025: SESSION_MGR: creating session with session uuid: '80afd67d-cd5a-42b9-aba8-99adcb6b6eee' and name 'v++_compile_AES_ECB_encrypt'
Sun Jan 26 18:32:48 2025: KERNEL_SVC: creating session with uuid: '80afd67d-cd5a-42b9-aba8-99adcb6b6eee' and name 'v++_compile_AES_ECB_encrypt'
Sun Jan 26 18:32:48 2025: GUIDANCE_SMGR: creating guidance session with uuid: '80afd67d-cd5a-42b9-aba8-99adcb6b6eee' and name 'v++_compile_AES_ECB_encrypt'
Sun Jan 26 18:32:48 2025: SYSTEM_DIAGRAM: creating session with uuid: '80afd67d-cd5a-42b9-aba8-99adcb6b6eee' and name 'v++_compile_AES_ECB_encrypt'
Sun Jan 26 18:32:58 2025: Dispatch Server: Accepted socket connection from client
Sun Jan 26 18:32:58 2025: Starting Socket connection
Sun Jan 26 18:33:16 2025: SESSION_MGR: closing session for UUID '80afd67d-cd5a-42b9-aba8-99adcb6b6eee' with name 'v++_compile_AES_ECB_encrypt'
Sun Jan 26 18:33:16 2025: KERNEL_SVC: closing session for UUID '80afd67d-cd5a-42b9-aba8-99adcb6b6eee' with name 'v++_compile_AES_ECB_encrypt'
Sun Jan 26 18:33:16 2025: GUIDANCE_SMGR: closing session for UUID '80afd67d-cd5a-42b9-aba8-99adcb6b6eee' with name 'v++_compile_AES_ECB_encrypt'
Sun Jan 26 18:33:16 2025: SYSTEM_DIAGRAM: closing session for UUID '80afd67d-cd5a-42b9-aba8-99adcb6b6eee' with name 'v++_compile_AES_ECB_encrypt'
Sun Jan 26 18:33:16 2025: STOP_SERVER received, server token: 6d5ac82d-d8bc-4279-b8b8-0e9010ca4948, passed token: 6d5ac82d-d8bc-4279-b8b8-0e9010ca4948
Sun Jan 26 18:33:16 2025: Socket received request to stop server.
Sun Jan 26 18:33:16 2025: Dispatch Server: do_await_stop
Sun Jan 26 18:33:16 2025: Dispatch Server: stopping mainFifo_
Sun Jan 26 18:33:16 2025: XCD main fifo: Stopping
Sun Jan 26 18:33:16 2025: XCD main fifo: do_read error code: Operation canceled
Sun Jan 26 18:33:16 2025: XCD main fifo: bytes_transferred: 0
Sun Jan 26 18:33:16 2025: SERVER: destructor for server bound to port 34231
Sun Jan 26 18:33:16 2025: XCD main fifo: Good unlink of /tmp/xcdmain6d5ac82d-d8bc-4279-b8b8-0e9010ca4948
Sun Jan 26 18:33:16 2025: Server exiting with status 0.
Sun Jan 26 18:33:16 2025: Closing log file.
Sun Jan 26 18:33:29 2025: Running xcd server. This server was built by gradle.
Sun Jan 26 18:33:29 2025: Server was asked to start on port: '44063'
Sun Jan 26 18:33:29 2025: Server is using token UUID: '365bcbc8-fd12-4391-9c2c-a7e212daaf1e'
Sun Jan 26 18:33:29 2025: SESSION_MGR: creating session with session uuid: '6d04a3e9-ade5-4ab9-8d63-1f78fcd2ec76' and name 'default'
Sun Jan 26 18:33:29 2025: Attempting to start server on port '44063'
Sun Jan 26 18:33:29 2025: XCD main fifo: created main fifo '/tmp/xcdmain365bcbc8-fd12-4391-9c2c-a7e212daaf1e', fd read = 13
Sun Jan 26 18:33:29 2025: Running Dispatch Server
Sun Jan 26 18:33:29 2025: Version 2.2.0
Sun Jan 26 18:33:29 2025: Dispatch Server: Accepted socket connection from client
Sun Jan 26 18:33:29 2025: Starting Socket connection
Sun Jan 26 18:33:29 2025: EXCHANGE_TOKEN received, server token: 365bcbc8-fd12-4391-9c2c-a7e212daaf1e, passed token: 365bcbc8-fd12-4391-9c2c-a7e212daaf1e
Sun Jan 26 18:33:29 2025: DISPATCH_HANDLER: Adding handler from function makeHandler in library libxv_system_diagram
Sun Jan 26 18:33:29 2025: SESSION_MGR: creating session with session uuid: '056ff8de-4858-4794-9440-7b6432700b7d' and name 'vitis-run_compile_AES_ECB_encrypt'
Sun Jan 26 18:33:29 2025: KERNEL_SVC: creating session with uuid: '056ff8de-4858-4794-9440-7b6432700b7d' and name 'vitis-run_compile_AES_ECB_encrypt'
Sun Jan 26 18:33:29 2025: GUIDANCE_SMGR: creating guidance session with uuid: '056ff8de-4858-4794-9440-7b6432700b7d' and name 'vitis-run_compile_AES_ECB_encrypt'
Sun Jan 26 18:33:29 2025: SYSTEM_DIAGRAM: creating session with uuid: '056ff8de-4858-4794-9440-7b6432700b7d' and name 'vitis-run_compile_AES_ECB_encrypt'
Sun Jan 26 18:33:40 2025: Dispatch Server: Accepted socket connection from client
Sun Jan 26 18:33:40 2025: Starting Socket connection
Sun Jan 26 18:34:10 2025: SESSION_MGR: closing session for UUID '056ff8de-4858-4794-9440-7b6432700b7d' with name 'vitis-run_compile_AES_ECB_encrypt'
Sun Jan 26 18:34:10 2025: KERNEL_SVC: closing session for UUID '056ff8de-4858-4794-9440-7b6432700b7d' with name 'vitis-run_compile_AES_ECB_encrypt'
Sun Jan 26 18:34:10 2025: GUIDANCE_SMGR: closing session for UUID '056ff8de-4858-4794-9440-7b6432700b7d' with name 'vitis-run_compile_AES_ECB_encrypt'
Sun Jan 26 18:34:10 2025: SYSTEM_DIAGRAM: closing session for UUID '056ff8de-4858-4794-9440-7b6432700b7d' with name 'vitis-run_compile_AES_ECB_encrypt'
Sun Jan 26 18:34:10 2025: STOP_SERVER received, server token: 365bcbc8-fd12-4391-9c2c-a7e212daaf1e, passed token: 365bcbc8-fd12-4391-9c2c-a7e212daaf1e
Sun Jan 26 18:34:10 2025: Socket received request to stop server.
Sun Jan 26 18:34:10 2025: Dispatch Server: do_await_stop
Sun Jan 26 18:34:10 2025: Dispatch Server: stopping mainFifo_
Sun Jan 26 18:34:10 2025: XCD main fifo: Stopping
Sun Jan 26 18:34:10 2025: XCD main fifo: do_read error code: Operation canceled
Sun Jan 26 18:34:10 2025: XCD main fifo: bytes_transferred: 0
Sun Jan 26 18:34:10 2025: SERVER: destructor for server bound to port 44063
Sun Jan 26 18:34:10 2025: XCD main fifo: Good unlink of /tmp/xcdmain365bcbc8-fd12-4391-9c2c-a7e212daaf1e
Sun Jan 26 18:34:10 2025: Server exiting with status 0.
Sun Jan 26 18:34:10 2025: Closing log file.
Sun Jan 26 18:34:59 2025: Running xcd server. This server was built by gradle.
Sun Jan 26 18:34:59 2025: Server was asked to start on port: '40833'
Sun Jan 26 18:34:59 2025: Server is using token UUID: 'fbb89653-c4f2-4873-a70f-966d7033a41e'
Sun Jan 26 18:34:59 2025: SESSION_MGR: creating session with session uuid: '6d04a3e9-ade5-4ab9-8d63-1f78fcd2ec76' and name 'default'
Sun Jan 26 18:34:59 2025: Attempting to start server on port '40833'
Sun Jan 26 18:34:59 2025: XCD main fifo: created main fifo '/tmp/xcdmainfbb89653-c4f2-4873-a70f-966d7033a41e', fd read = 13
Sun Jan 26 18:34:59 2025: Running Dispatch Server
Sun Jan 26 18:34:59 2025: Version 2.2.0
Sun Jan 26 18:34:59 2025: Dispatch Server: Accepted socket connection from client
Sun Jan 26 18:34:59 2025: Starting Socket connection
Sun Jan 26 18:34:59 2025: EXCHANGE_TOKEN received, server token: fbb89653-c4f2-4873-a70f-966d7033a41e, passed token: fbb89653-c4f2-4873-a70f-966d7033a41e
Sun Jan 26 18:35:00 2025: DISPATCH_HANDLER: Adding handler from function makeHandler in library libxv_system_diagram
Sun Jan 26 18:35:00 2025: SESSION_MGR: creating session with session uuid: 'f966b950-7933-4c3b-a0f7-6e6639cca7f4' and name 'vitis-run_compile_AES_ECB_encrypt'
Sun Jan 26 18:35:00 2025: KERNEL_SVC: creating session with uuid: 'f966b950-7933-4c3b-a0f7-6e6639cca7f4' and name 'vitis-run_compile_AES_ECB_encrypt'
Sun Jan 26 18:35:00 2025: GUIDANCE_SMGR: creating guidance session with uuid: 'f966b950-7933-4c3b-a0f7-6e6639cca7f4' and name 'vitis-run_compile_AES_ECB_encrypt'
Sun Jan 26 18:35:00 2025: SYSTEM_DIAGRAM: creating session with uuid: 'f966b950-7933-4c3b-a0f7-6e6639cca7f4' and name 'vitis-run_compile_AES_ECB_encrypt'
Sun Jan 26 18:35:10 2025: Dispatch Server: Accepted socket connection from client
Sun Jan 26 18:35:10 2025: Starting Socket connection
Sun Jan 26 18:35:40 2025: SESSION_MGR: closing session for UUID 'f966b950-7933-4c3b-a0f7-6e6639cca7f4' with name 'vitis-run_compile_AES_ECB_encrypt'
Sun Jan 26 18:35:40 2025: KERNEL_SVC: closing session for UUID 'f966b950-7933-4c3b-a0f7-6e6639cca7f4' with name 'vitis-run_compile_AES_ECB_encrypt'
Sun Jan 26 18:35:40 2025: GUIDANCE_SMGR: closing session for UUID 'f966b950-7933-4c3b-a0f7-6e6639cca7f4' with name 'vitis-run_compile_AES_ECB_encrypt'
Sun Jan 26 18:35:40 2025: SYSTEM_DIAGRAM: closing session for UUID 'f966b950-7933-4c3b-a0f7-6e6639cca7f4' with name 'vitis-run_compile_AES_ECB_encrypt'
Sun Jan 26 18:35:40 2025: STOP_SERVER received, server token: fbb89653-c4f2-4873-a70f-966d7033a41e, passed token: fbb89653-c4f2-4873-a70f-966d7033a41e
Sun Jan 26 18:35:40 2025: Socket received request to stop server.
Sun Jan 26 18:35:40 2025: Dispatch Server: do_await_stop
Sun Jan 26 18:35:40 2025: Dispatch Server: stopping mainFifo_
Sun Jan 26 18:35:40 2025: XCD main fifo: Stopping
Sun Jan 26 18:35:40 2025: XCD main fifo: do_read error code: Operation canceled
Sun Jan 26 18:35:40 2025: XCD main fifo: bytes_transferred: 0
Sun Jan 26 18:35:40 2025: SERVER: destructor for server bound to port 40833
Sun Jan 26 18:35:40 2025: XCD main fifo: Good unlink of /tmp/xcdmainfbb89653-c4f2-4873-a70f-966d7033a41e
Sun Jan 26 18:35:40 2025: Server exiting with status 0.
Sun Jan 26 18:35:40 2025: Closing log file.
Sun Jan 26 18:36:25 2025: Running xcd server. This server was built by gradle.
Sun Jan 26 18:36:25 2025: Server was asked to start on port: '45995'
Sun Jan 26 18:36:25 2025: Server is using token UUID: 'b9cafd08-cf7d-48d1-803c-4b03fa720892'
Sun Jan 26 18:36:25 2025: SESSION_MGR: creating session with session uuid: '6d04a3e9-ade5-4ab9-8d63-1f78fcd2ec76' and name 'default'
Sun Jan 26 18:36:25 2025: Attempting to start server on port '45995'
Sun Jan 26 18:36:25 2025: XCD main fifo: created main fifo '/tmp/xcdmainb9cafd08-cf7d-48d1-803c-4b03fa720892', fd read = 13
Sun Jan 26 18:36:25 2025: Running Dispatch Server
Sun Jan 26 18:36:25 2025: Version 2.2.0
Sun Jan 26 18:36:25 2025: Dispatch Server: Accepted socket connection from client
Sun Jan 26 18:36:25 2025: Starting Socket connection
Sun Jan 26 18:36:25 2025: EXCHANGE_TOKEN received, server token: b9cafd08-cf7d-48d1-803c-4b03fa720892, passed token: b9cafd08-cf7d-48d1-803c-4b03fa720892
Sun Jan 26 18:36:25 2025: DISPATCH_HANDLER: Adding handler from function makeHandler in library libxv_system_diagram
Sun Jan 26 18:36:25 2025: SESSION_MGR: creating session with session uuid: 'f0c98000-4324-42e9-bb4a-50f0745f0da0' and name 'vitis-run_compile_AES_ECB_encrypt'
Sun Jan 26 18:36:25 2025: KERNEL_SVC: creating session with uuid: 'f0c98000-4324-42e9-bb4a-50f0745f0da0' and name 'vitis-run_compile_AES_ECB_encrypt'
Sun Jan 26 18:36:25 2025: GUIDANCE_SMGR: creating guidance session with uuid: 'f0c98000-4324-42e9-bb4a-50f0745f0da0' and name 'vitis-run_compile_AES_ECB_encrypt'
Sun Jan 26 18:36:25 2025: SYSTEM_DIAGRAM: creating session with uuid: 'f0c98000-4324-42e9-bb4a-50f0745f0da0' and name 'vitis-run_compile_AES_ECB_encrypt'
Sun Jan 26 18:36:36 2025: Dispatch Server: Accepted socket connection from client
Sun Jan 26 18:36:36 2025: Starting Socket connection
Sun Jan 26 18:37:05 2025: SESSION_MGR: closing session for UUID 'f0c98000-4324-42e9-bb4a-50f0745f0da0' with name 'vitis-run_compile_AES_ECB_encrypt'
Sun Jan 26 18:37:05 2025: KERNEL_SVC: closing session for UUID 'f0c98000-4324-42e9-bb4a-50f0745f0da0' with name 'vitis-run_compile_AES_ECB_encrypt'
Sun Jan 26 18:37:05 2025: GUIDANCE_SMGR: closing session for UUID 'f0c98000-4324-42e9-bb4a-50f0745f0da0' with name 'vitis-run_compile_AES_ECB_encrypt'
Sun Jan 26 18:37:05 2025: SYSTEM_DIAGRAM: closing session for UUID 'f0c98000-4324-42e9-bb4a-50f0745f0da0' with name 'vitis-run_compile_AES_ECB_encrypt'
Sun Jan 26 18:37:05 2025: STOP_SERVER received, server token: b9cafd08-cf7d-48d1-803c-4b03fa720892, passed token: b9cafd08-cf7d-48d1-803c-4b03fa720892
Sun Jan 26 18:37:05 2025: Socket received request to stop server.
Sun Jan 26 18:37:05 2025: Dispatch Server: do_await_stop
Sun Jan 26 18:37:05 2025: Dispatch Server: stopping mainFifo_
Sun Jan 26 18:37:05 2025: XCD main fifo: Stopping
Sun Jan 26 18:37:05 2025: XCD main fifo: do_read error code: Operation canceled
Sun Jan 26 18:37:05 2025: XCD main fifo: bytes_transferred: 0
Sun Jan 26 18:37:05 2025: SERVER: destructor for server bound to port 45995
Sun Jan 26 18:37:05 2025: XCD main fifo: Good unlink of /tmp/xcdmainb9cafd08-cf7d-48d1-803c-4b03fa720892
Sun Jan 26 18:37:05 2025: Server exiting with status 0.
Sun Jan 26 18:37:05 2025: Closing log file.
Tue Jan 28 13:42:19 2025: Running xcd server. This server was built by gradle.
Tue Jan 28 13:42:19 2025: Server was asked to start on port: '33217'
Tue Jan 28 13:42:19 2025: Server is using token UUID: '35e67eb3-1f2e-42f0-9ba5-8965315bedbe'
Tue Jan 28 13:42:19 2025: SESSION_MGR: creating session with session uuid: '6d04a3e9-ade5-4ab9-8d63-1f78fcd2ec76' and name 'default'
Tue Jan 28 13:42:19 2025: Attempting to start server on port '33217'
Tue Jan 28 13:42:19 2025: XCD main fifo: created main fifo '/tmp/xcdmain35e67eb3-1f2e-42f0-9ba5-8965315bedbe', fd read = 13
Tue Jan 28 13:42:19 2025: Running Dispatch Server
Tue Jan 28 13:42:19 2025: Version 2.2.0
Tue Jan 28 13:42:19 2025: Dispatch Server: Accepted socket connection from client
Tue Jan 28 13:42:19 2025: Starting Socket connection
Tue Jan 28 13:42:19 2025: EXCHANGE_TOKEN received, server token: 35e67eb3-1f2e-42f0-9ba5-8965315bedbe, passed token: 35e67eb3-1f2e-42f0-9ba5-8965315bedbe
Tue Jan 28 13:42:19 2025: DISPATCH_HANDLER: Adding handler from function makeHandler in library libxv_system_diagram
Tue Jan 28 13:42:19 2025: SESSION_MGR: creating session with session uuid: '1a00711d-1162-4cf5-a340-3283f7e3565b' and name 'vitis-run_compile_AES_ECB_encrypt'
Tue Jan 28 13:42:19 2025: KERNEL_SVC: creating session with uuid: '1a00711d-1162-4cf5-a340-3283f7e3565b' and name 'vitis-run_compile_AES_ECB_encrypt'
Tue Jan 28 13:42:19 2025: GUIDANCE_SMGR: creating guidance session with uuid: '1a00711d-1162-4cf5-a340-3283f7e3565b' and name 'vitis-run_compile_AES_ECB_encrypt'
Tue Jan 28 13:42:19 2025: SYSTEM_DIAGRAM: creating session with uuid: '1a00711d-1162-4cf5-a340-3283f7e3565b' and name 'vitis-run_compile_AES_ECB_encrypt'
Tue Jan 28 13:42:32 2025: Dispatch Server: Accepted socket connection from client
Tue Jan 28 13:42:32 2025: Starting Socket connection
Tue Jan 28 13:43:19 2025: SESSION_MGR: closing session for UUID '1a00711d-1162-4cf5-a340-3283f7e3565b' with name 'vitis-run_compile_AES_ECB_encrypt'
Tue Jan 28 13:43:19 2025: KERNEL_SVC: closing session for UUID '1a00711d-1162-4cf5-a340-3283f7e3565b' with name 'vitis-run_compile_AES_ECB_encrypt'
Tue Jan 28 13:43:19 2025: GUIDANCE_SMGR: closing session for UUID '1a00711d-1162-4cf5-a340-3283f7e3565b' with name 'vitis-run_compile_AES_ECB_encrypt'
Tue Jan 28 13:43:19 2025: SYSTEM_DIAGRAM: closing session for UUID '1a00711d-1162-4cf5-a340-3283f7e3565b' with name 'vitis-run_compile_AES_ECB_encrypt'
Tue Jan 28 13:43:20 2025: STOP_SERVER received, server token: 35e67eb3-1f2e-42f0-9ba5-8965315bedbe, passed token: 35e67eb3-1f2e-42f0-9ba5-8965315bedbe
Tue Jan 28 13:43:20 2025: Socket received request to stop server.
Tue Jan 28 13:43:20 2025: Dispatch Server: do_await_stop
Tue Jan 28 13:43:20 2025: Dispatch Server: stopping mainFifo_
Tue Jan 28 13:43:20 2025: XCD main fifo: Stopping
Tue Jan 28 13:43:20 2025: XCD main fifo: do_read error code: Operation canceled
Tue Jan 28 13:43:20 2025: XCD main fifo: bytes_transferred: 0
Tue Jan 28 13:43:20 2025: SERVER: destructor for server bound to port 33217
Tue Jan 28 13:43:20 2025: XCD main fifo: Good unlink of /tmp/xcdmain35e67eb3-1f2e-42f0-9ba5-8965315bedbe
Tue Jan 28 13:43:20 2025: Server exiting with status 0.
Tue Jan 28 13:43:20 2025: Closing log file.
Tue Jan 28 13:46:06 2025: Running xcd server. This server was built by gradle.
Tue Jan 28 13:46:06 2025: Server was asked to start on port: '44111'
Tue Jan 28 13:46:06 2025: Server is using token UUID: '2d8913a9-3d5f-40d1-a5ed-1020ef3f16b4'
Tue Jan 28 13:46:06 2025: SESSION_MGR: creating session with session uuid: '6d04a3e9-ade5-4ab9-8d63-1f78fcd2ec76' and name 'default'
Tue Jan 28 13:46:06 2025: Attempting to start server on port '44111'
Tue Jan 28 13:46:06 2025: XCD main fifo: created main fifo '/tmp/xcdmain2d8913a9-3d5f-40d1-a5ed-1020ef3f16b4', fd read = 13
Tue Jan 28 13:46:06 2025: Running Dispatch Server
Tue Jan 28 13:46:06 2025: Version 2.2.0
Tue Jan 28 13:46:06 2025: Dispatch Server: Accepted socket connection from client
Tue Jan 28 13:46:06 2025: Starting Socket connection
Tue Jan 28 13:46:06 2025: EXCHANGE_TOKEN received, server token: 2d8913a9-3d5f-40d1-a5ed-1020ef3f16b4, passed token: 2d8913a9-3d5f-40d1-a5ed-1020ef3f16b4
Tue Jan 28 13:46:06 2025: DISPATCH_HANDLER: Adding handler from function makeHandler in library libxv_system_diagram
Tue Jan 28 13:46:06 2025: SESSION_MGR: creating session with session uuid: '55367212-a4fb-4adf-84d9-7624cc0b00a8' and name 'vitis-run_compile_AES_ECB_encrypt'
Tue Jan 28 13:46:06 2025: KERNEL_SVC: creating session with uuid: '55367212-a4fb-4adf-84d9-7624cc0b00a8' and name 'vitis-run_compile_AES_ECB_encrypt'
Tue Jan 28 13:46:06 2025: GUIDANCE_SMGR: creating guidance session with uuid: '55367212-a4fb-4adf-84d9-7624cc0b00a8' and name 'vitis-run_compile_AES_ECB_encrypt'
Tue Jan 28 13:46:06 2025: SYSTEM_DIAGRAM: creating session with uuid: '55367212-a4fb-4adf-84d9-7624cc0b00a8' and name 'vitis-run_compile_AES_ECB_encrypt'
Tue Jan 28 13:46:18 2025: Dispatch Server: Accepted socket connection from client
Tue Jan 28 13:46:18 2025: Starting Socket connection
Tue Jan 28 13:46:54 2025: SESSION_MGR: closing session for UUID '55367212-a4fb-4adf-84d9-7624cc0b00a8' with name 'vitis-run_compile_AES_ECB_encrypt'
Tue Jan 28 13:46:54 2025: KERNEL_SVC: closing session for UUID '55367212-a4fb-4adf-84d9-7624cc0b00a8' with name 'vitis-run_compile_AES_ECB_encrypt'
Tue Jan 28 13:46:54 2025: GUIDANCE_SMGR: closing session for UUID '55367212-a4fb-4adf-84d9-7624cc0b00a8' with name 'vitis-run_compile_AES_ECB_encrypt'
Tue Jan 28 13:46:54 2025: SYSTEM_DIAGRAM: closing session for UUID '55367212-a4fb-4adf-84d9-7624cc0b00a8' with name 'vitis-run_compile_AES_ECB_encrypt'
Tue Jan 28 13:46:54 2025: STOP_SERVER received, server token: 2d8913a9-3d5f-40d1-a5ed-1020ef3f16b4, passed token: 2d8913a9-3d5f-40d1-a5ed-1020ef3f16b4
Tue Jan 28 13:46:54 2025: Socket received request to stop server.
Tue Jan 28 13:46:54 2025: Dispatch Server: do_await_stop
Tue Jan 28 13:46:54 2025: Dispatch Server: stopping mainFifo_
Tue Jan 28 13:46:54 2025: XCD main fifo: Stopping
Tue Jan 28 13:46:54 2025: XCD main fifo: do_read error code: Operation canceled
Tue Jan 28 13:46:54 2025: XCD main fifo: bytes_transferred: 0
Tue Jan 28 13:46:54 2025: SERVER: destructor for server bound to port 44111
Tue Jan 28 13:46:54 2025: XCD main fifo: Good unlink of /tmp/xcdmain2d8913a9-3d5f-40d1-a5ed-1020ef3f16b4
Tue Jan 28 13:46:54 2025: Server exiting with status 0.
Tue Jan 28 13:46:54 2025: Closing log file.
