

================================================================
== Vitis HLS Report for 'Cipher_Pipeline_VITIS_LOOP_254_1_VITIS_LOOP_256_2'
================================================================
* Date:           Mon Mar  3 00:17:14 2025

* Version:        2024.1 (Build 5069499 on May 21 2024)
* Project:        AES_ECB_encrypt
* Solution:       hls (Vivado IP Flow Target)
* Product family: zynq
* Target device:  xc7z020-clg484-1


================================================================
== Performance Estimates
================================================================
+ Timing: 
    * Summary: 
    +--------+----------+----------+------------+
    |  Clock |  Target  | Estimated| Uncertainty|
    +--------+----------+----------+------------+
    |ap_clk  |  10.00 ns|  6.687 ns|     2.70 ns|
    +--------+----------+----------+------------+

+ Latency: 
    * Summary: 
    +---------+---------+----------+----------+-----+-----+-----------------------------------------------+
    |  Latency (cycles) |  Latency (absolute) |  Interval |                    Pipeline                   |
    |   min   |   max   |    min   |    max   | min | max |                      Type                     |
    +---------+---------+----------+----------+-----+-----+-----------------------------------------------+
    |       20|       20|  0.200 us|  0.200 us|   17|   17|  loop auto-rewind stp(delay=0 clock cycles(s))|
    +---------+---------+----------+----------+-----+-----+-----------------------------------------------+

    + Detail: 
        * Instance: 
        N/A

        * Loop: 
        +-------------------------------------+---------+---------+----------+-----------+-----------+------+----------+
        |                                     |  Latency (cycles) | Iteration|  Initiation Interval  | Trip |          |
        |              Loop Name              |   min   |   max   |  Latency |  achieved |   target  | Count| Pipelined|
        +-------------------------------------+---------+---------+----------+-----------+-----------+------+----------+
        |- VITIS_LOOP_254_1_VITIS_LOOP_256_2  |       18|       18|         4|          1|          1|    16|       yes|
        +-------------------------------------+---------+---------+----------+-----------+-----------+------+----------+

============================================================
+ Verbose Summary: Synthesis Manager
============================================================
InlineROM: 1
ExposeGlobal: 0
============================================================
+ Verbose Summary: CDFG Model
============================================================
IsTopModel: 0
ResetActiveHigh: 1
IsCombinational: 0
IsDatapathOnly: 0
HasWiredReturn: 1
HasMFsm: 2
HasVarLatency: 1
IsPipeline: 0
IsRtlPipelined: 0
IsInstanceOverlapped: 0
IsDontTouch: 0
HasImplIP: 0
IsGatedGlobalClock: 0

+ Individual pipeline summary: 
  * Pipeline-0: initiation interval (II) = 1, depth = 4


============================================================
+ Verbose Summary: Schedule
============================================================
* Number of FSM states : 4
* Pipeline : 1
  Pipeline-0 : II = 1, D = 4, States = { 1 2 3 4 }
* Dataflow Pipeline: 0

* FSM state transitions: 
1 --> 2 
2 --> 3 
3 --> 4 
4 --> 

* FSM state operations: 

State 1 <SV = 0> <Delay = 4.95>
ST_1 : Operation 7 [1/1] (0.00ns)   --->   "%j = alloca i32 1" [../../tiny-AES-c-mod/aes.c:253->../../tiny-AES-c-mod/aes.c:426]   --->   Operation 7 'alloca' 'j' <Predicate = true> <Delay = 0.00>
ST_1 : Operation 8 [1/1] (0.00ns)   --->   "%i = alloca i32 1" [../../tiny-AES-c-mod/aes.c:253->../../tiny-AES-c-mod/aes.c:426]   --->   Operation 8 'alloca' 'i' <Predicate = true> <Delay = 0.00>
ST_1 : Operation 9 [1/1] (0.00ns)   --->   "%indvar_flatten6 = alloca i32 1"   --->   Operation 9 'alloca' 'indvar_flatten6' <Predicate = true> <Delay = 0.00>
ST_1 : Operation 10 [1/1] (0.00ns)   --->   "%specinterface_ln0 = specinterface void @_ssdm_op_SpecInterface, i8 %buf_r, void @empty_1, i32 0, i32 0, void @empty_0, i32 4294967295, i32 0, void @empty_0, void @empty_0, void @empty_0, i32 0, i32 0, i32 0, i32 0, void @empty_0, void @empty_0, i32 4294967295, i32 0, i32 0"   --->   Operation 10 'specinterface' 'specinterface_ln0' <Predicate = true> <Delay = 0.00>
ST_1 : Operation 11 [1/1] (1.58ns)   --->   "%store_ln0 = store i5 0, i5 %indvar_flatten6"   --->   Operation 11 'store' 'store_ln0' <Predicate = true> <Delay = 1.58>
ST_1 : Operation 12 [1/1] (1.58ns)   --->   "%store_ln253 = store i3 0, i3 %i" [../../tiny-AES-c-mod/aes.c:253->../../tiny-AES-c-mod/aes.c:426]   --->   Operation 12 'store' 'store_ln253' <Predicate = true> <Delay = 1.58>
ST_1 : Operation 13 [1/1] (1.58ns)   --->   "%store_ln253 = store i3 0, i3 %j" [../../tiny-AES-c-mod/aes.c:253->../../tiny-AES-c-mod/aes.c:426]   --->   Operation 13 'store' 'store_ln253' <Predicate = true> <Delay = 1.58>
ST_1 : Operation 14 [1/1] (0.00ns)   --->   "%br_ln0 = br void %for.inc.i5"   --->   Operation 14 'br' 'br_ln0' <Predicate = true> <Delay = 0.00>
ST_1 : Operation 15 [1/1] (0.00ns)   --->   "%indvar_flatten6_load = load i5 %indvar_flatten6" [../../tiny-AES-c-mod/aes.c:254->../../tiny-AES-c-mod/aes.c:426]   --->   Operation 15 'load' 'indvar_flatten6_load' <Predicate = true> <Delay = 0.00>
ST_1 : Operation 16 [1/1] (1.78ns)   --->   "%icmp_ln254 = icmp_eq  i5 %indvar_flatten6_load, i5 16" [../../tiny-AES-c-mod/aes.c:254->../../tiny-AES-c-mod/aes.c:426]   --->   Operation 16 'icmp' 'icmp_ln254' <Predicate = true> <Delay = 1.78> <CoreInst = "Cmp">   --->   Core 9 'Cmp' <Latency = 0> <II = 1> <Delay = 1.78> <FuncUnit> <Opcode : 'seteq' 'setne' 'setle' 'setge' 'setlt' 'setgt'> <InPorts = 2> <OutPorts = 1>
ST_1 : Operation 17 [1/1] (1.78ns)   --->   "%add_ln254_1 = add i5 %indvar_flatten6_load, i5 1" [../../tiny-AES-c-mod/aes.c:254->../../tiny-AES-c-mod/aes.c:426]   --->   Operation 17 'add' 'add_ln254_1' <Predicate = true> <Delay = 1.78> <CoreInst = "Adder">   --->   Core 1 'Adder' <Latency = 0> <II = 1> <Delay = 1.78> <FuncUnit> <Opcode : 'add' 'sub'> <InPorts = 2> <OutPorts = 1>
ST_1 : Operation 18 [1/1] (0.00ns)   --->   "%br_ln254 = br i1 %icmp_ln254, void %for.inc13.i, void %SubBytes.exit.exitStub" [../../tiny-AES-c-mod/aes.c:254->../../tiny-AES-c-mod/aes.c:426]   --->   Operation 18 'br' 'br_ln254' <Predicate = true> <Delay = 0.00>
ST_1 : Operation 19 [1/1] (1.58ns)   --->   "%store_ln254 = store i5 %add_ln254_1, i5 %indvar_flatten6" [../../tiny-AES-c-mod/aes.c:254->../../tiny-AES-c-mod/aes.c:426]   --->   Operation 19 'store' 'store_ln254' <Predicate = (!icmp_ln254)> <Delay = 1.58>

State 2 <SV = 1> <Delay = 6.68>
ST_2 : Operation 20 [1/1] (0.00ns)   --->   "%j_load = load i3 %j" [../../tiny-AES-c-mod/aes.c:256->../../tiny-AES-c-mod/aes.c:426]   --->   Operation 20 'load' 'j_load' <Predicate = true> <Delay = 0.00>
ST_2 : Operation 21 [1/1] (0.00ns)   --->   "%i_load = load i3 %i" [../../tiny-AES-c-mod/aes.c:254->../../tiny-AES-c-mod/aes.c:426]   --->   Operation 21 'load' 'i_load' <Predicate = true> <Delay = 0.00>
ST_2 : Operation 22 [1/1] (1.65ns)   --->   "%add_ln254 = add i3 %i_load, i3 1" [../../tiny-AES-c-mod/aes.c:254->../../tiny-AES-c-mod/aes.c:426]   --->   Operation 22 'add' 'add_ln254' <Predicate = true> <Delay = 1.65> <CoreInst = "Adder">   --->   Core 1 'Adder' <Latency = 0> <II = 1> <Delay = 1.65> <FuncUnit> <Opcode : 'add' 'sub'> <InPorts = 2> <OutPorts = 1>
ST_2 : Operation 23 [1/1] (1.65ns)   --->   "%icmp_ln256 = icmp_eq  i3 %j_load, i3 4" [../../tiny-AES-c-mod/aes.c:256->../../tiny-AES-c-mod/aes.c:426]   --->   Operation 23 'icmp' 'icmp_ln256' <Predicate = true> <Delay = 1.65> <CoreInst = "Cmp">   --->   Core 9 'Cmp' <Latency = 0> <II = 1> <Delay = 1.65> <FuncUnit> <Opcode : 'seteq' 'setne' 'setle' 'setge' 'setlt' 'setgt'> <InPorts = 2> <OutPorts = 1>
ST_2 : Operation 24 [1/1] (0.98ns)   --->   "%select_ln253 = select i1 %icmp_ln256, i3 0, i3 %j_load" [../../tiny-AES-c-mod/aes.c:253->../../tiny-AES-c-mod/aes.c:426]   --->   Operation 24 'select' 'select_ln253' <Predicate = true> <Delay = 0.98> <CoreInst = "Sel">   --->   Core 73 'Sel' <Latency = 0> <II = 1> <Delay = 0.98> <FuncUnit> <Opcode : 'select'> <InPorts = 3> <OutPorts = 1>
ST_2 : Operation 25 [1/1] (0.00ns)   --->   "%trunc_ln254 = trunc i3 %select_ln253" [../../tiny-AES-c-mod/aes.c:254->../../tiny-AES-c-mod/aes.c:426]   --->   Operation 25 'trunc' 'trunc_ln254' <Predicate = true> <Delay = 0.00>
ST_2 : Operation 26 [1/1] (0.98ns)   --->   "%select_ln254 = select i1 %icmp_ln256, i3 %add_ln254, i3 %i_load" [../../tiny-AES-c-mod/aes.c:254->../../tiny-AES-c-mod/aes.c:426]   --->   Operation 26 'select' 'select_ln254' <Predicate = true> <Delay = 0.98> <CoreInst = "Sel">   --->   Core 73 'Sel' <Latency = 0> <II = 1> <Delay = 0.98> <FuncUnit> <Opcode : 'select'> <InPorts = 3> <OutPorts = 1>
ST_2 : Operation 27 [1/1] (0.00ns)   --->   "%zext_ln258 = zext i3 %select_ln254" [../../tiny-AES-c-mod/aes.c:258->../../tiny-AES-c-mod/aes.c:426]   --->   Operation 27 'zext' 'zext_ln258' <Predicate = true> <Delay = 0.00>
ST_2 : Operation 28 [1/1] (0.00ns)   --->   "%tmp_2 = bitconcatenate i4 @_ssdm_op_BitConcatenate.i4.i2.i2, i2 %trunc_ln254, i2 0" [../../tiny-AES-c-mod/aes.c:258->../../tiny-AES-c-mod/aes.c:426]   --->   Operation 28 'bitconcatenate' 'tmp_2' <Predicate = true> <Delay = 0.00>
ST_2 : Operation 29 [1/1] (1.73ns)   --->   "%add_ln258 = add i4 %tmp_2, i4 %zext_ln258" [../../tiny-AES-c-mod/aes.c:258->../../tiny-AES-c-mod/aes.c:426]   --->   Operation 29 'add' 'add_ln258' <Predicate = true> <Delay = 1.73> <CoreInst = "Adder">   --->   Core 1 'Adder' <Latency = 0> <II = 1> <Delay = 1.73> <FuncUnit> <Opcode : 'add' 'sub'> <InPorts = 2> <OutPorts = 1>
ST_2 : Operation 30 [1/1] (0.00ns)   --->   "%zext_ln258_17 = zext i4 %add_ln258" [../../tiny-AES-c-mod/aes.c:258->../../tiny-AES-c-mod/aes.c:426]   --->   Operation 30 'zext' 'zext_ln258_17' <Predicate = true> <Delay = 0.00>
ST_2 : Operation 31 [1/1] (0.00ns)   --->   "%buf_r_addr = getelementptr i8 %buf_r, i64 0, i64 %zext_ln258_17" [../../tiny-AES-c-mod/aes.c:258->../../tiny-AES-c-mod/aes.c:426]   --->   Operation 31 'getelementptr' 'buf_r_addr' <Predicate = true> <Delay = 0.00>
ST_2 : Operation 32 [2/2] (2.32ns)   --->   "%buf_r_load = load i4 %buf_r_addr" [../../tiny-AES-c-mod/aes.c:258->../../tiny-AES-c-mod/aes.c:426]   --->   Operation 32 'load' 'buf_r_load' <Predicate = true> <Delay = 2.32> <CoreInst = "RAM">   --->   Core 81 'RAM' <Latency = 1> <II = 1> <Delay = 2.32> <Storage> <Opcode : 'load' 'store'> <Ports = 2> <Width = 8> <Depth = 16> <RAM>
ST_2 : Operation 33 [1/1] (1.65ns)   --->   "%add_ln256 = add i3 %select_ln253, i3 1" [../../tiny-AES-c-mod/aes.c:256->../../tiny-AES-c-mod/aes.c:426]   --->   Operation 33 'add' 'add_ln256' <Predicate = true> <Delay = 1.65> <CoreInst = "Adder">   --->   Core 1 'Adder' <Latency = 0> <II = 1> <Delay = 1.65> <FuncUnit> <Opcode : 'add' 'sub'> <InPorts = 2> <OutPorts = 1>
ST_2 : Operation 34 [1/1] (1.58ns)   --->   "%store_ln253 = store i3 %select_ln254, i3 %i" [../../tiny-AES-c-mod/aes.c:253->../../tiny-AES-c-mod/aes.c:426]   --->   Operation 34 'store' 'store_ln253' <Predicate = true> <Delay = 1.58>
ST_2 : Operation 35 [1/1] (1.58ns)   --->   "%store_ln253 = store i3 %add_ln256, i3 %j" [../../tiny-AES-c-mod/aes.c:253->../../tiny-AES-c-mod/aes.c:426]   --->   Operation 35 'store' 'store_ln253' <Predicate = true> <Delay = 1.58>

State 3 <SV = 2> <Delay = 5.57>
ST_3 : Operation 36 [1/2] (2.32ns)   --->   "%buf_r_load = load i4 %buf_r_addr" [../../tiny-AES-c-mod/aes.c:258->../../tiny-AES-c-mod/aes.c:426]   --->   Operation 36 'load' 'buf_r_load' <Predicate = true> <Delay = 2.32> <CoreInst = "RAM">   --->   Core 81 'RAM' <Latency = 1> <II = 1> <Delay = 2.32> <Storage> <Opcode : 'load' 'store'> <Ports = 2> <Width = 8> <Depth = 16> <RAM>
ST_3 : Operation 37 [1/1] (0.00ns)   --->   "%zext_ln258_16 = zext i8 %buf_r_load" [../../tiny-AES-c-mod/aes.c:258->../../tiny-AES-c-mod/aes.c:426]   --->   Operation 37 'zext' 'zext_ln258_16' <Predicate = true> <Delay = 0.00>
ST_3 : Operation 38 [1/1] (0.00ns)   --->   "%sbox_addr = getelementptr i8 %sbox, i64 0, i64 %zext_ln258_16" [../../tiny-AES-c-mod/aes.c:258->../../tiny-AES-c-mod/aes.c:426]   --->   Operation 38 'getelementptr' 'sbox_addr' <Predicate = true> <Delay = 0.00>
ST_3 : Operation 39 [2/2] (3.25ns)   --->   "%sbox_load_4 = load i8 %sbox_addr" [../../tiny-AES-c-mod/aes.c:258->../../tiny-AES-c-mod/aes.c:426]   --->   Operation 39 'load' 'sbox_load_4' <Predicate = true> <Delay = 3.25> <CoreInst = "ROM">   --->   Core 94 'ROM' <Latency = 1> <II = 1> <Delay = 3.25> <Storage> <Opcode : 'load'> <Ports = 0> <Width = 8> <Depth = 256> <ROM>
ST_3 : Operation 46 [1/1] (1.58ns)   --->   "%ret_ln0 = ret"   --->   Operation 46 'ret' 'ret_ln0' <Predicate = (icmp_ln254)> <Delay = 1.58>

State 4 <SV = 3> <Delay = 5.57>
ST_4 : Operation 40 [1/1] (0.00ns)   --->   "%specloopname_ln0 = specloopname void @_ssdm_op_SpecLoopName, void @VITIS_LOOP_254_1_VITIS_LOOP_256_2_str"   --->   Operation 40 'specloopname' 'specloopname_ln0' <Predicate = true> <Delay = 0.00>
ST_4 : Operation 41 [1/1] (0.00ns)   --->   "%speclooptripcount_ln0 = speclooptripcount void @_ssdm_op_SpecLoopTripCount, i64 16, i64 16, i64 16"   --->   Operation 41 'speclooptripcount' 'speclooptripcount_ln0' <Predicate = true> <Delay = 0.00>
ST_4 : Operation 42 [1/1] (0.00ns)   --->   "%specpipeline_ln253 = specpipeline void @_ssdm_op_SpecPipeline, i32 4294967295, i32 0, i32 0, i32 0, void @empty_0" [../../tiny-AES-c-mod/aes.c:253->../../tiny-AES-c-mod/aes.c:426]   --->   Operation 42 'specpipeline' 'specpipeline_ln253' <Predicate = true> <Delay = 0.00>
ST_4 : Operation 43 [1/2] (3.25ns)   --->   "%sbox_load_4 = load i8 %sbox_addr" [../../tiny-AES-c-mod/aes.c:258->../../tiny-AES-c-mod/aes.c:426]   --->   Operation 43 'load' 'sbox_load_4' <Predicate = true> <Delay = 3.25> <CoreInst = "ROM">   --->   Core 94 'ROM' <Latency = 1> <II = 1> <Delay = 3.25> <Storage> <Opcode : 'load'> <Ports = 0> <Width = 8> <Depth = 256> <ROM>
ST_4 : Operation 44 [1/1] (2.32ns)   --->   "%store_ln258 = store i8 %sbox_load_4, i4 %buf_r_addr" [../../tiny-AES-c-mod/aes.c:258->../../tiny-AES-c-mod/aes.c:426]   --->   Operation 44 'store' 'store_ln258' <Predicate = true> <Delay = 2.32> <CoreInst = "RAM">   --->   Core 81 'RAM' <Latency = 1> <II = 1> <Delay = 2.32> <Storage> <Opcode : 'load' 'store'> <Ports = 2> <Width = 8> <Depth = 16> <RAM>
ST_4 : Operation 45 [1/1] (0.00ns)   --->   "%br_ln256 = br void %for.inc.i5" [../../tiny-AES-c-mod/aes.c:256->../../tiny-AES-c-mod/aes.c:426]   --->   Operation 45 'br' 'br_ln256' <Predicate = true> <Delay = 0.00>


============================================================
+ Verbose Summary: Binding
============================================================
STG Binding: 
---------------- STG Properties BEGIN ----------------
- Is combinational: 0
- Is one-state seq: 0
- Is datapath-only: 0
- Is pipelined: 0
- Is top level: 0
Port [ Return ] is wired: 1; IO mode=ap_ctrl_hs:ce=0
Port [ buf_r]:  wired=1; compound=1; hidden=0; nouse=0; global=0; static=0; extern=0; dir=2; type=1; pingpong=0; private_global=0; MemPort=[01]; IO mode=ap_memory:ce=0
Port [ sbox]:  wired=0; compound=1; hidden=1; nouse=0; global=1; static=1; extern=0; dir=0; type=1; pingpong=0; private_global=0; MemPort=[1]; IO mode=ap_memory:ce=0
---------------- STG Properties END ------------------

---------------- Datapath Model BEGIN ----------------

<LifeTime>
<method=bitvector/>
j                     (alloca           ) [ 01100]
i                     (alloca           ) [ 01100]
indvar_flatten6       (alloca           ) [ 01000]
specinterface_ln0     (specinterface    ) [ 00000]
store_ln0             (store            ) [ 00000]
store_ln253           (store            ) [ 00000]
store_ln253           (store            ) [ 00000]
br_ln0                (br               ) [ 00000]
indvar_flatten6_load  (load             ) [ 00000]
icmp_ln254            (icmp             ) [ 01110]
add_ln254_1           (add              ) [ 00000]
br_ln254              (br               ) [ 00000]
store_ln254           (store            ) [ 00000]
j_load                (load             ) [ 00000]
i_load                (load             ) [ 00000]
add_ln254             (add              ) [ 00000]
icmp_ln256            (icmp             ) [ 00000]
select_ln253          (select           ) [ 00000]
trunc_ln254           (trunc            ) [ 00000]
select_ln254          (select           ) [ 00000]
zext_ln258            (zext             ) [ 00000]
tmp_2                 (bitconcatenate   ) [ 00000]
add_ln258             (add              ) [ 00000]
zext_ln258_17         (zext             ) [ 00000]
buf_r_addr            (getelementptr    ) [ 01011]
add_ln256             (add              ) [ 00000]
store_ln253           (store            ) [ 00000]
store_ln253           (store            ) [ 00000]
buf_r_load            (load             ) [ 00000]
zext_ln258_16         (zext             ) [ 00000]
sbox_addr             (getelementptr    ) [ 01001]
specloopname_ln0      (specloopname     ) [ 00000]
speclooptripcount_ln0 (speclooptripcount) [ 00000]
specpipeline_ln253    (specpipeline     ) [ 00000]
sbox_load_4           (load             ) [ 00000]
store_ln258           (store            ) [ 00000]
br_ln256              (br               ) [ 00000]
ret_ln0               (ret              ) [ 00000]
</LifeTime>

<model>

<comp_list>
<comp id="0" class="1000" name="buf_r">
<pin_list>
<pin id="1" dir="1" index="0" bw="1" slack="0"/>
</pin_list>
<bind>
<StgValue><ssdm name="buf_r"/><MemPortTyVec>0 1 </MemPortTyVec>
</StgValue>
</bind>
</comp>

<comp id="2" class="1000" name="sbox">
<pin_list>
<pin id="3" dir="1" index="0" bw="1" slack="0"/>
</pin_list>
<bind>
<StgValue><ssdm name="sbox"/><MemPortTyVec>1 </MemPortTyVec>
</StgValue>
</bind>
</comp>

<comp id="4" class="1001" name="const_4">
<pin_list>
<pin id="5" dir="1" index="0" bw="1" slack="0"/>
</pin_list>
<bind>
<StgValue><ssdm name=""/></StgValue>
</bind>
</comp>

<comp id="6" class="1001" name="const_6">
<pin_list>
<pin id="7" dir="1" index="0" bw="1" slack="2147483647"/>
</pin_list>
<bind>
<StgValue><ssdm name="_ssdm_op_SpecInterface"/></StgValue>
</bind>
</comp>

<comp id="8" class="1001" name="const_8">
<pin_list>
<pin id="9" dir="1" index="0" bw="1" slack="2147483647"/>
</pin_list>
<bind>
<StgValue><ssdm name="empty_1"/></StgValue>
</bind>
</comp>

<comp id="10" class="1001" name="const_10">
<pin_list>
<pin id="11" dir="1" index="0" bw="1" slack="2147483647"/>
</pin_list>
<bind>
<StgValue><ssdm name=""/></StgValue>
</bind>
</comp>

<comp id="12" class="1001" name="const_12">
<pin_list>
<pin id="13" dir="1" index="0" bw="1" slack="2147483647"/>
</pin_list>
<bind>
<StgValue><ssdm name="empty_0"/></StgValue>
</bind>
</comp>

<comp id="14" class="1001" name="const_14">
<pin_list>
<pin id="15" dir="1" index="0" bw="1" slack="2147483647"/>
</pin_list>
<bind>
<StgValue><ssdm name=""/></StgValue>
</bind>
</comp>

<comp id="16" class="1001" name="const_16">
<pin_list>
<pin id="17" dir="1" index="0" bw="1" slack="0"/>
</pin_list>
<bind>
<StgValue><ssdm name=""/></StgValue>
</bind>
</comp>

<comp id="18" class="1001" name="const_18">
<pin_list>
<pin id="19" dir="1" index="0" bw="1" slack="0"/>
</pin_list>
<bind>
<StgValue><ssdm name=""/></StgValue>
</bind>
</comp>

<comp id="20" class="1001" name="const_20">
<pin_list>
<pin id="21" dir="1" index="0" bw="1" slack="0"/>
</pin_list>
<bind>
<StgValue><ssdm name=""/></StgValue>
</bind>
</comp>

<comp id="22" class="1001" name="const_22">
<pin_list>
<pin id="23" dir="1" index="0" bw="1" slack="0"/>
</pin_list>
<bind>
<StgValue><ssdm name=""/></StgValue>
</bind>
</comp>

<comp id="24" class="1001" name="const_24">
<pin_list>
<pin id="25" dir="1" index="0" bw="1" slack="0"/>
</pin_list>
<bind>
<StgValue><ssdm name=""/></StgValue>
</bind>
</comp>

<comp id="26" class="1001" name="const_26">
<pin_list>
<pin id="27" dir="1" index="0" bw="1" slack="0"/>
</pin_list>
<bind>
<StgValue><ssdm name=""/></StgValue>
</bind>
</comp>

<comp id="28" class="1001" name="const_28">
<pin_list>
<pin id="29" dir="1" index="0" bw="1" slack="0"/>
</pin_list>
<bind>
<StgValue><ssdm name="_ssdm_op_BitConcatenate.i4.i2.i2"/></StgValue>
</bind>
</comp>

<comp id="30" class="1001" name="const_30">
<pin_list>
<pin id="31" dir="1" index="0" bw="1" slack="0"/>
</pin_list>
<bind>
<StgValue><ssdm name=""/></StgValue>
</bind>
</comp>

<comp id="32" class="1001" name="const_32">
<pin_list>
<pin id="33" dir="1" index="0" bw="1" slack="0"/>
</pin_list>
<bind>
<StgValue><ssdm name=""/></StgValue>
</bind>
</comp>

<comp id="34" class="1001" name="const_34">
<pin_list>
<pin id="35" dir="1" index="0" bw="1" slack="2147483647"/>
</pin_list>
<bind>
<StgValue><ssdm name="_ssdm_op_SpecLoopName"/></StgValue>
</bind>
</comp>

<comp id="36" class="1001" name="const_36">
<pin_list>
<pin id="37" dir="1" index="0" bw="1" slack="2147483647"/>
</pin_list>
<bind>
<StgValue><ssdm name="VITIS_LOOP_254_1_VITIS_LOOP_256_2_str"/></StgValue>
</bind>
</comp>

<comp id="38" class="1001" name="const_38">
<pin_list>
<pin id="39" dir="1" index="0" bw="1" slack="2147483647"/>
</pin_list>
<bind>
<StgValue><ssdm name="_ssdm_op_SpecLoopTripCount"/></StgValue>
</bind>
</comp>

<comp id="40" class="1001" name="const_40">
<pin_list>
<pin id="41" dir="1" index="0" bw="1" slack="2147483647"/>
</pin_list>
<bind>
<StgValue><ssdm name=""/></StgValue>
</bind>
</comp>

<comp id="42" class="1001" name="const_42">
<pin_list>
<pin id="43" dir="1" index="0" bw="1" slack="2147483647"/>
</pin_list>
<bind>
<StgValue><ssdm name="_ssdm_op_SpecPipeline"/></StgValue>
</bind>
</comp>

<comp id="44" class="1004" name="j_fu_44">
<pin_list>
<pin id="45" dir="0" index="0" bw="1" slack="0"/>
<pin id="46" dir="1" index="1" bw="3" slack="0"/>
</pin_list>
<bind>
<opcode="alloca(26) " fcode="alloca"/>
<opset="j/1 "/>
</bind>
</comp>

<comp id="48" class="1004" name="i_fu_48">
<pin_list>
<pin id="49" dir="0" index="0" bw="1" slack="0"/>
<pin id="50" dir="1" index="1" bw="3" slack="0"/>
</pin_list>
<bind>
<opcode="alloca(26) " fcode="alloca"/>
<opset="i/1 "/>
</bind>
</comp>

<comp id="52" class="1004" name="indvar_flatten6_fu_52">
<pin_list>
<pin id="53" dir="0" index="0" bw="1" slack="0"/>
<pin id="54" dir="1" index="1" bw="5" slack="0"/>
</pin_list>
<bind>
<opcode="alloca(26) " fcode="alloca"/>
<opset="indvar_flatten6/1 "/>
</bind>
</comp>

<comp id="56" class="1004" name="buf_r_addr_gep_fu_56">
<pin_list>
<pin id="57" dir="0" index="0" bw="8" slack="0"/>
<pin id="58" dir="0" index="1" bw="1" slack="0"/>
<pin id="59" dir="0" index="2" bw="4" slack="0"/>
<pin id="60" dir="1" index="3" bw="4" slack="0"/>
</pin_list>
<bind>
<opcode="getelementptr(29) " fcode="getelementptr"/>
<opset="buf_r_addr/2 "/>
</bind>
</comp>

<comp id="63" class="1004" name="grp_access_fu_63">
<pin_list>
<pin id="64" dir="0" index="0" bw="4" slack="2"/>
<pin id="65" dir="0" index="1" bw="8" slack="0"/>
<pin id="66" dir="0" index="2" bw="0" slack="0"/>
<pin id="68" dir="0" index="4" bw="4" slack="2147483647"/>
<pin id="69" dir="0" index="5" bw="8" slack="2147483647"/>
<pin id="70" dir="0" index="6" bw="0" slack="2147483647"/>
<pin id="67" dir="1" index="3" bw="8" slack="2147483647"/>
<pin id="71" dir="1" index="7" bw="8" slack="0"/>
</pin_list>
<bind>
<opcode="load(27) store(28) " fcode="store"/>
<opset="buf_r_load/2 store_ln258/4 "/>
</bind>
</comp>

<comp id="73" class="1004" name="sbox_addr_gep_fu_73">
<pin_list>
<pin id="74" dir="0" index="0" bw="8" slack="0"/>
<pin id="75" dir="0" index="1" bw="1" slack="0"/>
<pin id="76" dir="0" index="2" bw="8" slack="0"/>
<pin id="77" dir="1" index="3" bw="8" slack="0"/>
</pin_list>
<bind>
<opcode="getelementptr(29) " fcode="getelementptr"/>
<opset="sbox_addr/3 "/>
</bind>
</comp>

<comp id="80" class="1004" name="grp_access_fu_80">
<pin_list>
<pin id="81" dir="0" index="0" bw="8" slack="0"/>
<pin id="82" dir="0" index="1" bw="8" slack="2147483647"/>
<pin id="83" dir="0" index="2" bw="0" slack="2147483647"/>
<pin id="84" dir="1" index="3" bw="8" slack="0"/>
</pin_list>
<bind>
<opcode="load(27) " fcode="load"/>
<opset="sbox_load_4/3 "/>
</bind>
</comp>

<comp id="87" class="1004" name="store_ln0_store_fu_87">
<pin_list>
<pin id="88" dir="0" index="0" bw="1" slack="0"/>
<pin id="89" dir="0" index="1" bw="5" slack="0"/>
<pin id="90" dir="1" index="2" bw="0" slack="2147483647"/>
</pin_list>
<bind>
<opcode="store(28) " fcode="store"/>
<opset="store_ln0/1 "/>
</bind>
</comp>

<comp id="92" class="1004" name="store_ln253_store_fu_92">
<pin_list>
<pin id="93" dir="0" index="0" bw="1" slack="0"/>
<pin id="94" dir="0" index="1" bw="3" slack="0"/>
<pin id="95" dir="1" index="2" bw="0" slack="2147483647"/>
</pin_list>
<bind>
<opcode="store(28) " fcode="store"/>
<opset="store_ln253/1 "/>
</bind>
</comp>

<comp id="97" class="1004" name="store_ln253_store_fu_97">
<pin_list>
<pin id="98" dir="0" index="0" bw="1" slack="0"/>
<pin id="99" dir="0" index="1" bw="3" slack="0"/>
<pin id="100" dir="1" index="2" bw="0" slack="2147483647"/>
</pin_list>
<bind>
<opcode="store(28) " fcode="store"/>
<opset="store_ln253/1 "/>
</bind>
</comp>

<comp id="102" class="1004" name="indvar_flatten6_load_load_fu_102">
<pin_list>
<pin id="103" dir="0" index="0" bw="5" slack="0"/>
<pin id="104" dir="1" index="1" bw="5" slack="0"/>
</pin_list>
<bind>
<opcode="load(27) " fcode="load"/>
<opset="indvar_flatten6_load/1 "/>
</bind>
</comp>

<comp id="105" class="1004" name="icmp_ln254_fu_105">
<pin_list>
<pin id="106" dir="0" index="0" bw="5" slack="0"/>
<pin id="107" dir="0" index="1" bw="5" slack="0"/>
<pin id="108" dir="1" index="2" bw="1" slack="2"/>
</pin_list>
<bind>
<opcode="icmp(45) " fcode="icmp"/>
<opset="icmp_ln254/1 "/>
</bind>
</comp>

<comp id="111" class="1004" name="add_ln254_1_fu_111">
<pin_list>
<pin id="112" dir="0" index="0" bw="5" slack="0"/>
<pin id="113" dir="0" index="1" bw="1" slack="0"/>
<pin id="114" dir="1" index="2" bw="5" slack="0"/>
</pin_list>
<bind>
<opcode="add(8) " fcode="add"/>
<opset="add_ln254_1/1 "/>
</bind>
</comp>

<comp id="117" class="1004" name="store_ln254_store_fu_117">
<pin_list>
<pin id="118" dir="0" index="0" bw="5" slack="0"/>
<pin id="119" dir="0" index="1" bw="5" slack="0"/>
<pin id="120" dir="1" index="2" bw="0" slack="2147483647"/>
</pin_list>
<bind>
<opcode="store(28) " fcode="store"/>
<opset="store_ln254/1 "/>
</bind>
</comp>

<comp id="122" class="1004" name="j_load_load_fu_122">
<pin_list>
<pin id="123" dir="0" index="0" bw="3" slack="1"/>
<pin id="124" dir="1" index="1" bw="3" slack="0"/>
</pin_list>
<bind>
<opcode="load(27) " fcode="load"/>
<opset="j_load/2 "/>
</bind>
</comp>

<comp id="125" class="1004" name="i_load_load_fu_125">
<pin_list>
<pin id="126" dir="0" index="0" bw="3" slack="1"/>
<pin id="127" dir="1" index="1" bw="3" slack="0"/>
</pin_list>
<bind>
<opcode="load(27) " fcode="load"/>
<opset="i_load/2 "/>
</bind>
</comp>

<comp id="128" class="1004" name="add_ln254_fu_128">
<pin_list>
<pin id="129" dir="0" index="0" bw="3" slack="0"/>
<pin id="130" dir="0" index="1" bw="1" slack="0"/>
<pin id="131" dir="1" index="2" bw="3" slack="0"/>
</pin_list>
<bind>
<opcode="add(8) " fcode="add"/>
<opset="add_ln254/2 "/>
</bind>
</comp>

<comp id="134" class="1004" name="icmp_ln256_fu_134">
<pin_list>
<pin id="135" dir="0" index="0" bw="3" slack="0"/>
<pin id="136" dir="0" index="1" bw="3" slack="0"/>
<pin id="137" dir="1" index="2" bw="1" slack="0"/>
</pin_list>
<bind>
<opcode="icmp(45) " fcode="icmp"/>
<opset="icmp_ln256/2 "/>
</bind>
</comp>

<comp id="140" class="1004" name="select_ln253_fu_140">
<pin_list>
<pin id="141" dir="0" index="0" bw="1" slack="0"/>
<pin id="142" dir="0" index="1" bw="1" slack="0"/>
<pin id="143" dir="0" index="2" bw="3" slack="0"/>
<pin id="144" dir="1" index="3" bw="3" slack="0"/>
</pin_list>
<bind>
<opcode="select(49) " fcode="select"/>
<opset="select_ln253/2 "/>
</bind>
</comp>

<comp id="148" class="1004" name="trunc_ln254_fu_148">
<pin_list>
<pin id="149" dir="0" index="0" bw="3" slack="0"/>
<pin id="150" dir="1" index="1" bw="2" slack="0"/>
</pin_list>
<bind>
<opcode="trunc(33) " fcode="trunc"/>
<opset="trunc_ln254/2 "/>
</bind>
</comp>

<comp id="152" class="1004" name="select_ln254_fu_152">
<pin_list>
<pin id="153" dir="0" index="0" bw="1" slack="0"/>
<pin id="154" dir="0" index="1" bw="3" slack="0"/>
<pin id="155" dir="0" index="2" bw="3" slack="0"/>
<pin id="156" dir="1" index="3" bw="3" slack="0"/>
</pin_list>
<bind>
<opcode="select(49) " fcode="select"/>
<opset="select_ln254/2 "/>
</bind>
</comp>

<comp id="160" class="1004" name="zext_ln258_fu_160">
<pin_list>
<pin id="161" dir="0" index="0" bw="3" slack="0"/>
<pin id="162" dir="1" index="1" bw="4" slack="0"/>
</pin_list>
<bind>
<opcode="zext(34) " fcode="zext"/>
<opset="zext_ln258/2 "/>
</bind>
</comp>

<comp id="164" class="1004" name="tmp_2_fu_164">
<pin_list>
<pin id="165" dir="0" index="0" bw="4" slack="0"/>
<pin id="166" dir="0" index="1" bw="2" slack="0"/>
<pin id="167" dir="0" index="2" bw="1" slack="0"/>
<pin id="168" dir="1" index="3" bw="4" slack="0"/>
</pin_list>
<bind>
<opcode="bitconcatenate(1004) " fcode="bitconcatenate"/>
<opset="tmp_2/2 "/>
</bind>
</comp>

<comp id="172" class="1004" name="add_ln258_fu_172">
<pin_list>
<pin id="173" dir="0" index="0" bw="4" slack="0"/>
<pin id="174" dir="0" index="1" bw="3" slack="0"/>
<pin id="175" dir="1" index="2" bw="4" slack="0"/>
</pin_list>
<bind>
<opcode="add(8) " fcode="add"/>
<opset="add_ln258/2 "/>
</bind>
</comp>

<comp id="178" class="1004" name="zext_ln258_17_fu_178">
<pin_list>
<pin id="179" dir="0" index="0" bw="4" slack="0"/>
<pin id="180" dir="1" index="1" bw="64" slack="0"/>
</pin_list>
<bind>
<opcode="zext(34) " fcode="zext"/>
<opset="zext_ln258_17/2 "/>
</bind>
</comp>

<comp id="183" class="1004" name="add_ln256_fu_183">
<pin_list>
<pin id="184" dir="0" index="0" bw="3" slack="0"/>
<pin id="185" dir="0" index="1" bw="1" slack="0"/>
<pin id="186" dir="1" index="2" bw="3" slack="0"/>
</pin_list>
<bind>
<opcode="add(8) " fcode="add"/>
<opset="add_ln256/2 "/>
</bind>
</comp>

<comp id="189" class="1004" name="store_ln253_store_fu_189">
<pin_list>
<pin id="190" dir="0" index="0" bw="3" slack="0"/>
<pin id="191" dir="0" index="1" bw="3" slack="1"/>
<pin id="192" dir="1" index="2" bw="0" slack="2147483647"/>
</pin_list>
<bind>
<opcode="store(28) " fcode="store"/>
<opset="store_ln253/2 "/>
</bind>
</comp>

<comp id="194" class="1004" name="store_ln253_store_fu_194">
<pin_list>
<pin id="195" dir="0" index="0" bw="3" slack="0"/>
<pin id="196" dir="0" index="1" bw="3" slack="1"/>
<pin id="197" dir="1" index="2" bw="0" slack="2147483647"/>
</pin_list>
<bind>
<opcode="store(28) " fcode="store"/>
<opset="store_ln253/2 "/>
</bind>
</comp>

<comp id="199" class="1004" name="zext_ln258_16_fu_199">
<pin_list>
<pin id="200" dir="0" index="0" bw="8" slack="0"/>
<pin id="201" dir="1" index="1" bw="64" slack="0"/>
</pin_list>
<bind>
<opcode="zext(34) " fcode="zext"/>
<opset="zext_ln258_16/3 "/>
</bind>
</comp>

<comp id="204" class="1005" name="j_reg_204">
<pin_list>
<pin id="205" dir="0" index="0" bw="3" slack="0"/>
<pin id="206" dir="1" index="1" bw="3" slack="0"/>
</pin_list>
<bind>
<opset="j "/>
</bind>
</comp>

<comp id="211" class="1005" name="i_reg_211">
<pin_list>
<pin id="212" dir="0" index="0" bw="3" slack="0"/>
<pin id="213" dir="1" index="1" bw="3" slack="0"/>
</pin_list>
<bind>
<opset="i "/>
</bind>
</comp>

<comp id="218" class="1005" name="indvar_flatten6_reg_218">
<pin_list>
<pin id="219" dir="0" index="0" bw="5" slack="0"/>
<pin id="220" dir="1" index="1" bw="5" slack="0"/>
</pin_list>
<bind>
<opset="indvar_flatten6 "/>
</bind>
</comp>

<comp id="225" class="1005" name="icmp_ln254_reg_225">
<pin_list>
<pin id="226" dir="0" index="0" bw="1" slack="2"/>
<pin id="227" dir="1" index="1" bw="1" slack="2147483647"/>
</pin_list>
<bind>
<opset="icmp_ln254 "/>
</bind>
</comp>

<comp id="229" class="1005" name="buf_r_addr_reg_229">
<pin_list>
<pin id="230" dir="0" index="0" bw="4" slack="1"/>
<pin id="231" dir="1" index="1" bw="4" slack="1"/>
</pin_list>
<bind>
<opset="buf_r_addr "/>
</bind>
</comp>

<comp id="235" class="1005" name="sbox_addr_reg_235">
<pin_list>
<pin id="236" dir="0" index="0" bw="8" slack="1"/>
<pin id="237" dir="1" index="1" bw="8" slack="1"/>
</pin_list>
<bind>
<opset="sbox_addr "/>
</bind>
</comp>

</comp_list>

<net_list>
<net id="47"><net_src comp="4" pin="0"/><net_sink comp="44" pin=0"/></net>

<net id="51"><net_src comp="4" pin="0"/><net_sink comp="48" pin=0"/></net>

<net id="55"><net_src comp="4" pin="0"/><net_sink comp="52" pin=0"/></net>

<net id="61"><net_src comp="0" pin="0"/><net_sink comp="56" pin=0"/></net>

<net id="62"><net_src comp="32" pin="0"/><net_sink comp="56" pin=1"/></net>

<net id="72"><net_src comp="56" pin="3"/><net_sink comp="63" pin=2"/></net>

<net id="78"><net_src comp="2" pin="0"/><net_sink comp="73" pin=0"/></net>

<net id="79"><net_src comp="32" pin="0"/><net_sink comp="73" pin=1"/></net>

<net id="85"><net_src comp="73" pin="3"/><net_sink comp="80" pin=0"/></net>

<net id="86"><net_src comp="80" pin="3"/><net_sink comp="63" pin=1"/></net>

<net id="91"><net_src comp="16" pin="0"/><net_sink comp="87" pin=0"/></net>

<net id="96"><net_src comp="18" pin="0"/><net_sink comp="92" pin=0"/></net>

<net id="101"><net_src comp="18" pin="0"/><net_sink comp="97" pin=0"/></net>

<net id="109"><net_src comp="102" pin="1"/><net_sink comp="105" pin=0"/></net>

<net id="110"><net_src comp="20" pin="0"/><net_sink comp="105" pin=1"/></net>

<net id="115"><net_src comp="102" pin="1"/><net_sink comp="111" pin=0"/></net>

<net id="116"><net_src comp="22" pin="0"/><net_sink comp="111" pin=1"/></net>

<net id="121"><net_src comp="111" pin="2"/><net_sink comp="117" pin=0"/></net>

<net id="132"><net_src comp="125" pin="1"/><net_sink comp="128" pin=0"/></net>

<net id="133"><net_src comp="24" pin="0"/><net_sink comp="128" pin=1"/></net>

<net id="138"><net_src comp="122" pin="1"/><net_sink comp="134" pin=0"/></net>

<net id="139"><net_src comp="26" pin="0"/><net_sink comp="134" pin=1"/></net>

<net id="145"><net_src comp="134" pin="2"/><net_sink comp="140" pin=0"/></net>

<net id="146"><net_src comp="18" pin="0"/><net_sink comp="140" pin=1"/></net>

<net id="147"><net_src comp="122" pin="1"/><net_sink comp="140" pin=2"/></net>

<net id="151"><net_src comp="140" pin="3"/><net_sink comp="148" pin=0"/></net>

<net id="157"><net_src comp="134" pin="2"/><net_sink comp="152" pin=0"/></net>

<net id="158"><net_src comp="128" pin="2"/><net_sink comp="152" pin=1"/></net>

<net id="159"><net_src comp="125" pin="1"/><net_sink comp="152" pin=2"/></net>

<net id="163"><net_src comp="152" pin="3"/><net_sink comp="160" pin=0"/></net>

<net id="169"><net_src comp="28" pin="0"/><net_sink comp="164" pin=0"/></net>

<net id="170"><net_src comp="148" pin="1"/><net_sink comp="164" pin=1"/></net>

<net id="171"><net_src comp="30" pin="0"/><net_sink comp="164" pin=2"/></net>

<net id="176"><net_src comp="164" pin="3"/><net_sink comp="172" pin=0"/></net>

<net id="177"><net_src comp="160" pin="1"/><net_sink comp="172" pin=1"/></net>

<net id="181"><net_src comp="172" pin="2"/><net_sink comp="178" pin=0"/></net>

<net id="182"><net_src comp="178" pin="1"/><net_sink comp="56" pin=2"/></net>

<net id="187"><net_src comp="140" pin="3"/><net_sink comp="183" pin=0"/></net>

<net id="188"><net_src comp="24" pin="0"/><net_sink comp="183" pin=1"/></net>

<net id="193"><net_src comp="152" pin="3"/><net_sink comp="189" pin=0"/></net>

<net id="198"><net_src comp="183" pin="2"/><net_sink comp="194" pin=0"/></net>

<net id="202"><net_src comp="63" pin="7"/><net_sink comp="199" pin=0"/></net>

<net id="203"><net_src comp="199" pin="1"/><net_sink comp="73" pin=2"/></net>

<net id="207"><net_src comp="44" pin="1"/><net_sink comp="204" pin=0"/></net>

<net id="208"><net_src comp="204" pin="1"/><net_sink comp="97" pin=1"/></net>

<net id="209"><net_src comp="204" pin="1"/><net_sink comp="122" pin=0"/></net>

<net id="210"><net_src comp="204" pin="1"/><net_sink comp="194" pin=1"/></net>

<net id="214"><net_src comp="48" pin="1"/><net_sink comp="211" pin=0"/></net>

<net id="215"><net_src comp="211" pin="1"/><net_sink comp="92" pin=1"/></net>

<net id="216"><net_src comp="211" pin="1"/><net_sink comp="125" pin=0"/></net>

<net id="217"><net_src comp="211" pin="1"/><net_sink comp="189" pin=1"/></net>

<net id="221"><net_src comp="52" pin="1"/><net_sink comp="218" pin=0"/></net>

<net id="222"><net_src comp="218" pin="1"/><net_sink comp="87" pin=1"/></net>

<net id="223"><net_src comp="218" pin="1"/><net_sink comp="102" pin=0"/></net>

<net id="224"><net_src comp="218" pin="1"/><net_sink comp="117" pin=1"/></net>

<net id="228"><net_src comp="105" pin="2"/><net_sink comp="225" pin=0"/></net>

<net id="232"><net_src comp="56" pin="3"/><net_sink comp="229" pin=0"/></net>

<net id="233"><net_src comp="229" pin="1"/><net_sink comp="63" pin=2"/></net>

<net id="234"><net_src comp="229" pin="1"/><net_sink comp="63" pin=0"/></net>

<net id="238"><net_src comp="73" pin="3"/><net_sink comp="235" pin=0"/></net>

<net id="239"><net_src comp="235" pin="1"/><net_sink comp="80" pin=0"/></net>

</net_list>

</model> 
---------------- Datapath Model END ------------------

* FSMD analyzer results:
  - Output states:
	Port: buf_r | {4 }
 - Input state : 
	Port: Cipher_Pipeline_VITIS_LOOP_254_1_VITIS_LOOP_256_2 : buf_r | {2 3 }
	Port: Cipher_Pipeline_VITIS_LOOP_254_1_VITIS_LOOP_256_2 : sbox | {3 4 }
  - Chain level:
	State 1
		store_ln0 : 1
		store_ln253 : 1
		store_ln253 : 1
		indvar_flatten6_load : 1
		icmp_ln254 : 2
		add_ln254_1 : 2
		br_ln254 : 3
		store_ln254 : 3
	State 2
		add_ln254 : 1
		icmp_ln256 : 1
		select_ln253 : 2
		trunc_ln254 : 3
		select_ln254 : 2
		zext_ln258 : 3
		tmp_2 : 4
		add_ln258 : 5
		zext_ln258_17 : 6
		buf_r_addr : 7
		buf_r_load : 8
		add_ln256 : 3
		store_ln253 : 3
		store_ln253 : 4
	State 3
		zext_ln258_16 : 1
		sbox_addr : 2
		sbox_load_4 : 3
	State 4
		store_ln258 : 1


============================================================
+ Verbose Summary: Datapath Resource usage 
============================================================

* Functional unit list:
|----------|----------------------|---------|---------|
| Operation|    Functional Unit   |    FF   |   LUT   |
|----------|----------------------|---------|---------|
|          |  add_ln254_1_fu_111  |    0    |    13   |
|    add   |   add_ln254_fu_128   |    0    |    11   |
|          |   add_ln258_fu_172   |    0    |    13   |
|          |   add_ln256_fu_183   |    0    |    11   |
|----------|----------------------|---------|---------|
|   icmp   |   icmp_ln254_fu_105  |    0    |    13   |
|          |   icmp_ln256_fu_134  |    0    |    11   |
|----------|----------------------|---------|---------|
|  select  |  select_ln253_fu_140 |    0    |    3    |
|          |  select_ln254_fu_152 |    0    |    3    |
|----------|----------------------|---------|---------|
|   trunc  |  trunc_ln254_fu_148  |    0    |    0    |
|----------|----------------------|---------|---------|
|          |   zext_ln258_fu_160  |    0    |    0    |
|   zext   | zext_ln258_17_fu_178 |    0    |    0    |
|          | zext_ln258_16_fu_199 |    0    |    0    |
|----------|----------------------|---------|---------|
|bitconcatenate|     tmp_2_fu_164     |    0    |    0    |
|----------|----------------------|---------|---------|
|   Total  |                      |    0    |    78   |
|----------|----------------------|---------|---------|

Memories:
N/A

* Register list:
+-----------------------+--------+
|                       |   FF   |
+-----------------------+--------+
|   buf_r_addr_reg_229  |    4   |
|       i_reg_211       |    3   |
|   icmp_ln254_reg_225  |    1   |
|indvar_flatten6_reg_218|    5   |
|       j_reg_204       |    3   |
|   sbox_addr_reg_235   |    8   |
+-----------------------+--------+
|         Total         |   24   |
+-----------------------+--------+

* Multiplexer (MUX) list: 
|------------------|------|------|------|--------||---------||---------||---------|
|       Comp       |  Pin | Size |  BW  | S x BW ||  Delay  ||    FF   ||   LUT   |
|------------------|------|------|------|--------||---------||---------||---------|
| grp_access_fu_63 |  p2  |   2  |   0  |    0   ||    0    ||    9    |
| grp_access_fu_80 |  p0  |   2  |   8  |   16   ||    0    ||    9    |
|------------------|------|------|------|--------||---------||---------||---------|
|       Total      |      |      |      |   16   ||  3.176  ||    0    ||    18   |
|------------------|------|------|------|--------||---------||---------||---------|



* Summary:
+-----------+--------+--------+--------+
|           |  Delay |   FF   |   LUT  |
+-----------+--------+--------+--------+
|  Function |    -   |    0   |   78   |
|   Memory  |    -   |    -   |    -   |
|Multiplexer|    3   |    0   |   18   |
|  Register |    -   |   24   |    -   |
+-----------+--------+--------+--------+
|   Total   |    3   |   24   |   96   |
+-----------+--------+--------+--------+
