

================================================================
== Vitis HLS Report for 'Cipher_Pipeline_VITIS_LOOP_240_1_VITIS_LOOP_242_22'
================================================================
* Date:           Mon Mar  3 00:17:15 2025

* Version:        2024.1 (Build 5069499 on May 21 2024)
* Project:        AES_ECB_encrypt
* Solution:       hls (Vivado IP Flow Target)
* Product family: zynq
* Target device:  xc7z020-clg484-1


================================================================
== Performance Estimates
================================================================
+ Timing: 
    * Summary: 
    +--------+----------+----------+------------+
    |  Clock |  Target  | Estimated| Uncertainty|
    +--------+----------+----------+------------+
    |ap_clk  |  10.00 ns|  5.944 ns|     2.70 ns|
    +--------+----------+----------+------------+

+ Latency: 
    * Summary: 
    +---------+---------+----------+----------+-----+-----+-----------------------------------------------+
    |  Latency (cycles) |  Latency (absolute) |  Interval |                    Pipeline                   |
    |   min   |   max   |    min   |    max   | min | max |                      Type                     |
    +---------+---------+----------+----------+-----+-----+-----------------------------------------------+
    |       20|       20|  0.200 us|  0.200 us|   17|   17|  loop auto-rewind stp(delay=0 clock cycles(s))|
    +---------+---------+----------+----------+-----+-----+-----------------------------------------------+

    + Detail: 
        * Instance: 
        N/A

        * Loop: 
        +-------------------------------------+---------+---------+----------+-----------+-----------+------+----------+
        |                                     |  Latency (cycles) | Iteration|  Initiation Interval  | Trip |          |
        |              Loop Name              |   min   |   max   |  Latency |  achieved |   target  | Count| Pipelined|
        +-------------------------------------+---------+---------+----------+-----------+-----------+------+----------+
        |- VITIS_LOOP_240_1_VITIS_LOOP_242_2  |       18|       18|         4|          1|          1|    16|       yes|
        +-------------------------------------+---------+---------+----------+-----------+-----------+------+----------+

============================================================
+ Verbose Summary: Synthesis Manager
============================================================
InlineROM: 1
ExposeGlobal: 0
============================================================
+ Verbose Summary: CDFG Model
============================================================
IsTopModel: 0
ResetActiveHigh: 1
IsCombinational: 0
IsDatapathOnly: 0
HasWiredReturn: 1
HasMFsm: 2
HasVarLatency: 1
IsPipeline: 0
IsRtlPipelined: 0
IsInstanceOverlapped: 0
IsDontTouch: 0
HasImplIP: 0
IsGatedGlobalClock: 0

+ Individual pipeline summary: 
  * Pipeline-0: initiation interval (II) = 1, depth = 4


============================================================
+ Verbose Summary: Schedule
============================================================
* Number of FSM states : 4
* Pipeline : 1
  Pipeline-0 : II = 1, D = 4, States = { 1 2 3 4 }
* Dataflow Pipeline: 0

* FSM state transitions: 
1 --> 2 
2 --> 3 
3 --> 4 
4 --> 

* FSM state operations: 

State 1 <SV = 0> <Delay = 4.95>
ST_1 : Operation 7 [1/1] (0.00ns)   --->   "%j = alloca i32 1" [../../tiny-AES-c-mod/aes.c:239->../../tiny-AES-c-mod/aes.c:435]   --->   Operation 7 'alloca' 'j' <Predicate = true> <Delay = 0.00>
ST_1 : Operation 8 [1/1] (0.00ns)   --->   "%i = alloca i32 1" [../../tiny-AES-c-mod/aes.c:239->../../tiny-AES-c-mod/aes.c:435]   --->   Operation 8 'alloca' 'i' <Predicate = true> <Delay = 0.00>
ST_1 : Operation 9 [1/1] (0.00ns)   --->   "%indvar_flatten13 = alloca i32 1"   --->   Operation 9 'alloca' 'indvar_flatten13' <Predicate = true> <Delay = 0.00>
ST_1 : Operation 10 [1/1] (0.00ns)   --->   "%specinterface_ln0 = specinterface void @_ssdm_op_SpecInterface, i8 %buf_r, void @empty_1, i32 0, i32 0, void @empty_0, i32 4294967295, i32 0, void @empty_0, void @empty_0, void @empty_0, i32 0, i32 0, i32 0, i32 0, void @empty_0, void @empty_0, i32 4294967295, i32 0, i32 0"   --->   Operation 10 'specinterface' 'specinterface_ln0' <Predicate = true> <Delay = 0.00>
ST_1 : Operation 11 [1/1] (0.00ns)   --->   "%RoundKey_val_read = read i1536 @_ssdm_op_Read.ap_auto.i1536, i1536 %RoundKey_val"   --->   Operation 11 'read' 'RoundKey_val_read' <Predicate = true> <Delay = 0.00>
ST_1 : Operation 12 [1/1] (1.58ns)   --->   "%store_ln0 = store i5 0, i5 %indvar_flatten13"   --->   Operation 12 'store' 'store_ln0' <Predicate = true> <Delay = 1.58>
ST_1 : Operation 13 [1/1] (1.58ns)   --->   "%store_ln239 = store i3 0, i3 %i" [../../tiny-AES-c-mod/aes.c:239->../../tiny-AES-c-mod/aes.c:435]   --->   Operation 13 'store' 'store_ln239' <Predicate = true> <Delay = 1.58>
ST_1 : Operation 14 [1/1] (1.58ns)   --->   "%store_ln239 = store i3 0, i3 %j" [../../tiny-AES-c-mod/aes.c:239->../../tiny-AES-c-mod/aes.c:435]   --->   Operation 14 'store' 'store_ln239' <Predicate = true> <Delay = 1.58>
ST_1 : Operation 15 [1/1] (0.00ns)   --->   "%br_ln0 = br void %for.inc.i64"   --->   Operation 15 'br' 'br_ln0' <Predicate = true> <Delay = 0.00>
ST_1 : Operation 16 [1/1] (0.00ns)   --->   "%indvar_flatten13_load = load i5 %indvar_flatten13" [../../tiny-AES-c-mod/aes.c:240->../../tiny-AES-c-mod/aes.c:435]   --->   Operation 16 'load' 'indvar_flatten13_load' <Predicate = true> <Delay = 0.00>
ST_1 : Operation 17 [1/1] (1.78ns)   --->   "%icmp_ln240 = icmp_eq  i5 %indvar_flatten13_load, i5 16" [../../tiny-AES-c-mod/aes.c:240->../../tiny-AES-c-mod/aes.c:435]   --->   Operation 17 'icmp' 'icmp_ln240' <Predicate = true> <Delay = 1.78> <CoreInst = "Cmp">   --->   Core 9 'Cmp' <Latency = 0> <II = 1> <Delay = 1.78> <FuncUnit> <Opcode : 'seteq' 'setne' 'setle' 'setge' 'setlt' 'setgt'> <InPorts = 2> <OutPorts = 1>
ST_1 : Operation 18 [1/1] (1.78ns)   --->   "%add_ln240 = add i5 %indvar_flatten13_load, i5 1" [../../tiny-AES-c-mod/aes.c:240->../../tiny-AES-c-mod/aes.c:435]   --->   Operation 18 'add' 'add_ln240' <Predicate = true> <Delay = 1.78> <CoreInst = "Adder">   --->   Core 1 'Adder' <Latency = 0> <II = 1> <Delay = 1.78> <FuncUnit> <Opcode : 'add' 'sub'> <InPorts = 2> <OutPorts = 1>
ST_1 : Operation 19 [1/1] (0.00ns)   --->   "%br_ln240 = br i1 %icmp_ln240, void %for.inc18.i67, void %AddRoundKey.exit68.exitStub" [../../tiny-AES-c-mod/aes.c:240->../../tiny-AES-c-mod/aes.c:435]   --->   Operation 19 'br' 'br_ln240' <Predicate = true> <Delay = 0.00>
ST_1 : Operation 20 [1/1] (1.58ns)   --->   "%store_ln240 = store i5 %add_ln240, i5 %indvar_flatten13" [../../tiny-AES-c-mod/aes.c:240->../../tiny-AES-c-mod/aes.c:435]   --->   Operation 20 'store' 'store_ln240' <Predicate = (!icmp_ln240)> <Delay = 1.58>

State 2 <SV = 1> <Delay = 5.86>
ST_2 : Operation 21 [1/1] (0.00ns)   --->   "%j_load = load i3 %j" [../../tiny-AES-c-mod/aes.c:242->../../tiny-AES-c-mod/aes.c:435]   --->   Operation 21 'load' 'j_load' <Predicate = true> <Delay = 0.00>
ST_2 : Operation 22 [1/1] (0.00ns)   --->   "%i_load = load i3 %i" [../../tiny-AES-c-mod/aes.c:240->../../tiny-AES-c-mod/aes.c:435]   --->   Operation 22 'load' 'i_load' <Predicate = true> <Delay = 0.00>
ST_2 : Operation 23 [1/1] (1.65ns)   --->   "%add_ln240_1 = add i3 %i_load, i3 1" [../../tiny-AES-c-mod/aes.c:240->../../tiny-AES-c-mod/aes.c:435]   --->   Operation 23 'add' 'add_ln240_1' <Predicate = true> <Delay = 1.65> <CoreInst = "Adder">   --->   Core 1 'Adder' <Latency = 0> <II = 1> <Delay = 1.65> <FuncUnit> <Opcode : 'add' 'sub'> <InPorts = 2> <OutPorts = 1>
ST_2 : Operation 24 [1/1] (1.65ns)   --->   "%icmp_ln242 = icmp_eq  i3 %j_load, i3 4" [../../tiny-AES-c-mod/aes.c:242->../../tiny-AES-c-mod/aes.c:435]   --->   Operation 24 'icmp' 'icmp_ln242' <Predicate = true> <Delay = 1.65> <CoreInst = "Cmp">   --->   Core 9 'Cmp' <Latency = 0> <II = 1> <Delay = 1.65> <FuncUnit> <Opcode : 'seteq' 'setne' 'setle' 'setge' 'setlt' 'setgt'> <InPorts = 2> <OutPorts = 1>
ST_2 : Operation 25 [1/1] (0.98ns)   --->   "%select_ln239 = select i1 %icmp_ln242, i3 0, i3 %j_load" [../../tiny-AES-c-mod/aes.c:239->../../tiny-AES-c-mod/aes.c:435]   --->   Operation 25 'select' 'select_ln239' <Predicate = true> <Delay = 0.98> <CoreInst = "Sel">   --->   Core 73 'Sel' <Latency = 0> <II = 1> <Delay = 0.98> <FuncUnit> <Opcode : 'select'> <InPorts = 3> <OutPorts = 1>
ST_2 : Operation 26 [1/1] (0.98ns)   --->   "%select_ln240 = select i1 %icmp_ln242, i3 %add_ln240_1, i3 %i_load" [../../tiny-AES-c-mod/aes.c:240->../../tiny-AES-c-mod/aes.c:435]   --->   Operation 26 'select' 'select_ln240' <Predicate = true> <Delay = 0.98> <CoreInst = "Sel">   --->   Core 73 'Sel' <Latency = 0> <II = 1> <Delay = 0.98> <FuncUnit> <Opcode : 'select'> <InPorts = 3> <OutPorts = 1>
ST_2 : Operation 27 [1/1] (0.00ns)   --->   "%trunc_ln244 = trunc i3 %select_ln240" [../../tiny-AES-c-mod/aes.c:244->../../tiny-AES-c-mod/aes.c:435]   --->   Operation 27 'trunc' 'trunc_ln244' <Predicate = true> <Delay = 0.00>
ST_2 : Operation 28 [1/1] (0.00ns)   --->   "%trunc_ln244_16 = trunc i3 %select_ln239" [../../tiny-AES-c-mod/aes.c:244->../../tiny-AES-c-mod/aes.c:435]   --->   Operation 28 'trunc' 'trunc_ln244_16' <Predicate = true> <Delay = 0.00>
ST_2 : Operation 29 [1/1] (1.65ns)   --->   "%add_ln242 = add i3 %select_ln239, i3 1" [../../tiny-AES-c-mod/aes.c:242->../../tiny-AES-c-mod/aes.c:435]   --->   Operation 29 'add' 'add_ln242' <Predicate = true> <Delay = 1.65> <CoreInst = "Adder">   --->   Core 1 'Adder' <Latency = 0> <II = 1> <Delay = 1.65> <FuncUnit> <Opcode : 'add' 'sub'> <InPorts = 2> <OutPorts = 1>
ST_2 : Operation 30 [1/1] (1.58ns)   --->   "%store_ln239 = store i3 %select_ln240, i3 %i" [../../tiny-AES-c-mod/aes.c:239->../../tiny-AES-c-mod/aes.c:435]   --->   Operation 30 'store' 'store_ln239' <Predicate = true> <Delay = 1.58>
ST_2 : Operation 31 [1/1] (1.58ns)   --->   "%store_ln239 = store i3 %add_ln242, i3 %j" [../../tiny-AES-c-mod/aes.c:239->../../tiny-AES-c-mod/aes.c:435]   --->   Operation 31 'store' 'store_ln239' <Predicate = true> <Delay = 1.58>

State 3 <SV = 2> <Delay = 5.94>
ST_3 : Operation 32 [1/1] (0.00ns)   --->   "%tmp_s = bitconcatenate i4 @_ssdm_op_BitConcatenate.i4.i2.i2, i2 %trunc_ln244, i2 0" [../../tiny-AES-c-mod/aes.c:244->../../tiny-AES-c-mod/aes.c:435]   --->   Operation 32 'bitconcatenate' 'tmp_s' <Predicate = true> <Delay = 0.00>
ST_3 : Operation 33 [1/1] (0.00ns)   --->   "%zext_ln244 = zext i3 %select_ln239" [../../tiny-AES-c-mod/aes.c:244->../../tiny-AES-c-mod/aes.c:435]   --->   Operation 33 'zext' 'zext_ln244' <Predicate = true> <Delay = 0.00>
ST_3 : Operation 34 [1/1] (1.73ns)   --->   "%add_ln244 = add i4 %tmp_s, i4 %zext_ln244" [../../tiny-AES-c-mod/aes.c:244->../../tiny-AES-c-mod/aes.c:435]   --->   Operation 34 'add' 'add_ln244' <Predicate = true> <Delay = 1.73> <CoreInst = "Adder">   --->   Core 1 'Adder' <Latency = 0> <II = 1> <Delay = 1.73> <FuncUnit> <Opcode : 'add' 'sub'> <InPorts = 2> <OutPorts = 1>
ST_3 : Operation 35 [1/1] (0.00ns)   --->   "%zext_ln244_19 = zext i4 %add_ln244" [../../tiny-AES-c-mod/aes.c:244->../../tiny-AES-c-mod/aes.c:435]   --->   Operation 35 'zext' 'zext_ln244_19' <Predicate = true> <Delay = 0.00>
ST_3 : Operation 36 [1/1] (0.00ns)   --->   "%buf_r_addr = getelementptr i8 %buf_r, i64 0, i64 %zext_ln244_19" [../../tiny-AES-c-mod/aes.c:244->../../tiny-AES-c-mod/aes.c:435]   --->   Operation 36 'getelementptr' 'buf_r_addr' <Predicate = true> <Delay = 0.00>
ST_3 : Operation 37 [1/1] (0.00ns)   --->   "%tmp = bitconcatenate i4 @_ssdm_op_BitConcatenate.i4.i2.i2, i2 %trunc_ln244, i2 %trunc_ln244_16" [../../tiny-AES-c-mod/aes.c:244->../../tiny-AES-c-mod/aes.c:435]   --->   Operation 37 'bitconcatenate' 'tmp' <Predicate = true> <Delay = 0.00>
ST_3 : Operation 38 [1/1] (0.00ns)   --->   "%zext_ln244_20 = zext i4 %tmp" [../../tiny-AES-c-mod/aes.c:244->../../tiny-AES-c-mod/aes.c:435]   --->   Operation 38 'zext' 'zext_ln244_20' <Predicate = true> <Delay = 0.00>
ST_3 : Operation 39 [1/1] (0.00ns)   --->   "%zext_ln244_17_cast = bitconcatenate i11 @_ssdm_op_BitConcatenate.i11.i3.i5.i3, i3 5, i5 %zext_ln244_20, i3 0" [../../tiny-AES-c-mod/aes.c:244->../../tiny-AES-c-mod/aes.c:435]   --->   Operation 39 'bitconcatenate' 'zext_ln244_17_cast' <Predicate = true> <Delay = 0.00>
ST_3 : Operation 40 [1/1] (0.00ns)   --->   "%zext_ln244_21 = zext i11 %zext_ln244_17_cast" [../../tiny-AES-c-mod/aes.c:244->../../tiny-AES-c-mod/aes.c:435]   --->   Operation 40 'zext' 'zext_ln244_21' <Predicate = true> <Delay = 0.00>
ST_3 : Operation 41 [1/1] (5.94ns)   --->   "%lshr_ln244 = lshr i1536 %RoundKey_val_read, i1536 %zext_ln244_21" [../../tiny-AES-c-mod/aes.c:244->../../tiny-AES-c-mod/aes.c:435]   --->   Operation 41 'lshr' 'lshr_ln244' <Predicate = true> <Delay = 5.94> <CoreInst = "Shifter">   --->   Core 75 'Shifter' <Latency = 0> <II = 1> <Delay = 5.94> <FuncUnit> <Opcode : 'shl' 'lshr' 'ashr'> <InPorts = 2> <OutPorts = 1>
ST_3 : Operation 42 [1/1] (0.00ns)   --->   "%trunc_ln244_17 = trunc i1536 %lshr_ln244" [../../tiny-AES-c-mod/aes.c:244->../../tiny-AES-c-mod/aes.c:435]   --->   Operation 42 'trunc' 'trunc_ln244_17' <Predicate = true> <Delay = 0.00>
ST_3 : Operation 43 [2/2] (2.32ns)   --->   "%buf_r_load = load i4 %buf_r_addr" [../../tiny-AES-c-mod/aes.c:244->../../tiny-AES-c-mod/aes.c:435]   --->   Operation 43 'load' 'buf_r_load' <Predicate = true> <Delay = 2.32> <CoreInst = "RAM">   --->   Core 81 'RAM' <Latency = 1> <II = 1> <Delay = 2.32> <Storage> <Opcode : 'load' 'store'> <Ports = 2> <Width = 8> <Depth = 16> <RAM>
ST_3 : Operation 51 [1/1] (1.58ns)   --->   "%ret_ln0 = ret"   --->   Operation 51 'ret' 'ret_ln0' <Predicate = (icmp_ln240)> <Delay = 1.58>

State 4 <SV = 3> <Delay = 5.63>
ST_4 : Operation 44 [1/1] (0.00ns)   --->   "%specloopname_ln0 = specloopname void @_ssdm_op_SpecLoopName, void @VITIS_LOOP_240_1_VITIS_LOOP_242_2_str"   --->   Operation 44 'specloopname' 'specloopname_ln0' <Predicate = true> <Delay = 0.00>
ST_4 : Operation 45 [1/1] (0.00ns)   --->   "%speclooptripcount_ln0 = speclooptripcount void @_ssdm_op_SpecLoopTripCount, i64 16, i64 16, i64 16"   --->   Operation 45 'speclooptripcount' 'speclooptripcount_ln0' <Predicate = true> <Delay = 0.00>
ST_4 : Operation 46 [1/1] (0.00ns)   --->   "%specpipeline_ln239 = specpipeline void @_ssdm_op_SpecPipeline, i32 4294967295, i32 0, i32 0, i32 0, void @empty_0" [../../tiny-AES-c-mod/aes.c:239->../../tiny-AES-c-mod/aes.c:435]   --->   Operation 46 'specpipeline' 'specpipeline_ln239' <Predicate = true> <Delay = 0.00>
ST_4 : Operation 47 [1/2] (2.32ns)   --->   "%buf_r_load = load i4 %buf_r_addr" [../../tiny-AES-c-mod/aes.c:244->../../tiny-AES-c-mod/aes.c:435]   --->   Operation 47 'load' 'buf_r_load' <Predicate = true> <Delay = 2.32> <CoreInst = "RAM">   --->   Core 81 'RAM' <Latency = 1> <II = 1> <Delay = 2.32> <Storage> <Opcode : 'load' 'store'> <Ports = 2> <Width = 8> <Depth = 16> <RAM>
ST_4 : Operation 48 [1/1] (0.99ns)   --->   "%xor_ln244 = xor i8 %buf_r_load, i8 %trunc_ln244_17" [../../tiny-AES-c-mod/aes.c:244->../../tiny-AES-c-mod/aes.c:435]   --->   Operation 48 'xor' 'xor_ln244' <Predicate = true> <Delay = 0.99> <CoreInst = "LogicGate">   --->   Core 74 'LogicGate' <Latency = 0> <II = 1> <Delay = 0.99> <FuncUnit> <Opcode : 'and' 'or' 'xor'> <InPorts = 2> <OutPorts = 1>
ST_4 : Operation 49 [1/1] (2.32ns)   --->   "%store_ln244 = store i8 %xor_ln244, i4 %buf_r_addr" [../../tiny-AES-c-mod/aes.c:244->../../tiny-AES-c-mod/aes.c:435]   --->   Operation 49 'store' 'store_ln244' <Predicate = true> <Delay = 2.32> <CoreInst = "RAM">   --->   Core 81 'RAM' <Latency = 1> <II = 1> <Delay = 2.32> <Storage> <Opcode : 'load' 'store'> <Ports = 2> <Width = 8> <Depth = 16> <RAM>
ST_4 : Operation 50 [1/1] (0.00ns)   --->   "%br_ln242 = br void %for.inc.i64" [../../tiny-AES-c-mod/aes.c:242->../../tiny-AES-c-mod/aes.c:435]   --->   Operation 50 'br' 'br_ln242' <Predicate = true> <Delay = 0.00>


============================================================
+ Verbose Summary: Binding
============================================================
STG Binding: 
---------------- STG Properties BEGIN ----------------
- Is combinational: 0
- Is one-state seq: 0
- Is datapath-only: 0
- Is pipelined: 0
- Is top level: 0
Port [ Return ] is wired: 1; IO mode=ap_ctrl_hs:ce=0
Port [ buf_r]:  wired=1; compound=1; hidden=0; nouse=0; global=0; static=0; extern=0; dir=2; type=1; pingpong=0; private_global=0; MemPort=[01]; IO mode=ap_memory:ce=0
Port [ RoundKey_val]:  wired=1; compound=0; hidden=0; nouse=0; global=0; static=0; extern=0; dir=0; type=0; pingpong=0; private_global=0; IO mode=ap_none:ce=0
---------------- STG Properties END ------------------

---------------- Datapath Model BEGIN ----------------

<LifeTime>
<method=bitvector/>
j                     (alloca           ) [ 01100]
i                     (alloca           ) [ 01100]
indvar_flatten13      (alloca           ) [ 01000]
specinterface_ln0     (specinterface    ) [ 00000]
RoundKey_val_read     (read             ) [ 01110]
store_ln0             (store            ) [ 00000]
store_ln239           (store            ) [ 00000]
store_ln239           (store            ) [ 00000]
br_ln0                (br               ) [ 00000]
indvar_flatten13_load (load             ) [ 00000]
icmp_ln240            (icmp             ) [ 01110]
add_ln240             (add              ) [ 00000]
br_ln240              (br               ) [ 00000]
store_ln240           (store            ) [ 00000]
j_load                (load             ) [ 00000]
i_load                (load             ) [ 00000]
add_ln240_1           (add              ) [ 00000]
icmp_ln242            (icmp             ) [ 00000]
select_ln239          (select           ) [ 01010]
select_ln240          (select           ) [ 00000]
trunc_ln244           (trunc            ) [ 01010]
trunc_ln244_16        (trunc            ) [ 01010]
add_ln242             (add              ) [ 00000]
store_ln239           (store            ) [ 00000]
store_ln239           (store            ) [ 00000]
tmp_s                 (bitconcatenate   ) [ 00000]
zext_ln244            (zext             ) [ 00000]
add_ln244             (add              ) [ 00000]
zext_ln244_19         (zext             ) [ 00000]
buf_r_addr            (getelementptr    ) [ 01001]
tmp                   (bitconcatenate   ) [ 00000]
zext_ln244_20         (zext             ) [ 00000]
zext_ln244_17_cast    (bitconcatenate   ) [ 00000]
zext_ln244_21         (zext             ) [ 00000]
lshr_ln244            (lshr             ) [ 00000]
trunc_ln244_17        (trunc            ) [ 01001]
specloopname_ln0      (specloopname     ) [ 00000]
speclooptripcount_ln0 (speclooptripcount) [ 00000]
specpipeline_ln239    (specpipeline     ) [ 00000]
buf_r_load            (load             ) [ 00000]
xor_ln244             (xor              ) [ 00000]
store_ln244           (store            ) [ 00000]
br_ln242              (br               ) [ 00000]
ret_ln0               (ret              ) [ 00000]
</LifeTime>

<model>

<comp_list>
<comp id="0" class="1000" name="buf_r">
<pin_list>
<pin id="1" dir="1" index="0" bw="1" slack="0"/>
</pin_list>
<bind>
<StgValue><ssdm name="buf_r"/><MemPortTyVec>0 1 </MemPortTyVec>
</StgValue>
</bind>
</comp>

<comp id="2" class="1000" name="RoundKey_val">
<pin_list>
<pin id="3" dir="1" index="0" bw="1" slack="0"/>
</pin_list>
<bind>
<StgValue><ssdm name="RoundKey_val"/></StgValue>
</bind>
</comp>

<comp id="4" class="1001" name="const_4">
<pin_list>
<pin id="5" dir="1" index="0" bw="1" slack="0"/>
</pin_list>
<bind>
<StgValue><ssdm name=""/></StgValue>
</bind>
</comp>

<comp id="6" class="1001" name="const_6">
<pin_list>
<pin id="7" dir="1" index="0" bw="1" slack="2147483647"/>
</pin_list>
<bind>
<StgValue><ssdm name="_ssdm_op_SpecInterface"/></StgValue>
</bind>
</comp>

<comp id="8" class="1001" name="const_8">
<pin_list>
<pin id="9" dir="1" index="0" bw="1" slack="2147483647"/>
</pin_list>
<bind>
<StgValue><ssdm name="empty_1"/></StgValue>
</bind>
</comp>

<comp id="10" class="1001" name="const_10">
<pin_list>
<pin id="11" dir="1" index="0" bw="1" slack="2147483647"/>
</pin_list>
<bind>
<StgValue><ssdm name=""/></StgValue>
</bind>
</comp>

<comp id="12" class="1001" name="const_12">
<pin_list>
<pin id="13" dir="1" index="0" bw="1" slack="2147483647"/>
</pin_list>
<bind>
<StgValue><ssdm name="empty_0"/></StgValue>
</bind>
</comp>

<comp id="14" class="1001" name="const_14">
<pin_list>
<pin id="15" dir="1" index="0" bw="1" slack="2147483647"/>
</pin_list>
<bind>
<StgValue><ssdm name=""/></StgValue>
</bind>
</comp>

<comp id="16" class="1001" name="const_16">
<pin_list>
<pin id="17" dir="1" index="0" bw="1" slack="0"/>
</pin_list>
<bind>
<StgValue><ssdm name="_ssdm_op_Read.ap_auto.i1536"/></StgValue>
</bind>
</comp>

<comp id="18" class="1001" name="const_18">
<pin_list>
<pin id="19" dir="1" index="0" bw="1" slack="0"/>
</pin_list>
<bind>
<StgValue><ssdm name=""/></StgValue>
</bind>
</comp>

<comp id="20" class="1001" name="const_20">
<pin_list>
<pin id="21" dir="1" index="0" bw="1" slack="0"/>
</pin_list>
<bind>
<StgValue><ssdm name=""/></StgValue>
</bind>
</comp>

<comp id="22" class="1001" name="const_22">
<pin_list>
<pin id="23" dir="1" index="0" bw="1" slack="0"/>
</pin_list>
<bind>
<StgValue><ssdm name=""/></StgValue>
</bind>
</comp>

<comp id="24" class="1001" name="const_24">
<pin_list>
<pin id="25" dir="1" index="0" bw="1" slack="0"/>
</pin_list>
<bind>
<StgValue><ssdm name=""/></StgValue>
</bind>
</comp>

<comp id="26" class="1001" name="const_26">
<pin_list>
<pin id="27" dir="1" index="0" bw="1" slack="0"/>
</pin_list>
<bind>
<StgValue><ssdm name=""/></StgValue>
</bind>
</comp>

<comp id="28" class="1001" name="const_28">
<pin_list>
<pin id="29" dir="1" index="0" bw="1" slack="0"/>
</pin_list>
<bind>
<StgValue><ssdm name=""/></StgValue>
</bind>
</comp>

<comp id="30" class="1001" name="const_30">
<pin_list>
<pin id="31" dir="1" index="0" bw="1" slack="0"/>
</pin_list>
<bind>
<StgValue><ssdm name="_ssdm_op_BitConcatenate.i4.i2.i2"/></StgValue>
</bind>
</comp>

<comp id="32" class="1001" name="const_32">
<pin_list>
<pin id="33" dir="1" index="0" bw="1" slack="0"/>
</pin_list>
<bind>
<StgValue><ssdm name=""/></StgValue>
</bind>
</comp>

<comp id="34" class="1001" name="const_34">
<pin_list>
<pin id="35" dir="1" index="0" bw="1" slack="0"/>
</pin_list>
<bind>
<StgValue><ssdm name=""/></StgValue>
</bind>
</comp>

<comp id="36" class="1001" name="const_36">
<pin_list>
<pin id="37" dir="1" index="0" bw="1" slack="0"/>
</pin_list>
<bind>
<StgValue><ssdm name="_ssdm_op_BitConcatenate.i11.i3.i5.i3"/></StgValue>
</bind>
</comp>

<comp id="38" class="1001" name="const_38">
<pin_list>
<pin id="39" dir="1" index="0" bw="1" slack="0"/>
</pin_list>
<bind>
<StgValue><ssdm name=""/></StgValue>
</bind>
</comp>

<comp id="40" class="1001" name="const_40">
<pin_list>
<pin id="41" dir="1" index="0" bw="1" slack="2147483647"/>
</pin_list>
<bind>
<StgValue><ssdm name="_ssdm_op_SpecLoopName"/></StgValue>
</bind>
</comp>

<comp id="42" class="1001" name="const_42">
<pin_list>
<pin id="43" dir="1" index="0" bw="1" slack="2147483647"/>
</pin_list>
<bind>
<StgValue><ssdm name="VITIS_LOOP_240_1_VITIS_LOOP_242_2_str"/></StgValue>
</bind>
</comp>

<comp id="44" class="1001" name="const_44">
<pin_list>
<pin id="45" dir="1" index="0" bw="1" slack="2147483647"/>
</pin_list>
<bind>
<StgValue><ssdm name="_ssdm_op_SpecLoopTripCount"/></StgValue>
</bind>
</comp>

<comp id="46" class="1001" name="const_46">
<pin_list>
<pin id="47" dir="1" index="0" bw="1" slack="2147483647"/>
</pin_list>
<bind>
<StgValue><ssdm name=""/></StgValue>
</bind>
</comp>

<comp id="48" class="1001" name="const_48">
<pin_list>
<pin id="49" dir="1" index="0" bw="1" slack="2147483647"/>
</pin_list>
<bind>
<StgValue><ssdm name="_ssdm_op_SpecPipeline"/></StgValue>
</bind>
</comp>

<comp id="50" class="1004" name="j_fu_50">
<pin_list>
<pin id="51" dir="0" index="0" bw="1" slack="0"/>
<pin id="52" dir="1" index="1" bw="3" slack="0"/>
</pin_list>
<bind>
<opcode="alloca(26) " fcode="alloca"/>
<opset="j/1 "/>
</bind>
</comp>

<comp id="54" class="1004" name="i_fu_54">
<pin_list>
<pin id="55" dir="0" index="0" bw="1" slack="0"/>
<pin id="56" dir="1" index="1" bw="3" slack="0"/>
</pin_list>
<bind>
<opcode="alloca(26) " fcode="alloca"/>
<opset="i/1 "/>
</bind>
</comp>

<comp id="58" class="1004" name="indvar_flatten13_fu_58">
<pin_list>
<pin id="59" dir="0" index="0" bw="1" slack="0"/>
<pin id="60" dir="1" index="1" bw="5" slack="0"/>
</pin_list>
<bind>
<opcode="alloca(26) " fcode="alloca"/>
<opset="indvar_flatten13/1 "/>
</bind>
</comp>

<comp id="62" class="1004" name="RoundKey_val_read_read_fu_62">
<pin_list>
<pin id="63" dir="0" index="0" bw="1536" slack="0"/>
<pin id="64" dir="0" index="1" bw="1536" slack="0"/>
<pin id="65" dir="1" index="2" bw="1536" slack="2"/>
</pin_list>
<bind>
<opcode="read(1150) " fcode="read"/>
<opset="RoundKey_val_read/1 "/>
</bind>
</comp>

<comp id="68" class="1004" name="buf_r_addr_gep_fu_68">
<pin_list>
<pin id="69" dir="0" index="0" bw="8" slack="0"/>
<pin id="70" dir="0" index="1" bw="1" slack="0"/>
<pin id="71" dir="0" index="2" bw="4" slack="0"/>
<pin id="72" dir="1" index="3" bw="4" slack="0"/>
</pin_list>
<bind>
<opcode="getelementptr(29) " fcode="getelementptr"/>
<opset="buf_r_addr/3 "/>
</bind>
</comp>

<comp id="75" class="1004" name="grp_access_fu_75">
<pin_list>
<pin id="76" dir="0" index="0" bw="4" slack="1"/>
<pin id="77" dir="0" index="1" bw="8" slack="0"/>
<pin id="78" dir="0" index="2" bw="0" slack="0"/>
<pin id="80" dir="0" index="4" bw="4" slack="2147483647"/>
<pin id="81" dir="0" index="5" bw="8" slack="2147483647"/>
<pin id="82" dir="0" index="6" bw="0" slack="2147483647"/>
<pin id="79" dir="1" index="3" bw="8" slack="2147483647"/>
<pin id="83" dir="1" index="7" bw="8" slack="0"/>
</pin_list>
<bind>
<opcode="load(27) store(28) " fcode="store"/>
<opset="buf_r_load/3 store_ln244/4 "/>
</bind>
</comp>

<comp id="85" class="1004" name="store_ln0_store_fu_85">
<pin_list>
<pin id="86" dir="0" index="0" bw="1" slack="0"/>
<pin id="87" dir="0" index="1" bw="5" slack="0"/>
<pin id="88" dir="1" index="2" bw="0" slack="2147483647"/>
</pin_list>
<bind>
<opcode="store(28) " fcode="store"/>
<opset="store_ln0/1 "/>
</bind>
</comp>

<comp id="90" class="1004" name="store_ln239_store_fu_90">
<pin_list>
<pin id="91" dir="0" index="0" bw="1" slack="0"/>
<pin id="92" dir="0" index="1" bw="3" slack="0"/>
<pin id="93" dir="1" index="2" bw="0" slack="2147483647"/>
</pin_list>
<bind>
<opcode="store(28) " fcode="store"/>
<opset="store_ln239/1 "/>
</bind>
</comp>

<comp id="95" class="1004" name="store_ln239_store_fu_95">
<pin_list>
<pin id="96" dir="0" index="0" bw="1" slack="0"/>
<pin id="97" dir="0" index="1" bw="3" slack="0"/>
<pin id="98" dir="1" index="2" bw="0" slack="2147483647"/>
</pin_list>
<bind>
<opcode="store(28) " fcode="store"/>
<opset="store_ln239/1 "/>
</bind>
</comp>

<comp id="100" class="1004" name="indvar_flatten13_load_load_fu_100">
<pin_list>
<pin id="101" dir="0" index="0" bw="5" slack="0"/>
<pin id="102" dir="1" index="1" bw="5" slack="0"/>
</pin_list>
<bind>
<opcode="load(27) " fcode="load"/>
<opset="indvar_flatten13_load/1 "/>
</bind>
</comp>

<comp id="103" class="1004" name="icmp_ln240_fu_103">
<pin_list>
<pin id="104" dir="0" index="0" bw="5" slack="0"/>
<pin id="105" dir="0" index="1" bw="5" slack="0"/>
<pin id="106" dir="1" index="2" bw="1" slack="2"/>
</pin_list>
<bind>
<opcode="icmp(45) " fcode="icmp"/>
<opset="icmp_ln240/1 "/>
</bind>
</comp>

<comp id="109" class="1004" name="add_ln240_fu_109">
<pin_list>
<pin id="110" dir="0" index="0" bw="5" slack="0"/>
<pin id="111" dir="0" index="1" bw="1" slack="0"/>
<pin id="112" dir="1" index="2" bw="5" slack="0"/>
</pin_list>
<bind>
<opcode="add(8) " fcode="add"/>
<opset="add_ln240/1 "/>
</bind>
</comp>

<comp id="115" class="1004" name="store_ln240_store_fu_115">
<pin_list>
<pin id="116" dir="0" index="0" bw="5" slack="0"/>
<pin id="117" dir="0" index="1" bw="5" slack="0"/>
<pin id="118" dir="1" index="2" bw="0" slack="2147483647"/>
</pin_list>
<bind>
<opcode="store(28) " fcode="store"/>
<opset="store_ln240/1 "/>
</bind>
</comp>

<comp id="120" class="1004" name="j_load_load_fu_120">
<pin_list>
<pin id="121" dir="0" index="0" bw="3" slack="1"/>
<pin id="122" dir="1" index="1" bw="3" slack="0"/>
</pin_list>
<bind>
<opcode="load(27) " fcode="load"/>
<opset="j_load/2 "/>
</bind>
</comp>

<comp id="123" class="1004" name="i_load_load_fu_123">
<pin_list>
<pin id="124" dir="0" index="0" bw="3" slack="1"/>
<pin id="125" dir="1" index="1" bw="3" slack="0"/>
</pin_list>
<bind>
<opcode="load(27) " fcode="load"/>
<opset="i_load/2 "/>
</bind>
</comp>

<comp id="126" class="1004" name="add_ln240_1_fu_126">
<pin_list>
<pin id="127" dir="0" index="0" bw="3" slack="0"/>
<pin id="128" dir="0" index="1" bw="1" slack="0"/>
<pin id="129" dir="1" index="2" bw="3" slack="0"/>
</pin_list>
<bind>
<opcode="add(8) " fcode="add"/>
<opset="add_ln240_1/2 "/>
</bind>
</comp>

<comp id="132" class="1004" name="icmp_ln242_fu_132">
<pin_list>
<pin id="133" dir="0" index="0" bw="3" slack="0"/>
<pin id="134" dir="0" index="1" bw="3" slack="0"/>
<pin id="135" dir="1" index="2" bw="1" slack="0"/>
</pin_list>
<bind>
<opcode="icmp(45) " fcode="icmp"/>
<opset="icmp_ln242/2 "/>
</bind>
</comp>

<comp id="138" class="1004" name="select_ln239_fu_138">
<pin_list>
<pin id="139" dir="0" index="0" bw="1" slack="0"/>
<pin id="140" dir="0" index="1" bw="1" slack="0"/>
<pin id="141" dir="0" index="2" bw="3" slack="0"/>
<pin id="142" dir="1" index="3" bw="3" slack="0"/>
</pin_list>
<bind>
<opcode="select(49) " fcode="select"/>
<opset="select_ln239/2 "/>
</bind>
</comp>

<comp id="146" class="1004" name="select_ln240_fu_146">
<pin_list>
<pin id="147" dir="0" index="0" bw="1" slack="0"/>
<pin id="148" dir="0" index="1" bw="3" slack="0"/>
<pin id="149" dir="0" index="2" bw="3" slack="0"/>
<pin id="150" dir="1" index="3" bw="3" slack="0"/>
</pin_list>
<bind>
<opcode="select(49) " fcode="select"/>
<opset="select_ln240/2 "/>
</bind>
</comp>

<comp id="154" class="1004" name="trunc_ln244_fu_154">
<pin_list>
<pin id="155" dir="0" index="0" bw="3" slack="0"/>
<pin id="156" dir="1" index="1" bw="2" slack="1"/>
</pin_list>
<bind>
<opcode="trunc(33) " fcode="trunc"/>
<opset="trunc_ln244/2 "/>
</bind>
</comp>

<comp id="158" class="1004" name="trunc_ln244_16_fu_158">
<pin_list>
<pin id="159" dir="0" index="0" bw="3" slack="0"/>
<pin id="160" dir="1" index="1" bw="2" slack="1"/>
</pin_list>
<bind>
<opcode="trunc(33) " fcode="trunc"/>
<opset="trunc_ln244_16/2 "/>
</bind>
</comp>

<comp id="162" class="1004" name="add_ln242_fu_162">
<pin_list>
<pin id="163" dir="0" index="0" bw="3" slack="0"/>
<pin id="164" dir="0" index="1" bw="1" slack="0"/>
<pin id="165" dir="1" index="2" bw="3" slack="0"/>
</pin_list>
<bind>
<opcode="add(8) " fcode="add"/>
<opset="add_ln242/2 "/>
</bind>
</comp>

<comp id="168" class="1004" name="store_ln239_store_fu_168">
<pin_list>
<pin id="169" dir="0" index="0" bw="3" slack="0"/>
<pin id="170" dir="0" index="1" bw="3" slack="1"/>
<pin id="171" dir="1" index="2" bw="0" slack="2147483647"/>
</pin_list>
<bind>
<opcode="store(28) " fcode="store"/>
<opset="store_ln239/2 "/>
</bind>
</comp>

<comp id="173" class="1004" name="store_ln239_store_fu_173">
<pin_list>
<pin id="174" dir="0" index="0" bw="3" slack="0"/>
<pin id="175" dir="0" index="1" bw="3" slack="1"/>
<pin id="176" dir="1" index="2" bw="0" slack="2147483647"/>
</pin_list>
<bind>
<opcode="store(28) " fcode="store"/>
<opset="store_ln239/2 "/>
</bind>
</comp>

<comp id="178" class="1004" name="tmp_s_fu_178">
<pin_list>
<pin id="179" dir="0" index="0" bw="4" slack="0"/>
<pin id="180" dir="0" index="1" bw="2" slack="1"/>
<pin id="181" dir="0" index="2" bw="1" slack="0"/>
<pin id="182" dir="1" index="3" bw="4" slack="0"/>
</pin_list>
<bind>
<opcode="bitconcatenate(1004) " fcode="bitconcatenate"/>
<opset="tmp_s/3 "/>
</bind>
</comp>

<comp id="185" class="1004" name="zext_ln244_fu_185">
<pin_list>
<pin id="186" dir="0" index="0" bw="3" slack="1"/>
<pin id="187" dir="1" index="1" bw="4" slack="0"/>
</pin_list>
<bind>
<opcode="zext(34) " fcode="zext"/>
<opset="zext_ln244/3 "/>
</bind>
</comp>

<comp id="188" class="1004" name="add_ln244_fu_188">
<pin_list>
<pin id="189" dir="0" index="0" bw="4" slack="0"/>
<pin id="190" dir="0" index="1" bw="3" slack="0"/>
<pin id="191" dir="1" index="2" bw="4" slack="0"/>
</pin_list>
<bind>
<opcode="add(8) " fcode="add"/>
<opset="add_ln244/3 "/>
</bind>
</comp>

<comp id="194" class="1004" name="zext_ln244_19_fu_194">
<pin_list>
<pin id="195" dir="0" index="0" bw="4" slack="0"/>
<pin id="196" dir="1" index="1" bw="64" slack="0"/>
</pin_list>
<bind>
<opcode="zext(34) " fcode="zext"/>
<opset="zext_ln244_19/3 "/>
</bind>
</comp>

<comp id="199" class="1004" name="tmp_fu_199">
<pin_list>
<pin id="200" dir="0" index="0" bw="4" slack="0"/>
<pin id="201" dir="0" index="1" bw="2" slack="1"/>
<pin id="202" dir="0" index="2" bw="2" slack="1"/>
<pin id="203" dir="1" index="3" bw="4" slack="0"/>
</pin_list>
<bind>
<opcode="bitconcatenate(1004) " fcode="bitconcatenate"/>
<opset="tmp/3 "/>
</bind>
</comp>

<comp id="205" class="1004" name="zext_ln244_20_fu_205">
<pin_list>
<pin id="206" dir="0" index="0" bw="4" slack="0"/>
<pin id="207" dir="1" index="1" bw="5" slack="0"/>
</pin_list>
<bind>
<opcode="zext(34) " fcode="zext"/>
<opset="zext_ln244_20/3 "/>
</bind>
</comp>

<comp id="209" class="1004" name="zext_ln244_17_cast_fu_209">
<pin_list>
<pin id="210" dir="0" index="0" bw="11" slack="0"/>
<pin id="211" dir="0" index="1" bw="3" slack="0"/>
<pin id="212" dir="0" index="2" bw="4" slack="0"/>
<pin id="213" dir="0" index="3" bw="1" slack="0"/>
<pin id="214" dir="1" index="4" bw="11" slack="0"/>
</pin_list>
<bind>
<opcode="bitconcatenate(1004) " fcode="bitconcatenate"/>
<opset="zext_ln244_17_cast/3 "/>
</bind>
</comp>

<comp id="219" class="1004" name="zext_ln244_21_fu_219">
<pin_list>
<pin id="220" dir="0" index="0" bw="11" slack="0"/>
<pin id="221" dir="1" index="1" bw="1536" slack="0"/>
</pin_list>
<bind>
<opcode="zext(34) " fcode="zext"/>
<opset="zext_ln244_21/3 "/>
</bind>
</comp>

<comp id="223" class="1004" name="lshr_ln244_fu_223">
<pin_list>
<pin id="224" dir="0" index="0" bw="1536" slack="2"/>
<pin id="225" dir="0" index="1" bw="11" slack="0"/>
<pin id="226" dir="1" index="2" bw="1536" slack="0"/>
</pin_list>
<bind>
<opcode="lshr(21) " fcode="lshr"/>
<opset="lshr_ln244/3 "/>
</bind>
</comp>

<comp id="228" class="1004" name="trunc_ln244_17_fu_228">
<pin_list>
<pin id="229" dir="0" index="0" bw="1536" slack="0"/>
<pin id="230" dir="1" index="1" bw="8" slack="1"/>
</pin_list>
<bind>
<opcode="trunc(33) " fcode="trunc"/>
<opset="trunc_ln244_17/3 "/>
</bind>
</comp>

<comp id="232" class="1004" name="xor_ln244_fu_232">
<pin_list>
<pin id="233" dir="0" index="0" bw="8" slack="0"/>
<pin id="234" dir="0" index="1" bw="8" slack="1"/>
<pin id="235" dir="1" index="2" bw="8" slack="0"/>
</pin_list>
<bind>
<opcode="xor(25) " fcode="xor"/>
<opset="xor_ln244/4 "/>
</bind>
</comp>

<comp id="238" class="1005" name="j_reg_238">
<pin_list>
<pin id="239" dir="0" index="0" bw="3" slack="0"/>
<pin id="240" dir="1" index="1" bw="3" slack="0"/>
</pin_list>
<bind>
<opset="j "/>
</bind>
</comp>

<comp id="245" class="1005" name="i_reg_245">
<pin_list>
<pin id="246" dir="0" index="0" bw="3" slack="0"/>
<pin id="247" dir="1" index="1" bw="3" slack="0"/>
</pin_list>
<bind>
<opset="i "/>
</bind>
</comp>

<comp id="252" class="1005" name="indvar_flatten13_reg_252">
<pin_list>
<pin id="253" dir="0" index="0" bw="5" slack="0"/>
<pin id="254" dir="1" index="1" bw="5" slack="0"/>
</pin_list>
<bind>
<opset="indvar_flatten13 "/>
</bind>
</comp>

<comp id="259" class="1005" name="RoundKey_val_read_reg_259">
<pin_list>
<pin id="260" dir="0" index="0" bw="1536" slack="2"/>
<pin id="261" dir="1" index="1" bw="1536" slack="2"/>
</pin_list>
<bind>
<opset="RoundKey_val_read "/>
</bind>
</comp>

<comp id="264" class="1005" name="icmp_ln240_reg_264">
<pin_list>
<pin id="265" dir="0" index="0" bw="1" slack="2"/>
<pin id="266" dir="1" index="1" bw="1" slack="2147483647"/>
</pin_list>
<bind>
<opset="icmp_ln240 "/>
</bind>
</comp>

<comp id="268" class="1005" name="select_ln239_reg_268">
<pin_list>
<pin id="269" dir="0" index="0" bw="3" slack="1"/>
<pin id="270" dir="1" index="1" bw="3" slack="1"/>
</pin_list>
<bind>
<opset="select_ln239 "/>
</bind>
</comp>

<comp id="273" class="1005" name="trunc_ln244_reg_273">
<pin_list>
<pin id="274" dir="0" index="0" bw="2" slack="1"/>
<pin id="275" dir="1" index="1" bw="2" slack="1"/>
</pin_list>
<bind>
<opset="trunc_ln244 "/>
</bind>
</comp>

<comp id="279" class="1005" name="trunc_ln244_16_reg_279">
<pin_list>
<pin id="280" dir="0" index="0" bw="2" slack="1"/>
<pin id="281" dir="1" index="1" bw="2" slack="1"/>
</pin_list>
<bind>
<opset="trunc_ln244_16 "/>
</bind>
</comp>

<comp id="284" class="1005" name="buf_r_addr_reg_284">
<pin_list>
<pin id="285" dir="0" index="0" bw="4" slack="1"/>
<pin id="286" dir="1" index="1" bw="4" slack="1"/>
</pin_list>
<bind>
<opset="buf_r_addr "/>
</bind>
</comp>

<comp id="290" class="1005" name="trunc_ln244_17_reg_290">
<pin_list>
<pin id="291" dir="0" index="0" bw="8" slack="1"/>
<pin id="292" dir="1" index="1" bw="8" slack="1"/>
</pin_list>
<bind>
<opset="trunc_ln244_17 "/>
</bind>
</comp>

</comp_list>

<net_list>
<net id="53"><net_src comp="4" pin="0"/><net_sink comp="50" pin=0"/></net>

<net id="57"><net_src comp="4" pin="0"/><net_sink comp="54" pin=0"/></net>

<net id="61"><net_src comp="4" pin="0"/><net_sink comp="58" pin=0"/></net>

<net id="66"><net_src comp="16" pin="0"/><net_sink comp="62" pin=0"/></net>

<net id="67"><net_src comp="2" pin="0"/><net_sink comp="62" pin=1"/></net>

<net id="73"><net_src comp="0" pin="0"/><net_sink comp="68" pin=0"/></net>

<net id="74"><net_src comp="34" pin="0"/><net_sink comp="68" pin=1"/></net>

<net id="84"><net_src comp="68" pin="3"/><net_sink comp="75" pin=2"/></net>

<net id="89"><net_src comp="18" pin="0"/><net_sink comp="85" pin=0"/></net>

<net id="94"><net_src comp="20" pin="0"/><net_sink comp="90" pin=0"/></net>

<net id="99"><net_src comp="20" pin="0"/><net_sink comp="95" pin=0"/></net>

<net id="107"><net_src comp="100" pin="1"/><net_sink comp="103" pin=0"/></net>

<net id="108"><net_src comp="22" pin="0"/><net_sink comp="103" pin=1"/></net>

<net id="113"><net_src comp="100" pin="1"/><net_sink comp="109" pin=0"/></net>

<net id="114"><net_src comp="24" pin="0"/><net_sink comp="109" pin=1"/></net>

<net id="119"><net_src comp="109" pin="2"/><net_sink comp="115" pin=0"/></net>

<net id="130"><net_src comp="123" pin="1"/><net_sink comp="126" pin=0"/></net>

<net id="131"><net_src comp="26" pin="0"/><net_sink comp="126" pin=1"/></net>

<net id="136"><net_src comp="120" pin="1"/><net_sink comp="132" pin=0"/></net>

<net id="137"><net_src comp="28" pin="0"/><net_sink comp="132" pin=1"/></net>

<net id="143"><net_src comp="132" pin="2"/><net_sink comp="138" pin=0"/></net>

<net id="144"><net_src comp="20" pin="0"/><net_sink comp="138" pin=1"/></net>

<net id="145"><net_src comp="120" pin="1"/><net_sink comp="138" pin=2"/></net>

<net id="151"><net_src comp="132" pin="2"/><net_sink comp="146" pin=0"/></net>

<net id="152"><net_src comp="126" pin="2"/><net_sink comp="146" pin=1"/></net>

<net id="153"><net_src comp="123" pin="1"/><net_sink comp="146" pin=2"/></net>

<net id="157"><net_src comp="146" pin="3"/><net_sink comp="154" pin=0"/></net>

<net id="161"><net_src comp="138" pin="3"/><net_sink comp="158" pin=0"/></net>

<net id="166"><net_src comp="138" pin="3"/><net_sink comp="162" pin=0"/></net>

<net id="167"><net_src comp="26" pin="0"/><net_sink comp="162" pin=1"/></net>

<net id="172"><net_src comp="146" pin="3"/><net_sink comp="168" pin=0"/></net>

<net id="177"><net_src comp="162" pin="2"/><net_sink comp="173" pin=0"/></net>

<net id="183"><net_src comp="30" pin="0"/><net_sink comp="178" pin=0"/></net>

<net id="184"><net_src comp="32" pin="0"/><net_sink comp="178" pin=2"/></net>

<net id="192"><net_src comp="178" pin="3"/><net_sink comp="188" pin=0"/></net>

<net id="193"><net_src comp="185" pin="1"/><net_sink comp="188" pin=1"/></net>

<net id="197"><net_src comp="188" pin="2"/><net_sink comp="194" pin=0"/></net>

<net id="198"><net_src comp="194" pin="1"/><net_sink comp="68" pin=2"/></net>

<net id="204"><net_src comp="30" pin="0"/><net_sink comp="199" pin=0"/></net>

<net id="208"><net_src comp="199" pin="3"/><net_sink comp="205" pin=0"/></net>

<net id="215"><net_src comp="36" pin="0"/><net_sink comp="209" pin=0"/></net>

<net id="216"><net_src comp="38" pin="0"/><net_sink comp="209" pin=1"/></net>

<net id="217"><net_src comp="205" pin="1"/><net_sink comp="209" pin=2"/></net>

<net id="218"><net_src comp="20" pin="0"/><net_sink comp="209" pin=3"/></net>

<net id="222"><net_src comp="209" pin="4"/><net_sink comp="219" pin=0"/></net>

<net id="227"><net_src comp="219" pin="1"/><net_sink comp="223" pin=1"/></net>

<net id="231"><net_src comp="223" pin="2"/><net_sink comp="228" pin=0"/></net>

<net id="236"><net_src comp="75" pin="7"/><net_sink comp="232" pin=0"/></net>

<net id="237"><net_src comp="232" pin="2"/><net_sink comp="75" pin=1"/></net>

<net id="241"><net_src comp="50" pin="1"/><net_sink comp="238" pin=0"/></net>

<net id="242"><net_src comp="238" pin="1"/><net_sink comp="95" pin=1"/></net>

<net id="243"><net_src comp="238" pin="1"/><net_sink comp="120" pin=0"/></net>

<net id="244"><net_src comp="238" pin="1"/><net_sink comp="173" pin=1"/></net>

<net id="248"><net_src comp="54" pin="1"/><net_sink comp="245" pin=0"/></net>

<net id="249"><net_src comp="245" pin="1"/><net_sink comp="90" pin=1"/></net>

<net id="250"><net_src comp="245" pin="1"/><net_sink comp="123" pin=0"/></net>

<net id="251"><net_src comp="245" pin="1"/><net_sink comp="168" pin=1"/></net>

<net id="255"><net_src comp="58" pin="1"/><net_sink comp="252" pin=0"/></net>

<net id="256"><net_src comp="252" pin="1"/><net_sink comp="85" pin=1"/></net>

<net id="257"><net_src comp="252" pin="1"/><net_sink comp="100" pin=0"/></net>

<net id="258"><net_src comp="252" pin="1"/><net_sink comp="115" pin=1"/></net>

<net id="262"><net_src comp="62" pin="2"/><net_sink comp="259" pin=0"/></net>

<net id="263"><net_src comp="259" pin="1"/><net_sink comp="223" pin=0"/></net>

<net id="267"><net_src comp="103" pin="2"/><net_sink comp="264" pin=0"/></net>

<net id="271"><net_src comp="138" pin="3"/><net_sink comp="268" pin=0"/></net>

<net id="272"><net_src comp="268" pin="1"/><net_sink comp="185" pin=0"/></net>

<net id="276"><net_src comp="154" pin="1"/><net_sink comp="273" pin=0"/></net>

<net id="277"><net_src comp="273" pin="1"/><net_sink comp="178" pin=1"/></net>

<net id="278"><net_src comp="273" pin="1"/><net_sink comp="199" pin=1"/></net>

<net id="282"><net_src comp="158" pin="1"/><net_sink comp="279" pin=0"/></net>

<net id="283"><net_src comp="279" pin="1"/><net_sink comp="199" pin=2"/></net>

<net id="287"><net_src comp="68" pin="3"/><net_sink comp="284" pin=0"/></net>

<net id="288"><net_src comp="284" pin="1"/><net_sink comp="75" pin=2"/></net>

<net id="289"><net_src comp="284" pin="1"/><net_sink comp="75" pin=0"/></net>

<net id="293"><net_src comp="228" pin="1"/><net_sink comp="290" pin=0"/></net>

<net id="294"><net_src comp="290" pin="1"/><net_sink comp="232" pin=1"/></net>

</net_list>

</model> 
---------------- Datapath Model END ------------------

* FSMD analyzer results:
  - Output states:
	Port: buf_r | {4 }
 - Input state : 
	Port: Cipher_Pipeline_VITIS_LOOP_240_1_VITIS_LOOP_242_22 : buf_r | {3 4 }
	Port: Cipher_Pipeline_VITIS_LOOP_240_1_VITIS_LOOP_242_22 : RoundKey_val | {1 }
  - Chain level:
	State 1
		store_ln0 : 1
		store_ln239 : 1
		store_ln239 : 1
		indvar_flatten13_load : 1
		icmp_ln240 : 2
		add_ln240 : 2
		br_ln240 : 3
		store_ln240 : 3
	State 2
		add_ln240_1 : 1
		icmp_ln242 : 1
		select_ln239 : 2
		select_ln240 : 2
		trunc_ln244 : 3
		trunc_ln244_16 : 3
		add_ln242 : 3
		store_ln239 : 3
		store_ln239 : 4
	State 3
		add_ln244 : 1
		zext_ln244_19 : 2
		buf_r_addr : 3
		zext_ln244_20 : 1
		zext_ln244_17_cast : 2
		zext_ln244_21 : 3
		lshr_ln244 : 4
		trunc_ln244_17 : 5
		buf_r_load : 4
	State 4
		xor_ln244 : 1
		store_ln244 : 1


============================================================
+ Verbose Summary: Datapath Resource usage 
============================================================

* Functional unit list:
|----------|------------------------------|---------|---------|
| Operation|        Functional Unit       |    FF   |   LUT   |
|----------|------------------------------|---------|---------|
|   lshr   |       lshr_ln244_fu_223      |    0    |   2171  |
|----------|------------------------------|---------|---------|
|          |       add_ln240_fu_109       |    0    |    13   |
|    add   |      add_ln240_1_fu_126      |    0    |    11   |
|          |       add_ln242_fu_162       |    0    |    11   |
|          |       add_ln244_fu_188       |    0    |    13   |
|----------|------------------------------|---------|---------|
|   icmp   |       icmp_ln240_fu_103      |    0    |    13   |
|          |       icmp_ln242_fu_132      |    0    |    11   |
|----------|------------------------------|---------|---------|
|    xor   |       xor_ln244_fu_232       |    0    |    8    |
|----------|------------------------------|---------|---------|
|  select  |      select_ln239_fu_138     |    0    |    3    |
|          |      select_ln240_fu_146     |    0    |    3    |
|----------|------------------------------|---------|---------|
|   read   | RoundKey_val_read_read_fu_62 |    0    |    0    |
|----------|------------------------------|---------|---------|
|          |      trunc_ln244_fu_154      |    0    |    0    |
|   trunc  |     trunc_ln244_16_fu_158    |    0    |    0    |
|          |     trunc_ln244_17_fu_228    |    0    |    0    |
|----------|------------------------------|---------|---------|
|          |         tmp_s_fu_178         |    0    |    0    |
|bitconcatenate|          tmp_fu_199          |    0    |    0    |
|          |   zext_ln244_17_cast_fu_209  |    0    |    0    |
|----------|------------------------------|---------|---------|
|          |       zext_ln244_fu_185      |    0    |    0    |
|   zext   |     zext_ln244_19_fu_194     |    0    |    0    |
|          |     zext_ln244_20_fu_205     |    0    |    0    |
|          |     zext_ln244_21_fu_219     |    0    |    0    |
|----------|------------------------------|---------|---------|
|   Total  |                              |    0    |   2257  |
|----------|------------------------------|---------|---------|

Memories:
N/A

* Register list:
+-------------------------+--------+
|                         |   FF   |
+-------------------------+--------+
|RoundKey_val_read_reg_259|  1536  |
|    buf_r_addr_reg_284   |    4   |
|        i_reg_245        |    3   |
|    icmp_ln240_reg_264   |    1   |
| indvar_flatten13_reg_252|    5   |
|        j_reg_238        |    3   |
|   select_ln239_reg_268  |    3   |
|  trunc_ln244_16_reg_279 |    2   |
|  trunc_ln244_17_reg_290 |    8   |
|   trunc_ln244_reg_273   |    2   |
+-------------------------+--------+
|          Total          |  1567  |
+-------------------------+--------+

* Multiplexer (MUX) list: 
|------------------|------|------|------|--------||---------||---------||---------|
|       Comp       |  Pin | Size |  BW  | S x BW ||  Delay  ||    FF   ||   LUT   |
|------------------|------|------|------|--------||---------||---------||---------|
| grp_access_fu_75 |  p2  |   2  |   0  |    0   ||    0    ||    9    |
|------------------|------|------|------|--------||---------||---------||---------|
|       Total      |      |      |      |    0   ||  1.588  ||    0    ||    9    |
|------------------|------|------|------|--------||---------||---------||---------|



* Summary:
+-----------+--------+--------+--------+
|           |  Delay |   FF   |   LUT  |
+-----------+--------+--------+--------+
|  Function |    -   |    0   |  2257  |
|   Memory  |    -   |    -   |    -   |
|Multiplexer|    1   |    0   |    9   |
|  Register |    -   |  1567  |    -   |
+-----------+--------+--------+--------+
|   Total   |    1   |  1567  |  2266  |
+-----------+--------+--------+--------+
