INFO: [vitis-run 60-1548] Creating build summary session with primary output /home/ctf/research/hls/my_hls/vitis/param_set_1/tiny-aes-ecb-partition-258/AES_ECB_encrypt/AES_ECB_encrypt.hlsrun_csim_summary, at Sat Jan 25 21:03:47 2025
INFO: [vitis-run 82-31] Launching vitis_hls: vitis_hls -nolog -run csim -work_dir /home/ctf/research/hls/my_hls/vitis/param_set_1/tiny-aes-ecb-partition-258/AES_ECB_encrypt -config /home/ctf/research/hls/my_hls/vitis/param_set_1/tiny-aes-ecb-partition-258/hls_config.cfg -cmdlineconfig /home/ctf/research/hls/my_hls/vitis/param_set_1/tiny-aes-ecb-partition-258/AES_ECB_encrypt/hls/config.cmdline

****** Vitis HLS - High-Level Synthesis from C, C++ and OpenCL v2024.1 (64-bit)
  **** SW Build 5069499 on May 21 2024
  **** IP Build 5075265 on Wed May 22 21:45:21 MDT 2024
  **** SharedData Build 5076995 on Wed May 22 18:29:18 MDT 2024
  **** Start of session at: Sat Jan 25 21:03:50 2025
    ** Copyright 1986-2022 Xilinx, Inc. All Rights Reserved.
    ** Copyright 2022-2024 Advanced Micro Devices, Inc. All Rights Reserved.

source /home/ctf/research/Xilinx/Vitis_HLS/2024.1/scripts/vitis_hls/hls.tcl -notrace
INFO: [HLS 200-10] For user 'ctf' on host 'CTF.myguest.org' (Linux_x86_64 version 6.8.0-51-generic) on Sat Jan 25 21:03:55 EST 2025
INFO: [HLS 200-10] On os Ubuntu 22.04.4 LTS
INFO: [HLS 200-10] In directory '/home/ctf/research/hls/my_hls/vitis/param_set_1/tiny-aes-ecb-partition-258'
INFO: [HLS 200-2005] Using work_dir /home/ctf/research/hls/my_hls/vitis/param_set_1/tiny-aes-ecb-partition-258/AES_ECB_encrypt 
INFO: [HLS 200-1505] Using default flow_target 'vivado'
Resolution: For help on HLS 200-1505 see docs.xilinx.com/access/sources/dita/topic?Doc_Version=2024.1%20English&url=ug1448-hls-guidance&resourceid=200-1505.html
INFO: [HLS 200-1465] Applying ini 'syn.file=/home/ctf/research/hls/my_hls/vitis/tiny-AES-c-mod/aes.c' from /home/ctf/research/hls/my_hls/vitis/param_set_1/tiny-aes-ecb-partition-258/hls_config.cfg(8)
INFO: [HLS 200-10] Adding design file '/home/ctf/research/hls/my_hls/vitis/tiny-AES-c-mod/aes.c' to the project
INFO: [HLS 200-1465] Applying ini 'tb.file=/home/ctf/research/hls/my_hls/vitis/tiny-AES-c-mod/test.c' from /home/ctf/research/hls/my_hls/vitis/param_set_1/tiny-aes-ecb-partition-258/hls_config.cfg(9)
INFO: [HLS 200-10] Adding test bench file '/home/ctf/research/hls/my_hls/vitis/tiny-AES-c-mod/test.c' to the project
INFO: [HLS 200-1465] Applying ini 'syn.top=AES_ECB_encrypt' from /home/ctf/research/hls/my_hls/vitis/param_set_1/tiny-aes-ecb-partition-258/hls_config.cfg(7)
INFO: [HLS 200-1465] Applying ini 'flow_target=vivado' from /home/ctf/research/hls/my_hls/vitis/param_set_1/tiny-aes-ecb-partition-258/hls_config.cfg(4)
INFO: [HLS 200-1505] Using flow_target 'vivado'
Resolution: For help on HLS 200-1505 see docs.xilinx.com/access/sources/dita/topic?Doc_Version=2024.1%20English&url=ug1448-hls-guidance&resourceid=200-1505.html
INFO: [HLS 200-1465] Applying ini 'part=xc7z020clg484-1' from /home/ctf/research/hls/my_hls/vitis/param_set_1/tiny-aes-ecb-partition-258/hls_config.cfg(1)
INFO: [HLS 200-1611] Setting target device to 'xc7z020-clg484-1'
INFO: [HLS 200-1465] Applying ini 'package.output.format=ip_catalog' from /home/ctf/research/hls/my_hls/vitis/param_set_1/tiny-aes-ecb-partition-258/hls_config.cfg(5)
INFO: [HLS 200-1465] Applying ini 'syn.array_partition.complete_threshold=258' from /home/ctf/research/hls/my_hls/vitis/param_set_1/tiny-aes-ecb-partition-258/hls_config.cfg(10)
INFO: [XFORM 203-102] Size-based automatic array partition enabled: cut-off elements per dimension is 258.
INFO: [SIM 211-2] *************** CSIM start ***************
INFO: [SIM 211-4] CSIM will launch CLANG as the compiler.
INFO: [HLS 200-2036] Building debug C Simulation binaries
   Compiling ../../../../../../tiny-AES-c-mod/test.c in debug mode
   Compiling ../../../../../../tiny-AES-c-mod/aes.c in debug mode
   Generating csim.exe
../../../../../../tiny-AES-c-mod/test.c:123:27: warning: incompatible pointer types passing 'uint8_t[16]' (aka 'unsigned char[16]') to parameter of type 'uint8_t (*)[4]' (aka 'unsigned char (*)[4]') [-Wincompatible-pointer-types]
    AES_ECB_encrypt(&ctx, in);
                          ^~
../../../../../../tiny-AES-c-mod/aes.h:62:57: note: passing argument to parameter 'buf' here
void AES_ECB_encrypt(const struct AES_ctx* ctx, uint8_t buf[4][4]);
                                                        ^
../../../../../../tiny-AES-c-mod/test.c:155:27: warning: incompatible pointer types passing 'uint8_t[16]' (aka 'unsigned char[16]') to parameter of type 'uint8_t (*)[4]' (aka 'unsigned char (*)[4]') [-Wincompatible-pointer-types]
    AES_ECB_decrypt(&ctx, in);
                          ^~
../../../../../../tiny-AES-c-mod/aes.h:63:57: note: passing argument to parameter 'buf' here
void AES_ECB_decrypt(const struct AES_ctx* ctx, uint8_t buf[4][4]);
                                                        ^
2 warnings generated.

Testing AES128

ECB decrypt: SUCCESS!
ECB encrypt: SUCCESS!

Tests complete

INFO: [SIM 211-1] CSim done with 0 errors.
INFO: [SIM 211-3] *************** CSIM finish ***************
INFO: [HLS 200-112] Total CPU user time: 7.23 seconds. Total CPU system time: 1.14 seconds. Total elapsed time: 8.79 seconds; peak allocated memory: 275.824 MB.
INFO: [vitis-run 60-791] Total elapsed time: 0h 0m 14s
