Sat Jan 25 21:03:46 2025: Running xcd server. This server was built by gradle.
Sat Jan 25 21:03:46 2025: Server was asked to start on port: '32919'
Sat Jan 25 21:03:46 2025: Server is using token UUID: '77908d63-adc4-4994-9d22-99f7f7c51bc7'
Sat Jan 25 21:03:46 2025: SESSION_MGR: creating session with session uuid: '6d04a3e9-ade5-4ab9-8d63-1f78fcd2ec76' and name 'default'
Sat Jan 25 21:03:46 2025: Attempting to start server on port '32919'
Sat Jan 25 21:03:46 2025: XCD main fifo: created main fifo '/tmp/xcdmain77908d63-adc4-4994-9d22-99f7f7c51bc7', fd read = 13
Sat Jan 25 21:03:46 2025: Running Dispatch Server
Sat Jan 25 21:03:46 2025: Version 2.2.0
Sat Jan 25 21:03:47 2025: Dispatch Server: Accepted socket connection from client
Sat Jan 25 21:03:47 2025: Starting Socket connection
Sat Jan 25 21:03:47 2025: EXCHANGE_TOKEN received, server token: 77908d63-adc4-4994-9d22-99f7f7c51bc7, passed token: 77908d63-adc4-4994-9d22-99f7f7c51bc7
Sat Jan 25 21:03:47 2025: DISPATCH_HANDLER: Adding handler from function makeHandler in library libxv_system_diagram
Sat Jan 25 21:03:47 2025: SESSION_MGR: creating session with session uuid: '40e1b053-b668-42df-824e-e2a40efff804' and name 'vitis-run_compile_AES_ECB_encrypt'
Sat Jan 25 21:03:47 2025: KERNEL_SVC: creating session with uuid: '40e1b053-b668-42df-824e-e2a40efff804' and name 'vitis-run_compile_AES_ECB_encrypt'
Sat Jan 25 21:03:47 2025: GUIDANCE_SMGR: creating guidance session with uuid: '40e1b053-b668-42df-824e-e2a40efff804' and name 'vitis-run_compile_AES_ECB_encrypt'
Sat Jan 25 21:03:47 2025: SYSTEM_DIAGRAM: creating session with uuid: '40e1b053-b668-42df-824e-e2a40efff804' and name 'vitis-run_compile_AES_ECB_encrypt'
Sat Jan 25 21:03:58 2025: Dispatch Server: Accepted socket connection from client
Sat Jan 25 21:03:58 2025: Starting Socket connection
Sat Jan 25 21:03:59 2025: SESSION_MGR: closing session for UUID '40e1b053-b668-42df-824e-e2a40efff804' with name 'vitis-run_compile_AES_ECB_encrypt'
Sat Jan 25 21:03:59 2025: KERNEL_SVC: closing session for UUID '40e1b053-b668-42df-824e-e2a40efff804' with name 'vitis-run_compile_AES_ECB_encrypt'
Sat Jan 25 21:03:59 2025: GUIDANCE_SMGR: closing session for UUID '40e1b053-b668-42df-824e-e2a40efff804' with name 'vitis-run_compile_AES_ECB_encrypt'
Sat Jan 25 21:03:59 2025: SYSTEM_DIAGRAM: closing session for UUID '40e1b053-b668-42df-824e-e2a40efff804' with name 'vitis-run_compile_AES_ECB_encrypt'
Sat Jan 25 21:03:59 2025: STOP_SERVER received, server token: 77908d63-adc4-4994-9d22-99f7f7c51bc7, passed token: 77908d63-adc4-4994-9d22-99f7f7c51bc7
Sat Jan 25 21:03:59 2025: Socket received request to stop server.
Sat Jan 25 21:03:59 2025: Dispatch Server: do_await_stop
Sat Jan 25 21:03:59 2025: Dispatch Server: stopping mainFifo_
Sat Jan 25 21:03:59 2025: XCD main fifo: Stopping
Sat Jan 25 21:03:59 2025: XCD main fifo: do_read error code: Operation canceled
Sat Jan 25 21:03:59 2025: XCD main fifo: bytes_transferred: 0
Sat Jan 25 21:03:59 2025: SERVER: destructor for server bound to port 32919
Sat Jan 25 21:03:59 2025: XCD main fifo: Good unlink of /tmp/xcdmain77908d63-adc4-4994-9d22-99f7f7c51bc7
Sat Jan 25 21:03:59 2025: Server exiting with status 0.
Sat Jan 25 21:03:59 2025: Closing log file.
Sat Jan 25 21:04:25 2025: Running xcd server. This server was built by gradle.
Sat Jan 25 21:04:25 2025: Server was asked to start on port: '43951'
Sat Jan 25 21:04:25 2025: Server is using token UUID: '84f915e2-2ec0-409f-90ef-7be3324f6896'
Sat Jan 25 21:04:25 2025: SESSION_MGR: creating session with session uuid: '6d04a3e9-ade5-4ab9-8d63-1f78fcd2ec76' and name 'default'
Sat Jan 25 21:04:25 2025: Attempting to start server on port '43951'
Sat Jan 25 21:04:25 2025: XCD main fifo: created main fifo '/tmp/xcdmain84f915e2-2ec0-409f-90ef-7be3324f6896', fd read = 13
Sat Jan 25 21:04:25 2025: Running Dispatch Server
Sat Jan 25 21:04:25 2025: Version 2.2.0
Sat Jan 25 21:04:25 2025: Dispatch Server: Accepted socket connection from client
Sat Jan 25 21:04:25 2025: Starting Socket connection
Sat Jan 25 21:04:25 2025: EXCHANGE_TOKEN received, server token: 84f915e2-2ec0-409f-90ef-7be3324f6896, passed token: 84f915e2-2ec0-409f-90ef-7be3324f6896
Sat Jan 25 21:04:26 2025: DISPATCH_HANDLER: Adding handler from function makeHandler in library libxv_system_diagram
Sat Jan 25 21:04:26 2025: SESSION_MGR: creating session with session uuid: '6c80af8c-4254-49ec-bd7b-89c5ac5a15f3' and name 'v++_compile_AES_ECB_encrypt'
Sat Jan 25 21:04:26 2025: KERNEL_SVC: creating session with uuid: '6c80af8c-4254-49ec-bd7b-89c5ac5a15f3' and name 'v++_compile_AES_ECB_encrypt'
Sat Jan 25 21:04:26 2025: GUIDANCE_SMGR: creating guidance session with uuid: '6c80af8c-4254-49ec-bd7b-89c5ac5a15f3' and name 'v++_compile_AES_ECB_encrypt'
Sat Jan 25 21:04:26 2025: SYSTEM_DIAGRAM: creating session with uuid: '6c80af8c-4254-49ec-bd7b-89c5ac5a15f3' and name 'v++_compile_AES_ECB_encrypt'
Sat Jan 25 21:04:35 2025: Dispatch Server: Accepted socket connection from client
Sat Jan 25 21:04:35 2025: Starting Socket connection
Sat Jan 25 21:04:56 2025: SESSION_MGR: closing session for UUID '6c80af8c-4254-49ec-bd7b-89c5ac5a15f3' with name 'v++_compile_AES_ECB_encrypt'
Sat Jan 25 21:04:56 2025: KERNEL_SVC: closing session for UUID '6c80af8c-4254-49ec-bd7b-89c5ac5a15f3' with name 'v++_compile_AES_ECB_encrypt'
Sat Jan 25 21:04:56 2025: GUIDANCE_SMGR: closing session for UUID '6c80af8c-4254-49ec-bd7b-89c5ac5a15f3' with name 'v++_compile_AES_ECB_encrypt'
Sat Jan 25 21:04:56 2025: SYSTEM_DIAGRAM: closing session for UUID '6c80af8c-4254-49ec-bd7b-89c5ac5a15f3' with name 'v++_compile_AES_ECB_encrypt'
Sat Jan 25 21:04:56 2025: STOP_SERVER received, server token: 84f915e2-2ec0-409f-90ef-7be3324f6896, passed token: 84f915e2-2ec0-409f-90ef-7be3324f6896
Sat Jan 25 21:04:56 2025: Socket received request to stop server.
Sat Jan 25 21:04:56 2025: Dispatch Server: do_await_stop
Sat Jan 25 21:04:56 2025: Dispatch Server: stopping mainFifo_
Sat Jan 25 21:04:56 2025: XCD main fifo: Stopping
Sat Jan 25 21:04:56 2025: XCD main fifo: do_read error code: Operation canceled
Sat Jan 25 21:04:56 2025: XCD main fifo: bytes_transferred: 0
Sat Jan 25 21:04:56 2025: SERVER: destructor for server bound to port 43951
Sat Jan 25 21:04:56 2025: XCD main fifo: Good unlink of /tmp/xcdmain84f915e2-2ec0-409f-90ef-7be3324f6896
Sat Jan 25 21:04:56 2025: Server exiting with status 0.
Sat Jan 25 21:04:56 2025: Closing log file.
Sat Jan 25 21:05:09 2025: Running xcd server. This server was built by gradle.
Sat Jan 25 21:05:09 2025: Server was asked to start on port: '36633'
Sat Jan 25 21:05:09 2025: Server is using token UUID: '8ff47b12-41d1-4132-83fe-ae4a44630c5d'
Sat Jan 25 21:05:09 2025: SESSION_MGR: creating session with session uuid: '6d04a3e9-ade5-4ab9-8d63-1f78fcd2ec76' and name 'default'
Sat Jan 25 21:05:09 2025: Attempting to start server on port '36633'
Sat Jan 25 21:05:09 2025: XCD main fifo: created main fifo '/tmp/xcdmain8ff47b12-41d1-4132-83fe-ae4a44630c5d', fd read = 13
Sat Jan 25 21:05:09 2025: Running Dispatch Server
Sat Jan 25 21:05:09 2025: Version 2.2.0
Sat Jan 25 21:05:09 2025: Dispatch Server: Accepted socket connection from client
Sat Jan 25 21:05:09 2025: Starting Socket connection
Sat Jan 25 21:05:09 2025: EXCHANGE_TOKEN received, server token: 8ff47b12-41d1-4132-83fe-ae4a44630c5d, passed token: 8ff47b12-41d1-4132-83fe-ae4a44630c5d
Sat Jan 25 21:05:10 2025: DISPATCH_HANDLER: Adding handler from function makeHandler in library libxv_system_diagram
Sat Jan 25 21:05:10 2025: SESSION_MGR: creating session with session uuid: '7d4d5e40-684d-41c3-bbc0-638453ea0dba' and name 'vitis-run_compile_AES_ECB_encrypt'
Sat Jan 25 21:05:10 2025: KERNEL_SVC: creating session with uuid: '7d4d5e40-684d-41c3-bbc0-638453ea0dba' and name 'vitis-run_compile_AES_ECB_encrypt'
Sat Jan 25 21:05:10 2025: GUIDANCE_SMGR: creating guidance session with uuid: '7d4d5e40-684d-41c3-bbc0-638453ea0dba' and name 'vitis-run_compile_AES_ECB_encrypt'
Sat Jan 25 21:05:10 2025: SYSTEM_DIAGRAM: creating session with uuid: '7d4d5e40-684d-41c3-bbc0-638453ea0dba' and name 'vitis-run_compile_AES_ECB_encrypt'
Sat Jan 25 21:05:19 2025: Dispatch Server: Accepted socket connection from client
Sat Jan 25 21:05:19 2025: Starting Socket connection
Sat Jan 25 21:05:51 2025: SESSION_MGR: closing session for UUID '7d4d5e40-684d-41c3-bbc0-638453ea0dba' with name 'vitis-run_compile_AES_ECB_encrypt'
Sat Jan 25 21:05:51 2025: KERNEL_SVC: closing session for UUID '7d4d5e40-684d-41c3-bbc0-638453ea0dba' with name 'vitis-run_compile_AES_ECB_encrypt'
Sat Jan 25 21:05:51 2025: GUIDANCE_SMGR: closing session for UUID '7d4d5e40-684d-41c3-bbc0-638453ea0dba' with name 'vitis-run_compile_AES_ECB_encrypt'
Sat Jan 25 21:05:51 2025: SYSTEM_DIAGRAM: closing session for UUID '7d4d5e40-684d-41c3-bbc0-638453ea0dba' with name 'vitis-run_compile_AES_ECB_encrypt'
Sat Jan 25 21:05:51 2025: STOP_SERVER received, server token: 8ff47b12-41d1-4132-83fe-ae4a44630c5d, passed token: 8ff47b12-41d1-4132-83fe-ae4a44630c5d
Sat Jan 25 21:05:51 2025: Socket received request to stop server.
Sat Jan 25 21:05:51 2025: Dispatch Server: do_await_stop
Sat Jan 25 21:05:51 2025: Dispatch Server: stopping mainFifo_
Sat Jan 25 21:05:51 2025: XCD main fifo: Stopping
Sat Jan 25 21:05:51 2025: XCD main fifo: do_read error code: Operation canceled
Sat Jan 25 21:05:51 2025: XCD main fifo: bytes_transferred: 0
Sat Jan 25 21:05:51 2025: SERVER: destructor for server bound to port 36633
Sat Jan 25 21:05:51 2025: XCD main fifo: Good unlink of /tmp/xcdmain8ff47b12-41d1-4132-83fe-ae4a44630c5d
Sat Jan 25 21:05:51 2025: Server exiting with status 0.
Sat Jan 25 21:05:51 2025: Closing log file.
Sat Jan 25 21:21:12 2025: Running xcd server. This server was built by gradle.
Sat Jan 25 21:21:12 2025: Server was asked to start on port: '38775'
Sat Jan 25 21:21:12 2025: Server is using token UUID: 'fa5e2830-cc24-4d4b-be14-7cb8be345ae1'
Sat Jan 25 21:21:12 2025: SESSION_MGR: creating session with session uuid: '6d04a3e9-ade5-4ab9-8d63-1f78fcd2ec76' and name 'default'
Sat Jan 25 21:21:12 2025: Attempting to start server on port '38775'
Sat Jan 25 21:21:12 2025: XCD main fifo: created main fifo '/tmp/xcdmainfa5e2830-cc24-4d4b-be14-7cb8be345ae1', fd read = 13
Sat Jan 25 21:21:12 2025: Running Dispatch Server
Sat Jan 25 21:21:12 2025: Version 2.2.0
Sat Jan 25 21:21:13 2025: Dispatch Server: Accepted socket connection from client
Sat Jan 25 21:21:13 2025: Starting Socket connection
Sat Jan 25 21:21:13 2025: EXCHANGE_TOKEN received, server token: fa5e2830-cc24-4d4b-be14-7cb8be345ae1, passed token: fa5e2830-cc24-4d4b-be14-7cb8be345ae1
Sat Jan 25 21:21:13 2025: DISPATCH_HANDLER: Adding handler from function makeHandler in library libxv_system_diagram
Sat Jan 25 21:21:13 2025: SESSION_MGR: creating session with session uuid: 'bba48d50-9a53-4d13-920e-88c8524a11ae' and name 'vitis-run_compile_AES_ECB_encrypt'
Sat Jan 25 21:21:13 2025: KERNEL_SVC: creating session with uuid: 'bba48d50-9a53-4d13-920e-88c8524a11ae' and name 'vitis-run_compile_AES_ECB_encrypt'
Sat Jan 25 21:21:13 2025: GUIDANCE_SMGR: creating guidance session with uuid: 'bba48d50-9a53-4d13-920e-88c8524a11ae' and name 'vitis-run_compile_AES_ECB_encrypt'
Sat Jan 25 21:21:13 2025: SYSTEM_DIAGRAM: creating session with uuid: 'bba48d50-9a53-4d13-920e-88c8524a11ae' and name 'vitis-run_compile_AES_ECB_encrypt'
Sat Jan 25 21:21:23 2025: Dispatch Server: Accepted socket connection from client
Sat Jan 25 21:21:23 2025: Starting Socket connection
Sat Jan 25 21:21:54 2025: SESSION_MGR: closing session for UUID 'bba48d50-9a53-4d13-920e-88c8524a11ae' with name 'vitis-run_compile_AES_ECB_encrypt'
Sat Jan 25 21:21:54 2025: KERNEL_SVC: closing session for UUID 'bba48d50-9a53-4d13-920e-88c8524a11ae' with name 'vitis-run_compile_AES_ECB_encrypt'
Sat Jan 25 21:21:54 2025: GUIDANCE_SMGR: closing session for UUID 'bba48d50-9a53-4d13-920e-88c8524a11ae' with name 'vitis-run_compile_AES_ECB_encrypt'
Sat Jan 25 21:21:54 2025: SYSTEM_DIAGRAM: closing session for UUID 'bba48d50-9a53-4d13-920e-88c8524a11ae' with name 'vitis-run_compile_AES_ECB_encrypt'
Sat Jan 25 21:21:54 2025: STOP_SERVER received, server token: fa5e2830-cc24-4d4b-be14-7cb8be345ae1, passed token: fa5e2830-cc24-4d4b-be14-7cb8be345ae1
Sat Jan 25 21:21:54 2025: Socket received request to stop server.
Sat Jan 25 21:21:54 2025: Dispatch Server: do_await_stop
Sat Jan 25 21:21:54 2025: Dispatch Server: stopping mainFifo_
Sat Jan 25 21:21:54 2025: XCD main fifo: Stopping
Sat Jan 25 21:21:54 2025: XCD main fifo: do_read error code: Operation canceled
Sat Jan 25 21:21:54 2025: XCD main fifo: bytes_transferred: 0
Sat Jan 25 21:21:54 2025: SERVER: destructor for server bound to port 38775
Sat Jan 25 21:21:54 2025: XCD main fifo: Good unlink of /tmp/xcdmainfa5e2830-cc24-4d4b-be14-7cb8be345ae1
Sat Jan 25 21:21:54 2025: Server exiting with status 0.
Sat Jan 25 21:21:54 2025: Closing log file.
Sun Jan 26 18:44:56 2025: Running xcd server. This server was built by gradle.
Sun Jan 26 18:44:56 2025: Server was asked to start on port: '32795'
Sun Jan 26 18:44:56 2025: Server is using token UUID: '21fab8ea-e899-4f3f-8c4a-e4d7f5a3e606'
Sun Jan 26 18:44:56 2025: SESSION_MGR: creating session with session uuid: '6d04a3e9-ade5-4ab9-8d63-1f78fcd2ec76' and name 'default'
Sun Jan 26 18:44:56 2025: Attempting to start server on port '32795'
Sun Jan 26 18:44:56 2025: XCD main fifo: created main fifo '/tmp/xcdmain21fab8ea-e899-4f3f-8c4a-e4d7f5a3e606', fd read = 13
Sun Jan 26 18:44:56 2025: Running Dispatch Server
Sun Jan 26 18:44:56 2025: Version 2.2.0
Sun Jan 26 18:44:57 2025: Dispatch Server: Accepted socket connection from client
Sun Jan 26 18:44:57 2025: Starting Socket connection
Sun Jan 26 18:44:57 2025: EXCHANGE_TOKEN received, server token: 21fab8ea-e899-4f3f-8c4a-e4d7f5a3e606, passed token: 21fab8ea-e899-4f3f-8c4a-e4d7f5a3e606
Sun Jan 26 18:44:57 2025: DISPATCH_HANDLER: Adding handler from function makeHandler in library libxv_system_diagram
Sun Jan 26 18:44:57 2025: SESSION_MGR: creating session with session uuid: 'c4b7956f-78fe-4bb0-99d0-5ffa24e3b080' and name 'vitis-run_compile_AES_ECB_encrypt'
Sun Jan 26 18:44:57 2025: KERNEL_SVC: creating session with uuid: 'c4b7956f-78fe-4bb0-99d0-5ffa24e3b080' and name 'vitis-run_compile_AES_ECB_encrypt'
Sun Jan 26 18:44:57 2025: GUIDANCE_SMGR: creating guidance session with uuid: 'c4b7956f-78fe-4bb0-99d0-5ffa24e3b080' and name 'vitis-run_compile_AES_ECB_encrypt'
Sun Jan 26 18:44:57 2025: SYSTEM_DIAGRAM: creating session with uuid: 'c4b7956f-78fe-4bb0-99d0-5ffa24e3b080' and name 'vitis-run_compile_AES_ECB_encrypt'
Sun Jan 26 18:45:06 2025: Dispatch Server: Accepted socket connection from client
Sun Jan 26 18:45:06 2025: Starting Socket connection
Sun Jan 26 18:45:07 2025: SESSION_MGR: closing session for UUID 'c4b7956f-78fe-4bb0-99d0-5ffa24e3b080' with name 'vitis-run_compile_AES_ECB_encrypt'
Sun Jan 26 18:45:07 2025: KERNEL_SVC: closing session for UUID 'c4b7956f-78fe-4bb0-99d0-5ffa24e3b080' with name 'vitis-run_compile_AES_ECB_encrypt'
Sun Jan 26 18:45:07 2025: GUIDANCE_SMGR: closing session for UUID 'c4b7956f-78fe-4bb0-99d0-5ffa24e3b080' with name 'vitis-run_compile_AES_ECB_encrypt'
Sun Jan 26 18:45:07 2025: SYSTEM_DIAGRAM: closing session for UUID 'c4b7956f-78fe-4bb0-99d0-5ffa24e3b080' with name 'vitis-run_compile_AES_ECB_encrypt'
Sun Jan 26 18:45:07 2025: STOP_SERVER received, server token: 21fab8ea-e899-4f3f-8c4a-e4d7f5a3e606, passed token: 21fab8ea-e899-4f3f-8c4a-e4d7f5a3e606
Sun Jan 26 18:45:07 2025: Socket received request to stop server.
Sun Jan 26 18:45:07 2025: Dispatch Server: do_await_stop
Sun Jan 26 18:45:07 2025: Dispatch Server: stopping mainFifo_
Sun Jan 26 18:45:07 2025: XCD main fifo: Stopping
Sun Jan 26 18:45:07 2025: XCD main fifo: do_read error code: Operation canceled
Sun Jan 26 18:45:07 2025: XCD main fifo: bytes_transferred: 0
Sun Jan 26 18:45:07 2025: SERVER: destructor for server bound to port 32795
Sun Jan 26 18:45:07 2025: XCD main fifo: Good unlink of /tmp/xcdmain21fab8ea-e899-4f3f-8c4a-e4d7f5a3e606
Sun Jan 26 18:45:07 2025: Server exiting with status 0.
Sun Jan 26 18:45:07 2025: Closing log file.
Sun Jan 26 18:45:20 2025: Running xcd server. This server was built by gradle.
Sun Jan 26 18:45:20 2025: Server was asked to start on port: '37109'
Sun Jan 26 18:45:20 2025: Server is using token UUID: '3ab89e9b-a5a1-48bc-a0e7-9a1b16a95725'
Sun Jan 26 18:45:20 2025: SESSION_MGR: creating session with session uuid: '6d04a3e9-ade5-4ab9-8d63-1f78fcd2ec76' and name 'default'
Sun Jan 26 18:45:20 2025: Attempting to start server on port '37109'
Sun Jan 26 18:45:20 2025: XCD main fifo: created main fifo '/tmp/xcdmain3ab89e9b-a5a1-48bc-a0e7-9a1b16a95725', fd read = 13
Sun Jan 26 18:45:20 2025: Running Dispatch Server
Sun Jan 26 18:45:20 2025: Version 2.2.0
Sun Jan 26 18:45:20 2025: Dispatch Server: Accepted socket connection from client
Sun Jan 26 18:45:20 2025: Starting Socket connection
Sun Jan 26 18:45:20 2025: EXCHANGE_TOKEN received, server token: 3ab89e9b-a5a1-48bc-a0e7-9a1b16a95725, passed token: 3ab89e9b-a5a1-48bc-a0e7-9a1b16a95725
Sun Jan 26 18:45:21 2025: DISPATCH_HANDLER: Adding handler from function makeHandler in library libxv_system_diagram
Sun Jan 26 18:45:21 2025: SESSION_MGR: creating session with session uuid: '0b78139a-bb38-4fd9-88d4-7f5909287734' and name 'v++_compile_AES_ECB_encrypt'
Sun Jan 26 18:45:21 2025: KERNEL_SVC: creating session with uuid: '0b78139a-bb38-4fd9-88d4-7f5909287734' and name 'v++_compile_AES_ECB_encrypt'
Sun Jan 26 18:45:21 2025: GUIDANCE_SMGR: creating guidance session with uuid: '0b78139a-bb38-4fd9-88d4-7f5909287734' and name 'v++_compile_AES_ECB_encrypt'
Sun Jan 26 18:45:21 2025: SYSTEM_DIAGRAM: creating session with uuid: '0b78139a-bb38-4fd9-88d4-7f5909287734' and name 'v++_compile_AES_ECB_encrypt'
Sun Jan 26 18:45:31 2025: Dispatch Server: Accepted socket connection from client
Sun Jan 26 18:45:31 2025: Starting Socket connection
Sun Jan 26 18:45:48 2025: SESSION_MGR: closing session for UUID '0b78139a-bb38-4fd9-88d4-7f5909287734' with name 'v++_compile_AES_ECB_encrypt'
Sun Jan 26 18:45:48 2025: KERNEL_SVC: closing session for UUID '0b78139a-bb38-4fd9-88d4-7f5909287734' with name 'v++_compile_AES_ECB_encrypt'
Sun Jan 26 18:45:48 2025: GUIDANCE_SMGR: closing session for UUID '0b78139a-bb38-4fd9-88d4-7f5909287734' with name 'v++_compile_AES_ECB_encrypt'
Sun Jan 26 18:45:48 2025: SYSTEM_DIAGRAM: closing session for UUID '0b78139a-bb38-4fd9-88d4-7f5909287734' with name 'v++_compile_AES_ECB_encrypt'
Sun Jan 26 18:45:48 2025: STOP_SERVER received, server token: 3ab89e9b-a5a1-48bc-a0e7-9a1b16a95725, passed token: 3ab89e9b-a5a1-48bc-a0e7-9a1b16a95725
Sun Jan 26 18:45:48 2025: Socket received request to stop server.
Sun Jan 26 18:45:48 2025: Dispatch Server: do_await_stop
Sun Jan 26 18:45:48 2025: Dispatch Server: stopping mainFifo_
Sun Jan 26 18:45:48 2025: XCD main fifo: Stopping
Sun Jan 26 18:45:48 2025: XCD main fifo: do_read error code: Operation canceled
Sun Jan 26 18:45:48 2025: XCD main fifo: bytes_transferred: 0
Sun Jan 26 18:45:48 2025: SERVER: destructor for server bound to port 37109
Sun Jan 26 18:45:48 2025: XCD main fifo: Good unlink of /tmp/xcdmain3ab89e9b-a5a1-48bc-a0e7-9a1b16a95725
Sun Jan 26 18:45:48 2025: Server exiting with status 0.
Sun Jan 26 18:45:48 2025: Closing log file.
Sun Jan 26 18:46:18 2025: Running xcd server. This server was built by gradle.
Sun Jan 26 18:46:18 2025: Server was asked to start on port: '43035'
Sun Jan 26 18:46:18 2025: Server is using token UUID: '07d1a549-5350-4495-b082-4746a35cc76e'
Sun Jan 26 18:46:18 2025: SESSION_MGR: creating session with session uuid: '6d04a3e9-ade5-4ab9-8d63-1f78fcd2ec76' and name 'default'
Sun Jan 26 18:46:18 2025: Attempting to start server on port '43035'
Sun Jan 26 18:46:18 2025: XCD main fifo: created main fifo '/tmp/xcdmain07d1a549-5350-4495-b082-4746a35cc76e', fd read = 13
Sun Jan 26 18:46:18 2025: Running Dispatch Server
Sun Jan 26 18:46:18 2025: Version 2.2.0
Sun Jan 26 18:46:19 2025: Dispatch Server: Accepted socket connection from client
Sun Jan 26 18:46:19 2025: Starting Socket connection
Sun Jan 26 18:46:19 2025: EXCHANGE_TOKEN received, server token: 07d1a549-5350-4495-b082-4746a35cc76e, passed token: 07d1a549-5350-4495-b082-4746a35cc76e
Sun Jan 26 18:46:19 2025: DISPATCH_HANDLER: Adding handler from function makeHandler in library libxv_system_diagram
Sun Jan 26 18:46:19 2025: SESSION_MGR: creating session with session uuid: 'e5a7a5ca-9f1c-491c-8bd4-56d9eaa3d930' and name 'vitis-run_compile_AES_ECB_encrypt'
Sun Jan 26 18:46:19 2025: KERNEL_SVC: creating session with uuid: 'e5a7a5ca-9f1c-491c-8bd4-56d9eaa3d930' and name 'vitis-run_compile_AES_ECB_encrypt'
Sun Jan 26 18:46:19 2025: GUIDANCE_SMGR: creating guidance session with uuid: 'e5a7a5ca-9f1c-491c-8bd4-56d9eaa3d930' and name 'vitis-run_compile_AES_ECB_encrypt'
Sun Jan 26 18:46:19 2025: SYSTEM_DIAGRAM: creating session with uuid: 'e5a7a5ca-9f1c-491c-8bd4-56d9eaa3d930' and name 'vitis-run_compile_AES_ECB_encrypt'
Sun Jan 26 18:46:30 2025: Dispatch Server: Accepted socket connection from client
Sun Jan 26 18:46:30 2025: Starting Socket connection
Sun Jan 26 18:46:59 2025: SESSION_MGR: closing session for UUID 'e5a7a5ca-9f1c-491c-8bd4-56d9eaa3d930' with name 'vitis-run_compile_AES_ECB_encrypt'
Sun Jan 26 18:46:59 2025: KERNEL_SVC: closing session for UUID 'e5a7a5ca-9f1c-491c-8bd4-56d9eaa3d930' with name 'vitis-run_compile_AES_ECB_encrypt'
Sun Jan 26 18:46:59 2025: GUIDANCE_SMGR: closing session for UUID 'e5a7a5ca-9f1c-491c-8bd4-56d9eaa3d930' with name 'vitis-run_compile_AES_ECB_encrypt'
Sun Jan 26 18:46:59 2025: SYSTEM_DIAGRAM: closing session for UUID 'e5a7a5ca-9f1c-491c-8bd4-56d9eaa3d930' with name 'vitis-run_compile_AES_ECB_encrypt'
Sun Jan 26 18:46:59 2025: STOP_SERVER received, server token: 07d1a549-5350-4495-b082-4746a35cc76e, passed token: 07d1a549-5350-4495-b082-4746a35cc76e
Sun Jan 26 18:46:59 2025: Socket received request to stop server.
Sun Jan 26 18:46:59 2025: Dispatch Server: do_await_stop
Sun Jan 26 18:46:59 2025: Dispatch Server: stopping mainFifo_
Sun Jan 26 18:46:59 2025: XCD main fifo: Stopping
Sun Jan 26 18:46:59 2025: XCD main fifo: do_read error code: Operation canceled
Sun Jan 26 18:46:59 2025: XCD main fifo: bytes_transferred: 0
Sun Jan 26 18:46:59 2025: SERVER: destructor for server bound to port 43035
Sun Jan 26 18:46:59 2025: XCD main fifo: Good unlink of /tmp/xcdmain07d1a549-5350-4495-b082-4746a35cc76e
Sun Jan 26 18:46:59 2025: Server exiting with status 0.
Sun Jan 26 18:46:59 2025: Closing log file.
Sun Jan 26 18:47:36 2025: Running xcd server. This server was built by gradle.
Sun Jan 26 18:47:36 2025: Server was asked to start on port: '39327'
Sun Jan 26 18:47:36 2025: Server is using token UUID: '8c8d8543-25ee-4d27-b962-067eeb99c1da'
Sun Jan 26 18:47:36 2025: SESSION_MGR: creating session with session uuid: '6d04a3e9-ade5-4ab9-8d63-1f78fcd2ec76' and name 'default'
Sun Jan 26 18:47:36 2025: Attempting to start server on port '39327'
Sun Jan 26 18:47:36 2025: XCD main fifo: created main fifo '/tmp/xcdmain8c8d8543-25ee-4d27-b962-067eeb99c1da', fd read = 13
Sun Jan 26 18:47:36 2025: Running Dispatch Server
Sun Jan 26 18:47:36 2025: Version 2.2.0
Sun Jan 26 18:47:37 2025: Dispatch Server: Accepted socket connection from client
Sun Jan 26 18:47:37 2025: Starting Socket connection
Sun Jan 26 18:47:37 2025: EXCHANGE_TOKEN received, server token: 8c8d8543-25ee-4d27-b962-067eeb99c1da, passed token: 8c8d8543-25ee-4d27-b962-067eeb99c1da
Sun Jan 26 18:47:37 2025: DISPATCH_HANDLER: Adding handler from function makeHandler in library libxv_system_diagram
Sun Jan 26 18:47:37 2025: SESSION_MGR: creating session with session uuid: 'bab8ceff-6063-4561-97ae-0b5111c9ba13' and name 'vitis-run_compile_AES_ECB_encrypt'
Sun Jan 26 18:47:37 2025: KERNEL_SVC: creating session with uuid: 'bab8ceff-6063-4561-97ae-0b5111c9ba13' and name 'vitis-run_compile_AES_ECB_encrypt'
Sun Jan 26 18:47:37 2025: GUIDANCE_SMGR: creating guidance session with uuid: 'bab8ceff-6063-4561-97ae-0b5111c9ba13' and name 'vitis-run_compile_AES_ECB_encrypt'
Sun Jan 26 18:47:37 2025: SYSTEM_DIAGRAM: creating session with uuid: 'bab8ceff-6063-4561-97ae-0b5111c9ba13' and name 'vitis-run_compile_AES_ECB_encrypt'
Sun Jan 26 18:47:48 2025: Dispatch Server: Accepted socket connection from client
Sun Jan 26 18:47:48 2025: Starting Socket connection
Sun Jan 26 18:48:18 2025: SESSION_MGR: closing session for UUID 'bab8ceff-6063-4561-97ae-0b5111c9ba13' with name 'vitis-run_compile_AES_ECB_encrypt'
Sun Jan 26 18:48:18 2025: KERNEL_SVC: closing session for UUID 'bab8ceff-6063-4561-97ae-0b5111c9ba13' with name 'vitis-run_compile_AES_ECB_encrypt'
Sun Jan 26 18:48:18 2025: GUIDANCE_SMGR: closing session for UUID 'bab8ceff-6063-4561-97ae-0b5111c9ba13' with name 'vitis-run_compile_AES_ECB_encrypt'
Sun Jan 26 18:48:18 2025: SYSTEM_DIAGRAM: closing session for UUID 'bab8ceff-6063-4561-97ae-0b5111c9ba13' with name 'vitis-run_compile_AES_ECB_encrypt'
Sun Jan 26 18:48:18 2025: STOP_SERVER received, server token: 8c8d8543-25ee-4d27-b962-067eeb99c1da, passed token: 8c8d8543-25ee-4d27-b962-067eeb99c1da
Sun Jan 26 18:48:18 2025: Socket received request to stop server.
Sun Jan 26 18:48:18 2025: Dispatch Server: do_await_stop
Sun Jan 26 18:48:18 2025: Dispatch Server: stopping mainFifo_
Sun Jan 26 18:48:18 2025: XCD main fifo: Stopping
Sun Jan 26 18:48:18 2025: XCD main fifo: do_read error code: Operation canceled
Sun Jan 26 18:48:18 2025: XCD main fifo: bytes_transferred: 0
Sun Jan 26 18:48:18 2025: SERVER: destructor for server bound to port 39327
Sun Jan 26 18:48:18 2025: XCD main fifo: Good unlink of /tmp/xcdmain8c8d8543-25ee-4d27-b962-067eeb99c1da
Sun Jan 26 18:48:18 2025: Server exiting with status 0.
Sun Jan 26 18:48:18 2025: Closing log file.
Sun Jan 26 18:48:51 2025: Running xcd server. This server was built by gradle.
Sun Jan 26 18:48:51 2025: Server was asked to start on port: '44713'
Sun Jan 26 18:48:51 2025: Server is using token UUID: '3c4c496d-869e-45f1-ae80-8a9d261328ca'
Sun Jan 26 18:48:51 2025: SESSION_MGR: creating session with session uuid: '6d04a3e9-ade5-4ab9-8d63-1f78fcd2ec76' and name 'default'
Sun Jan 26 18:48:51 2025: Attempting to start server on port '44713'
Sun Jan 26 18:48:51 2025: XCD main fifo: created main fifo '/tmp/xcdmain3c4c496d-869e-45f1-ae80-8a9d261328ca', fd read = 13
Sun Jan 26 18:48:51 2025: Running Dispatch Server
Sun Jan 26 18:48:51 2025: Version 2.2.0
Sun Jan 26 18:48:51 2025: Dispatch Server: Accepted socket connection from client
Sun Jan 26 18:48:51 2025: Starting Socket connection
Sun Jan 26 18:48:51 2025: EXCHANGE_TOKEN received, server token: 3c4c496d-869e-45f1-ae80-8a9d261328ca, passed token: 3c4c496d-869e-45f1-ae80-8a9d261328ca
Sun Jan 26 18:48:51 2025: DISPATCH_HANDLER: Adding handler from function makeHandler in library libxv_system_diagram
Sun Jan 26 18:48:51 2025: SESSION_MGR: creating session with session uuid: 'bcc7f67c-cb0f-47f5-9c06-bc2172dec659' and name 'vitis-run_compile_AES_ECB_encrypt'
Sun Jan 26 18:48:51 2025: KERNEL_SVC: creating session with uuid: 'bcc7f67c-cb0f-47f5-9c06-bc2172dec659' and name 'vitis-run_compile_AES_ECB_encrypt'
Sun Jan 26 18:48:51 2025: GUIDANCE_SMGR: creating guidance session with uuid: 'bcc7f67c-cb0f-47f5-9c06-bc2172dec659' and name 'vitis-run_compile_AES_ECB_encrypt'
Sun Jan 26 18:48:51 2025: SYSTEM_DIAGRAM: creating session with uuid: 'bcc7f67c-cb0f-47f5-9c06-bc2172dec659' and name 'vitis-run_compile_AES_ECB_encrypt'
Sun Jan 26 18:49:02 2025: Dispatch Server: Accepted socket connection from client
Sun Jan 26 18:49:02 2025: Starting Socket connection
Sun Jan 26 18:49:32 2025: SESSION_MGR: closing session for UUID 'bcc7f67c-cb0f-47f5-9c06-bc2172dec659' with name 'vitis-run_compile_AES_ECB_encrypt'
Sun Jan 26 18:49:32 2025: KERNEL_SVC: closing session for UUID 'bcc7f67c-cb0f-47f5-9c06-bc2172dec659' with name 'vitis-run_compile_AES_ECB_encrypt'
Sun Jan 26 18:49:32 2025: GUIDANCE_SMGR: closing session for UUID 'bcc7f67c-cb0f-47f5-9c06-bc2172dec659' with name 'vitis-run_compile_AES_ECB_encrypt'
Sun Jan 26 18:49:32 2025: SYSTEM_DIAGRAM: closing session for UUID 'bcc7f67c-cb0f-47f5-9c06-bc2172dec659' with name 'vitis-run_compile_AES_ECB_encrypt'
Sun Jan 26 18:49:32 2025: STOP_SERVER received, server token: 3c4c496d-869e-45f1-ae80-8a9d261328ca, passed token: 3c4c496d-869e-45f1-ae80-8a9d261328ca
Sun Jan 26 18:49:32 2025: Socket received request to stop server.
Sun Jan 26 18:49:32 2025: Dispatch Server: do_await_stop
Sun Jan 26 18:49:32 2025: Dispatch Server: stopping mainFifo_
Sun Jan 26 18:49:32 2025: XCD main fifo: Stopping
Sun Jan 26 18:49:32 2025: XCD main fifo: do_read error code: Operation canceled
Sun Jan 26 18:49:32 2025: XCD main fifo: bytes_transferred: 0
Sun Jan 26 18:49:32 2025: SERVER: destructor for server bound to port 44713
Sun Jan 26 18:49:32 2025: XCD main fifo: Good unlink of /tmp/xcdmain3c4c496d-869e-45f1-ae80-8a9d261328ca
Sun Jan 26 18:49:32 2025: Server exiting with status 0.
Sun Jan 26 18:49:32 2025: Closing log file.
