programModel::INFOR: Function __PROF_startup will be added to the ProgramContainer
programModel::INFOR: Function main will be added to the ProgramContainer
programModel::INFOR: Function test_decrypt_ecb will be added to the ProgramContainer
programModel::INFOR: Function AES_init_ctx will be added to the ProgramContainer
programModel::INFOR: Function KeyExpansion will be added to the ProgramContainer
programModel::INFOR: Function AES_ECB_decrypt will be added to the ProgramContainer
programModel::INFOR: Function InvCipher will be added to the ProgramContainer
programModel::INFOR: Function AddRoundKey will be added to the ProgramContainer
programModel::INFOR: Function InvShiftRows will be added to the ProgramContainer
programModel::INFOR: Function InvSubBytes will be added to the ProgramContainer
programModel::INFOR: Function InvMixColumns will be added to the ProgramContainer
programModel::INFOR: Function xtime will be added to the ProgramContainer
programModel::INFOR: Function test_encrypt_ecb will be added to the ProgramContainer
programModel::INFOR: Function AES_ECB_encrypt will be added to the ProgramContainer
programModel::INFOR: Function Cipher.7 will be added to the ProgramContainer
programModel::INFOR: Function AddRoundKey.8 will be added to the ProgramContainer
programModel::INFOR: Function SubBytes.9 will be added to the ProgramContainer
programModel::INFOR: Function ShiftRows.10 will be added to the ProgramContainer
programModel::INFOR: Function MixColumns.11 will be added to the ProgramContainer
programModel::INFOR: Function xtime.12 will be added to the ProgramContainer
