Mon Mar  3 00:27:34 2025: Running xcd server. This server was built by gradle.
Mon Mar  3 00:27:34 2025: Server was asked to start on port: '47139'
Mon Mar  3 00:27:34 2025: Server is using token UUID: '35656ea4-f7f0-11ef-a80c-8707d399e20d'
Mon Mar  3 00:27:34 2025: SESSION_MGR: creating session with session uuid: '6d04a3e9-ade5-4ab9-8d63-1f78fcd2ec76' and name 'default'
Mon Mar  3 00:27:34 2025: Attempting to start server on port '47139'
Mon Mar  3 00:27:34 2025: XCD main fifo: created main fifo '/tmp/xcdmain35656ea4-f7f0-11ef-a80c-8707d399e20d', fd read = 11
Mon Mar  3 00:27:34 2025: Running Dispatch Server
Mon Mar  3 00:27:34 2025: Version 2.2.0
Mon Mar  3 00:27:36 2025: Dispatch Server: Accepted socket connection from client
Mon Mar  3 00:27:36 2025: Starting Socket connection
Mon Mar  3 00:27:36 2025: EXCHANGE_TOKEN received, server token: 35656ea4-f7f0-11ef-a80c-8707d399e20d, passed token: 35656ea4-f7f0-11ef-a80c-8707d399e20d
Mon Mar  3 00:27:36 2025: SESSION_MGR: creating session with session uuid: '819e7b37-9939-49f6-9ed1-b6a29f2b218c' and name 'Code Analyzer'
Mon Mar  3 00:27:36 2025: KERNEL_SVC: creating session with uuid: '819e7b37-9939-49f6-9ed1-b6a29f2b218c' and name 'Code Analyzer'
Mon Mar  3 00:27:36 2025: GUIDANCE_SMGR: creating guidance session with uuid: '819e7b37-9939-49f6-9ed1-b6a29f2b218c' and name 'Code Analyzer'
Mon Mar  3 00:27:40 2025: SESSION_MGR: closing session for UUID '819e7b37-9939-49f6-9ed1-b6a29f2b218c' with name ''
Mon Mar  3 00:27:40 2025: KERNEL_SVC: closing session for UUID '819e7b37-9939-49f6-9ed1-b6a29f2b218c' with name ''
Mon Mar  3 00:27:40 2025: GUIDANCE_SMGR: closing session for UUID '819e7b37-9939-49f6-9ed1-b6a29f2b218c' with name ''
Mon Mar  3 00:27:40 2025: STOP_SERVER received, server token: 35656ea4-f7f0-11ef-a80c-8707d399e20d, passed token: 35656ea4-f7f0-11ef-a80c-8707d399e20d
Mon Mar  3 00:27:40 2025: Socket received request to stop server.
Mon Mar  3 00:27:40 2025: Dispatch Server: do_await_stop
Mon Mar  3 00:27:40 2025: Dispatch Server: stopping mainFifo_
Mon Mar  3 00:27:40 2025: XCD main fifo: Stopping
Mon Mar  3 00:27:40 2025: XCD main fifo: do_read error code: Operation canceled
Mon Mar  3 00:27:40 2025: XCD main fifo: bytes_transferred: 0
Mon Mar  3 00:27:40 2025: SERVER: destructor for server bound to port 47139
Mon Mar  3 00:27:40 2025: XCD main fifo: Good unlink of /tmp/xcdmain35656ea4-f7f0-11ef-a80c-8707d399e20d
Mon Mar  3 00:27:40 2025: Server exiting with status 0.
Mon Mar  3 00:27:40 2025: Closing log file.
