# 
# Steps log generated by v++
# This log file contains a collection of steps that describe the kernel compilation flow
# Note: Some steps are tagged as internal, these steps are for debugging purposes and 
#       are not expected to be able to run independently.
# 

# The following environment variables are set when running vitis-run
Environment variables :
------------------------------------------
SHELL=/bin/bash
SESSION_MANAGER=local/CTF:@/tmp/.ICE-unix/1650,unix/CTF:/tmp/.ICE-unix/1650
QT_ACCESSIBILITY=1
XDG_CONFIG_DIRS=/etc/xdg/xdg-ubuntu:/etc/xdg
SSH_AGENT_LAUNCHER=gnome-keyring
XDG_MENU_PREFIX=gnome-
RDI_APPROOT=/home/ctf/research/Xilinx/Vitis/2024.1
RDI_JAVA_PLATFORM=
TK_LIBRARY=/home/ctf/research/Xilinx/Vitis/2024.1/tps/tk/tk8.5
LANGUAGE=en_US:en
FREETYPE_PROPERTIES=truetype:interpreter-version=35
XIL_SUPPRESS_OVERRIDE_WARNINGS=1
RDI_BINROOT=/home/ctf/research/Xilinx/Vitis/2024.1/bin
XILINX_VIVADO=/home/ctf/research/Xilinx/Vivado/2024.1
JAVA_HOME=/home/ctf/research/Xilinx/Vitis/2024.1/tps/lnx64/jre11.0.16_1/
GNOME_SHELL_SESSION_MODE=ubuntu
SSH_AUTH_SOCK=/run/user/1000/keyring/ssh
RDI_OPT_EXT=.o
RDI_INSTALLVER=2024.1
RDI_INSTALLROOT=/home/ctf/research/Xilinx
THEIA_DEFAULT_PLUGINS=local-dir:/home/ctf/research/Xilinx/Vitis/2024.1/ide/electron-app/lnx64/resources/app/plugins
RDI_PATCHROOT=
XMODIFIERS=@im=ibus
DESKTOP_SESSION=ubuntu
GTK_MODULES=gail:atk-bridge
XIL_NO_OVERRIDE=0
RDI_LIBDIR=/home/ctf/research/Xilinx/Vitis/2024.1/lib/lnx64.o/Ubuntu/22:/home/ctf/research/Xilinx/Vitis/2024.1/lib/lnx64.o/Ubuntu:/home/ctf/research/Xilinx/Vitis/2024.1/lib/lnx64.o
PWD=/home/ctf/research/hls/my_hls/vitis/param_set_1_redo/tiny-aes-ecb-loops-4096
LOGNAME=ctf
XDG_SESSION_DESKTOP=ubuntu
THEIA_ELECTRON_VERSION=15.5.7
XDG_SESSION_TYPE=wayland
_RDI_DONT_SET_XILINX_AS_PATH=True
SYSTEMD_EXEC_PID=1680
XAUTHORITY=/run/user/1000/.mutter-Xwaylandauth.JE7522
RDI_PREPEND_PATH=/home/ctf/research/Xilinx/Vitis/2024.1/bin
XILINX_DSP=
GJS_DEBUG_TOPICS=JS ERROR;JS LOG
THEIA_PLUGINS=local-dir:/home/ctf/.theia/plugins
HOME=/home/ctf
USERNAME=ctf
IM_CONFIG_PHASE=1
SYNTH_COMMON=/home/ctf/research/Xilinx/Vitis/2024.1/scripts/rt/data
LANG=en_US.UTF-8
XDG_CURRENT_DESKTOP=Unity
WAYLAND_DISPLAY=wayland-0
XILINX_HLS=/home/ctf/research/Xilinx/Vitis_HLS/2024.1
RDI_BUILD=yes
RDI_PROG=/home/ctf/research/Xilinx/Vitis/2024.1/bin/unwrapped/lnx64.o/vitis-run
INVOCATION_ID=0c6e331be4d74845910880e2813d968f
MANAGERPID=1515
RDI_SESSION_INFO=/home/ctf:CTF_1740977246_4438
CHROME_DESKTOP=Vitis Unified IDE.desktop
RT_TCL_PATH=/home/ctf/research/Xilinx/Vitis/2024.1/scripts/rt/base_tcl/tcl
GJS_DEBUG_OUTPUT=stderr
XILINX_SDK=/home/ctf/research/Xilinx/Vitis/2024.1
GNOME_SETUP_DISPLAY=:1
RDI_SHARED_DATA=/home/ctf/research/Xilinx/SharedData/2024.1/data
VSCODE_API_VERSION=1.53.2
XDG_SESSION_CLASS=user
PYTHONPATH=/home/ctf/research/Xilinx/Vitis/2024.1/cli/:/home/ctf/research/Xilinx/Vitis/2024.1/cli/python-packages/site-packages:/home/ctf/research/Xilinx/Vitis/2024.1/cli/proto:/home/ctf/research/Xilinx/Vitis/2024.1/tps/lnx64/python-3.8.3/lib/python3.8/lib-dynload/:/home/ctf/research/Xilinx/Vitis/2024.1/tps/lnx64/python-3.8.3/lib/python3.8/:/home/ctf/research/Xilinx/Vitis/2024.1/tps/lnx64/python-3.8.3/lib/python3.8/lib-dynload/:/home/ctf/research/Xilinx/Vitis/2024.1/tps/lnx64/python-3.8.3/lib/python3.8:/home/ctf/research/Xilinx/Vitis/2024.1/cli/:/home/ctf/research/Xilinx/Vitis/2024.1/cli/python-packages/site-packages:/home/ctf/research/Xilinx/Vitis/2024.1/cli/python-packages/lnx64:/home/ctf/research/Xilinx/Vitis/2024.1/cli/proto:/home/ctf/research/Xilinx/Vitis/2024.1/scripts/python_pkg
PYTHONHOME=/home/ctf/research/Xilinx/Vitis/2024.1/tps/lnx64/python-3.8.3/
USER=ctf
XILINX_PLANAHEAD=/home/ctf/research/Xilinx/Vitis/2024.1
RDI_BASEROOT=/home/ctf/research/Xilinx/Vitis
LOPPER_DTC_FLAGS=-b 0 -@
RDI_TPS_ROOT=/home/ctf/research/Xilinx/Vivado/2024.1/tps/lnx64
RDI_JAVA_VERSION=11.0.16_1
IDE_SKIP_SERVER_LICENSE=1
RDI_DATADIR=/home/ctf/research/Xilinx/Vitis/2024.1/data
THEIA_ELECTRON_TOKEN={"value":"5d35340c-1b9f-41fa-8052-4a0a08c18cfc"}
DISPLAY=:0
SHLVL=3
RDI_USE_JDK11=1
QT_IM_MODULE=ibus
XILINX_VIVADO_HLS=/home/ctf/research/Xilinx/Vivado/2024.1
XIL_CHECK_TCL_DEBUG=False
LD_LIBRARY_PATH=/home/ctf/research/Xilinx/Vitis/2024.1/tps/lnx64/java-cef-95.0.4638.69/bin/lib/linux64:/home/ctf/research/Xilinx/Vitis/2024.1/tps/lnx64/javafx-sdk-11.0.2/lib:/home/ctf/research/Xilinx/Vitis/2024.1/lib/lnx64.o/Ubuntu/22:/home/ctf/research/Xilinx/Vitis/2024.1/lib/lnx64.o/Ubuntu:/home/ctf/research/Xilinx/Vitis/2024.1/lib/lnx64.o:/home/ctf/research/Xilinx/Vitis/2024.1/tps/lnx64/jre11.0.16_1/lib/:/home/ctf/research/Xilinx/Vitis/2024.1/tps/lnx64/jre11.0.16_1/lib//server:/home/ctf/research/Xilinx/Vitis/2024.1/lib/lnx64.o/Ubuntu/22:/home/ctf/research/Xilinx/Vitis/2024.1/lib/lnx64.o/Ubuntu:/home/ctf/research/Xilinx/Vitis/2024.1/lib/lnx64.o:/home/ctf/research/Xilinx/Vitis/2024.1/tps/lnx64/cmake-3.24.2/libs/Ubuntu/22:/home/ctf/research/Xilinx/Vitis/2024.1/tps/lnx64/cmake-3.24.2/libs/Ubuntu:/home/ctf/research/Xilinx/Vitis/2024.1/tps/lnx64/cmake-3.24.2/libs:/home/ctf/research/Xilinx/Vitis/2024.1/lib/lnx64.o/Ubuntu/22:/home/ctf/research/Xilinx/Vitis/2024.1/lib/lnx64.o/Ubuntu:/home/ctf/research/Xilinx/Vitis/2024.1/lib/lnx64.o:/home/ctf/research/Xilinx/Vitis/2024.1/tps/lnx64/python-3.8.3/lib:/home/ctf/research/Xilinx/Vitis/2024.1/tps/lnx64/cmake-3.24.2/libs/Ubuntu/22:/home/ctf/research/Xilinx/Vitis/2024.1/tps/lnx64/cmake-3.24.2/libs/Ubuntu:/home/ctf/research/Xilinx/Vitis/2024.1/tps/lnx64/cmake-3.24.2/libs:/home/ctf/research/Xilinx/Vitis/2024.1/lib/lnx64.o:/home/ctf/research/Xilinx/Vitis/2024.1/lib/lnx64.o/Ubuntu/22:/home/ctf/research/Xilinx/Vitis/2024.1/lib/lnx64.o/Ubuntu:/home/ctf/research/Xilinx/Vitis/2024.1/lib/lnx64.o:/home/ctf/research/Xilinx/Vitis/2024.1/tps/lnx64/python-3.8.3/lib:/home/ctf/research/Xilinx/Vitis/2024.1/aietools/lib/lnx64.o:/home/ctf/research/Xilinx/Vitis_HLS/2024.1/lib/lnx64.o/Ubuntu/22:/home/ctf/research/Xilinx/Vitis_HLS/2024.1/lib/lnx64.o/Ubuntu:/home/ctf/research/Xilinx/Vitis_HLS/2024.1/lib/lnx64.o:/home/ctf/research/Xilinx/Vitis_HLS/2024.1/lib/lnx64.o:/home/ctf/research/Xilinx/Vitis/2024.1/bin/../lnx64/tools/dot/lib
HDIPRELDPATH=/home/ctf/research/Xilinx/Vitis/2024.1/lib/lnx64.o/Ubuntu/22:/home/ctf/research/Xilinx/Vitis/2024.1/lib/lnx64.o/Ubuntu:/home/ctf/research/Xilinx/Vitis/2024.1/lib/lnx64.o:/home/ctf/research/Xilinx/Vitis/2024.1/tps/lnx64/cmake-3.24.2/libs/Ubuntu/22:/home/ctf/research/Xilinx/Vitis/2024.1/tps/lnx64/cmake-3.24.2/libs/Ubuntu:/home/ctf/research/Xilinx/Vitis/2024.1/tps/lnx64/cmake-3.24.2/libs:/home/ctf/research/Xilinx/Vitis/2024.1/lib/lnx64.o/Ubuntu/22:/home/ctf/research/Xilinx/Vitis/2024.1/lib/lnx64.o/Ubuntu:/home/ctf/research/Xilinx/Vitis/2024.1/lib/lnx64.o:/home/ctf/research/Xilinx/Vitis/2024.1/tps/lnx64/python-3.8.3/lib:/home/ctf/research/Xilinx/Vitis/2024.1/tps/lnx64/cmake-3.24.2/libs/Ubuntu/22:/home/ctf/research/Xilinx/Vitis/2024.1/tps/lnx64/cmake-3.24.2/libs/Ubuntu:/home/ctf/research/Xilinx/Vitis/2024.1/tps/lnx64/cmake-3.24.2/libs:/home/ctf/research/Xilinx/Vitis/2024.1/lib/lnx64.o:/home/ctf/research/Xilinx/Vitis/2024.1/lib/lnx64.o/Ubuntu/22:/home/ctf/research/Xilinx/Vitis/2024.1/lib/lnx64.o/Ubuntu:/home/ctf/research/Xilinx/Vitis/2024.1/lib/lnx64.o:/home/ctf/research/Xilinx/Vitis/2024.1/tps/lnx64/python-3.8.3/lib:/home/ctf/research/Xilinx/Vitis/2024.1/aietools/lib/lnx64.o:/home/ctf/research/Xilinx/Vitis_HLS/2024.1/lib/lnx64.o/Ubuntu/22:/home/ctf/research/Xilinx/Vitis_HLS/2024.1/lib/lnx64.o/Ubuntu:/home/ctf/research/Xilinx/Vitis_HLS/2024.1/lib/lnx64.o:/home/ctf/research/Xilinx/Vitis_HLS/2024.1/lib/lnx64.o:/home/ctf/research/Xilinx/Vitis/2024.1/bin/../lnx64/tools/dot/lib
XDG_RUNTIME_DIR=/run/user/1000
TCMALLOC_LARGE_ALLOC_REPORT_THRESHOLD=4294967296
TCL_LIBRARY=/home/ctf/research/Xilinx/Vitis/2024.1/tps/tcl/tcl8.6
LC_ALL=en_US.UTF-8
JOURNAL_STREAM=8:11375
XDG_DATA_DIRS=/usr/share/ubuntu:/usr/local/share/:/usr/share/:/var/lib/snapd/desktop
PATH=/home/ctf/research/Xilinx/Vivado/2024.1/tps/lnx64/binutils-2.26/bin:/home/ctf/research/Xilinx/Vitis/2024.1/bin/../gnu/aarch64/lin/aarch64-linux/bin:/home/ctf/research/Xilinx/Vitis/2024.1/bin/../gnu/ppc64le/4.9.3/lnx64/bin:/home/ctf/research/Xilinx/Vitis/2024.1/bin/../gnu/aarch32/lin/gcc-arm-linux-gnueabi/bin:/home/ctf/research/Xilinx/Vivado/2024.1/tps/lnx64/gcc-8.3.0/bin:/home/ctf/research/Xilinx/Vivado/2024.1/gnu/microblaze/lin/bin:/home/ctf/research/Xilinx/Vitis/2024.1/bin:/home/ctf/research/Xilinx/Vitis/2024.1/tps/lnx64/jre11.0.16_1/bin:/home/ctf/research/Xilinx/Vitis/2024.1/gnu/microblaze/lin/bin:/home/ctf/research/Xilinx/Vitis/2024.1/gnu/arm/lin/bin:/home/ctf/research/Xilinx/Vitis/2024.1/gnu/microblaze/linux_toolchain/nt64_be/bin:/home/ctf/research/Xilinx/Vitis/2024.1/gnu/microblaze/linux_toolchain/nt64_le/bin:/home/ctf/research/Xilinx/Vitis/2024.1/gnu/aarch32/lin/gcc-arm-linux-gnueabi/bin:/home/ctf/research/Xilinx/Vitis/2024.1/gnu/aarch32/lin/gcc-arm-none-eabi/bin:/home/ctf/research/Xilinx/Vitis/2024.1/gnu/aarch64/lin/aarch64-linux/bin:/home/ctf/research/Xilinx/Vitis/2024.1/gnu/aarch64/lin/aarch64-none/bin:/home/ctf/research/Xilinx/Vitis/2024.1/gnu/armr5/lin/gcc-arm-none-eabi/bin:/home/ctf/research/Xilinx/Vitis/2024.1/tps/lnx64/cmake-3.24.2/bin:/home/ctf/research/Xilinx/Vitis/2024.1/lnx64/tools/clang/bin:/home/ctf/research/Xilinx/Vitis/2024.1/tps/lnx64/python-3.8.3//bin:/home/ctf/research/Xilinx/Vitis/2024.1/tps/lnx64/jre11.0.16_1//bin:/bin:/home/ctf/research/Xilinx/Vivado/2024.1/bin:/home/ctf/research/Xilinx/Vitis/2024.1/tps/lnx64/git-2.16.2/bin:/home/ctf/research/Xilinx/Vitis/2024.1/gnu/riscv/lin/riscv64-unknown-elf/bin:/home/ctf/research/Xilinx/Vitis_HLS/2024.1/bin:/home/ctf/research/Xilinx/Vitis/2024.1/aietools/bin:/home/ctf/.local/bin:/usr/local/sbin:/usr/local/bin:/usr/sbin:/usr/bin:/sbin:/usr/games:/usr/local/games:/snap/bin
RT_LIBPATH=/home/ctf/research/Xilinx/Vitis/2024.1/scripts/rt/data
GDMSESSION=ubuntu
ORIGINAL_XDG_CURRENT_DESKTOP=ubuntu:GNOME
HDI_APPROOT=/home/ctf/research/Xilinx/Vitis/2024.1
DBUS_SESSION_BUS_ADDRESS=unix:path=/run/user/1000/bus
RDI_PLATFORM=lnx64
THEIA_APP_PROJECT_PATH=/home/ctf/research/Xilinx/Vitis/2024.1/ide/electron-app/lnx64/resources/app
MYVIVADO=
BUILDINFO=SW Build 5074859 on 2024-05-20-23:21:20
ISL_IOSTREAMS_RSA=/home/ctf/research/Xilinx/Vitis/2024.1/tps/isl
GIO_LAUNCHED_DESKTOP_FILE_PID=4438
GIO_LAUNCHED_DESKTOP_FILE=/home/ctf/Desktop/Vitis 2024.1.desktop
LC_NUMERIC=C
XILINX_VITIS=/home/ctf/research/Xilinx/Vitis/2024.1
OLDPWD=/home/ctf/research/Xilinx/Vitis/2024.1/bin
_=/home/ctf/research/Xilinx/Vitis/2024.1/bin/unwrapped/lnx64.o/vitis-run
XILINX_CD_CONNECT_ID=45141
XILINX_CD_SESSION=ffd4d055-24d1-4c71-a3ae-00f44d12ff31


VITIS-RUN command line:
------------------------------------------
/home/ctf/research/Xilinx/Vitis/2024.1/bin/unwrapped/lnx64.o/vitis-run --mode hls --csim --config /home/ctf/research/hls/my_hls/vitis/param_set_1_redo/tiny-aes-ecb-loops-4096/hls_config.cfg --work_dir AES_ECB_encrypt 

FINAL PROGRAM OPTIONS
--config /home/ctf/research/hls/my_hls/vitis/param_set_1_redo/tiny-aes-ecb-loops-4096/hls_config.cfg
--csim
--hls.csim.code_analyzer 1
--hls.flow_target vivado
--hls.package.output.format ip_catalog
--hls.package.output.syn false
--hls.syn.compile.pipeline_loops 4096
--hls.syn.file /home/ctf/research/hls/my_hls/vitis/tiny-AES-c-mod/aes.c
--hls.syn.top AES_ECB_encrypt
--hls.tb.file /home/ctf/research/hls/my_hls/vitis/tiny-AES-c-mod/test.c
--mode hls
--part xc7z020clg484-1
--work_dir AES_ECB_encrypt

PARSED COMMAND LINE OPTIONS
--mode hls 
--csim 
--config /home/ctf/research/hls/my_hls/vitis/param_set_1_redo/tiny-aes-ecb-loops-4096/hls_config.cfg 
--work_dir AES_ECB_encrypt 

PARSED CONFIG FILE (1) OPTIONS
file: /home/ctf/research/hls/my_hls/vitis/param_set_1_redo/tiny-aes-ecb-loops-4096/hls_config.cfg
part xc7z020clg484-1 
hls.flow_target vivado 
hls.package.output.format ip_catalog 
hls.package.output.syn false 
hls.syn.top AES_ECB_encrypt 
hls.syn.file /home/ctf/research/hls/my_hls/vitis/tiny-AES-c-mod/aes.c 
hls.tb.file /home/ctf/research/hls/my_hls/vitis/tiny-AES-c-mod/test.c 
hls.syn.compile.pipeline_loops 4096 
hls.csim.code_analyzer 1 


==========================================
new:  steps log generated by v++ for new launch 
timestamp: 03 Mar 2025 00:09:33
------------------------------------------
VITIS-RUN internal step: writing a config file for vitis_hls: /home/ctf/research/hls/my_hls/vitis/param_set_1_redo/tiny-aes-ecb-loops-4096/AES_ECB_encrypt/hls/config.cmdline
timestamp: 03 Mar 2025 00:09:33
VITIS-RUN internal step status: success
------------------------------------------
VITIS-RUN internal step: running vitis_hls
timestamp: 03 Mar 2025 00:09:33
working dir: /home/ctf/research/hls/my_hls/vitis/param_set_1_redo/tiny-aes-ecb-loops-4096
cmd: vitis_hls -nolog -run csim -work_dir /home/ctf/research/hls/my_hls/vitis/param_set_1_redo/tiny-aes-ecb-loops-4096/AES_ECB_encrypt -config /home/ctf/research/hls/my_hls/vitis/param_set_1_redo/tiny-aes-ecb-loops-4096/hls_config.cfg -cmdlineconfig /home/ctf/research/hls/my_hls/vitis/param_set_1_redo/tiny-aes-ecb-loops-4096/AES_ECB_encrypt/hls/config.cmdline
VITIS-RUN internal step status: success

------------------------------------------
V++ command line :
------------------------------------------
/home/ctf/research/Xilinx/Vitis/2024.1/bin/unwrapped/lnx64.o/v++ -c --mode hls --config /home/ctf/research/hls/my_hls/vitis/param_set_1_redo/tiny-aes-ecb-loops-4096/hls_config.cfg --work_dir AES_ECB_encrypt 
  Options from -O    : 
  Options from *.ini : 
  Options from Hw Platform : 

==========================================
new:  steps log generated by v++ for new launch 
timestamp: 03 Mar 2025 00:10:53
------------------------------------------
V++ internal step: writing a config file for vitis_hls: /home/ctf/research/hls/my_hls/vitis/param_set_1_redo/tiny-aes-ecb-loops-4096/AES_ECB_encrypt/hls/config.cmdline
timestamp: 03 Mar 2025 00:10:53
V++ internal step status: success
------------------------------------------
V++ internal step: running vitis_hls
timestamp: 03 Mar 2025 00:10:53
working dir: /home/ctf/research/hls/my_hls/vitis/param_set_1_redo/tiny-aes-ecb-loops-4096
cmd: vitis_hls -nolog -run csynth -work_dir /home/ctf/research/hls/my_hls/vitis/param_set_1_redo/tiny-aes-ecb-loops-4096/AES_ECB_encrypt -config /home/ctf/research/hls/my_hls/vitis/param_set_1_redo/tiny-aes-ecb-loops-4096/hls_config.cfg -cmdlineconfig /home/ctf/research/hls/my_hls/vitis/param_set_1_redo/tiny-aes-ecb-loops-4096/AES_ECB_encrypt/hls/config.cmdline
V++ internal step status: success

------------------------------------------
VITIS-RUN command line :
------------------------------------------
/home/ctf/research/Xilinx/Vitis/2024.1/bin/unwrapped/lnx64.o/vitis-run --mode hls --cosim --config /home/ctf/research/hls/my_hls/vitis/param_set_1_redo/tiny-aes-ecb-loops-4096/hls_config.cfg --work_dir AES_ECB_encrypt 
  Options from -O    : 
  Options from *.ini : 
  Options from Hw Platform : 

==========================================
new:  steps log generated by v++ for new launch 
timestamp: 03 Mar 2025 00:11:57
------------------------------------------
VITIS-RUN internal step: writing a config file for vitis_hls: /home/ctf/research/hls/my_hls/vitis/param_set_1_redo/tiny-aes-ecb-loops-4096/AES_ECB_encrypt/hls/config.cmdline
timestamp: 03 Mar 2025 00:11:57
VITIS-RUN internal step status: success
------------------------------------------
VITIS-RUN internal step: running vitis_hls
timestamp: 03 Mar 2025 00:11:57
working dir: /home/ctf/research/hls/my_hls/vitis/param_set_1_redo/tiny-aes-ecb-loops-4096
cmd: vitis_hls -nolog -run cosim -work_dir /home/ctf/research/hls/my_hls/vitis/param_set_1_redo/tiny-aes-ecb-loops-4096/AES_ECB_encrypt -config /home/ctf/research/hls/my_hls/vitis/param_set_1_redo/tiny-aes-ecb-loops-4096/hls_config.cfg -cmdlineconfig /home/ctf/research/hls/my_hls/vitis/param_set_1_redo/tiny-aes-ecb-loops-4096/AES_ECB_encrypt/hls/config.cmdline
VITIS-RUN internal step status: success
