Mon Mar  3 00:09:31 2025: Running xcd server. This server was built by gradle.
Mon Mar  3 00:09:31 2025: Server was asked to start on port: '45141'
Mon Mar  3 00:09:31 2025: Server is using token UUID: '736aef1e-161d-4a79-a804-9fc0ef1526da'
Mon Mar  3 00:09:31 2025: SESSION_MGR: creating session with session uuid: '6d04a3e9-ade5-4ab9-8d63-1f78fcd2ec76' and name 'default'
Mon Mar  3 00:09:31 2025: Attempting to start server on port '45141'
Mon Mar  3 00:09:31 2025: XCD main fifo: created main fifo '/tmp/xcdmain736aef1e-161d-4a79-a804-9fc0ef1526da', fd read = 13
Mon Mar  3 00:09:31 2025: Running Dispatch Server
Mon Mar  3 00:09:31 2025: Version 2.2.0
Mon Mar  3 00:09:32 2025: Dispatch Server: Accepted socket connection from client
Mon Mar  3 00:09:32 2025: Starting Socket connection
Mon Mar  3 00:09:32 2025: EXCHANGE_TOKEN received, server token: 736aef1e-161d-4a79-a804-9fc0ef1526da, passed token: 736aef1e-161d-4a79-a804-9fc0ef1526da
Mon Mar  3 00:09:33 2025: DISPATCH_HANDLER: Adding handler from function makeHandler in library libxv_system_diagram
Mon Mar  3 00:09:33 2025: SESSION_MGR: creating session with session uuid: 'ffd4d055-24d1-4c71-a3ae-00f44d12ff31' and name 'vitis-run_compile_AES_ECB_encrypt'
Mon Mar  3 00:09:33 2025: KERNEL_SVC: creating session with uuid: 'ffd4d055-24d1-4c71-a3ae-00f44d12ff31' and name 'vitis-run_compile_AES_ECB_encrypt'
Mon Mar  3 00:09:33 2025: GUIDANCE_SMGR: creating guidance session with uuid: 'ffd4d055-24d1-4c71-a3ae-00f44d12ff31' and name 'vitis-run_compile_AES_ECB_encrypt'
Mon Mar  3 00:09:33 2025: SYSTEM_DIAGRAM: creating session with uuid: 'ffd4d055-24d1-4c71-a3ae-00f44d12ff31' and name 'vitis-run_compile_AES_ECB_encrypt'
Mon Mar  3 00:09:44 2025: Dispatch Server: Accepted socket connection from client
Mon Mar  3 00:09:44 2025: Starting Socket connection
Mon Mar  3 00:09:54 2025: SESSION_MGR: closing session for UUID 'ffd4d055-24d1-4c71-a3ae-00f44d12ff31' with name 'vitis-run_compile_AES_ECB_encrypt'
Mon Mar  3 00:09:54 2025: KERNEL_SVC: closing session for UUID 'ffd4d055-24d1-4c71-a3ae-00f44d12ff31' with name 'vitis-run_compile_AES_ECB_encrypt'
Mon Mar  3 00:09:54 2025: GUIDANCE_SMGR: closing session for UUID 'ffd4d055-24d1-4c71-a3ae-00f44d12ff31' with name 'vitis-run_compile_AES_ECB_encrypt'
Mon Mar  3 00:09:54 2025: SYSTEM_DIAGRAM: closing session for UUID 'ffd4d055-24d1-4c71-a3ae-00f44d12ff31' with name 'vitis-run_compile_AES_ECB_encrypt'
Mon Mar  3 00:09:54 2025: STOP_SERVER received, server token: 736aef1e-161d-4a79-a804-9fc0ef1526da, passed token: 736aef1e-161d-4a79-a804-9fc0ef1526da
Mon Mar  3 00:09:54 2025: Socket received request to stop server.
Mon Mar  3 00:09:54 2025: Dispatch Server: do_await_stop
Mon Mar  3 00:09:54 2025: Dispatch Server: stopping mainFifo_
Mon Mar  3 00:09:54 2025: XCD main fifo: Stopping
Mon Mar  3 00:09:54 2025: XCD main fifo: do_read error code: Operation canceled
Mon Mar  3 00:09:54 2025: XCD main fifo: bytes_transferred: 0
Mon Mar  3 00:09:54 2025: SERVER: destructor for server bound to port 45141
Mon Mar  3 00:09:54 2025: XCD main fifo: Good unlink of /tmp/xcdmain736aef1e-161d-4a79-a804-9fc0ef1526da
Mon Mar  3 00:09:54 2025: Server exiting with status 0.
Mon Mar  3 00:09:54 2025: Closing log file.
Mon Mar  3 00:10:51 2025: Running xcd server. This server was built by gradle.
Mon Mar  3 00:10:51 2025: Server was asked to start on port: '37115'
Mon Mar  3 00:10:51 2025: Server is using token UUID: '98526648-b470-4b52-9f3e-0e5b31276ddf'
Mon Mar  3 00:10:51 2025: SESSION_MGR: creating session with session uuid: '6d04a3e9-ade5-4ab9-8d63-1f78fcd2ec76' and name 'default'
Mon Mar  3 00:10:51 2025: Attempting to start server on port '37115'
Mon Mar  3 00:10:51 2025: XCD main fifo: created main fifo '/tmp/xcdmain98526648-b470-4b52-9f3e-0e5b31276ddf', fd read = 13
Mon Mar  3 00:10:51 2025: Running Dispatch Server
Mon Mar  3 00:10:51 2025: Version 2.2.0
Mon Mar  3 00:10:52 2025: Dispatch Server: Accepted socket connection from client
Mon Mar  3 00:10:52 2025: Starting Socket connection
Mon Mar  3 00:10:52 2025: EXCHANGE_TOKEN received, server token: 98526648-b470-4b52-9f3e-0e5b31276ddf, passed token: 98526648-b470-4b52-9f3e-0e5b31276ddf
Mon Mar  3 00:10:53 2025: DISPATCH_HANDLER: Adding handler from function makeHandler in library libxv_system_diagram
Mon Mar  3 00:10:53 2025: SESSION_MGR: creating session with session uuid: '5a3752c5-7587-4402-8078-fe35b05fcb50' and name 'v++_compile_AES_ECB_encrypt'
Mon Mar  3 00:10:53 2025: KERNEL_SVC: creating session with uuid: '5a3752c5-7587-4402-8078-fe35b05fcb50' and name 'v++_compile_AES_ECB_encrypt'
Mon Mar  3 00:10:53 2025: GUIDANCE_SMGR: creating guidance session with uuid: '5a3752c5-7587-4402-8078-fe35b05fcb50' and name 'v++_compile_AES_ECB_encrypt'
Mon Mar  3 00:10:53 2025: SYSTEM_DIAGRAM: creating session with uuid: '5a3752c5-7587-4402-8078-fe35b05fcb50' and name 'v++_compile_AES_ECB_encrypt'
Mon Mar  3 00:11:03 2025: Dispatch Server: Accepted socket connection from client
Mon Mar  3 00:11:03 2025: Starting Socket connection
Mon Mar  3 00:11:22 2025: SESSION_MGR: closing session for UUID '5a3752c5-7587-4402-8078-fe35b05fcb50' with name 'v++_compile_AES_ECB_encrypt'
Mon Mar  3 00:11:22 2025: KERNEL_SVC: closing session for UUID '5a3752c5-7587-4402-8078-fe35b05fcb50' with name 'v++_compile_AES_ECB_encrypt'
Mon Mar  3 00:11:22 2025: GUIDANCE_SMGR: closing session for UUID '5a3752c5-7587-4402-8078-fe35b05fcb50' with name 'v++_compile_AES_ECB_encrypt'
Mon Mar  3 00:11:22 2025: SYSTEM_DIAGRAM: closing session for UUID '5a3752c5-7587-4402-8078-fe35b05fcb50' with name 'v++_compile_AES_ECB_encrypt'
Mon Mar  3 00:11:22 2025: STOP_SERVER received, server token: 98526648-b470-4b52-9f3e-0e5b31276ddf, passed token: 98526648-b470-4b52-9f3e-0e5b31276ddf
Mon Mar  3 00:11:22 2025: Socket received request to stop server.
Mon Mar  3 00:11:22 2025: Dispatch Server: do_await_stop
Mon Mar  3 00:11:22 2025: Dispatch Server: stopping mainFifo_
Mon Mar  3 00:11:22 2025: XCD main fifo: Stopping
Mon Mar  3 00:11:22 2025: XCD main fifo: do_read error code: Operation canceled
Mon Mar  3 00:11:22 2025: XCD main fifo: bytes_transferred: 0
Mon Mar  3 00:11:22 2025: SERVER: destructor for server bound to port 37115
Mon Mar  3 00:11:22 2025: XCD main fifo: Good unlink of /tmp/xcdmain98526648-b470-4b52-9f3e-0e5b31276ddf
Mon Mar  3 00:11:22 2025: Server exiting with status 0.
Mon Mar  3 00:11:22 2025: Closing log file.
Mon Mar  3 00:11:55 2025: Running xcd server. This server was built by gradle.
Mon Mar  3 00:11:55 2025: Server was asked to start on port: '37151'
Mon Mar  3 00:11:55 2025: Server is using token UUID: '867b20dd-4edf-4a36-b8e5-496ce963d6dc'
Mon Mar  3 00:11:55 2025: SESSION_MGR: creating session with session uuid: '6d04a3e9-ade5-4ab9-8d63-1f78fcd2ec76' and name 'default'
Mon Mar  3 00:11:55 2025: Attempting to start server on port '37151'
Mon Mar  3 00:11:55 2025: XCD main fifo: created main fifo '/tmp/xcdmain867b20dd-4edf-4a36-b8e5-496ce963d6dc', fd read = 13
Mon Mar  3 00:11:55 2025: Running Dispatch Server
Mon Mar  3 00:11:55 2025: Version 2.2.0
Mon Mar  3 00:11:56 2025: Dispatch Server: Accepted socket connection from client
Mon Mar  3 00:11:56 2025: Starting Socket connection
Mon Mar  3 00:11:56 2025: EXCHANGE_TOKEN received, server token: 867b20dd-4edf-4a36-b8e5-496ce963d6dc, passed token: 867b20dd-4edf-4a36-b8e5-496ce963d6dc
Mon Mar  3 00:11:57 2025: DISPATCH_HANDLER: Adding handler from function makeHandler in library libxv_system_diagram
Mon Mar  3 00:11:57 2025: SESSION_MGR: creating session with session uuid: '088c160a-d8ce-4c7d-bef6-6ccbe2c5bafd' and name 'vitis-run_compile_AES_ECB_encrypt'
Mon Mar  3 00:11:57 2025: KERNEL_SVC: creating session with uuid: '088c160a-d8ce-4c7d-bef6-6ccbe2c5bafd' and name 'vitis-run_compile_AES_ECB_encrypt'
Mon Mar  3 00:11:57 2025: GUIDANCE_SMGR: creating guidance session with uuid: '088c160a-d8ce-4c7d-bef6-6ccbe2c5bafd' and name 'vitis-run_compile_AES_ECB_encrypt'
Mon Mar  3 00:11:57 2025: SYSTEM_DIAGRAM: creating session with uuid: '088c160a-d8ce-4c7d-bef6-6ccbe2c5bafd' and name 'vitis-run_compile_AES_ECB_encrypt'
Mon Mar  3 00:12:06 2025: Dispatch Server: Accepted socket connection from client
Mon Mar  3 00:12:06 2025: Starting Socket connection
Mon Mar  3 00:12:40 2025: SESSION_MGR: closing session for UUID '088c160a-d8ce-4c7d-bef6-6ccbe2c5bafd' with name 'vitis-run_compile_AES_ECB_encrypt'
Mon Mar  3 00:12:40 2025: KERNEL_SVC: closing session for UUID '088c160a-d8ce-4c7d-bef6-6ccbe2c5bafd' with name 'vitis-run_compile_AES_ECB_encrypt'
Mon Mar  3 00:12:40 2025: GUIDANCE_SMGR: closing session for UUID '088c160a-d8ce-4c7d-bef6-6ccbe2c5bafd' with name 'vitis-run_compile_AES_ECB_encrypt'
Mon Mar  3 00:12:40 2025: SYSTEM_DIAGRAM: closing session for UUID '088c160a-d8ce-4c7d-bef6-6ccbe2c5bafd' with name 'vitis-run_compile_AES_ECB_encrypt'
Mon Mar  3 00:12:40 2025: STOP_SERVER received, server token: 867b20dd-4edf-4a36-b8e5-496ce963d6dc, passed token: 867b20dd-4edf-4a36-b8e5-496ce963d6dc
Mon Mar  3 00:12:40 2025: Socket received request to stop server.
Mon Mar  3 00:12:40 2025: Dispatch Server: do_await_stop
Mon Mar  3 00:12:40 2025: Dispatch Server: stopping mainFifo_
Mon Mar  3 00:12:40 2025: XCD main fifo: Stopping
Mon Mar  3 00:12:40 2025: XCD main fifo: do_read error code: Operation canceled
Mon Mar  3 00:12:40 2025: XCD main fifo: bytes_transferred: 0
Mon Mar  3 00:12:40 2025: SERVER: destructor for server bound to port 37151
Mon Mar  3 00:12:40 2025: XCD main fifo: Good unlink of /tmp/xcdmain867b20dd-4edf-4a36-b8e5-496ce963d6dc
Mon Mar  3 00:12:40 2025: Server exiting with status 0.
Mon Mar  3 00:12:40 2025: Closing log file.
