INFO: [v++ 60-1548] Creating build summary session with primary output /home/ctf/research/hls/my_hls/vitis/param_set_1/tiny-aes-ecb-partition-1/AES_ECB_encrypt/AES_ECB_encrypt.hlscompile_summary, at Sat Jan 25 21:09:06 2025
INFO: [v++ 82-31] Launching vitis_hls: vitis_hls -nolog -run csynth -work_dir /home/ctf/research/hls/my_hls/vitis/param_set_1/tiny-aes-ecb-partition-1/AES_ECB_encrypt -config /home/ctf/research/hls/my_hls/vitis/param_set_1/tiny-aes-ecb-partition-1/hls_config.cfg -cmdlineconfig /home/ctf/research/hls/my_hls/vitis/param_set_1/tiny-aes-ecb-partition-1/AES_ECB_encrypt/hls/config.cmdline

****** Vitis HLS - High-Level Synthesis from C, C++ and OpenCL v2024.1 (64-bit)
  **** SW Build 5069499 on May 21 2024
  **** IP Build 5075265 on Wed May 22 21:45:21 MDT 2024
  **** SharedData Build 5076995 on Wed May 22 18:29:18 MDT 2024
  **** Start of session at: Sat Jan 25 21:09:08 2025
    ** Copyright 1986-2022 Xilinx, Inc. All Rights Reserved.
    ** Copyright 2022-2024 Advanced Micro Devices, Inc. All Rights Reserved.

source /home/ctf/research/Xilinx/Vitis_HLS/2024.1/scripts/vitis_hls/hls.tcl -notrace
INFO: [HLS 200-10] For user 'ctf' on host 'CTF.myguest.org' (Linux_x86_64 version 6.8.0-51-generic) on Sat Jan 25 21:09:12 EST 2025
INFO: [HLS 200-10] On os Ubuntu 22.04.4 LTS
INFO: [HLS 200-10] In directory '/home/ctf/research/hls/my_hls/vitis/param_set_1/tiny-aes-ecb-partition-1'
INFO: [HLS 200-2005] Using work_dir /home/ctf/research/hls/my_hls/vitis/param_set_1/tiny-aes-ecb-partition-1/AES_ECB_encrypt 
INFO: [HLS 200-1505] Using default flow_target 'vivado'
Resolution: For help on HLS 200-1505 see docs.xilinx.com/access/sources/dita/topic?Doc_Version=2024.1%20English&url=ug1448-hls-guidance&resourceid=200-1505.html
INFO: [HLS 200-1465] Applying ini 'syn.file=/home/ctf/research/hls/my_hls/vitis/tiny-AES-c-mod/aes.c' from /home/ctf/research/hls/my_hls/vitis/param_set_1/tiny-aes-ecb-partition-1/hls_config.cfg(8)
INFO: [HLS 200-10] Adding design file '/home/ctf/research/hls/my_hls/vitis/tiny-AES-c-mod/aes.c' to the project
INFO: [HLS 200-1465] Applying ini 'tb.file=/home/ctf/research/hls/my_hls/vitis/tiny-AES-c-mod/test.c' from /home/ctf/research/hls/my_hls/vitis/param_set_1/tiny-aes-ecb-partition-1/hls_config.cfg(9)
INFO: [HLS 200-10] Adding test bench file '/home/ctf/research/hls/my_hls/vitis/tiny-AES-c-mod/test.c' to the project
INFO: [HLS 200-1465] Applying ini 'syn.top=AES_ECB_encrypt' from /home/ctf/research/hls/my_hls/vitis/param_set_1/tiny-aes-ecb-partition-1/hls_config.cfg(7)
INFO: [HLS 200-1465] Applying ini 'flow_target=vivado' from /home/ctf/research/hls/my_hls/vitis/param_set_1/tiny-aes-ecb-partition-1/hls_config.cfg(4)
INFO: [HLS 200-1505] Using flow_target 'vivado'
Resolution: For help on HLS 200-1505 see docs.xilinx.com/access/sources/dita/topic?Doc_Version=2024.1%20English&url=ug1448-hls-guidance&resourceid=200-1505.html
INFO: [HLS 200-1465] Applying ini 'part=xc7z020clg484-1' from /home/ctf/research/hls/my_hls/vitis/param_set_1/tiny-aes-ecb-partition-1/hls_config.cfg(1)
INFO: [HLS 200-1611] Setting target device to 'xc7z020-clg484-1'
INFO: [HLS 200-1465] Applying ini 'package.output.format=ip_catalog' from /home/ctf/research/hls/my_hls/vitis/param_set_1/tiny-aes-ecb-partition-1/hls_config.cfg(5)
INFO: [HLS 200-1465] Applying ini 'syn.array_partition.complete_threshold=1' from /home/ctf/research/hls/my_hls/vitis/param_set_1/tiny-aes-ecb-partition-1/hls_config.cfg(10)
INFO: [XFORM 203-102] Size-based automatic array partition enabled: cut-off elements per dimension is 1.
INFO: [HLS 200-111] Finished File checks and directory preparation: CPU user time: 6.64 seconds. CPU system time: 0.63 seconds. Elapsed time: 7.05 seconds; current allocated memory: 275.480 MB.
INFO: [HLS 200-10] Analyzing design file '../../tiny-AES-c-mod/aes.c' ... 
INFO: [HLS 200-111] Finished Source Code Analysis and Preprocessing: CPU user time: 0.75 seconds. CPU system time: 0.82 seconds. Elapsed time: 1.69 seconds; current allocated memory: 277.602 MB.
INFO: [HLS 200-777] Using interface defaults for 'Vivado' flow target.
INFO: [HLS 200-1995] There were 412 instructions in the design after the 'Compile/Link' phase of compilation. See the Design Size Report for more details: /home/ctf/research/hls/my_hls/vitis/param_set_1/tiny-aes-ecb-partition-1/AES_ECB_encrypt/hls/syn/report/csynth_design_size.rpt
INFO: [HLS 200-1995] There were 348 instructions in the design after the 'Unroll/Inline (step 1)' phase of compilation. See the Design Size Report for more details: /home/ctf/research/hls/my_hls/vitis/param_set_1/tiny-aes-ecb-partition-1/AES_ECB_encrypt/hls/syn/report/csynth_design_size.rpt
INFO: [HLS 200-1995] There were 270 instructions in the design after the 'Unroll/Inline (step 2)' phase of compilation. See the Design Size Report for more details: /home/ctf/research/hls/my_hls/vitis/param_set_1/tiny-aes-ecb-partition-1/AES_ECB_encrypt/hls/syn/report/csynth_design_size.rpt
INFO: [HLS 200-1995] There were 228 instructions in the design after the 'Unroll/Inline (step 3)' phase of compilation. See the Design Size Report for more details: /home/ctf/research/hls/my_hls/vitis/param_set_1/tiny-aes-ecb-partition-1/AES_ECB_encrypt/hls/syn/report/csynth_design_size.rpt
INFO: [HLS 200-1995] There were 216 instructions in the design after the 'Unroll/Inline (step 4)' phase of compilation. See the Design Size Report for more details: /home/ctf/research/hls/my_hls/vitis/param_set_1/tiny-aes-ecb-partition-1/AES_ECB_encrypt/hls/syn/report/csynth_design_size.rpt
INFO: [HLS 200-1995] There were 215 instructions in the design after the 'Array/Struct (step 1)' phase of compilation. See the Design Size Report for more details: /home/ctf/research/hls/my_hls/vitis/param_set_1/tiny-aes-ecb-partition-1/AES_ECB_encrypt/hls/syn/report/csynth_design_size.rpt
INFO: [HLS 200-1995] There were 215 instructions in the design after the 'Array/Struct (step 2)' phase of compilation. See the Design Size Report for more details: /home/ctf/research/hls/my_hls/vitis/param_set_1/tiny-aes-ecb-partition-1/AES_ECB_encrypt/hls/syn/report/csynth_design_size.rpt
INFO: [HLS 200-1995] There were 233 instructions in the design after the 'Array/Struct (step 3)' phase of compilation. See the Design Size Report for more details: /home/ctf/research/hls/my_hls/vitis/param_set_1/tiny-aes-ecb-partition-1/AES_ECB_encrypt/hls/syn/report/csynth_design_size.rpt
INFO: [HLS 200-1995] There were 230 instructions in the design after the 'Array/Struct (step 4)' phase of compilation. See the Design Size Report for more details: /home/ctf/research/hls/my_hls/vitis/param_set_1/tiny-aes-ecb-partition-1/AES_ECB_encrypt/hls/syn/report/csynth_design_size.rpt
INFO: [HLS 200-1995] There were 229 instructions in the design after the 'Array/Struct (step 5)' phase of compilation. See the Design Size Report for more details: /home/ctf/research/hls/my_hls/vitis/param_set_1/tiny-aes-ecb-partition-1/AES_ECB_encrypt/hls/syn/report/csynth_design_size.rpt
INFO: [HLS 200-1995] There were 221 instructions in the design after the 'Performance (step 1)' phase of compilation. See the Design Size Report for more details: /home/ctf/research/hls/my_hls/vitis/param_set_1/tiny-aes-ecb-partition-1/AES_ECB_encrypt/hls/syn/report/csynth_design_size.rpt
INFO: [HLS 200-1995] There were 421 instructions in the design after the 'Performance (step 2)' phase of compilation. See the Design Size Report for more details: /home/ctf/research/hls/my_hls/vitis/param_set_1/tiny-aes-ecb-partition-1/AES_ECB_encrypt/hls/syn/report/csynth_design_size.rpt
INFO: [HLS 200-1995] There were 421 instructions in the design after the 'Performance (step 3)' phase of compilation. See the Design Size Report for more details: /home/ctf/research/hls/my_hls/vitis/param_set_1/tiny-aes-ecb-partition-1/AES_ECB_encrypt/hls/syn/report/csynth_design_size.rpt
INFO: [HLS 200-1995] There were 421 instructions in the design after the 'Performance (step 4)' phase of compilation. See the Design Size Report for more details: /home/ctf/research/hls/my_hls/vitis/param_set_1/tiny-aes-ecb-partition-1/AES_ECB_encrypt/hls/syn/report/csynth_design_size.rpt
INFO: [HLS 200-1995] There were 409 instructions in the design after the 'HW Transforms (step 1)' phase of compilation. See the Design Size Report for more details: /home/ctf/research/hls/my_hls/vitis/param_set_1/tiny-aes-ecb-partition-1/AES_ECB_encrypt/hls/syn/report/csynth_design_size.rpt
INFO: [HLS 200-1995] There were 424 instructions in the design after the 'HW Transforms (step 2)' phase of compilation. See the Design Size Report for more details: /home/ctf/research/hls/my_hls/vitis/param_set_1/tiny-aes-ecb-partition-1/AES_ECB_encrypt/hls/syn/report/csynth_design_size.rpt
INFO: [HLS 214-178] Inlining function 'xtime' into 'MixColumns' (../../tiny-AES-c-mod/aes.c:301:0)
INFO: [HLS 214-178] Inlining function 'AddRoundKey' into 'Cipher' (../../tiny-AES-c-mod/aes.c:414:0)
INFO: [HLS 214-178] Inlining function 'SubBytes' into 'Cipher' (../../tiny-AES-c-mod/aes.c:414:0)
INFO: [HLS 214-178] Inlining function 'ShiftRows' into 'Cipher' (../../tiny-AES-c-mod/aes.c:414:0)
INFO: [HLS 214-178] Inlining function 'MixColumns' into 'Cipher' (../../tiny-AES-c-mod/aes.c:414:0)
INFO: [HLS 214-241] Aggregating scalar variable 'ctx' with compact=bit mode in 1536-bits (../../tiny-AES-c-mod/aes.c:471:0)
INFO: [HLS 214-376] automatically set the pipeline for Loop< VITIS_LOOP_242_2> at ../../tiny-AES-c-mod/aes.c:242:23 
INFO: [HLS 214-376] automatically set the pipeline for Loop< VITIS_LOOP_256_2> at ../../tiny-AES-c-mod/aes.c:256:23 
INFO: [HLS 214-376] automatically set the pipeline for Loop< VITIS_LOOP_424_1> at ../../tiny-AES-c-mod/aes.c:424:21 
INFO: [HLS 214-291] Loop 'VITIS_LOOP_304_1' is marked as complete unroll implied by the pipeline pragma (../../tiny-AES-c-mod/aes.c:304:21)
INFO: [HLS 214-291] Loop 'VITIS_LOOP_240_1' is marked as complete unroll implied by the pipeline pragma (../../tiny-AES-c-mod/aes.c:240:21)
INFO: [HLS 214-291] Loop 'VITIS_LOOP_242_2' is marked as complete unroll implied by the pipeline pragma (../../tiny-AES-c-mod/aes.c:242:23)
INFO: [HLS 214-291] Loop 'VITIS_LOOP_254_1' is marked as complete unroll implied by the pipeline pragma (../../tiny-AES-c-mod/aes.c:254:21)
INFO: [HLS 214-291] Loop 'VITIS_LOOP_256_2' is marked as complete unroll implied by the pipeline pragma (../../tiny-AES-c-mod/aes.c:256:23)
INFO: [HLS 214-186] Unrolling loop 'VITIS_LOOP_304_1' (../../tiny-AES-c-mod/aes.c:304:21) in function 'Cipher' completely with a factor of 4 (../../tiny-AES-c-mod/aes.c:414:0)
INFO: [HLS 214-186] Unrolling loop 'VITIS_LOOP_240_1' (../../tiny-AES-c-mod/aes.c:240:21) in function 'Cipher' completely with a factor of 4 (../../tiny-AES-c-mod/aes.c:414:0)
INFO: [HLS 214-186] Unrolling loop 'VITIS_LOOP_242_2' (../../tiny-AES-c-mod/aes.c:242:23) in function 'Cipher' completely with a factor of 4 (../../tiny-AES-c-mod/aes.c:414:0)
INFO: [HLS 214-186] Unrolling loop 'VITIS_LOOP_254_1' (../../tiny-AES-c-mod/aes.c:254:21) in function 'Cipher' completely with a factor of 4 (../../tiny-AES-c-mod/aes.c:414:0)
INFO: [HLS 214-186] Unrolling loop 'VITIS_LOOP_256_2' (../../tiny-AES-c-mod/aes.c:256:23) in function 'Cipher' completely with a factor of 4 (../../tiny-AES-c-mod/aes.c:414:0)
INFO: [HLS 200-111] Finished Compiling Optimization and Transform: CPU user time: 4.72 seconds. CPU system time: 1.04 seconds. Elapsed time: 9.7 seconds; current allocated memory: 279.242 MB.
INFO: [HLS 200-111] Finished Checking Pragmas: CPU user time: 0 seconds. CPU system time: 0 seconds. Elapsed time: 0 seconds; current allocated memory: 279.242 MB.
INFO: [HLS 200-10] Starting code transformations ...
INFO: [HLS 200-111] Finished Standard Transforms: CPU user time: 0.05 seconds. CPU system time: 0.01 seconds. Elapsed time: 0.09 seconds; current allocated memory: 279.785 MB.
INFO: [HLS 200-10] Checking synthesizability ...
INFO: [HLS 200-111] Finished Checking Synthesizability: CPU user time: 0.05 seconds. CPU system time: 0 seconds. Elapsed time: 0.05 seconds; current allocated memory: 279.816 MB.
INFO: [XFORM 203-11] Balancing expressions in function 'Cipher' (../../tiny-AES-c-mod/aes.c:239:23)...60 expression(s) balanced.
INFO: [HLS 200-111] Finished Loop, function and other optimizations: CPU user time: 0.22 seconds. CPU system time: 0.01 seconds. Elapsed time: 0.26 seconds; current allocated memory: 303.418 MB.
INFO: [HLS 200-2061] Successfully converted nested loops 'VITIS_LOOP_240_1'(../../tiny-AES-c-mod/aes.c:240:21) and 'VITIS_LOOP_242_2'(../../tiny-AES-c-mod/aes.c:242:23) in function 'Cipher' into perfectly nested loops.
INFO: [HLS 200-2061] Successfully converted nested loops 'VITIS_LOOP_254_1'(../../tiny-AES-c-mod/aes.c:254:21) and 'VITIS_LOOP_256_2'(../../tiny-AES-c-mod/aes.c:256:23) in function 'Cipher' into perfectly nested loops.
INFO: [HLS 200-2061] Successfully converted nested loops 'VITIS_LOOP_240_1'(../../tiny-AES-c-mod/aes.c:240:21) and 'VITIS_LOOP_242_2'(../../tiny-AES-c-mod/aes.c:242:23) in function 'Cipher' into perfectly nested loops.
INFO: [XFORM 203-541] Flattening a loop nest 'VITIS_LOOP_240_1' (../../tiny-AES-c-mod/aes.c:240:21) in function 'Cipher'.
INFO: [XFORM 203-541] Flattening a loop nest 'VITIS_LOOP_254_1' (../../tiny-AES-c-mod/aes.c:254:21) in function 'Cipher'.
INFO: [XFORM 203-541] Flattening a loop nest 'VITIS_LOOP_240_1' (../../tiny-AES-c-mod/aes.c:240:21) in function 'Cipher'.
INFO: [HLS 200-111] Finished Architecture Synthesis: CPU user time: 0.25 seconds. CPU system time: 0.03 seconds. Elapsed time: 0.29 seconds; current allocated memory: 343.715 MB.
INFO: [HLS 200-10] Starting hardware synthesis ...
INFO: [HLS 200-10] Synthesizing 'AES_ECB_encrypt' ...
INFO: [SYN 201-201] Setting up clock 'default' with a period of 10ns.
INFO: [HLS 200-10] ----------------------------------------------------------------
INFO: [HLS 200-42] -- Implementing module 'Cipher_Pipeline_VITIS_LOOP_240_1_VITIS_LOOP_242_2' 
INFO: [HLS 200-10] ----------------------------------------------------------------
INFO: [SCHED 204-11] Starting scheduling ...
INFO: [SCHED 204-61] Pipelining loop 'VITIS_LOOP_240_1_VITIS_LOOP_242_2'.
INFO: [HLS 200-1470] Pipelining result : Target II = NA, Final II = 1, Depth = 4, loop 'VITIS_LOOP_240_1_VITIS_LOOP_242_2'
INFO: [SCHED 204-11] Finished scheduling.
INFO: [HLS 200-111] Finished Scheduling: CPU user time: 0.14 seconds. CPU system time: 0.05 seconds. Elapsed time: 0.19 seconds; current allocated memory: 344.520 MB.
INFO: [BIND 205-100] Starting micro-architecture generation ...
INFO: [BIND 205-101] Performing variable lifetime analysis.
INFO: [BIND 205-101] Exploring resource sharing.
INFO: [BIND 205-101] Binding ...
INFO: [BIND 205-100] Finished micro-architecture generation.
INFO: [HLS 200-111] Finished Binding: CPU user time: 0.03 seconds. CPU system time: 0 seconds. Elapsed time: 0.05 seconds; current allocated memory: 344.520 MB.
INFO: [HLS 200-10] ----------------------------------------------------------------
INFO: [HLS 200-42] -- Implementing module 'Cipher_Pipeline_VITIS_LOOP_254_1_VITIS_LOOP_256_2' 
INFO: [HLS 200-10] ----------------------------------------------------------------
INFO: [SCHED 204-11] Starting scheduling ...
INFO: [SCHED 204-61] Pipelining loop 'VITIS_LOOP_254_1_VITIS_LOOP_256_2'.
INFO: [HLS 200-1470] Pipelining result : Target II = NA, Final II = 1, Depth = 4, loop 'VITIS_LOOP_254_1_VITIS_LOOP_256_2'
INFO: [SCHED 204-11] Finished scheduling.
INFO: [HLS 200-111] Finished Scheduling: CPU user time: 0.05 seconds. CPU system time: 0.01 seconds. Elapsed time: 0.05 seconds; current allocated memory: 344.520 MB.
INFO: [BIND 205-100] Starting micro-architecture generation ...
INFO: [BIND 205-101] Performing variable lifetime analysis.
INFO: [BIND 205-101] Exploring resource sharing.
INFO: [BIND 205-101] Binding ...
INFO: [BIND 205-100] Finished micro-architecture generation.
INFO: [HLS 200-111] Finished Binding: CPU user time: 0.03 seconds. CPU system time: 0 seconds. Elapsed time: 0.03 seconds; current allocated memory: 344.520 MB.
INFO: [HLS 200-10] ----------------------------------------------------------------
INFO: [HLS 200-42] -- Implementing module 'Cipher_Pipeline_VITIS_LOOP_424_1' 
INFO: [HLS 200-10] ----------------------------------------------------------------
INFO: [SCHED 204-11] Starting scheduling ...
INFO: [SCHED 204-61] Pipelining loop 'VITIS_LOOP_424_1'.
WARNING: [HLS 200-880] The II Violation in module 'Cipher_Pipeline_VITIS_LOOP_424_1' (loop 'VITIS_LOOP_424_1'): Unable to enforce a carried dependence constraint (II = 1, distance = 1, offset = 1) between 'load' operation 8 bit ('sbox_load', ../../tiny-AES-c-mod/aes.c:258->../../tiny-AES-c-mod/aes.c:426) on array 'sbox' and 'xor' operation 8 bit ('Tmp', ../../tiny-AES-c-mod/aes.c:307->../../tiny-AES-c-mod/aes.c:431).
Resolution: For help on HLS 200-880 see docs.xilinx.com/access/sources/dita/topic?Doc_Version=2024.1%20English&url=ug1448-hls-guidance&resourceid=200-880.html
INFO: [HLS 200-1470] Pipelining result : Target II = NA, Final II = 2, Depth = 4, loop 'VITIS_LOOP_424_1'
INFO: [SCHED 204-11] Finished scheduling.
INFO: [HLS 200-111] Finished Scheduling: CPU user time: 0.47 seconds. CPU system time: 0 seconds. Elapsed time: 0.48 seconds; current allocated memory: 346.480 MB.
INFO: [BIND 205-100] Starting micro-architecture generation ...
INFO: [BIND 205-101] Performing variable lifetime analysis.
INFO: [BIND 205-101] Exploring resource sharing.
INFO: [BIND 205-101] Binding ...
INFO: [BIND 205-100] Finished micro-architecture generation.
INFO: [HLS 200-111] Finished Binding: CPU user time: 0.11 seconds. CPU system time: 0.01 seconds. Elapsed time: 0.12 seconds; current allocated memory: 346.480 MB.
INFO: [HLS 200-10] ----------------------------------------------------------------
INFO: [HLS 200-42] -- Implementing module 'Cipher_Pipeline_VITIS_LOOP_240_1_VITIS_LOOP_242_22' 
INFO: [HLS 200-10] ----------------------------------------------------------------
INFO: [SCHED 204-11] Starting scheduling ...
INFO: [SCHED 204-61] Pipelining loop 'VITIS_LOOP_240_1_VITIS_LOOP_242_2'.
INFO: [HLS 200-1470] Pipelining result : Target II = NA, Final II = 1, Depth = 4, loop 'VITIS_LOOP_240_1_VITIS_LOOP_242_2'
INFO: [SCHED 204-11] Finished scheduling.
INFO: [HLS 200-111] Finished Scheduling: CPU user time: 0.13 seconds. CPU system time: 0.01 seconds. Elapsed time: 0.16 seconds; current allocated memory: 346.480 MB.
INFO: [BIND 205-100] Starting micro-architecture generation ...
INFO: [BIND 205-101] Performing variable lifetime analysis.
INFO: [BIND 205-101] Exploring resource sharing.
INFO: [BIND 205-101] Binding ...
INFO: [BIND 205-100] Finished micro-architecture generation.
INFO: [HLS 200-111] Finished Binding: CPU user time: 0.05 seconds. CPU system time: 0.01 seconds. Elapsed time: 0.07 seconds; current allocated memory: 346.480 MB.
INFO: [HLS 200-10] ----------------------------------------------------------------
INFO: [HLS 200-42] -- Implementing module 'Cipher' 
INFO: [HLS 200-10] ----------------------------------------------------------------
INFO: [SCHED 204-11] Starting scheduling ...
INFO: [SCHED 204-11] Finished scheduling.
INFO: [HLS 200-111] Finished Scheduling: CPU user time: 0.09 seconds. CPU system time: 0.01 seconds. Elapsed time: 0.1 seconds; current allocated memory: 346.480 MB.
INFO: [BIND 205-100] Starting micro-architecture generation ...
INFO: [BIND 205-101] Performing variable lifetime analysis.
INFO: [BIND 205-101] Exploring resource sharing.
INFO: [BIND 205-101] Binding ...
INFO: [BIND 205-100] Finished micro-architecture generation.
INFO: [HLS 200-111] Finished Binding: CPU user time: 0.05 seconds. CPU system time: 0.01 seconds. Elapsed time: 0.07 seconds; current allocated memory: 346.480 MB.
INFO: [HLS 200-10] ----------------------------------------------------------------
INFO: [HLS 200-42] -- Implementing module 'AES_ECB_encrypt' 
INFO: [HLS 200-10] ----------------------------------------------------------------
INFO: [SCHED 204-11] Starting scheduling ...
INFO: [SCHED 204-11] Finished scheduling.
INFO: [HLS 200-111] Finished Scheduling: CPU user time: 0.07 seconds. CPU system time: 0.02 seconds. Elapsed time: 0.1 seconds; current allocated memory: 346.480 MB.
INFO: [BIND 205-100] Starting micro-architecture generation ...
INFO: [BIND 205-101] Performing variable lifetime analysis.
INFO: [BIND 205-101] Exploring resource sharing.
INFO: [BIND 205-101] Binding ...
INFO: [BIND 205-100] Finished micro-architecture generation.
INFO: [HLS 200-111] Finished Binding: CPU user time: 0.03 seconds. CPU system time: 0 seconds. Elapsed time: 0.05 seconds; current allocated memory: 346.480 MB.
INFO: [HLS 200-10] ----------------------------------------------------------------
INFO: [HLS 200-10] -- Generating RTL for module 'Cipher_Pipeline_VITIS_LOOP_240_1_VITIS_LOOP_242_2' 
INFO: [HLS 200-10] ----------------------------------------------------------------
INFO: [HLS 200-1030] Apply Unified Pipeline Control on module 'Cipher_Pipeline_VITIS_LOOP_240_1_VITIS_LOOP_242_2' pipeline 'VITIS_LOOP_240_1_VITIS_LOOP_242_2' pipeline type 'loop pipeline'
INFO: [RTGEN 206-100] Finished creating RTL model for 'Cipher_Pipeline_VITIS_LOOP_240_1_VITIS_LOOP_242_2'.
INFO: [HLS 200-111] Finished Creating RTL model: CPU user time: 0.07 seconds. CPU system time: 0.02 seconds. Elapsed time: 0.11 seconds; current allocated memory: 346.480 MB.
INFO: [HLS 200-10] ----------------------------------------------------------------
INFO: [HLS 200-10] -- Generating RTL for module 'Cipher_Pipeline_VITIS_LOOP_254_1_VITIS_LOOP_256_2' 
INFO: [HLS 200-10] ----------------------------------------------------------------
INFO: [HLS 200-1030] Apply Unified Pipeline Control on module 'Cipher_Pipeline_VITIS_LOOP_254_1_VITIS_LOOP_256_2' pipeline 'VITIS_LOOP_254_1_VITIS_LOOP_256_2' pipeline type 'loop pipeline'
INFO: [RTGEN 206-100] Finished creating RTL model for 'Cipher_Pipeline_VITIS_LOOP_254_1_VITIS_LOOP_256_2'.
INFO: [HLS 200-111] Finished Creating RTL model: CPU user time: 0.11 seconds. CPU system time: 0.03 seconds. Elapsed time: 0.14 seconds; current allocated memory: 347.520 MB.
INFO: [HLS 200-10] ----------------------------------------------------------------
INFO: [HLS 200-10] -- Generating RTL for module 'Cipher_Pipeline_VITIS_LOOP_424_1' 
INFO: [HLS 200-10] ----------------------------------------------------------------
INFO: [HLS 200-1030] Apply Unified Pipeline Control on module 'Cipher_Pipeline_VITIS_LOOP_424_1' pipeline 'VITIS_LOOP_424_1' pipeline type 'loop pipeline'
INFO: [RTGEN 206-104] Estimated max fanout for 'Cipher_Pipeline_VITIS_LOOP_424_1' is 24672 from HDL expression: ((1'b0 == ap_block_pp0_stage1_11001) & (1'b1 == ap_CS_fsm_pp0_stage1))
INFO: [RTGEN 206-100] Finished creating RTL model for 'Cipher_Pipeline_VITIS_LOOP_424_1'.
INFO: [HLS 200-111] Finished Creating RTL model: CPU user time: 0.34 seconds. CPU system time: 0.03 seconds. Elapsed time: 0.37 seconds; current allocated memory: 350.711 MB.
INFO: [HLS 200-10] ----------------------------------------------------------------
INFO: [HLS 200-10] -- Generating RTL for module 'Cipher_Pipeline_VITIS_LOOP_240_1_VITIS_LOOP_242_22' 
INFO: [HLS 200-10] ----------------------------------------------------------------
INFO: [HLS 200-1030] Apply Unified Pipeline Control on module 'Cipher_Pipeline_VITIS_LOOP_240_1_VITIS_LOOP_242_22' pipeline 'VITIS_LOOP_240_1_VITIS_LOOP_242_2' pipeline type 'loop pipeline'
INFO: [RTGEN 206-100] Finished creating RTL model for 'Cipher_Pipeline_VITIS_LOOP_240_1_VITIS_LOOP_242_22'.
INFO: [HLS 200-111] Finished Creating RTL model: CPU user time: 0.32 seconds. CPU system time: 0.02 seconds. Elapsed time: 0.39 seconds; current allocated memory: 358.293 MB.
INFO: [HLS 200-10] ----------------------------------------------------------------
INFO: [HLS 200-10] -- Generating RTL for module 'Cipher' 
INFO: [HLS 200-10] ----------------------------------------------------------------
INFO: [RTGEN 206-100] Finished creating RTL model for 'Cipher'.
INFO: [RTMG 210-279] Implementing memory 'AES_ECB_encrypt_Cipher_sbox_ROM_AUTO_1R' using auto ROMs.
INFO: [HLS 200-111] Finished Creating RTL model: CPU user time: 0.14 seconds. CPU system time: 0.01 seconds. Elapsed time: 0.16 seconds; current allocated memory: 359.250 MB.
INFO: [HLS 200-10] ----------------------------------------------------------------
INFO: [HLS 200-10] -- Generating RTL for module 'AES_ECB_encrypt' 
INFO: [HLS 200-10] ----------------------------------------------------------------
INFO: [RTGEN 206-500] Setting interface mode on port 'AES_ECB_encrypt/ctx' to 'ap_none'.
INFO: [RTGEN 206-500] Setting interface mode on port 'AES_ECB_encrypt/buf_r' to 'ap_memory'.
INFO: [RTGEN 206-500] Setting interface mode on function 'AES_ECB_encrypt' to 'ap_ctrl_hs'.
INFO: [RTGEN 206-100] Finished creating RTL model for 'AES_ECB_encrypt'.
INFO: [HLS 200-111] Finished Creating RTL model: CPU user time: 0.14 seconds. CPU system time: 0.02 seconds. Elapsed time: 0.15 seconds; current allocated memory: 360.934 MB.
INFO: [HLS 200-111] Finished Generating all RTL models: CPU user time: 0.34 seconds. CPU system time: 0.05 seconds. Elapsed time: 0.41 seconds; current allocated memory: 363.707 MB.
INFO: [HLS 200-111] Finished Updating report files: CPU user time: 0.81 seconds. CPU system time: 0.06 seconds. Elapsed time: 0.88 seconds; current allocated memory: 369.328 MB.
INFO: [VHDL 208-304] Generating VHDL RTL for AES_ECB_encrypt.
INFO: [VLOG 209-307] Generating Verilog RTL for AES_ECB_encrypt.
INFO: [HLS 200-789] **** Estimated Fmax: 149.54 MHz
INFO: [HLS 200-112] Total CPU user time: 16.31 seconds. Total CPU system time: 2.93 seconds. Total elapsed time: 23.38 seconds; peak allocated memory: 369.570 MB.
INFO: [v++ 60-791] Total elapsed time: 0h 0m 28s
