Sat Jan 25 21:08:41 2025: Running xcd server. This server was built by gradle.
Sat Jan 25 21:08:41 2025: Server was asked to start on port: '37289'
Sat Jan 25 21:08:41 2025: Server is using token UUID: 'cb03c1fd-3689-4ee9-a8d1-fe2a794b1ee5'
Sat Jan 25 21:08:41 2025: SESSION_MGR: creating session with session uuid: '6d04a3e9-ade5-4ab9-8d63-1f78fcd2ec76' and name 'default'
Sat Jan 25 21:08:41 2025: Attempting to start server on port '37289'
Sat Jan 25 21:08:41 2025: XCD main fifo: created main fifo '/tmp/xcdmaincb03c1fd-3689-4ee9-a8d1-fe2a794b1ee5', fd read = 13
Sat Jan 25 21:08:41 2025: Running Dispatch Server
Sat Jan 25 21:08:41 2025: Version 2.2.0
Sat Jan 25 21:08:42 2025: Dispatch Server: Accepted socket connection from client
Sat Jan 25 21:08:42 2025: Starting Socket connection
Sat Jan 25 21:08:42 2025: EXCHANGE_TOKEN received, server token: cb03c1fd-3689-4ee9-a8d1-fe2a794b1ee5, passed token: cb03c1fd-3689-4ee9-a8d1-fe2a794b1ee5
Sat Jan 25 21:08:42 2025: DISPATCH_HANDLER: Adding handler from function makeHandler in library libxv_system_diagram
Sat Jan 25 21:08:42 2025: SESSION_MGR: creating session with session uuid: 'ecab6ed0-9180-4a1e-bc13-2bd5c16b0996' and name 'vitis-run_compile_AES_ECB_encrypt'
Sat Jan 25 21:08:42 2025: KERNEL_SVC: creating session with uuid: 'ecab6ed0-9180-4a1e-bc13-2bd5c16b0996' and name 'vitis-run_compile_AES_ECB_encrypt'
Sat Jan 25 21:08:42 2025: GUIDANCE_SMGR: creating guidance session with uuid: 'ecab6ed0-9180-4a1e-bc13-2bd5c16b0996' and name 'vitis-run_compile_AES_ECB_encrypt'
Sat Jan 25 21:08:42 2025: SYSTEM_DIAGRAM: creating session with uuid: 'ecab6ed0-9180-4a1e-bc13-2bd5c16b0996' and name 'vitis-run_compile_AES_ECB_encrypt'
Sat Jan 25 21:08:53 2025: Dispatch Server: Accepted socket connection from client
Sat Jan 25 21:08:53 2025: Starting Socket connection
Sat Jan 25 21:08:54 2025: SESSION_MGR: closing session for UUID 'ecab6ed0-9180-4a1e-bc13-2bd5c16b0996' with name 'vitis-run_compile_AES_ECB_encrypt'
Sat Jan 25 21:08:54 2025: KERNEL_SVC: closing session for UUID 'ecab6ed0-9180-4a1e-bc13-2bd5c16b0996' with name 'vitis-run_compile_AES_ECB_encrypt'
Sat Jan 25 21:08:54 2025: GUIDANCE_SMGR: closing session for UUID 'ecab6ed0-9180-4a1e-bc13-2bd5c16b0996' with name 'vitis-run_compile_AES_ECB_encrypt'
Sat Jan 25 21:08:54 2025: SYSTEM_DIAGRAM: closing session for UUID 'ecab6ed0-9180-4a1e-bc13-2bd5c16b0996' with name 'vitis-run_compile_AES_ECB_encrypt'
Sat Jan 25 21:08:54 2025: STOP_SERVER received, server token: cb03c1fd-3689-4ee9-a8d1-fe2a794b1ee5, passed token: cb03c1fd-3689-4ee9-a8d1-fe2a794b1ee5
Sat Jan 25 21:08:54 2025: Socket received request to stop server.
Sat Jan 25 21:08:54 2025: Dispatch Server: do_await_stop
Sat Jan 25 21:08:54 2025: Dispatch Server: stopping mainFifo_
Sat Jan 25 21:08:54 2025: XCD main fifo: Stopping
Sat Jan 25 21:08:54 2025: XCD main fifo: do_read error code: Operation canceled
Sat Jan 25 21:08:54 2025: XCD main fifo: bytes_transferred: 0
Sat Jan 25 21:08:54 2025: SERVER: destructor for server bound to port 37289
Sat Jan 25 21:08:54 2025: XCD main fifo: Good unlink of /tmp/xcdmaincb03c1fd-3689-4ee9-a8d1-fe2a794b1ee5
Sat Jan 25 21:08:54 2025: Server exiting with status 0.
Sat Jan 25 21:08:54 2025: Closing log file.
Sat Jan 25 21:09:05 2025: Running xcd server. This server was built by gradle.
Sat Jan 25 21:09:05 2025: Server was asked to start on port: '46485'
Sat Jan 25 21:09:05 2025: Server is using token UUID: 'ba20b752-785e-4213-9e44-1c0cc107e460'
Sat Jan 25 21:09:05 2025: SESSION_MGR: creating session with session uuid: '6d04a3e9-ade5-4ab9-8d63-1f78fcd2ec76' and name 'default'
Sat Jan 25 21:09:05 2025: Attempting to start server on port '46485'
Sat Jan 25 21:09:05 2025: XCD main fifo: created main fifo '/tmp/xcdmainba20b752-785e-4213-9e44-1c0cc107e460', fd read = 13
Sat Jan 25 21:09:05 2025: Running Dispatch Server
Sat Jan 25 21:09:05 2025: Version 2.2.0
Sat Jan 25 21:09:05 2025: Dispatch Server: Accepted socket connection from client
Sat Jan 25 21:09:05 2025: Starting Socket connection
Sat Jan 25 21:09:05 2025: EXCHANGE_TOKEN received, server token: ba20b752-785e-4213-9e44-1c0cc107e460, passed token: ba20b752-785e-4213-9e44-1c0cc107e460
Sat Jan 25 21:09:06 2025: DISPATCH_HANDLER: Adding handler from function makeHandler in library libxv_system_diagram
Sat Jan 25 21:09:06 2025: SESSION_MGR: creating session with session uuid: '6f7972a5-49a3-4295-9f9c-6256473e9e86' and name 'v++_compile_AES_ECB_encrypt'
Sat Jan 25 21:09:06 2025: KERNEL_SVC: creating session with uuid: '6f7972a5-49a3-4295-9f9c-6256473e9e86' and name 'v++_compile_AES_ECB_encrypt'
Sat Jan 25 21:09:06 2025: GUIDANCE_SMGR: creating guidance session with uuid: '6f7972a5-49a3-4295-9f9c-6256473e9e86' and name 'v++_compile_AES_ECB_encrypt'
Sat Jan 25 21:09:06 2025: SYSTEM_DIAGRAM: creating session with uuid: '6f7972a5-49a3-4295-9f9c-6256473e9e86' and name 'v++_compile_AES_ECB_encrypt'
Sat Jan 25 21:09:14 2025: Dispatch Server: Accepted socket connection from client
Sat Jan 25 21:09:14 2025: Starting Socket connection
Sat Jan 25 21:09:31 2025: SESSION_MGR: closing session for UUID '6f7972a5-49a3-4295-9f9c-6256473e9e86' with name 'v++_compile_AES_ECB_encrypt'
Sat Jan 25 21:09:31 2025: KERNEL_SVC: closing session for UUID '6f7972a5-49a3-4295-9f9c-6256473e9e86' with name 'v++_compile_AES_ECB_encrypt'
Sat Jan 25 21:09:31 2025: GUIDANCE_SMGR: closing session for UUID '6f7972a5-49a3-4295-9f9c-6256473e9e86' with name 'v++_compile_AES_ECB_encrypt'
Sat Jan 25 21:09:31 2025: SYSTEM_DIAGRAM: closing session for UUID '6f7972a5-49a3-4295-9f9c-6256473e9e86' with name 'v++_compile_AES_ECB_encrypt'
Sat Jan 25 21:09:31 2025: STOP_SERVER received, server token: ba20b752-785e-4213-9e44-1c0cc107e460, passed token: ba20b752-785e-4213-9e44-1c0cc107e460
Sat Jan 25 21:09:31 2025: Socket received request to stop server.
Sat Jan 25 21:09:31 2025: Dispatch Server: do_await_stop
Sat Jan 25 21:09:31 2025: Dispatch Server: stopping mainFifo_
Sat Jan 25 21:09:31 2025: XCD main fifo: Stopping
Sat Jan 25 21:09:31 2025: XCD main fifo: do_read error code: Operation canceled
Sat Jan 25 21:09:31 2025: XCD main fifo: bytes_transferred: 0
Sat Jan 25 21:09:31 2025: SERVER: destructor for server bound to port 46485
Sat Jan 25 21:09:31 2025: XCD main fifo: Good unlink of /tmp/xcdmainba20b752-785e-4213-9e44-1c0cc107e460
Sat Jan 25 21:09:31 2025: Server exiting with status 0.
Sat Jan 25 21:09:31 2025: Closing log file.
Sat Jan 25 21:10:43 2025: Running xcd server. This server was built by gradle.
Sat Jan 25 21:10:43 2025: Server was asked to start on port: '46311'
Sat Jan 25 21:10:43 2025: Server is using token UUID: '60b4f995-4fb2-45df-b022-3dca76defd1c'
Sat Jan 25 21:10:43 2025: SESSION_MGR: creating session with session uuid: '6d04a3e9-ade5-4ab9-8d63-1f78fcd2ec76' and name 'default'
Sat Jan 25 21:10:43 2025: Attempting to start server on port '46311'
Sat Jan 25 21:10:43 2025: XCD main fifo: created main fifo '/tmp/xcdmain60b4f995-4fb2-45df-b022-3dca76defd1c', fd read = 13
Sat Jan 25 21:10:43 2025: Running Dispatch Server
Sat Jan 25 21:10:43 2025: Version 2.2.0
Sat Jan 25 21:10:43 2025: Dispatch Server: Accepted socket connection from client
Sat Jan 25 21:10:43 2025: Starting Socket connection
Sat Jan 25 21:10:43 2025: EXCHANGE_TOKEN received, server token: 60b4f995-4fb2-45df-b022-3dca76defd1c, passed token: 60b4f995-4fb2-45df-b022-3dca76defd1c
Sat Jan 25 21:10:44 2025: DISPATCH_HANDLER: Adding handler from function makeHandler in library libxv_system_diagram
Sat Jan 25 21:10:44 2025: SESSION_MGR: creating session with session uuid: '939ead07-0d21-430b-a16a-e5119dba6b25' and name 'vitis-run_compile_AES_ECB_encrypt'
Sat Jan 25 21:10:44 2025: KERNEL_SVC: creating session with uuid: '939ead07-0d21-430b-a16a-e5119dba6b25' and name 'vitis-run_compile_AES_ECB_encrypt'
Sat Jan 25 21:10:44 2025: GUIDANCE_SMGR: creating guidance session with uuid: '939ead07-0d21-430b-a16a-e5119dba6b25' and name 'vitis-run_compile_AES_ECB_encrypt'
Sat Jan 25 21:10:44 2025: SYSTEM_DIAGRAM: creating session with uuid: '939ead07-0d21-430b-a16a-e5119dba6b25' and name 'vitis-run_compile_AES_ECB_encrypt'
Sat Jan 25 21:10:53 2025: Dispatch Server: Accepted socket connection from client
Sat Jan 25 21:10:53 2025: Starting Socket connection
Sat Jan 25 21:11:25 2025: SESSION_MGR: closing session for UUID '939ead07-0d21-430b-a16a-e5119dba6b25' with name 'vitis-run_compile_AES_ECB_encrypt'
Sat Jan 25 21:11:25 2025: KERNEL_SVC: closing session for UUID '939ead07-0d21-430b-a16a-e5119dba6b25' with name 'vitis-run_compile_AES_ECB_encrypt'
Sat Jan 25 21:11:25 2025: GUIDANCE_SMGR: closing session for UUID '939ead07-0d21-430b-a16a-e5119dba6b25' with name 'vitis-run_compile_AES_ECB_encrypt'
Sat Jan 25 21:11:25 2025: SYSTEM_DIAGRAM: closing session for UUID '939ead07-0d21-430b-a16a-e5119dba6b25' with name 'vitis-run_compile_AES_ECB_encrypt'
Sat Jan 25 21:11:25 2025: STOP_SERVER received, server token: 60b4f995-4fb2-45df-b022-3dca76defd1c, passed token: 60b4f995-4fb2-45df-b022-3dca76defd1c
Sat Jan 25 21:11:25 2025: Socket received request to stop server.
Sat Jan 25 21:11:25 2025: Dispatch Server: do_await_stop
Sat Jan 25 21:11:25 2025: Dispatch Server: stopping mainFifo_
Sat Jan 25 21:11:25 2025: XCD main fifo: Stopping
Sat Jan 25 21:11:25 2025: XCD main fifo: do_read error code: Operation canceled
Sat Jan 25 21:11:25 2025: XCD main fifo: bytes_transferred: 0
Sat Jan 25 21:11:25 2025: SERVER: destructor for server bound to port 46311
Sat Jan 25 21:11:25 2025: XCD main fifo: Good unlink of /tmp/xcdmain60b4f995-4fb2-45df-b022-3dca76defd1c
Sat Jan 25 21:11:25 2025: Server exiting with status 0.
Sat Jan 25 21:11:25 2025: Closing log file.
Sat Jan 25 21:22:30 2025: Running xcd server. This server was built by gradle.
Sat Jan 25 21:22:30 2025: Server was asked to start on port: '45667'
Sat Jan 25 21:22:30 2025: Server is using token UUID: '3416636d-a1ff-4404-af6b-43de2b74ac24'
Sat Jan 25 21:22:30 2025: SESSION_MGR: creating session with session uuid: '6d04a3e9-ade5-4ab9-8d63-1f78fcd2ec76' and name 'default'
Sat Jan 25 21:22:30 2025: Attempting to start server on port '45667'
Sat Jan 25 21:22:30 2025: XCD main fifo: created main fifo '/tmp/xcdmain3416636d-a1ff-4404-af6b-43de2b74ac24', fd read = 13
Sat Jan 25 21:22:30 2025: Running Dispatch Server
Sat Jan 25 21:22:30 2025: Version 2.2.0
Sat Jan 25 21:22:31 2025: Dispatch Server: Accepted socket connection from client
Sat Jan 25 21:22:31 2025: Starting Socket connection
Sat Jan 25 21:22:31 2025: EXCHANGE_TOKEN received, server token: 3416636d-a1ff-4404-af6b-43de2b74ac24, passed token: 3416636d-a1ff-4404-af6b-43de2b74ac24
Sat Jan 25 21:22:31 2025: DISPATCH_HANDLER: Adding handler from function makeHandler in library libxv_system_diagram
Sat Jan 25 21:22:31 2025: SESSION_MGR: creating session with session uuid: '0cc257c4-1eef-4eb4-be90-fbc12729418b' and name 'vitis-run_compile_AES_ECB_encrypt'
Sat Jan 25 21:22:31 2025: KERNEL_SVC: creating session with uuid: '0cc257c4-1eef-4eb4-be90-fbc12729418b' and name 'vitis-run_compile_AES_ECB_encrypt'
Sat Jan 25 21:22:31 2025: GUIDANCE_SMGR: creating guidance session with uuid: '0cc257c4-1eef-4eb4-be90-fbc12729418b' and name 'vitis-run_compile_AES_ECB_encrypt'
Sat Jan 25 21:22:31 2025: SYSTEM_DIAGRAM: creating session with uuid: '0cc257c4-1eef-4eb4-be90-fbc12729418b' and name 'vitis-run_compile_AES_ECB_encrypt'
Sat Jan 25 21:22:40 2025: Dispatch Server: Accepted socket connection from client
Sat Jan 25 21:22:40 2025: Starting Socket connection
Sat Jan 25 21:23:13 2025: SESSION_MGR: closing session for UUID '0cc257c4-1eef-4eb4-be90-fbc12729418b' with name 'vitis-run_compile_AES_ECB_encrypt'
Sat Jan 25 21:23:13 2025: KERNEL_SVC: closing session for UUID '0cc257c4-1eef-4eb4-be90-fbc12729418b' with name 'vitis-run_compile_AES_ECB_encrypt'
Sat Jan 25 21:23:13 2025: GUIDANCE_SMGR: closing session for UUID '0cc257c4-1eef-4eb4-be90-fbc12729418b' with name 'vitis-run_compile_AES_ECB_encrypt'
Sat Jan 25 21:23:13 2025: SYSTEM_DIAGRAM: closing session for UUID '0cc257c4-1eef-4eb4-be90-fbc12729418b' with name 'vitis-run_compile_AES_ECB_encrypt'
Sat Jan 25 21:23:13 2025: STOP_SERVER received, server token: 3416636d-a1ff-4404-af6b-43de2b74ac24, passed token: 3416636d-a1ff-4404-af6b-43de2b74ac24
Sat Jan 25 21:23:13 2025: Socket received request to stop server.
Sat Jan 25 21:23:13 2025: Dispatch Server: do_await_stop
Sat Jan 25 21:23:13 2025: Dispatch Server: stopping mainFifo_
Sat Jan 25 21:23:13 2025: XCD main fifo: Stopping
Sat Jan 25 21:23:13 2025: XCD main fifo: do_read error code: Operation canceled
Sat Jan 25 21:23:13 2025: XCD main fifo: bytes_transferred: 0
Sat Jan 25 21:23:13 2025: SERVER: destructor for server bound to port 45667
Sat Jan 25 21:23:13 2025: XCD main fifo: Good unlink of /tmp/xcdmain3416636d-a1ff-4404-af6b-43de2b74ac24
Sat Jan 25 21:23:13 2025: Server exiting with status 0.
Sat Jan 25 21:23:13 2025: Closing log file.
Sun Jan 26 18:39:34 2025: Running xcd server. This server was built by gradle.
Sun Jan 26 18:39:34 2025: Server was asked to start on port: '43553'
Sun Jan 26 18:39:35 2025: Server is using token UUID: '3148f672-eef0-439a-8ef7-00514efd84f1'
Sun Jan 26 18:39:35 2025: SESSION_MGR: creating session with session uuid: '6d04a3e9-ade5-4ab9-8d63-1f78fcd2ec76' and name 'default'
Sun Jan 26 18:39:35 2025: Attempting to start server on port '43553'
Sun Jan 26 18:39:35 2025: XCD main fifo: created main fifo '/tmp/xcdmain3148f672-eef0-439a-8ef7-00514efd84f1', fd read = 13
Sun Jan 26 18:39:35 2025: Running Dispatch Server
Sun Jan 26 18:39:35 2025: Version 2.2.0
Sun Jan 26 18:39:35 2025: Dispatch Server: Accepted socket connection from client
Sun Jan 26 18:39:35 2025: Starting Socket connection
Sun Jan 26 18:39:35 2025: EXCHANGE_TOKEN received, server token: 3148f672-eef0-439a-8ef7-00514efd84f1, passed token: 3148f672-eef0-439a-8ef7-00514efd84f1
Sun Jan 26 18:39:35 2025: DISPATCH_HANDLER: Adding handler from function makeHandler in library libxv_system_diagram
Sun Jan 26 18:39:35 2025: SESSION_MGR: creating session with session uuid: 'ed1f125d-ffde-4ce6-8630-87f2d66b999c' and name 'vitis-run_compile_AES_ECB_encrypt'
Sun Jan 26 18:39:35 2025: KERNEL_SVC: creating session with uuid: 'ed1f125d-ffde-4ce6-8630-87f2d66b999c' and name 'vitis-run_compile_AES_ECB_encrypt'
Sun Jan 26 18:39:35 2025: GUIDANCE_SMGR: creating guidance session with uuid: 'ed1f125d-ffde-4ce6-8630-87f2d66b999c' and name 'vitis-run_compile_AES_ECB_encrypt'
Sun Jan 26 18:39:35 2025: SYSTEM_DIAGRAM: creating session with uuid: 'ed1f125d-ffde-4ce6-8630-87f2d66b999c' and name 'vitis-run_compile_AES_ECB_encrypt'
Sun Jan 26 18:39:45 2025: Dispatch Server: Accepted socket connection from client
Sun Jan 26 18:39:45 2025: Starting Socket connection
Sun Jan 26 18:39:46 2025: SESSION_MGR: closing session for UUID 'ed1f125d-ffde-4ce6-8630-87f2d66b999c' with name 'vitis-run_compile_AES_ECB_encrypt'
Sun Jan 26 18:39:46 2025: KERNEL_SVC: closing session for UUID 'ed1f125d-ffde-4ce6-8630-87f2d66b999c' with name 'vitis-run_compile_AES_ECB_encrypt'
Sun Jan 26 18:39:46 2025: GUIDANCE_SMGR: closing session for UUID 'ed1f125d-ffde-4ce6-8630-87f2d66b999c' with name 'vitis-run_compile_AES_ECB_encrypt'
Sun Jan 26 18:39:46 2025: SYSTEM_DIAGRAM: closing session for UUID 'ed1f125d-ffde-4ce6-8630-87f2d66b999c' with name 'vitis-run_compile_AES_ECB_encrypt'
Sun Jan 26 18:39:46 2025: STOP_SERVER received, server token: 3148f672-eef0-439a-8ef7-00514efd84f1, passed token: 3148f672-eef0-439a-8ef7-00514efd84f1
Sun Jan 26 18:39:46 2025: Socket received request to stop server.
Sun Jan 26 18:39:46 2025: Dispatch Server: do_await_stop
Sun Jan 26 18:39:46 2025: Dispatch Server: stopping mainFifo_
Sun Jan 26 18:39:46 2025: XCD main fifo: Stopping
Sun Jan 26 18:39:46 2025: XCD main fifo: do_read error code: Operation canceled
Sun Jan 26 18:39:46 2025: XCD main fifo: bytes_transferred: 0
Sun Jan 26 18:39:46 2025: SERVER: destructor for server bound to port 43553
Sun Jan 26 18:39:46 2025: XCD main fifo: Good unlink of /tmp/xcdmain3148f672-eef0-439a-8ef7-00514efd84f1
Sun Jan 26 18:39:46 2025: Server exiting with status 0.
Sun Jan 26 18:39:46 2025: Closing log file.
Sun Jan 26 18:40:16 2025: Running xcd server. This server was built by gradle.
Sun Jan 26 18:40:16 2025: Server was asked to start on port: '45667'
Sun Jan 26 18:40:16 2025: Server is using token UUID: '5d84a8a5-abe1-4bd5-8465-d4837c2113fd'
Sun Jan 26 18:40:16 2025: SESSION_MGR: creating session with session uuid: '6d04a3e9-ade5-4ab9-8d63-1f78fcd2ec76' and name 'default'
Sun Jan 26 18:40:16 2025: Attempting to start server on port '45667'
Sun Jan 26 18:40:16 2025: XCD main fifo: created main fifo '/tmp/xcdmain5d84a8a5-abe1-4bd5-8465-d4837c2113fd', fd read = 13
Sun Jan 26 18:40:16 2025: Running Dispatch Server
Sun Jan 26 18:40:16 2025: Version 2.2.0
Sun Jan 26 18:40:16 2025: Dispatch Server: Accepted socket connection from client
Sun Jan 26 18:40:16 2025: Starting Socket connection
Sun Jan 26 18:40:16 2025: EXCHANGE_TOKEN received, server token: 5d84a8a5-abe1-4bd5-8465-d4837c2113fd, passed token: 5d84a8a5-abe1-4bd5-8465-d4837c2113fd
Sun Jan 26 18:40:17 2025: DISPATCH_HANDLER: Adding handler from function makeHandler in library libxv_system_diagram
Sun Jan 26 18:40:17 2025: SESSION_MGR: creating session with session uuid: '807efbd8-be6f-420b-8947-9f463838c1f7' and name 'v++_compile_AES_ECB_encrypt'
Sun Jan 26 18:40:17 2025: KERNEL_SVC: creating session with uuid: '807efbd8-be6f-420b-8947-9f463838c1f7' and name 'v++_compile_AES_ECB_encrypt'
Sun Jan 26 18:40:17 2025: GUIDANCE_SMGR: creating guidance session with uuid: '807efbd8-be6f-420b-8947-9f463838c1f7' and name 'v++_compile_AES_ECB_encrypt'
Sun Jan 26 18:40:17 2025: SYSTEM_DIAGRAM: creating session with uuid: '807efbd8-be6f-420b-8947-9f463838c1f7' and name 'v++_compile_AES_ECB_encrypt'
Sun Jan 26 18:40:27 2025: Dispatch Server: Accepted socket connection from client
Sun Jan 26 18:40:27 2025: Starting Socket connection
Sun Jan 26 18:40:44 2025: SESSION_MGR: closing session for UUID '807efbd8-be6f-420b-8947-9f463838c1f7' with name 'v++_compile_AES_ECB_encrypt'
Sun Jan 26 18:40:44 2025: KERNEL_SVC: closing session for UUID '807efbd8-be6f-420b-8947-9f463838c1f7' with name 'v++_compile_AES_ECB_encrypt'
Sun Jan 26 18:40:44 2025: GUIDANCE_SMGR: closing session for UUID '807efbd8-be6f-420b-8947-9f463838c1f7' with name 'v++_compile_AES_ECB_encrypt'
Sun Jan 26 18:40:44 2025: SYSTEM_DIAGRAM: closing session for UUID '807efbd8-be6f-420b-8947-9f463838c1f7' with name 'v++_compile_AES_ECB_encrypt'
Sun Jan 26 18:40:44 2025: STOP_SERVER received, server token: 5d84a8a5-abe1-4bd5-8465-d4837c2113fd, passed token: 5d84a8a5-abe1-4bd5-8465-d4837c2113fd
Sun Jan 26 18:40:44 2025: Socket received request to stop server.
Sun Jan 26 18:40:44 2025: Dispatch Server: do_await_stop
Sun Jan 26 18:40:44 2025: Dispatch Server: stopping mainFifo_
Sun Jan 26 18:40:44 2025: XCD main fifo: Stopping
Sun Jan 26 18:40:44 2025: XCD main fifo: do_read error code: Operation canceled
Sun Jan 26 18:40:44 2025: XCD main fifo: bytes_transferred: 0
Sun Jan 26 18:40:44 2025: SERVER: destructor for server bound to port 45667
Sun Jan 26 18:40:44 2025: XCD main fifo: Good unlink of /tmp/xcdmain5d84a8a5-abe1-4bd5-8465-d4837c2113fd
Sun Jan 26 18:40:44 2025: Server exiting with status 0.
Sun Jan 26 18:40:44 2025: Closing log file.
Sun Jan 26 18:40:59 2025: Running xcd server. This server was built by gradle.
Sun Jan 26 18:40:59 2025: Server was asked to start on port: '33175'
Sun Jan 26 18:40:59 2025: Server is using token UUID: '2ca0f0db-8dc8-4019-ac9d-6325a4c4403f'
Sun Jan 26 18:40:59 2025: SESSION_MGR: creating session with session uuid: '6d04a3e9-ade5-4ab9-8d63-1f78fcd2ec76' and name 'default'
Sun Jan 26 18:40:59 2025: Attempting to start server on port '33175'
Sun Jan 26 18:40:59 2025: XCD main fifo: created main fifo '/tmp/xcdmain2ca0f0db-8dc8-4019-ac9d-6325a4c4403f', fd read = 13
Sun Jan 26 18:40:59 2025: Running Dispatch Server
Sun Jan 26 18:40:59 2025: Version 2.2.0
Sun Jan 26 18:40:59 2025: Dispatch Server: Accepted socket connection from client
Sun Jan 26 18:40:59 2025: Starting Socket connection
Sun Jan 26 18:40:59 2025: EXCHANGE_TOKEN received, server token: 2ca0f0db-8dc8-4019-ac9d-6325a4c4403f, passed token: 2ca0f0db-8dc8-4019-ac9d-6325a4c4403f
Sun Jan 26 18:41:00 2025: DISPATCH_HANDLER: Adding handler from function makeHandler in library libxv_system_diagram
Sun Jan 26 18:41:00 2025: SESSION_MGR: creating session with session uuid: 'eb78f53f-5f43-4a80-92fa-c0803bfa27a3' and name 'vitis-run_compile_AES_ECB_encrypt'
Sun Jan 26 18:41:00 2025: KERNEL_SVC: creating session with uuid: 'eb78f53f-5f43-4a80-92fa-c0803bfa27a3' and name 'vitis-run_compile_AES_ECB_encrypt'
Sun Jan 26 18:41:00 2025: GUIDANCE_SMGR: creating guidance session with uuid: 'eb78f53f-5f43-4a80-92fa-c0803bfa27a3' and name 'vitis-run_compile_AES_ECB_encrypt'
Sun Jan 26 18:41:00 2025: SYSTEM_DIAGRAM: creating session with uuid: 'eb78f53f-5f43-4a80-92fa-c0803bfa27a3' and name 'vitis-run_compile_AES_ECB_encrypt'
Sun Jan 26 18:41:10 2025: Dispatch Server: Accepted socket connection from client
Sun Jan 26 18:41:10 2025: Starting Socket connection
Sun Jan 26 18:41:40 2025: SESSION_MGR: closing session for UUID 'eb78f53f-5f43-4a80-92fa-c0803bfa27a3' with name 'vitis-run_compile_AES_ECB_encrypt'
Sun Jan 26 18:41:40 2025: KERNEL_SVC: closing session for UUID 'eb78f53f-5f43-4a80-92fa-c0803bfa27a3' with name 'vitis-run_compile_AES_ECB_encrypt'
Sun Jan 26 18:41:40 2025: GUIDANCE_SMGR: closing session for UUID 'eb78f53f-5f43-4a80-92fa-c0803bfa27a3' with name 'vitis-run_compile_AES_ECB_encrypt'
Sun Jan 26 18:41:40 2025: SYSTEM_DIAGRAM: closing session for UUID 'eb78f53f-5f43-4a80-92fa-c0803bfa27a3' with name 'vitis-run_compile_AES_ECB_encrypt'
Sun Jan 26 18:41:40 2025: STOP_SERVER received, server token: 2ca0f0db-8dc8-4019-ac9d-6325a4c4403f, passed token: 2ca0f0db-8dc8-4019-ac9d-6325a4c4403f
Sun Jan 26 18:41:40 2025: Socket received request to stop server.
Sun Jan 26 18:41:40 2025: Dispatch Server: do_await_stop
Sun Jan 26 18:41:40 2025: Dispatch Server: stopping mainFifo_
Sun Jan 26 18:41:40 2025: XCD main fifo: Stopping
Sun Jan 26 18:41:40 2025: XCD main fifo: do_read error code: Operation canceled
Sun Jan 26 18:41:40 2025: XCD main fifo: bytes_transferred: 0
Sun Jan 26 18:41:40 2025: SERVER: destructor for server bound to port 33175
Sun Jan 26 18:41:40 2025: XCD main fifo: Good unlink of /tmp/xcdmain2ca0f0db-8dc8-4019-ac9d-6325a4c4403f
Sun Jan 26 18:41:40 2025: Server exiting with status 0.
Sun Jan 26 18:41:40 2025: Closing log file.
Sun Jan 26 18:42:16 2025: Running xcd server. This server was built by gradle.
Sun Jan 26 18:42:16 2025: Server was asked to start on port: '37357'
Sun Jan 26 18:42:16 2025: Server is using token UUID: '2616f1f6-ee10-499b-aee7-c10a7d30a71a'
Sun Jan 26 18:42:16 2025: SESSION_MGR: creating session with session uuid: '6d04a3e9-ade5-4ab9-8d63-1f78fcd2ec76' and name 'default'
Sun Jan 26 18:42:16 2025: Attempting to start server on port '37357'
Sun Jan 26 18:42:16 2025: XCD main fifo: created main fifo '/tmp/xcdmain2616f1f6-ee10-499b-aee7-c10a7d30a71a', fd read = 13
Sun Jan 26 18:42:16 2025: Running Dispatch Server
Sun Jan 26 18:42:16 2025: Version 2.2.0
Sun Jan 26 18:42:17 2025: Dispatch Server: Accepted socket connection from client
Sun Jan 26 18:42:17 2025: Starting Socket connection
Sun Jan 26 18:42:17 2025: EXCHANGE_TOKEN received, server token: 2616f1f6-ee10-499b-aee7-c10a7d30a71a, passed token: 2616f1f6-ee10-499b-aee7-c10a7d30a71a
Sun Jan 26 18:42:17 2025: DISPATCH_HANDLER: Adding handler from function makeHandler in library libxv_system_diagram
Sun Jan 26 18:42:17 2025: SESSION_MGR: creating session with session uuid: '02f2f798-dc55-44a7-bb8a-2f32595a1842' and name 'vitis-run_compile_AES_ECB_encrypt'
Sun Jan 26 18:42:17 2025: KERNEL_SVC: creating session with uuid: '02f2f798-dc55-44a7-bb8a-2f32595a1842' and name 'vitis-run_compile_AES_ECB_encrypt'
Sun Jan 26 18:42:17 2025: GUIDANCE_SMGR: creating guidance session with uuid: '02f2f798-dc55-44a7-bb8a-2f32595a1842' and name 'vitis-run_compile_AES_ECB_encrypt'
Sun Jan 26 18:42:17 2025: SYSTEM_DIAGRAM: creating session with uuid: '02f2f798-dc55-44a7-bb8a-2f32595a1842' and name 'vitis-run_compile_AES_ECB_encrypt'
Sun Jan 26 18:42:27 2025: Dispatch Server: Accepted socket connection from client
Sun Jan 26 18:42:27 2025: Starting Socket connection
Sun Jan 26 18:42:57 2025: SESSION_MGR: closing session for UUID '02f2f798-dc55-44a7-bb8a-2f32595a1842' with name 'vitis-run_compile_AES_ECB_encrypt'
Sun Jan 26 18:42:57 2025: KERNEL_SVC: closing session for UUID '02f2f798-dc55-44a7-bb8a-2f32595a1842' with name 'vitis-run_compile_AES_ECB_encrypt'
Sun Jan 26 18:42:57 2025: GUIDANCE_SMGR: closing session for UUID '02f2f798-dc55-44a7-bb8a-2f32595a1842' with name 'vitis-run_compile_AES_ECB_encrypt'
Sun Jan 26 18:42:57 2025: SYSTEM_DIAGRAM: closing session for UUID '02f2f798-dc55-44a7-bb8a-2f32595a1842' with name 'vitis-run_compile_AES_ECB_encrypt'
Sun Jan 26 18:42:57 2025: STOP_SERVER received, server token: 2616f1f6-ee10-499b-aee7-c10a7d30a71a, passed token: 2616f1f6-ee10-499b-aee7-c10a7d30a71a
Sun Jan 26 18:42:57 2025: Socket received request to stop server.
Sun Jan 26 18:42:57 2025: Dispatch Server: do_await_stop
Sun Jan 26 18:42:57 2025: Dispatch Server: stopping mainFifo_
Sun Jan 26 18:42:57 2025: XCD main fifo: Stopping
Sun Jan 26 18:42:57 2025: XCD main fifo: do_read error code: Operation canceled
Sun Jan 26 18:42:57 2025: XCD main fifo: bytes_transferred: 0
Sun Jan 26 18:42:57 2025: SERVER: destructor for server bound to port 37357
Sun Jan 26 18:42:57 2025: XCD main fifo: Good unlink of /tmp/xcdmain2616f1f6-ee10-499b-aee7-c10a7d30a71a
Sun Jan 26 18:42:57 2025: Server exiting with status 0.
Sun Jan 26 18:42:57 2025: Closing log file.
Sun Jan 26 18:43:26 2025: Running xcd server. This server was built by gradle.
Sun Jan 26 18:43:26 2025: Server was asked to start on port: '35109'
Sun Jan 26 18:43:26 2025: Server is using token UUID: 'ea77a7d7-e3fe-4753-9104-e180de7d7fcc'
Sun Jan 26 18:43:26 2025: SESSION_MGR: creating session with session uuid: '6d04a3e9-ade5-4ab9-8d63-1f78fcd2ec76' and name 'default'
Sun Jan 26 18:43:26 2025: Attempting to start server on port '35109'
Sun Jan 26 18:43:26 2025: XCD main fifo: created main fifo '/tmp/xcdmainea77a7d7-e3fe-4753-9104-e180de7d7fcc', fd read = 13
Sun Jan 26 18:43:26 2025: Running Dispatch Server
Sun Jan 26 18:43:26 2025: Version 2.2.0
Sun Jan 26 18:43:27 2025: Dispatch Server: Accepted socket connection from client
Sun Jan 26 18:43:27 2025: Starting Socket connection
Sun Jan 26 18:43:27 2025: EXCHANGE_TOKEN received, server token: ea77a7d7-e3fe-4753-9104-e180de7d7fcc, passed token: ea77a7d7-e3fe-4753-9104-e180de7d7fcc
Sun Jan 26 18:43:27 2025: DISPATCH_HANDLER: Adding handler from function makeHandler in library libxv_system_diagram
Sun Jan 26 18:43:27 2025: SESSION_MGR: creating session with session uuid: 'b587b6b3-2b44-4d1b-9622-56d7e99f4bbe' and name 'vitis-run_compile_AES_ECB_encrypt'
Sun Jan 26 18:43:27 2025: KERNEL_SVC: creating session with uuid: 'b587b6b3-2b44-4d1b-9622-56d7e99f4bbe' and name 'vitis-run_compile_AES_ECB_encrypt'
Sun Jan 26 18:43:27 2025: GUIDANCE_SMGR: creating guidance session with uuid: 'b587b6b3-2b44-4d1b-9622-56d7e99f4bbe' and name 'vitis-run_compile_AES_ECB_encrypt'
Sun Jan 26 18:43:27 2025: SYSTEM_DIAGRAM: creating session with uuid: 'b587b6b3-2b44-4d1b-9622-56d7e99f4bbe' and name 'vitis-run_compile_AES_ECB_encrypt'
Sun Jan 26 18:43:38 2025: Dispatch Server: Accepted socket connection from client
Sun Jan 26 18:43:38 2025: Starting Socket connection
Sun Jan 26 18:44:07 2025: SESSION_MGR: closing session for UUID 'b587b6b3-2b44-4d1b-9622-56d7e99f4bbe' with name 'vitis-run_compile_AES_ECB_encrypt'
Sun Jan 26 18:44:07 2025: KERNEL_SVC: closing session for UUID 'b587b6b3-2b44-4d1b-9622-56d7e99f4bbe' with name 'vitis-run_compile_AES_ECB_encrypt'
Sun Jan 26 18:44:07 2025: GUIDANCE_SMGR: closing session for UUID 'b587b6b3-2b44-4d1b-9622-56d7e99f4bbe' with name 'vitis-run_compile_AES_ECB_encrypt'
Sun Jan 26 18:44:07 2025: SYSTEM_DIAGRAM: closing session for UUID 'b587b6b3-2b44-4d1b-9622-56d7e99f4bbe' with name 'vitis-run_compile_AES_ECB_encrypt'
Sun Jan 26 18:44:07 2025: STOP_SERVER received, server token: ea77a7d7-e3fe-4753-9104-e180de7d7fcc, passed token: ea77a7d7-e3fe-4753-9104-e180de7d7fcc
Sun Jan 26 18:44:07 2025: Socket received request to stop server.
Sun Jan 26 18:44:07 2025: Dispatch Server: do_await_stop
Sun Jan 26 18:44:07 2025: Dispatch Server: stopping mainFifo_
Sun Jan 26 18:44:07 2025: XCD main fifo: Stopping
Sun Jan 26 18:44:07 2025: XCD main fifo: do_read error code: Operation canceled
Sun Jan 26 18:44:07 2025: XCD main fifo: bytes_transferred: 0
Sun Jan 26 18:44:07 2025: SERVER: destructor for server bound to port 35109
Sun Jan 26 18:44:07 2025: XCD main fifo: Good unlink of /tmp/xcdmainea77a7d7-e3fe-4753-9104-e180de7d7fcc
Sun Jan 26 18:44:07 2025: Server exiting with status 0.
Sun Jan 26 18:44:07 2025: Closing log file.
