Mon Mar  3 00:16:03 2025: Running xcd server. This server was built by gradle.
Mon Mar  3 00:16:03 2025: Server was asked to start on port: '46047'
Mon Mar  3 00:16:03 2025: Server is using token UUID: 'b3cb1e90-5024-4ba2-8e27-eff298825eae'
Mon Mar  3 00:16:03 2025: SESSION_MGR: creating session with session uuid: '6d04a3e9-ade5-4ab9-8d63-1f78fcd2ec76' and name 'default'
Mon Mar  3 00:16:03 2025: Attempting to start server on port '46047'
Mon Mar  3 00:16:03 2025: XCD main fifo: created main fifo '/tmp/xcdmainb3cb1e90-5024-4ba2-8e27-eff298825eae', fd read = 13
Mon Mar  3 00:16:03 2025: Running Dispatch Server
Mon Mar  3 00:16:03 2025: Version 2.2.0
Mon Mar  3 00:16:04 2025: Dispatch Server: Accepted socket connection from client
Mon Mar  3 00:16:04 2025: Starting Socket connection
Mon Mar  3 00:16:04 2025: EXCHANGE_TOKEN received, server token: b3cb1e90-5024-4ba2-8e27-eff298825eae, passed token: b3cb1e90-5024-4ba2-8e27-eff298825eae
Mon Mar  3 00:16:04 2025: DISPATCH_HANDLER: Adding handler from function makeHandler in library libxv_system_diagram
Mon Mar  3 00:16:04 2025: SESSION_MGR: creating session with session uuid: '797556a5-1e31-4b7d-a8a4-37459bbc29ad' and name 'vitis-run_compile_AES_ECB_encrypt'
Mon Mar  3 00:16:04 2025: KERNEL_SVC: creating session with uuid: '797556a5-1e31-4b7d-a8a4-37459bbc29ad' and name 'vitis-run_compile_AES_ECB_encrypt'
Mon Mar  3 00:16:04 2025: GUIDANCE_SMGR: creating guidance session with uuid: '797556a5-1e31-4b7d-a8a4-37459bbc29ad' and name 'vitis-run_compile_AES_ECB_encrypt'
Mon Mar  3 00:16:04 2025: SYSTEM_DIAGRAM: creating session with uuid: '797556a5-1e31-4b7d-a8a4-37459bbc29ad' and name 'vitis-run_compile_AES_ECB_encrypt'
Mon Mar  3 00:16:14 2025: Dispatch Server: Accepted socket connection from client
Mon Mar  3 00:16:14 2025: Starting Socket connection
Mon Mar  3 00:16:23 2025: SESSION_MGR: closing session for UUID '797556a5-1e31-4b7d-a8a4-37459bbc29ad' with name 'vitis-run_compile_AES_ECB_encrypt'
Mon Mar  3 00:16:23 2025: KERNEL_SVC: closing session for UUID '797556a5-1e31-4b7d-a8a4-37459bbc29ad' with name 'vitis-run_compile_AES_ECB_encrypt'
Mon Mar  3 00:16:23 2025: GUIDANCE_SMGR: closing session for UUID '797556a5-1e31-4b7d-a8a4-37459bbc29ad' with name 'vitis-run_compile_AES_ECB_encrypt'
Mon Mar  3 00:16:23 2025: SYSTEM_DIAGRAM: closing session for UUID '797556a5-1e31-4b7d-a8a4-37459bbc29ad' with name 'vitis-run_compile_AES_ECB_encrypt'
Mon Mar  3 00:16:23 2025: STOP_SERVER received, server token: b3cb1e90-5024-4ba2-8e27-eff298825eae, passed token: b3cb1e90-5024-4ba2-8e27-eff298825eae
Mon Mar  3 00:16:23 2025: Socket received request to stop server.
Mon Mar  3 00:16:23 2025: Dispatch Server: do_await_stop
Mon Mar  3 00:16:23 2025: Dispatch Server: stopping mainFifo_
Mon Mar  3 00:16:23 2025: XCD main fifo: Stopping
Mon Mar  3 00:16:23 2025: XCD main fifo: do_read error code: Operation canceled
Mon Mar  3 00:16:23 2025: XCD main fifo: bytes_transferred: 0
Mon Mar  3 00:16:23 2025: SERVER: destructor for server bound to port 46047
Mon Mar  3 00:16:23 2025: XCD main fifo: Good unlink of /tmp/xcdmainb3cb1e90-5024-4ba2-8e27-eff298825eae
Mon Mar  3 00:16:23 2025: Server exiting with status 0.
Mon Mar  3 00:16:23 2025: Closing log file.
Mon Mar  3 00:16:48 2025: Running xcd server. This server was built by gradle.
Mon Mar  3 00:16:48 2025: Server was asked to start on port: '41887'
Mon Mar  3 00:16:48 2025: Server is using token UUID: '56d3d0c3-2532-4ad6-b713-f8bb2ce37c08'
Mon Mar  3 00:16:48 2025: SESSION_MGR: creating session with session uuid: '6d04a3e9-ade5-4ab9-8d63-1f78fcd2ec76' and name 'default'
Mon Mar  3 00:16:48 2025: Attempting to start server on port '41887'
Mon Mar  3 00:16:48 2025: XCD main fifo: created main fifo '/tmp/xcdmain56d3d0c3-2532-4ad6-b713-f8bb2ce37c08', fd read = 13
Mon Mar  3 00:16:48 2025: Running Dispatch Server
Mon Mar  3 00:16:48 2025: Version 2.2.0
Mon Mar  3 00:16:49 2025: Dispatch Server: Accepted socket connection from client
Mon Mar  3 00:16:49 2025: Starting Socket connection
Mon Mar  3 00:16:49 2025: EXCHANGE_TOKEN received, server token: 56d3d0c3-2532-4ad6-b713-f8bb2ce37c08, passed token: 56d3d0c3-2532-4ad6-b713-f8bb2ce37c08
Mon Mar  3 00:16:50 2025: DISPATCH_HANDLER: Adding handler from function makeHandler in library libxv_system_diagram
Mon Mar  3 00:16:50 2025: SESSION_MGR: creating session with session uuid: '029ffd58-ac46-4141-8a02-6632add9f7d1' and name 'v++_compile_AES_ECB_encrypt'
Mon Mar  3 00:16:50 2025: KERNEL_SVC: creating session with uuid: '029ffd58-ac46-4141-8a02-6632add9f7d1' and name 'v++_compile_AES_ECB_encrypt'
Mon Mar  3 00:16:50 2025: GUIDANCE_SMGR: creating guidance session with uuid: '029ffd58-ac46-4141-8a02-6632add9f7d1' and name 'v++_compile_AES_ECB_encrypt'
Mon Mar  3 00:16:50 2025: SYSTEM_DIAGRAM: creating session with uuid: '029ffd58-ac46-4141-8a02-6632add9f7d1' and name 'v++_compile_AES_ECB_encrypt'
Mon Mar  3 00:17:00 2025: Dispatch Server: Accepted socket connection from client
Mon Mar  3 00:17:00 2025: Starting Socket connection
Mon Mar  3 00:17:19 2025: SESSION_MGR: closing session for UUID '029ffd58-ac46-4141-8a02-6632add9f7d1' with name 'v++_compile_AES_ECB_encrypt'
Mon Mar  3 00:17:19 2025: KERNEL_SVC: closing session for UUID '029ffd58-ac46-4141-8a02-6632add9f7d1' with name 'v++_compile_AES_ECB_encrypt'
Mon Mar  3 00:17:19 2025: GUIDANCE_SMGR: closing session for UUID '029ffd58-ac46-4141-8a02-6632add9f7d1' with name 'v++_compile_AES_ECB_encrypt'
Mon Mar  3 00:17:19 2025: SYSTEM_DIAGRAM: closing session for UUID '029ffd58-ac46-4141-8a02-6632add9f7d1' with name 'v++_compile_AES_ECB_encrypt'
Mon Mar  3 00:17:19 2025: STOP_SERVER received, server token: 56d3d0c3-2532-4ad6-b713-f8bb2ce37c08, passed token: 56d3d0c3-2532-4ad6-b713-f8bb2ce37c08
Mon Mar  3 00:17:19 2025: Socket received request to stop server.
Mon Mar  3 00:17:19 2025: Dispatch Server: do_await_stop
Mon Mar  3 00:17:19 2025: Dispatch Server: stopping mainFifo_
Mon Mar  3 00:17:19 2025: XCD main fifo: Stopping
Mon Mar  3 00:17:19 2025: XCD main fifo: do_read error code: Operation canceled
Mon Mar  3 00:17:19 2025: XCD main fifo: bytes_transferred: 0
Mon Mar  3 00:17:19 2025: SERVER: destructor for server bound to port 41887
Mon Mar  3 00:17:19 2025: XCD main fifo: Good unlink of /tmp/xcdmain56d3d0c3-2532-4ad6-b713-f8bb2ce37c08
Mon Mar  3 00:17:19 2025: Server exiting with status 0.
Mon Mar  3 00:17:19 2025: Closing log file.
Mon Mar  3 00:18:07 2025: Running xcd server. This server was built by gradle.
Mon Mar  3 00:18:07 2025: Server was asked to start on port: '38783'
Mon Mar  3 00:18:07 2025: Server is using token UUID: '8a01d1b2-d70a-4511-aa9e-1b0f45ed4265'
Mon Mar  3 00:18:07 2025: SESSION_MGR: creating session with session uuid: '6d04a3e9-ade5-4ab9-8d63-1f78fcd2ec76' and name 'default'
Mon Mar  3 00:18:07 2025: Attempting to start server on port '38783'
Mon Mar  3 00:18:07 2025: XCD main fifo: created main fifo '/tmp/xcdmain8a01d1b2-d70a-4511-aa9e-1b0f45ed4265', fd read = 13
Mon Mar  3 00:18:07 2025: Running Dispatch Server
Mon Mar  3 00:18:07 2025: Version 2.2.0
Mon Mar  3 00:18:08 2025: Dispatch Server: Accepted socket connection from client
Mon Mar  3 00:18:08 2025: Starting Socket connection
Mon Mar  3 00:18:08 2025: EXCHANGE_TOKEN received, server token: 8a01d1b2-d70a-4511-aa9e-1b0f45ed4265, passed token: 8a01d1b2-d70a-4511-aa9e-1b0f45ed4265
Mon Mar  3 00:18:09 2025: DISPATCH_HANDLER: Adding handler from function makeHandler in library libxv_system_diagram
Mon Mar  3 00:18:09 2025: SESSION_MGR: creating session with session uuid: '09ccc7d2-7a68-4edc-a238-a6eae8540046' and name 'vitis-run_compile_AES_ECB_encrypt'
Mon Mar  3 00:18:09 2025: KERNEL_SVC: creating session with uuid: '09ccc7d2-7a68-4edc-a238-a6eae8540046' and name 'vitis-run_compile_AES_ECB_encrypt'
Mon Mar  3 00:18:09 2025: GUIDANCE_SMGR: creating guidance session with uuid: '09ccc7d2-7a68-4edc-a238-a6eae8540046' and name 'vitis-run_compile_AES_ECB_encrypt'
Mon Mar  3 00:18:09 2025: SYSTEM_DIAGRAM: creating session with uuid: '09ccc7d2-7a68-4edc-a238-a6eae8540046' and name 'vitis-run_compile_AES_ECB_encrypt'
Mon Mar  3 00:18:18 2025: Dispatch Server: Accepted socket connection from client
Mon Mar  3 00:18:18 2025: Starting Socket connection
Mon Mar  3 00:18:53 2025: SESSION_MGR: closing session for UUID '09ccc7d2-7a68-4edc-a238-a6eae8540046' with name 'vitis-run_compile_AES_ECB_encrypt'
Mon Mar  3 00:18:53 2025: KERNEL_SVC: closing session for UUID '09ccc7d2-7a68-4edc-a238-a6eae8540046' with name 'vitis-run_compile_AES_ECB_encrypt'
Mon Mar  3 00:18:53 2025: GUIDANCE_SMGR: closing session for UUID '09ccc7d2-7a68-4edc-a238-a6eae8540046' with name 'vitis-run_compile_AES_ECB_encrypt'
Mon Mar  3 00:18:53 2025: SYSTEM_DIAGRAM: closing session for UUID '09ccc7d2-7a68-4edc-a238-a6eae8540046' with name 'vitis-run_compile_AES_ECB_encrypt'
Mon Mar  3 00:18:53 2025: STOP_SERVER received, server token: 8a01d1b2-d70a-4511-aa9e-1b0f45ed4265, passed token: 8a01d1b2-d70a-4511-aa9e-1b0f45ed4265
Mon Mar  3 00:18:53 2025: Socket received request to stop server.
Mon Mar  3 00:18:53 2025: Dispatch Server: do_await_stop
Mon Mar  3 00:18:53 2025: Dispatch Server: stopping mainFifo_
Mon Mar  3 00:18:53 2025: XCD main fifo: Stopping
Mon Mar  3 00:18:53 2025: XCD main fifo: do_read error code: Operation canceled
Mon Mar  3 00:18:53 2025: XCD main fifo: bytes_transferred: 0
Mon Mar  3 00:18:53 2025: SERVER: destructor for server bound to port 38783
Mon Mar  3 00:18:53 2025: XCD main fifo: Good unlink of /tmp/xcdmain8a01d1b2-d70a-4511-aa9e-1b0f45ed4265
Mon Mar  3 00:18:53 2025: Server exiting with status 0.
Mon Mar  3 00:18:53 2025: Closing log file.
