dfgPass::INFOR: DFG Pass going to run on Module: /home/ctf/research/hls/my_hls/vitis/param_set_1_redo/tiny-aes-ecb-loops-8/AES_ECB_encrypt/hls/csim/code_analyzer/.internal/instrument/app_0/project.symbols.bc
dfgPass::INFOR:     Getting ProgramContainer for application app
dfgPass::INFOR:     Parsing the provided input trace files...
dfgPass::INFOR:     Initializing InstructionCounter...
dfgPass::VERBO:     +0 is not a loop
dfgPass::VERBO:     +0 is not a loop
dfgPass::VERBO:     +0 is not a loop
dfgPass::VERBO:     +0 is not a loop
dfgPass::VERBO:     +0 is not a loop
dfgPass::VERBO:     +1 fails R.hasBlockSchema
dfgPass::VERBO:       - BEFORE BREAK
dfgPass::VERBO:       - for.cond
dfgPass::VERBO:         - memlocal of :i:0
dfgPass::VERBO:         - LCV conditional branch 6:48
dfgPass::VERBO:       - AFTER BREAK
dfgPass::VERBO:       - for.body
dfgPass::VERBO:         - memlocal of :Key:0
dfgPass::VERBO:         - memlocal of :i:0
dfgPass::VERBO:         - memlocal of :RoundKey:0
dfgPass::VERBO:         - memlocal of :i:0
dfgPass::VERBO:         - memlocal of :Key:0
dfgPass::VERBO:         - memlocal of :i:0
dfgPass::VERBO:         - memlocal of :RoundKey:0
dfgPass::VERBO:         - memlocal of :i:0
dfgPass::VERBO:         - memlocal of :Key:0
dfgPass::VERBO:         - memlocal of :i:0
dfgPass::VERBO:         - memlocal of :RoundKey:0
dfgPass::VERBO:         - memlocal of :i:0
dfgPass::VERBO:         - memlocal of :Key:0
dfgPass::VERBO:         - memlocal of :i:0
dfgPass::VERBO:         - memlocal of :RoundKey:0
dfgPass::VERBO:         - memlocal of :i:0
dfgPass::VERBO:       - AFTER BREAK
dfgPass::VERBO:       - for.inc
dfgPass::VERBO:         - memlocal of :i:0
dfgPass::VERBO:         - memlocal of :i:1
dfgPass::VERBO:       - AFTER BREAK
dfgPass::VERBO:     +0 is not a loop
dfgPass::VERBO:     +0 is not a loop
dfgPass::VERBO:     +0 is not a loop
dfgPass::VERBO:     +0 is not a loop
dfgPass::VERBO:       - BEFORE BREAK
dfgPass::VERBO:       - for.cond
dfgPass::VERBO:         - memlocal of :state:0
dfgPass::VERBO:         - invalid TR:4:0
dfgPass::VERBO:     +0 is not a loop
dfgPass::VERBO:     +1 is not an innermost loop
dfgPass::VERBO:       - BEFORE BREAK
dfgPass::VERBO:       - for.cond2
dfgPass::VERBO:         - memlocal of :j:0
dfgPass::VERBO:         - LCV conditional branch 6:48
dfgPass::VERBO:       - AFTER BREAK
dfgPass::VERBO:       - for.body6
dfgPass::VERBO:         - memlocal of :RoundKey:0
dfgPass::VERBO:         - memlocal of :round:0
dfgPass::VERBO:         - memlocal of :i:0
dfgPass::VERBO:         - memlocal of :j:0
dfgPass::VERBO:         - memlocal of :state:0
dfgPass::VERBO:         - memlocal of :i:0
dfgPass::VERBO:         - memlocal of :j:0
dfgPass::VERBO:       - AFTER BREAK
dfgPass::VERBO:       - for.inc
dfgPass::VERBO:         - memlocal of :j:0
dfgPass::VERBO:         - memlocal of :j:1
dfgPass::VERBO:       - AFTER BREAK
dfgPass::VERBO:     +0 is not a loop
dfgPass::VERBO:     +0 is not a loop
dfgPass::VERBO:     +1 is not an innermost loop
dfgPass::VERBO:       - BEFORE BREAK
dfgPass::VERBO:       - for.cond2
dfgPass::VERBO:         - memlocal of :j:0
dfgPass::VERBO:         - LCV conditional branch 6:48
dfgPass::VERBO:       - AFTER BREAK
dfgPass::VERBO:       - for.body6
dfgPass::VERBO:         - memlocal of :state:0
dfgPass::VERBO:         - memlocal of :j:0
dfgPass::VERBO:         - memlocal of :i:0
dfgPass::VERBO:         - memlocal of :state:0
dfgPass::VERBO:         - memlocal of :j:0
dfgPass::VERBO:         - memlocal of :i:0
dfgPass::VERBO:       - AFTER BREAK
dfgPass::VERBO:       - for.inc
dfgPass::VERBO:         - memlocal of :j:0
dfgPass::VERBO:         - memlocal of :j:1
dfgPass::VERBO:       - AFTER BREAK
dfgPass::VERBO:     +0 is not a loop
dfgPass::VERBO:       - BEFORE BREAK
dfgPass::VERBO:       - for.cond
dfgPass::VERBO:         - memlocal of :i:0
dfgPass::VERBO:         - LCV conditional branch 6:48
dfgPass::VERBO:       - AFTER BREAK
dfgPass::VERBO:       - for.body
dfgPass::VERBO:         - memlocal of :state:0
dfgPass::VERBO:         - memlocal of :i:0
dfgPass::VERBO:         - memlocal of :a:1
dfgPass::VERBO:         - memlocal of :state:0
dfgPass::VERBO:         - memlocal of :i:0
dfgPass::VERBO:         - memlocal of :b:1
dfgPass::VERBO:         - memlocal of :state:0
dfgPass::VERBO:         - memlocal of :i:0
dfgPass::VERBO:         - memlocal of :c:1
dfgPass::VERBO:         - memlocal of :state:0
dfgPass::VERBO:         - memlocal of :i:0
dfgPass::VERBO:         - memlocal of :d:1
dfgPass::VERBO:         - memlocal of :a:0
dfgPass::VERBO:         - invalid TR:4:0
dfgPass::VERBO:     xtime is skipped for analysis (only accesses local vars)
dfgPass::VERBO:     +0 is not a loop
dfgPass::VERBO:       - BEFORE BREAK
dfgPass::VERBO:       - for.cond
dfgPass::VERBO:         - memlocal of :i:0
dfgPass::VERBO:         - memlocal of :length:0
dfgPass::VERBO:       - AFTER BREAK
dfgPass::VERBO:       - for.body
dfgPass::VERBO:         - memlocal of :buf:0
dfgPass::VERBO:         - memlocal of :Iv:0
dfgPass::VERBO:         - invalid TR:4:0
dfgPass::VERBO:     +0 is not a loop
dfgPass::VERBO:       - BEFORE BREAK
dfgPass::VERBO:       - for.cond
dfgPass::VERBO:         - memlocal of :i:0
dfgPass::VERBO:         - LCV conditional branch 6:48
dfgPass::VERBO:       - AFTER BREAK
dfgPass::VERBO:       - for.body
dfgPass::VERBO:         - memlocal of :Iv:0
dfgPass::VERBO:         - memlocal of :i:0
dfgPass::VERBO:         - memlocal of :buf:0
dfgPass::VERBO:         - memlocal of :i:0
dfgPass::VERBO:       - AFTER BREAK
dfgPass::VERBO:       - for.inc
dfgPass::VERBO:         - memlocal of :i:0
dfgPass::VERBO:         - memlocal of :i:1
dfgPass::VERBO:       - AFTER BREAK
dfgPass::VERBO:     +0 is not a loop
dfgPass::VERBO:       - BEFORE BREAK
dfgPass::VERBO:       - for.cond
dfgPass::VERBO:         - memlocal of :state:0
dfgPass::VERBO:         - invalid TR:4:0
dfgPass::VERBO:     +0 is not a loop
dfgPass::VERBO:     +1 is not an innermost loop
dfgPass::VERBO:       - BEFORE BREAK
dfgPass::VERBO:       - for.cond2
dfgPass::VERBO:         - memlocal of :j:0
dfgPass::VERBO:         - LCV conditional branch 6:48
dfgPass::VERBO:       - AFTER BREAK
dfgPass::VERBO:       - for.body6
dfgPass::VERBO:         - memlocal of :state:0
dfgPass::VERBO:         - memlocal of :j:0
dfgPass::VERBO:         - memlocal of :i:0
dfgPass::VERBO:         - memlocal of :state:0
dfgPass::VERBO:         - memlocal of :j:0
dfgPass::VERBO:         - memlocal of :i:0
dfgPass::VERBO:       - AFTER BREAK
dfgPass::VERBO:       - for.inc
dfgPass::VERBO:         - memlocal of :j:0
dfgPass::VERBO:         - memlocal of :j:1
dfgPass::VERBO:       - AFTER BREAK
dfgPass::VERBO:     +0 is not a loop
dfgPass::VERBO:     +0 is not a loop
dfgPass::VERBO:       - BEFORE BREAK
dfgPass::VERBO:       - for.cond
dfgPass::VERBO:         - memlocal of :i:0
dfgPass::VERBO:         - LCV conditional branch 6:48
dfgPass::VERBO:       - AFTER BREAK
dfgPass::VERBO:       - for.body
dfgPass::VERBO:         - memlocal of :state:0
dfgPass::VERBO:         - memlocal of :i:0
dfgPass::VERBO:         - memlocal of :t:1
dfgPass::VERBO:         - memlocal of :state:0
dfgPass::VERBO:         - memlocal of :i:0
dfgPass::VERBO:         - memlocal of :state:0
dfgPass::VERBO:         - memlocal of :i:0
dfgPass::VERBO:         - memlocal of :state:0
dfgPass::VERBO:         - memlocal of :i:0
dfgPass::VERBO:         - memlocal of :state:0
dfgPass::VERBO:         - memlocal of :i:0
dfgPass::VERBO:         - memlocal of :Tmp:1
dfgPass::VERBO:         - memlocal of :state:0
dfgPass::VERBO:         - memlocal of :i:0
dfgPass::VERBO:         - memlocal of :state:0
dfgPass::VERBO:         - memlocal of :i:0
dfgPass::VERBO:         - memlocal of :Tm:1
dfgPass::VERBO:         - memlocal of :Tm:0
dfgPass::VERBO:         - invalid TR:4:0
dfgPass::VERBO:     +0 is not a loop
dfgPass::VERBO:       - BEFORE BREAK
dfgPass::VERBO:       - for.cond
dfgPass::VERBO:         - memlocal of :i:0
dfgPass::VERBO:         - memlocal of :length:0
dfgPass::VERBO:       - AFTER BREAK
dfgPass::VERBO:       - for.body
dfgPass::VERBO:         - memlocal of :buf:0
dfgPass::VERBO:         - invalid TR:4:0
dfgPass::VERBO:     +0 is not a loop
dfgPass::VERBO:     +1 is not an innermost loop
dfgPass::VERBO:     +2 fails R.hasBlockSchema
dfgPass::VERBO:     +0 is not a loop
dfgPass::VERBO:     +0 is not a loop
dfgPass::VERBO:       - BEFORE BREAK
dfgPass::VERBO:       - for.cond
dfgPass::VERBO:         - memlocal of :state:0
dfgPass::VERBO:         - invalid TR:4:0
dfgPass::VERBO:     +0 is not a loop
dfgPass::VERBO:     +1 is not an innermost loop
dfgPass::VERBO:       - BEFORE BREAK
dfgPass::VERBO:       - for.cond2
dfgPass::VERBO:         - memlocal of :j:0
dfgPass::VERBO:         - LCV conditional branch 6:48
dfgPass::VERBO:       - AFTER BREAK
dfgPass::VERBO:       - for.body6
dfgPass::VERBO:         - memlocal of :RoundKey:0
dfgPass::VERBO:         - memlocal of :round:0
dfgPass::VERBO:         - memlocal of :i:0
dfgPass::VERBO:         - memlocal of :j:0
dfgPass::VERBO:         - memlocal of :state:0
dfgPass::VERBO:         - memlocal of :i:0
dfgPass::VERBO:         - memlocal of :j:0
dfgPass::VERBO:       - AFTER BREAK
dfgPass::VERBO:       - for.inc
dfgPass::VERBO:         - memlocal of :j:0
dfgPass::VERBO:         - memlocal of :j:1
dfgPass::VERBO:       - AFTER BREAK
dfgPass::VERBO:     +0 is not a loop
dfgPass::VERBO:     +1 is not an innermost loop
dfgPass::VERBO:       - BEFORE BREAK
dfgPass::VERBO:       - for.cond2
dfgPass::VERBO:         - memlocal of :j:0
dfgPass::VERBO:         - LCV conditional branch 6:48
dfgPass::VERBO:       - AFTER BREAK
dfgPass::VERBO:       - for.body6
dfgPass::VERBO:         - memlocal of :state:0
dfgPass::VERBO:         - memlocal of :j:0
dfgPass::VERBO:         - memlocal of :i:0
dfgPass::VERBO:         - memlocal of :state:0
dfgPass::VERBO:         - memlocal of :j:0
dfgPass::VERBO:         - memlocal of :i:0
dfgPass::VERBO:       - AFTER BREAK
dfgPass::VERBO:       - for.inc
dfgPass::VERBO:         - memlocal of :j:0
dfgPass::VERBO:         - memlocal of :j:1
dfgPass::VERBO:       - AFTER BREAK
dfgPass::VERBO:     +0 is not a loop
dfgPass::VERBO:     +0 is not a loop
dfgPass::VERBO:       - BEFORE BREAK
dfgPass::VERBO:       - for.cond
dfgPass::VERBO:         - memlocal of :i:0
dfgPass::VERBO:         - LCV conditional branch 6:48
dfgPass::VERBO:       - AFTER BREAK
dfgPass::VERBO:       - for.body
dfgPass::VERBO:         - memlocal of :state:0
dfgPass::VERBO:         - memlocal of :i:0
dfgPass::VERBO:         - memlocal of :t:1
dfgPass::VERBO:         - memlocal of :state:0
dfgPass::VERBO:         - memlocal of :i:0
dfgPass::VERBO:         - memlocal of :state:0
dfgPass::VERBO:         - memlocal of :i:0
dfgPass::VERBO:         - memlocal of :state:0
dfgPass::VERBO:         - memlocal of :i:0
dfgPass::VERBO:         - memlocal of :state:0
dfgPass::VERBO:         - memlocal of :i:0
dfgPass::VERBO:         - memlocal of :Tmp:1
dfgPass::VERBO:         - memlocal of :state:0
dfgPass::VERBO:         - memlocal of :i:0
dfgPass::VERBO:         - memlocal of :state:0
dfgPass::VERBO:         - memlocal of :i:0
dfgPass::VERBO:         - memlocal of :Tm:1
dfgPass::VERBO:         - memlocal of :Tm:0
dfgPass::VERBO:         - invalid TR:4:0
dfgPass::VERBO:     xtime.12 is skipped for analysis (only accesses local vars)
dfgPass::INFOR:     Parsing trace...
dfgPass::INFOR:     End of the trace parse
dfgPass::INFOR: Saving ProgramContainer...
