

================================================================
== Vitis HLS Report for 'Cipher_Pipeline_VITIS_LOOP_424_1'
================================================================
* Date:           Mon Mar  3 00:17:17 2025

* Version:        2024.1 (Build 5069499 on May 21 2024)
* Project:        AES_ECB_encrypt
* Solution:       hls (Vivado IP Flow Target)
* Product family: zynq
* Target device:  xc7z020-clg484-1


================================================================
== Performance Estimates
================================================================
+ Timing: 
    * Summary: 
    +--------+----------+----------+------------+
    |  Clock |  Target  | Estimated| Uncertainty|
    +--------+----------+----------+------------+
    |ap_clk  |  10.00 ns|  6.422 ns|     2.70 ns|
    +--------+----------+----------+------------+

+ Latency: 
    * Summary: 
    +---------+---------+----------+----------+-----+-----+-----------------------------------------------+
    |  Latency (cycles) |  Latency (absolute) |  Interval |                    Pipeline                   |
    |   min   |   max   |    min   |    max   | min | max |                      Type                     |
    +---------+---------+----------+----------+-----+-----+-----------------------------------------------+
    |       21|       21|  0.210 us|  0.210 us|   20|   20|  loop auto-rewind stp(delay=0 clock cycles(s))|
    +---------+---------+----------+----------+-----+-----+-----------------------------------------------+

    + Detail: 
        * Instance: 
        N/A

        * Loop: 
        +--------------------+---------+---------+----------+-----------+-----------+------+----------+
        |                    |  Latency (cycles) | Iteration|  Initiation Interval  | Trip |          |
        |      Loop Name     |   min   |   max   |  Latency |  achieved |   target  | Count| Pipelined|
        +--------------------+---------+---------+----------+-----------+-----------+------+----------+
        |- VITIS_LOOP_424_1  |       19|       19|         4|          2|          1|     9|       yes|
        +--------------------+---------+---------+----------+-----------+-----------+------+----------+



================================================================
== Utilization Estimates
================================================================
* Summary: 
+-----------------+---------+-----+--------+-------+-----+
|       Name      | BRAM_18K| DSP |   FF   |  LUT  | URAM|
+-----------------+---------+-----+--------+-------+-----+
|DSP              |        -|    -|       -|      -|    -|
|Expression       |        -|    -|       0|  35648|    -|
|FIFO             |        -|    -|       -|      -|    -|
|Instance         |        -|    -|       -|      -|    -|
|Memory           |        -|    -|       -|      -|    -|
|Multiplexer      |        -|    -|       0|    275|    -|
|Register         |        -|    -|   23921|      -|    -|
+-----------------+---------+-----+--------+-------+-----+
|Total            |        0|    0|   23921|  35923|    0|
+-----------------+---------+-----+--------+-------+-----+
|Available        |      280|  220|  106400|  53200|    0|
+-----------------+---------+-----+--------+-------+-----+
|Utilization (%)  |        0|    0|      22|     67|    0|
+-----------------+---------+-----+--------+-------+-----+

+ Detail: 
    * Instance: 
    N/A

    * DSP: 
    N/A

    * Memory: 
    N/A

    * FIFO: 
    N/A

    * Expression: 
    +----------------------------+----------+----+---+------+------------+------------+
    |        Variable Name       | Operation| DSP| FF|  LUT | Bitwidth P0| Bitwidth P1|
    +----------------------------+----------+----+---+------+------------+------------+
    |add_ln244_10_fu_799_p2      |         +|   0|  0|    12|          12|           6|
    |add_ln244_1_fu_733_p2       |         +|   0|  0|    12|          12|           4|
    |add_ln244_2_fu_739_p2       |         +|   0|  0|    12|          12|           5|
    |add_ln244_3_fu_745_p2       |         +|   0|  0|    12|          12|           5|
    |add_ln244_4_fu_763_p2       |         +|   0|  0|    12|          12|           4|
    |add_ln244_5_fu_769_p2       |         +|   0|  0|    12|          12|           5|
    |add_ln244_6_fu_775_p2       |         +|   0|  0|    12|          12|           5|
    |add_ln244_7_fu_781_p2       |         +|   0|  0|    12|          12|           6|
    |add_ln244_8_fu_787_p2       |         +|   0|  0|    12|          12|           6|
    |add_ln244_9_fu_793_p2       |         +|   0|  0|    12|          12|           6|
    |add_ln244_fu_715_p2         |         +|   0|  0|    12|          12|           4|
    |add_ln424_fu_997_p2         |         +|   0|  0|    13|           4|           1|
    |icmp_ln428_fu_697_p2        |      icmp|   0|  0|    13|           4|           4|
    |lshr_ln244_10_fu_944_p2     |      lshr|   0|  0|  2171|        1536|        1536|
    |lshr_ln244_11_fu_952_p2     |      lshr|   0|  0|  2171|        1536|        1536|
    |lshr_ln244_12_fu_960_p2     |      lshr|   0|  0|  2171|        1536|        1536|
    |lshr_ln244_13_fu_968_p2     |      lshr|   0|  0|  2171|        1536|        1536|
    |lshr_ln244_14_fu_976_p2     |      lshr|   0|  0|  2171|        1536|        1536|
    |lshr_ln244_15_fu_992_p2     |      lshr|   0|  0|  2171|        1536|        1536|
    |lshr_ln244_1_fu_872_p2      |      lshr|   0|  0|  2171|        1536|        1536|
    |lshr_ln244_2_fu_880_p2      |      lshr|   0|  0|  2171|        1536|        1536|
    |lshr_ln244_3_fu_888_p2      |      lshr|   0|  0|  2171|        1536|        1536|
    |lshr_ln244_4_fu_896_p2      |      lshr|   0|  0|  2171|        1536|        1536|
    |lshr_ln244_5_fu_904_p2      |      lshr|   0|  0|  2171|        1536|        1536|
    |lshr_ln244_6_fu_912_p2      |      lshr|   0|  0|  2171|        1536|        1536|
    |lshr_ln244_7_fu_920_p2      |      lshr|   0|  0|  2171|        1536|        1536|
    |lshr_ln244_8_fu_928_p2      |      lshr|   0|  0|  2171|        1536|        1536|
    |lshr_ln244_9_fu_936_p2      |      lshr|   0|  0|  2171|        1536|        1536|
    |lshr_ln244_fu_864_p2        |      lshr|   0|  0|  2171|        1536|        1536|
    |select_ln244_10_fu_1649_p3  |    select|   0|  0|     5|           1|           5|
    |select_ln244_11_fu_1691_p3  |    select|   0|  0|     5|           1|           5|
    |select_ln244_12_fu_1727_p3  |    select|   0|  0|     5|           1|           5|
    |select_ln244_13_fu_1769_p3  |    select|   0|  0|     5|           1|           5|
    |select_ln244_14_fu_1811_p3  |    select|   0|  0|     5|           1|           5|
    |select_ln244_15_fu_1853_p3  |    select|   0|  0|     5|           1|           5|
    |select_ln244_1_fu_1283_p3   |    select|   0|  0|     5|           1|           5|
    |select_ln244_2_fu_1325_p3   |    select|   0|  0|     5|           1|           5|
    |select_ln244_3_fu_1367_p3   |    select|   0|  0|     5|           1|           5|
    |select_ln244_4_fu_1403_p3   |    select|   0|  0|     5|           1|           5|
    |select_ln244_5_fu_1445_p3   |    select|   0|  0|     5|           1|           5|
    |select_ln244_6_fu_1487_p3   |    select|   0|  0|     5|           1|           5|
    |select_ln244_7_fu_1529_p3   |    select|   0|  0|     5|           1|           5|
    |select_ln244_8_fu_1565_p3   |    select|   0|  0|     5|           1|           5|
    |select_ln244_9_fu_1607_p3   |    select|   0|  0|     5|           1|           5|
    |select_ln244_fu_1241_p3     |    select|   0|  0|     5|           1|           5|
    |Tm_10_fu_1158_p2            |       xor|   0|  0|     8|           8|           8|
    |Tm_11_fu_1170_p2            |       xor|   0|  0|     8|           8|           8|
    |Tm_12_fu_847_p2             |       xor|   0|  0|     8|           8|           8|
    |Tm_13_fu_1197_p2            |       xor|   0|  0|     8|           8|           8|
    |Tm_14_fu_1208_p2            |       xor|   0|  0|     8|           8|           8|
    |Tm_15_fu_1220_p2            |       xor|   0|  0|     8|           8|           8|
    |Tm_1_fu_1047_p2             |       xor|   0|  0|     8|           8|           8|
    |Tm_2_fu_1058_p2             |       xor|   0|  0|     8|           8|           8|
    |Tm_3_fu_1070_p2             |       xor|   0|  0|     8|           8|           8|
    |Tm_4_fu_835_p2              |       xor|   0|  0|     8|           8|           8|
    |Tm_5_fu_1097_p2             |       xor|   0|  0|     8|           8|           8|
    |Tm_6_fu_1108_p2             |       xor|   0|  0|     8|           8|           8|
    |Tm_7_fu_1120_p2             |       xor|   0|  0|     8|           8|           8|
    |Tm_8_fu_841_p2              |       xor|   0|  0|     8|           8|           8|
    |Tm_9_fu_1147_p2             |       xor|   0|  0|     8|           8|           8|
    |Tm_fu_829_p2                |       xor|   0|  0|     8|           8|           8|
    |Tmp_1_fu_1086_p2            |       xor|   0|  0|     8|           8|           8|
    |Tmp_2_fu_1136_p2            |       xor|   0|  0|     8|           8|           8|
    |Tmp_3_fu_1186_p2            |       xor|   0|  0|     8|           8|           8|
    |Tmp_fu_1036_p2              |       xor|   0|  0|     8|           8|           8|
    |ap_enable_pp0               |       xor|   0|  0|     2|           1|           2|
    |xor_ln244_10_fu_1344_p2     |       xor|   0|  0|     8|           8|           8|
    |xor_ln244_11_fu_1350_p2     |       xor|   0|  0|     8|           8|           8|
    |xor_ln244_12_fu_1375_p2     |       xor|   0|  0|     8|           8|           8|
    |xor_ln244_13_fu_1381_p2     |       xor|   0|  0|     8|           8|           8|
    |xor_ln244_14_fu_1387_p2     |       xor|   0|  0|     8|           8|           8|
    |xor_ln244_15_fu_1411_p2     |       xor|   0|  0|     8|           8|           8|
    |xor_ln244_16_fu_1416_p2     |       xor|   0|  0|     8|           8|           8|
    |xor_ln244_17_fu_1422_p2     |       xor|   0|  0|     8|           8|           8|
    |xor_ln244_18_fu_1428_p2     |       xor|   0|  0|     8|           8|           8|
    |xor_ln244_19_fu_1453_p2     |       xor|   0|  0|     8|           8|           8|
    |xor_ln244_1_fu_1254_p2      |       xor|   0|  0|     8|           8|           8|
    |xor_ln244_20_fu_1458_p2     |       xor|   0|  0|     8|           8|           8|
    |xor_ln244_21_fu_1464_p2     |       xor|   0|  0|     8|           8|           8|
    |xor_ln244_22_fu_1470_p2     |       xor|   0|  0|     8|           8|           8|
    |xor_ln244_23_fu_1495_p2     |       xor|   0|  0|     8|           8|           8|
    |xor_ln244_24_fu_1501_p2     |       xor|   0|  0|     8|           8|           8|
    |xor_ln244_25_fu_1506_p2     |       xor|   0|  0|     8|           8|           8|
    |xor_ln244_26_fu_1512_p2     |       xor|   0|  0|     8|           8|           8|
    |xor_ln244_27_fu_1537_p2     |       xor|   0|  0|     8|           8|           8|
    |xor_ln244_28_fu_1543_p2     |       xor|   0|  0|     8|           8|           8|
    |xor_ln244_29_fu_1549_p2     |       xor|   0|  0|     8|           8|           8|
    |xor_ln244_2_fu_1260_p2      |       xor|   0|  0|     8|           8|           8|
    |xor_ln244_30_fu_1573_p2     |       xor|   0|  0|     8|           8|           8|
    |xor_ln244_31_fu_1578_p2     |       xor|   0|  0|     8|           8|           8|
    |xor_ln244_32_fu_1584_p2     |       xor|   0|  0|     8|           8|           8|
    |xor_ln244_33_fu_1590_p2     |       xor|   0|  0|     8|           8|           8|
    |xor_ln244_34_fu_1615_p2     |       xor|   0|  0|     8|           8|           8|
    |xor_ln244_35_fu_1620_p2     |       xor|   0|  0|     8|           8|           8|
    |xor_ln244_36_fu_1626_p2     |       xor|   0|  0|     8|           8|           8|
    |xor_ln244_37_fu_1632_p2     |       xor|   0|  0|     8|           8|           8|
    |xor_ln244_38_fu_1657_p2     |       xor|   0|  0|     8|           8|           8|
    |xor_ln244_39_fu_1663_p2     |       xor|   0|  0|     8|           8|           8|
    |xor_ln244_3_fu_1266_p2      |       xor|   0|  0|     8|           8|           8|
    |xor_ln244_40_fu_1668_p2     |       xor|   0|  0|     8|           8|           8|
    |xor_ln244_41_fu_1674_p2     |       xor|   0|  0|     8|           8|           8|
    |xor_ln244_42_fu_1699_p2     |       xor|   0|  0|     8|           8|           8|
    |xor_ln244_43_fu_1705_p2     |       xor|   0|  0|     8|           8|           8|
    |xor_ln244_44_fu_1711_p2     |       xor|   0|  0|     8|           8|           8|
    |xor_ln244_45_fu_1735_p2     |       xor|   0|  0|     8|           8|           8|
    |xor_ln244_46_fu_1740_p2     |       xor|   0|  0|     8|           8|           8|
    |xor_ln244_47_fu_1746_p2     |       xor|   0|  0|     8|           8|           8|
    |xor_ln244_48_fu_1752_p2     |       xor|   0|  0|     8|           8|           8|
    |xor_ln244_49_fu_1777_p2     |       xor|   0|  0|     8|           8|           8|
    |xor_ln244_4_fu_1291_p2      |       xor|   0|  0|     8|           8|           8|
    |xor_ln244_50_fu_1782_p2     |       xor|   0|  0|     8|           8|           8|
    |xor_ln244_51_fu_1788_p2     |       xor|   0|  0|     8|           8|           8|
    |xor_ln244_52_fu_1794_p2     |       xor|   0|  0|     8|           8|           8|
    |xor_ln244_53_fu_1819_p2     |       xor|   0|  0|     8|           8|           8|
    |xor_ln244_54_fu_1825_p2     |       xor|   0|  0|     8|           8|           8|
    |xor_ln244_55_fu_1830_p2     |       xor|   0|  0|     8|           8|           8|
    |xor_ln244_56_fu_1836_p2     |       xor|   0|  0|     8|           8|           8|
    |xor_ln244_57_fu_1861_p2     |       xor|   0|  0|     8|           8|           8|
    |xor_ln244_58_fu_1867_p2     |       xor|   0|  0|     8|           8|           8|
    |xor_ln244_59_fu_1873_p2     |       xor|   0|  0|     8|           8|           8|
    |xor_ln244_5_fu_1296_p2      |       xor|   0|  0|     8|           8|           8|
    |xor_ln244_6_fu_1302_p2      |       xor|   0|  0|     8|           8|           8|
    |xor_ln244_7_fu_1308_p2      |       xor|   0|  0|     8|           8|           8|
    |xor_ln244_8_fu_1333_p2      |       xor|   0|  0|     8|           8|           8|
    |xor_ln244_9_fu_1339_p2      |       xor|   0|  0|     8|           8|           8|
    |xor_ln244_fu_1249_p2        |       xor|   0|  0|     8|           8|           8|
    |xor_ln307_1_fu_1031_p2      |       xor|   0|  0|     8|           8|           8|
    |xor_ln307_3_fu_1081_p2      |       xor|   0|  0|     8|           8|           8|
    |xor_ln307_5_fu_1131_p2      |       xor|   0|  0|     8|           8|           8|
    |xor_ln307_7_fu_1181_p2      |       xor|   0|  0|     8|           8|           8|
    +----------------------------+----------+----+---+------+------------+------------+
    |Total                       |          |   0|  0| 35648|       25405|       25391|
    +----------------------------+----------+----+---+------+------------+------------+

    * Multiplexer: 
    +---------------------------+----+-----------+-----+-----------+
    |            Name           | LUT| Input Size| Bits| Total Bits|
    +---------------------------+----+-----------+-----+-----------+
    |ap_NS_fsm                  |  14|          3|    1|          3|
    |ap_done_int                |   9|          2|    1|          2|
    |ap_enable_reg_pp0_iter0    |   9|          2|    1|          2|
    |ap_enable_reg_pp0_iter1    |   9|          2|    1|          2|
    |ap_sig_allocacmp_p_load64  |   9|          2|    8|         16|
    |ap_sig_allocacmp_p_load71  |   9|          2|    8|         16|
    |ap_sig_allocacmp_p_load78  |   9|          2|    8|         16|
    |ap_sig_allocacmp_p_load85  |   9|          2|    8|         16|
    |ap_sig_allocacmp_round_1   |   9|          2|    4|          8|
    |ap_sig_allocacmp_t_1_load  |   9|          2|    8|         16|
    |ap_sig_allocacmp_t_2_load  |   9|          2|    8|         16|
    |ap_sig_allocacmp_t_3_load  |   9|          2|    8|         16|
    |ap_sig_allocacmp_t_load    |   9|          2|    8|         16|
    |empty_30_fu_146            |   9|          2|    8|         16|
    |empty_31_fu_150            |   9|          2|    8|         16|
    |empty_32_fu_158            |   9|          2|    8|         16|
    |empty_33_fu_162            |   9|          2|    8|         16|
    |empty_34_fu_166            |   9|          2|    8|         16|
    |empty_35_fu_174            |   9|          2|    8|         16|
    |empty_36_fu_178            |   9|          2|    8|         16|
    |empty_37_fu_182            |   9|          2|    8|         16|
    |empty_38_fu_190            |   9|          2|    8|         16|
    |empty_39_fu_194            |   9|          2|    8|         16|
    |empty_40_fu_198            |   9|          2|    8|         16|
    |empty_fu_142               |   9|          2|    8|         16|
    |round_fu_134               |   9|          2|    4|          8|
    |t_1_fu_154                 |   9|          2|    8|         16|
    |t_2_fu_170                 |   9|          2|    8|         16|
    |t_3_fu_186                 |   9|          2|    8|         16|
    |t_fu_138                   |   9|          2|    8|         16|
    +---------------------------+----+-----------+-----+-----------+
    |Total                      | 275|         61|  204|        409|
    +---------------------------+----+-----------+-----+-----------+

    * Register: 
    +-----------------------------+------+----+------+-----------+
    |             Name            |  FF  | LUT| Bits | Const Bits|
    +-----------------------------+------+----+------+-----------+
    |Tm_12_reg_2411               |     8|   0|     8|          0|
    |Tm_4_reg_2395                |     8|   0|     8|          0|
    |Tm_8_reg_2403                |     8|   0|     8|          0|
    |Tm_reg_2387                  |     8|   0|     8|          0|
    |add_ln244_10_reg_2334        |     5|   0|    12|          7|
    |add_ln244_1_reg_2284         |     5|   0|    12|          7|
    |add_ln244_2_reg_2289         |     5|   0|    12|          7|
    |add_ln244_3_reg_2294         |     5|   0|    12|          7|
    |add_ln244_4_reg_2304         |     5|   0|    12|          7|
    |add_ln244_5_reg_2309         |     5|   0|    12|          7|
    |add_ln244_6_reg_2314         |     5|   0|    12|          7|
    |add_ln244_7_reg_2319         |     5|   0|    12|          7|
    |add_ln244_8_reg_2324         |     5|   0|    12|          7|
    |add_ln244_9_reg_2329         |     5|   0|    12|          7|
    |add_ln244_reg_2274           |     5|   0|    12|          7|
    |ap_CS_fsm                    |     2|   0|     2|          0|
    |ap_done_reg                  |     1|   0|     1|          0|
    |ap_enable_reg_pp0_iter0_reg  |     1|   0|     1|          0|
    |ap_enable_reg_pp0_iter1      |     1|   0|     1|          0|
    |empty_30_fu_146              |     8|   0|     8|          0|
    |empty_31_fu_150              |     8|   0|     8|          0|
    |empty_32_fu_158              |     8|   0|     8|          0|
    |empty_33_fu_162              |     8|   0|     8|          0|
    |empty_34_fu_166              |     8|   0|     8|          0|
    |empty_35_fu_174              |     8|   0|     8|          0|
    |empty_36_fu_178              |     8|   0|     8|          0|
    |empty_37_fu_182              |     8|   0|     8|          0|
    |empty_38_fu_190              |     8|   0|     8|          0|
    |empty_39_fu_194              |     8|   0|     8|          0|
    |empty_40_fu_198              |     8|   0|     8|          0|
    |empty_fu_142                 |     8|   0|     8|          0|
    |icmp_ln428_reg_2265          |     1|   0|     1|          0|
    |lshr_ln244_10_reg_2469       |  1456|   0|  1536|         80|
    |lshr_ln244_11_reg_2474       |  1448|   0|  1536|         88|
    |lshr_ln244_12_reg_2479       |  1440|   0|  1536|         96|
    |lshr_ln244_13_reg_2484       |  1432|   0|  1536|        104|
    |lshr_ln244_14_reg_2489       |  1424|   0|  1536|        112|
    |lshr_ln244_15_reg_2494       |  1416|   0|  1536|        120|
    |lshr_ln244_1_reg_2424        |  1528|   0|  1536|          8|
    |lshr_ln244_2_reg_2429        |  1520|   0|  1536|         16|
    |lshr_ln244_3_reg_2434        |  1512|   0|  1536|         24|
    |lshr_ln244_4_reg_2439        |  1504|   0|  1536|         32|
    |lshr_ln244_5_reg_2444        |  1496|   0|  1536|         40|
    |lshr_ln244_6_reg_2449        |  1488|   0|  1536|         48|
    |lshr_ln244_7_reg_2454        |  1480|   0|  1536|         56|
    |lshr_ln244_8_reg_2459        |  1472|   0|  1536|         64|
    |lshr_ln244_9_reg_2464        |  1464|   0|  1536|         72|
    |lshr_ln244_reg_2419          |  1536|   0|  1536|          0|
    |or_ln244_1_reg_2279          |     4|   0|    11|          7|
    |or_ln244_2_reg_2299          |     4|   0|    11|          7|
    |or_ln_reg_2269               |     4|   0|    11|          7|
    |p_load64_reg_2381            |     8|   0|     8|          0|
    |p_load71_reg_2369            |     8|   0|     8|          0|
    |p_load78_reg_2357            |     8|   0|     8|          0|
    |p_load85_reg_2345            |     8|   0|     8|          0|
    |round_1_reg_2258             |     4|   0|     4|          0|
    |round_fu_134                 |     4|   0|     4|          0|
    |t_1_fu_154                   |     8|   0|     8|          0|
    |t_1_load_reg_2351            |     8|   0|     8|          0|
    |t_2_fu_170                   |     8|   0|     8|          0|
    |t_2_load_reg_2363            |     8|   0|     8|          0|
    |t_3_fu_186                   |     8|   0|     8|          0|
    |t_3_load_reg_2375            |     8|   0|     8|          0|
    |t_fu_138                     |     8|   0|     8|          0|
    |t_load_reg_2339              |     8|   0|     8|          0|
    +-----------------------------+------+----+------+-----------+
    |Total                        | 23921|   0| 24979|       1058|
    +-----------------------------+------+----+------+-----------+



================================================================
== Interface
================================================================
* Summary: 
+----------------+-----+------+------------+----------------------------------+--------------+
|    RTL Ports   | Dir | Bits |  Protocol  |           Source Object          |    C Type    |
+----------------+-----+------+------------+----------------------------------+--------------+
|ap_clk          |   in|     1|  ap_ctrl_hs|  Cipher_Pipeline_VITIS_LOOP_424_1|  return value|
|ap_rst          |   in|     1|  ap_ctrl_hs|  Cipher_Pipeline_VITIS_LOOP_424_1|  return value|
|ap_start        |   in|     1|  ap_ctrl_hs|  Cipher_Pipeline_VITIS_LOOP_424_1|  return value|
|ap_done         |  out|     1|  ap_ctrl_hs|  Cipher_Pipeline_VITIS_LOOP_424_1|  return value|
|ap_idle         |  out|     1|  ap_ctrl_hs|  Cipher_Pipeline_VITIS_LOOP_424_1|  return value|
|ap_ready        |  out|     1|  ap_ctrl_hs|  Cipher_Pipeline_VITIS_LOOP_424_1|  return value|
|buf_r_load_9    |   in|     8|     ap_none|                      buf_r_load_9|        scalar|
|temp_2          |   in|     8|     ap_none|                            temp_2|        scalar|
|temp            |   in|     8|     ap_none|                              temp|        scalar|
|buf_r_load_14   |   in|     8|     ap_none|                     buf_r_load_14|        scalar|
|buf_r_load_10   |   in|     8|     ap_none|                     buf_r_load_10|        scalar|
|temp_1          |   in|     8|     ap_none|                            temp_1|        scalar|
|buf_r_load_2    |   in|     8|     ap_none|                      buf_r_load_2|        scalar|
|buf_r_load_13   |   in|     8|     ap_none|                     buf_r_load_13|        scalar|
|temp_3          |   in|     8|     ap_none|                            temp_3|        scalar|
|buf_r_load_6    |   in|     8|     ap_none|                      buf_r_load_6|        scalar|
|buf_r_load_1    |   in|     8|     ap_none|                      buf_r_load_1|        scalar|
|buf_r_load_12   |   in|     8|     ap_none|                     buf_r_load_12|        scalar|
|buf_r_load_8    |   in|     8|     ap_none|                      buf_r_load_8|        scalar|
|buf_r_load_4    |   in|     8|     ap_none|                      buf_r_load_4|        scalar|
|buf_r_load      |   in|     8|     ap_none|                        buf_r_load|        scalar|
|buf_r_load_11   |   in|     8|     ap_none|                     buf_r_load_11|        scalar|
|RoundKey_val    |   in|  1536|     ap_none|                      RoundKey_val|        scalar|
|p_out           |  out|     8|      ap_vld|                             p_out|       pointer|
|p_out_ap_vld    |  out|     1|      ap_vld|                             p_out|       pointer|
|p_out1          |  out|     8|      ap_vld|                            p_out1|       pointer|
|p_out1_ap_vld   |  out|     1|      ap_vld|                            p_out1|       pointer|
|p_out2          |  out|     8|      ap_vld|                            p_out2|       pointer|
|p_out2_ap_vld   |  out|     1|      ap_vld|                            p_out2|       pointer|
|t_3_out         |  out|     8|      ap_vld|                           t_3_out|       pointer|
|t_3_out_ap_vld  |  out|     1|      ap_vld|                           t_3_out|       pointer|
|p_out3          |  out|     8|      ap_vld|                            p_out3|       pointer|
|p_out3_ap_vld   |  out|     1|      ap_vld|                            p_out3|       pointer|
|p_out4          |  out|     8|      ap_vld|                            p_out4|       pointer|
|p_out4_ap_vld   |  out|     1|      ap_vld|                            p_out4|       pointer|
|p_out5          |  out|     8|      ap_vld|                            p_out5|       pointer|
|p_out5_ap_vld   |  out|     1|      ap_vld|                            p_out5|       pointer|
|t_2_out         |  out|     8|      ap_vld|                           t_2_out|       pointer|
|t_2_out_ap_vld  |  out|     1|      ap_vld|                           t_2_out|       pointer|
|p_out6          |  out|     8|      ap_vld|                            p_out6|       pointer|
|p_out6_ap_vld   |  out|     1|      ap_vld|                            p_out6|       pointer|
|p_out7          |  out|     8|      ap_vld|                            p_out7|       pointer|
|p_out7_ap_vld   |  out|     1|      ap_vld|                            p_out7|       pointer|
|p_out8          |  out|     8|      ap_vld|                            p_out8|       pointer|
|p_out8_ap_vld   |  out|     1|      ap_vld|                            p_out8|       pointer|
|t_1_out         |  out|     8|      ap_vld|                           t_1_out|       pointer|
|t_1_out_ap_vld  |  out|     1|      ap_vld|                           t_1_out|       pointer|
|p_out9          |  out|     8|      ap_vld|                            p_out9|       pointer|
|p_out9_ap_vld   |  out|     1|      ap_vld|                            p_out9|       pointer|
|p_out10         |  out|     8|      ap_vld|                           p_out10|       pointer|
|p_out10_ap_vld  |  out|     1|      ap_vld|                           p_out10|       pointer|
|p_out11         |  out|     8|      ap_vld|                           p_out11|       pointer|
|p_out11_ap_vld  |  out|     1|      ap_vld|                           p_out11|       pointer|
|t_out           |  out|     8|      ap_vld|                             t_out|       pointer|
|t_out_ap_vld    |  out|     1|      ap_vld|                             t_out|       pointer|
|sbox_address0   |  out|     8|   ap_memory|                              sbox|         array|
|sbox_ce0        |  out|     1|   ap_memory|                              sbox|         array|
|sbox_q0         |   in|     8|   ap_memory|                              sbox|         array|
|sbox_address1   |  out|     8|   ap_memory|                              sbox|         array|
|sbox_ce1        |  out|     1|   ap_memory|                              sbox|         array|
|sbox_q1         |   in|     8|   ap_memory|                              sbox|         array|
|sbox_address2   |  out|     8|   ap_memory|                              sbox|         array|
|sbox_ce2        |  out|     1|   ap_memory|                              sbox|         array|
|sbox_q2         |   in|     8|   ap_memory|                              sbox|         array|
|sbox_address3   |  out|     8|   ap_memory|                              sbox|         array|
|sbox_ce3        |  out|     1|   ap_memory|                              sbox|         array|
|sbox_q3         |   in|     8|   ap_memory|                              sbox|         array|
|sbox_address4   |  out|     8|   ap_memory|                              sbox|         array|
|sbox_ce4        |  out|     1|   ap_memory|                              sbox|         array|
|sbox_q4         |   in|     8|   ap_memory|                              sbox|         array|
|sbox_address5   |  out|     8|   ap_memory|                              sbox|         array|
|sbox_ce5        |  out|     1|   ap_memory|                              sbox|         array|
|sbox_q5         |   in|     8|   ap_memory|                              sbox|         array|
|sbox_address6   |  out|     8|   ap_memory|                              sbox|         array|
|sbox_ce6        |  out|     1|   ap_memory|                              sbox|         array|
|sbox_q6         |   in|     8|   ap_memory|                              sbox|         array|
|sbox_address7   |  out|     8|   ap_memory|                              sbox|         array|
|sbox_ce7        |  out|     1|   ap_memory|                              sbox|         array|
|sbox_q7         |   in|     8|   ap_memory|                              sbox|         array|
|sbox_address8   |  out|     8|   ap_memory|                              sbox|         array|
|sbox_ce8        |  out|     1|   ap_memory|                              sbox|         array|
|sbox_q8         |   in|     8|   ap_memory|                              sbox|         array|
|sbox_address9   |  out|     8|   ap_memory|                              sbox|         array|
|sbox_ce9        |  out|     1|   ap_memory|                              sbox|         array|
|sbox_q9         |   in|     8|   ap_memory|                              sbox|         array|
|sbox_address10  |  out|     8|   ap_memory|                              sbox|         array|
|sbox_ce10       |  out|     1|   ap_memory|                              sbox|         array|
|sbox_q10        |   in|     8|   ap_memory|                              sbox|         array|
|sbox_address11  |  out|     8|   ap_memory|                              sbox|         array|
|sbox_ce11       |  out|     1|   ap_memory|                              sbox|         array|
|sbox_q11        |   in|     8|   ap_memory|                              sbox|         array|
|sbox_address12  |  out|     8|   ap_memory|                              sbox|         array|
|sbox_ce12       |  out|     1|   ap_memory|                              sbox|         array|
|sbox_q12        |   in|     8|   ap_memory|                              sbox|         array|
|sbox_address13  |  out|     8|   ap_memory|                              sbox|         array|
|sbox_ce13       |  out|     1|   ap_memory|                              sbox|         array|
|sbox_q13        |   in|     8|   ap_memory|                              sbox|         array|
|sbox_address14  |  out|     8|   ap_memory|                              sbox|         array|
|sbox_ce14       |  out|     1|   ap_memory|                              sbox|         array|
|sbox_q14        |   in|     8|   ap_memory|                              sbox|         array|
|sbox_address15  |  out|     8|   ap_memory|                              sbox|         array|
|sbox_ce15       |  out|     1|   ap_memory|                              sbox|         array|
|sbox_q15        |   in|     8|   ap_memory|                              sbox|         array|
+----------------+-----+------+------------+----------------------------------+--------------+

