================================================================
== Design Size Report
================================================================

* Total Instructions per Compilation Phase
+---------------+-----------------------------+--------------+----------------------------------------------------------------------------------------+
| Phase         | Step                        | Instructions | Description                                                                            |
+---------------+-----------------------------+--------------+----------------------------------------------------------------------------------------+
| Compile/Link  |                             | 412          | After all functions are compiled and linked into a single design                       |
|               |                             |              |                                                                                        |
| Unroll/Inline |                             |              | After user unroll and inline pragmas are applied                                       |
|               | (1) unroll                  | 348          | user unroll pragmas are applied                                                        |
|               | (2) simplification          | 270          | simplification of applied user unroll pragmas                                          |
|               | (3) inline                  | 228          | user inline pragmas are applied                                                        |
|               | (4) simplification          | 216          | simplification of applied user inline pragmas                                          |
|               |                             |              |                                                                                        |
| Array/Struct  |                             |              | After user array partition and struct aggregate/disaggregate pragmas are applied       |
|               | (1) array partition         | 215          | user array partition pragmas are applied                                               |
|               | (2) simplification          | 215          | simplification of applied user array partition & struct aggregate/disaggregate pragmas |
|               | (3) aggregate/disaggregate  | 233          | user struct aggregate/disaggregate pragmas are applied                                 |
|               | (4) array reshape           | 230          | apply array reshape pragmas                                                            |
|               | (5) access patterns         | 229          | array access pattern optmizations                                                      |
|               |                             |              |                                                                                        |
| Performance   |                             |              | After transformations are applied to meet performance pragma targets                   |
|               | (1) loop simplification     | 221          | loop and instruction simplification                                                    |
|               | (2) parallelization         | 421          | loops are unrolled or pipelined to meet performance targets                            |
|               | (3) array partition         | 421          | arrays are partitioned to meet performance targets                                     |
|               | (4) simplification          | 421          | simplification of design after performance transformations                             |
|               |                             |              |                                                                                        |
| HW Transforms |                             |              | After hardware transfomations                                                          |
|               | (1) lowering                | 409          | initial conversion to HW specific instructions                                         |
|               | (2) optimizations           | 424          | high level synthesis optimizations                                                     |
+---------------+-----------------------------+--------------+----------------------------------------------------------------------------------------+

* Instructions per Function for each Compilation Phase
+-------------------+-----------+---------------+---------------+--------------+-------------+---------------+
| Function          | Location  | Compile/Link  | Unroll/Inline | Array/Struct | Performance | HW Transforms |
+-------------------+-----------+---------------+---------------+--------------+-------------+---------------+
| + AES_ECB_encrypt | aes.c:470 | 412           | 216           | 229          | 421         | 424           |
|  + Cipher         | aes.c:413 | 408           | 213           | 227          | 418         | 416           |
|     AddRoundKey   | aes.c:237 | 120 (3 calls) |               |              |             |               |
|     SubBytes      | aes.c:251 |  32           |               |              |             |               |
|     ShiftRows     | aes.c:266 |  73           |               |              |             |               |
|   + MixColumns    | aes.c:300 | 166           |               |              |             |               |
|      xtime        | aes.c:294 |  36 (4 calls) |               |              |             |               |
+-------------------+-----------+---------------+---------------+--------------+-------------+---------------+

* Design Size Message Settings
+---------------------------------------------+--------+------------------------------------------------------------------+
| Message Setting                             | Value  | Description                                                      |
+---------------------------------------------+--------+------------------------------------------------------------------+
| config_compile -design_size_maximum_warning | 100000 | Show a warning when total design instructions exceeds this value |
+---------------------------------------------+--------+------------------------------------------------------------------+


