

================================================================
== Vitis HLS Report for 'Cipher_Pipeline_VITIS_LOOP_240_1_VITIS_LOOP_242_22'
================================================================
* Date:           Sun Jan 26 18:28:16 2025

* Version:        2024.1 (Build 5069499 on May 21 2024)
* Project:        AES_ECB_encrypt
* Solution:       hls (Vivado IP Flow Target)
* Product family: zynq
* Target device:  xc7z020-clg484-1


================================================================
== Performance Estimates
================================================================
+ Timing: 
    * Summary: 
    +--------+----------+----------+------------+
    |  Clock |  Target  | Estimated| Uncertainty|
    +--------+----------+----------+------------+
    |ap_clk  |  10.00 ns|  5.944 ns|     2.70 ns|
    +--------+----------+----------+------------+

+ Latency: 
    * Summary: 
    +---------+---------+----------+----------+-----+-----+-----------------------------------------------+
    |  Latency (cycles) |  Latency (absolute) |  Interval |                    Pipeline                   |
    |   min   |   max   |    min   |    max   | min | max |                      Type                     |
    +---------+---------+----------+----------+-----+-----+-----------------------------------------------+
    |       20|       20|  0.200 us|  0.200 us|   17|   17|  loop auto-rewind stp(delay=0 clock cycles(s))|
    +---------+---------+----------+----------+-----+-----+-----------------------------------------------+

    + Detail: 
        * Instance: 
        N/A

        * Loop: 
        +-------------------------------------+---------+---------+----------+-----------+-----------+------+----------+
        |                                     |  Latency (cycles) | Iteration|  Initiation Interval  | Trip |          |
        |              Loop Name              |   min   |   max   |  Latency |  achieved |   target  | Count| Pipelined|
        +-------------------------------------+---------+---------+----------+-----------+-----------+------+----------+
        |- VITIS_LOOP_240_1_VITIS_LOOP_242_2  |       18|       18|         4|          1|          1|    16|       yes|
        +-------------------------------------+---------+---------+----------+-----------+-----------+------+----------+

============================================================
+ Verbose Summary: Synthesis Manager
============================================================
InlineROM: 1
ExposeGlobal: 0
============================================================
+ Verbose Summary: CDFG Model
============================================================
IsTopModel: 0
ResetActiveHigh: 1
IsCombinational: 0
IsDatapathOnly: 0
HasWiredReturn: 1
HasMFsm: 2
HasVarLatency: 1
IsPipeline: 0
IsRtlPipelined: 0
IsInstanceOverlapped: 0
IsDontTouch: 0
HasImplIP: 0
IsGatedGlobalClock: 0

+ Individual pipeline summary: 
  * Pipeline-0: initiation interval (II) = 1, depth = 4


============================================================
+ Verbose Summary: Schedule
============================================================
* Number of FSM states : 4
* Pipeline : 1
  Pipeline-0 : II = 1, D = 4, States = { 1 2 3 4 }
* Dataflow Pipeline: 0

* FSM state transitions: 
1 --> 2 
2 --> 3 
3 --> 4 
4 --> 

* FSM state operations: 

State 1 <SV = 0> <Delay = 4.95>
ST_1 : Operation 7 [1/1] (0.00ns)   --->   "%j = alloca i32 1" [../../tiny-AES-c-mod/aes.c:239->../../tiny-AES-c-mod/aes.c:432]   --->   Operation 7 'alloca' 'j' <Predicate = true> <Delay = 0.00>
ST_1 : Operation 8 [1/1] (0.00ns)   --->   "%i = alloca i32 1" [../../tiny-AES-c-mod/aes.c:239->../../tiny-AES-c-mod/aes.c:432]   --->   Operation 8 'alloca' 'i' <Predicate = true> <Delay = 0.00>
ST_1 : Operation 9 [1/1] (0.00ns)   --->   "%indvar_flatten13 = alloca i32 1"   --->   Operation 9 'alloca' 'indvar_flatten13' <Predicate = true> <Delay = 0.00>
ST_1 : Operation 10 [1/1] (0.00ns)   --->   "%specinterface_ln0 = specinterface void @_ssdm_op_SpecInterface, i8 %buf_r, void @empty_1, i32 0, i32 0, void @empty_0, i32 4294967295, i32 0, void @empty_0, void @empty_0, void @empty_0, i32 0, i32 0, i32 0, i32 0, void @empty_0, void @empty_0, i32 4294967295, i32 0, i32 0"   --->   Operation 10 'specinterface' 'specinterface_ln0' <Predicate = true> <Delay = 0.00>
ST_1 : Operation 11 [1/1] (0.00ns)   --->   "%RoundKey_val_read = read i1536 @_ssdm_op_Read.ap_auto.i1536, i1536 %RoundKey_val"   --->   Operation 11 'read' 'RoundKey_val_read' <Predicate = true> <Delay = 0.00>
ST_1 : Operation 12 [1/1] (0.00ns)   --->   "%round_read = read i4 @_ssdm_op_Read.ap_auto.i4, i4 %round"   --->   Operation 12 'read' 'round_read' <Predicate = true> <Delay = 0.00>
ST_1 : Operation 13 [1/1] (1.58ns)   --->   "%store_ln0 = store i5 0, i5 %indvar_flatten13"   --->   Operation 13 'store' 'store_ln0' <Predicate = true> <Delay = 1.58>
ST_1 : Operation 14 [1/1] (1.58ns)   --->   "%store_ln239 = store i3 0, i3 %i" [../../tiny-AES-c-mod/aes.c:239->../../tiny-AES-c-mod/aes.c:432]   --->   Operation 14 'store' 'store_ln239' <Predicate = true> <Delay = 1.58>
ST_1 : Operation 15 [1/1] (1.58ns)   --->   "%store_ln239 = store i3 0, i3 %j" [../../tiny-AES-c-mod/aes.c:239->../../tiny-AES-c-mod/aes.c:432]   --->   Operation 15 'store' 'store_ln239' <Predicate = true> <Delay = 1.58>
ST_1 : Operation 16 [1/1] (0.00ns)   --->   "%br_ln0 = br void %for.inc.i22"   --->   Operation 16 'br' 'br_ln0' <Predicate = true> <Delay = 0.00>
ST_1 : Operation 17 [1/1] (0.00ns)   --->   "%indvar_flatten13_load = load i5 %indvar_flatten13" [../../tiny-AES-c-mod/aes.c:240->../../tiny-AES-c-mod/aes.c:432]   --->   Operation 17 'load' 'indvar_flatten13_load' <Predicate = true> <Delay = 0.00>
ST_1 : Operation 18 [1/1] (1.78ns)   --->   "%icmp_ln240 = icmp_eq  i5 %indvar_flatten13_load, i5 16" [../../tiny-AES-c-mod/aes.c:240->../../tiny-AES-c-mod/aes.c:432]   --->   Operation 18 'icmp' 'icmp_ln240' <Predicate = true> <Delay = 1.78> <CoreInst = "Cmp">   --->   Core 9 'Cmp' <Latency = 0> <II = 1> <Delay = 1.78> <FuncUnit> <Opcode : 'seteq' 'setne' 'setle' 'setge' 'setlt' 'setgt'> <InPorts = 2> <OutPorts = 1>
ST_1 : Operation 19 [1/1] (1.78ns)   --->   "%add_ln240 = add i5 %indvar_flatten13_load, i5 1" [../../tiny-AES-c-mod/aes.c:240->../../tiny-AES-c-mod/aes.c:432]   --->   Operation 19 'add' 'add_ln240' <Predicate = true> <Delay = 1.78> <CoreInst = "Adder">   --->   Core 1 'Adder' <Latency = 0> <II = 1> <Delay = 1.78> <FuncUnit> <Opcode : 'add' 'sub'> <InPorts = 2> <OutPorts = 1>
ST_1 : Operation 20 [1/1] (0.00ns)   --->   "%br_ln240 = br i1 %icmp_ln240, void %for.inc18.i25, void %for.inc.i35.preheader.exitStub" [../../tiny-AES-c-mod/aes.c:240->../../tiny-AES-c-mod/aes.c:432]   --->   Operation 20 'br' 'br_ln240' <Predicate = true> <Delay = 0.00>
ST_1 : Operation 21 [1/1] (1.58ns)   --->   "%store_ln240 = store i5 %add_ln240, i5 %indvar_flatten13" [../../tiny-AES-c-mod/aes.c:240->../../tiny-AES-c-mod/aes.c:432]   --->   Operation 21 'store' 'store_ln240' <Predicate = (!icmp_ln240)> <Delay = 1.58>

State 2 <SV = 1> <Delay = 5.86>
ST_2 : Operation 22 [1/1] (0.00ns)   --->   "%j_load = load i3 %j" [../../tiny-AES-c-mod/aes.c:242->../../tiny-AES-c-mod/aes.c:432]   --->   Operation 22 'load' 'j_load' <Predicate = true> <Delay = 0.00>
ST_2 : Operation 23 [1/1] (0.00ns)   --->   "%i_load = load i3 %i" [../../tiny-AES-c-mod/aes.c:240->../../tiny-AES-c-mod/aes.c:432]   --->   Operation 23 'load' 'i_load' <Predicate = true> <Delay = 0.00>
ST_2 : Operation 24 [1/1] (1.65ns)   --->   "%add_ln240_2 = add i3 %i_load, i3 1" [../../tiny-AES-c-mod/aes.c:240->../../tiny-AES-c-mod/aes.c:432]   --->   Operation 24 'add' 'add_ln240_2' <Predicate = true> <Delay = 1.65> <CoreInst = "Adder">   --->   Core 1 'Adder' <Latency = 0> <II = 1> <Delay = 1.65> <FuncUnit> <Opcode : 'add' 'sub'> <InPorts = 2> <OutPorts = 1>
ST_2 : Operation 25 [1/1] (1.65ns)   --->   "%icmp_ln242 = icmp_eq  i3 %j_load, i3 4" [../../tiny-AES-c-mod/aes.c:242->../../tiny-AES-c-mod/aes.c:432]   --->   Operation 25 'icmp' 'icmp_ln242' <Predicate = true> <Delay = 1.65> <CoreInst = "Cmp">   --->   Core 9 'Cmp' <Latency = 0> <II = 1> <Delay = 1.65> <FuncUnit> <Opcode : 'seteq' 'setne' 'setle' 'setge' 'setlt' 'setgt'> <InPorts = 2> <OutPorts = 1>
ST_2 : Operation 26 [1/1] (0.98ns)   --->   "%select_ln239 = select i1 %icmp_ln242, i3 0, i3 %j_load" [../../tiny-AES-c-mod/aes.c:239->../../tiny-AES-c-mod/aes.c:432]   --->   Operation 26 'select' 'select_ln239' <Predicate = true> <Delay = 0.98> <CoreInst = "Sel">   --->   Core 73 'Sel' <Latency = 0> <II = 1> <Delay = 0.98> <FuncUnit> <Opcode : 'select'> <InPorts = 3> <OutPorts = 1>
ST_2 : Operation 27 [1/1] (0.98ns)   --->   "%select_ln240 = select i1 %icmp_ln242, i3 %add_ln240_2, i3 %i_load" [../../tiny-AES-c-mod/aes.c:240->../../tiny-AES-c-mod/aes.c:432]   --->   Operation 27 'select' 'select_ln240' <Predicate = true> <Delay = 0.98> <CoreInst = "Sel">   --->   Core 73 'Sel' <Latency = 0> <II = 1> <Delay = 0.98> <FuncUnit> <Opcode : 'select'> <InPorts = 3> <OutPorts = 1>
ST_2 : Operation 28 [1/1] (0.00ns)   --->   "%trunc_ln244 = trunc i3 %select_ln240" [../../tiny-AES-c-mod/aes.c:244->../../tiny-AES-c-mod/aes.c:432]   --->   Operation 28 'trunc' 'trunc_ln244' <Predicate = true> <Delay = 0.00>
ST_2 : Operation 29 [1/1] (0.00ns)   --->   "%trunc_ln244_3 = trunc i3 %select_ln239" [../../tiny-AES-c-mod/aes.c:244->../../tiny-AES-c-mod/aes.c:432]   --->   Operation 29 'trunc' 'trunc_ln244_3' <Predicate = true> <Delay = 0.00>
ST_2 : Operation 30 [1/1] (1.65ns)   --->   "%add_ln242 = add i3 %select_ln239, i3 1" [../../tiny-AES-c-mod/aes.c:242->../../tiny-AES-c-mod/aes.c:432]   --->   Operation 30 'add' 'add_ln242' <Predicate = true> <Delay = 1.65> <CoreInst = "Adder">   --->   Core 1 'Adder' <Latency = 0> <II = 1> <Delay = 1.65> <FuncUnit> <Opcode : 'add' 'sub'> <InPorts = 2> <OutPorts = 1>
ST_2 : Operation 31 [1/1] (1.58ns)   --->   "%store_ln239 = store i3 %select_ln240, i3 %i" [../../tiny-AES-c-mod/aes.c:239->../../tiny-AES-c-mod/aes.c:432]   --->   Operation 31 'store' 'store_ln239' <Predicate = true> <Delay = 1.58>
ST_2 : Operation 32 [1/1] (1.58ns)   --->   "%store_ln239 = store i3 %add_ln242, i3 %j" [../../tiny-AES-c-mod/aes.c:239->../../tiny-AES-c-mod/aes.c:432]   --->   Operation 32 'store' 'store_ln239' <Predicate = true> <Delay = 1.58>

State 3 <SV = 2> <Delay = 5.94>
ST_3 : Operation 33 [1/1] (0.00ns)   --->   "%tmp_s = bitconcatenate i4 @_ssdm_op_BitConcatenate.i4.i2.i2, i2 %trunc_ln244, i2 0" [../../tiny-AES-c-mod/aes.c:244->../../tiny-AES-c-mod/aes.c:432]   --->   Operation 33 'bitconcatenate' 'tmp_s' <Predicate = true> <Delay = 0.00>
ST_3 : Operation 34 [1/1] (0.00ns)   --->   "%zext_ln244 = zext i3 %select_ln239" [../../tiny-AES-c-mod/aes.c:244->../../tiny-AES-c-mod/aes.c:432]   --->   Operation 34 'zext' 'zext_ln244' <Predicate = true> <Delay = 0.00>
ST_3 : Operation 35 [1/1] (1.73ns)   --->   "%add_ln244 = add i4 %tmp_s, i4 %zext_ln244" [../../tiny-AES-c-mod/aes.c:244->../../tiny-AES-c-mod/aes.c:432]   --->   Operation 35 'add' 'add_ln244' <Predicate = true> <Delay = 1.73> <CoreInst = "Adder">   --->   Core 1 'Adder' <Latency = 0> <II = 1> <Delay = 1.73> <FuncUnit> <Opcode : 'add' 'sub'> <InPorts = 2> <OutPorts = 1>
ST_3 : Operation 36 [1/1] (0.00ns)   --->   "%zext_ln244_4 = zext i4 %add_ln244" [../../tiny-AES-c-mod/aes.c:244->../../tiny-AES-c-mod/aes.c:432]   --->   Operation 36 'zext' 'zext_ln244_4' <Predicate = true> <Delay = 0.00>
ST_3 : Operation 37 [1/1] (0.00ns)   --->   "%buf_r_addr = getelementptr i8 %buf_r, i64 0, i64 %zext_ln244_4" [../../tiny-AES-c-mod/aes.c:244->../../tiny-AES-c-mod/aes.c:432]   --->   Operation 37 'getelementptr' 'buf_r_addr' <Predicate = true> <Delay = 0.00>
ST_3 : Operation 38 [1/1] (0.00ns)   --->   "%shl_ln244_2 = bitconcatenate i11 @_ssdm_op_BitConcatenate.i11.i4.i2.i2.i3, i4 %round_read, i2 %trunc_ln244, i2 %trunc_ln244_3, i3 0" [../../tiny-AES-c-mod/aes.c:244->../../tiny-AES-c-mod/aes.c:432]   --->   Operation 38 'bitconcatenate' 'shl_ln244_2' <Predicate = true> <Delay = 0.00>
ST_3 : Operation 39 [1/1] (0.00ns)   --->   "%zext_ln244_2 = zext i11 %shl_ln244_2" [../../tiny-AES-c-mod/aes.c:244->../../tiny-AES-c-mod/aes.c:432]   --->   Operation 39 'zext' 'zext_ln244_2' <Predicate = true> <Delay = 0.00>
ST_3 : Operation 40 [1/1] (5.94ns)   --->   "%lshr_ln244 = lshr i1536 %RoundKey_val_read, i1536 %zext_ln244_2" [../../tiny-AES-c-mod/aes.c:244->../../tiny-AES-c-mod/aes.c:432]   --->   Operation 40 'lshr' 'lshr_ln244' <Predicate = true> <Delay = 5.94> <CoreInst = "Shifter">   --->   Core 75 'Shifter' <Latency = 0> <II = 1> <Delay = 5.94> <FuncUnit> <Opcode : 'shl' 'lshr' 'ashr'> <InPorts = 2> <OutPorts = 1>
ST_3 : Operation 41 [1/1] (0.00ns)   --->   "%trunc_ln244_4 = trunc i1536 %lshr_ln244" [../../tiny-AES-c-mod/aes.c:244->../../tiny-AES-c-mod/aes.c:432]   --->   Operation 41 'trunc' 'trunc_ln244_4' <Predicate = true> <Delay = 0.00>
ST_3 : Operation 42 [2/2] (2.32ns)   --->   "%buf_r_load = load i4 %buf_r_addr" [../../tiny-AES-c-mod/aes.c:244->../../tiny-AES-c-mod/aes.c:432]   --->   Operation 42 'load' 'buf_r_load' <Predicate = true> <Delay = 2.32> <CoreInst = "RAM">   --->   Core 81 'RAM' <Latency = 1> <II = 1> <Delay = 2.32> <Storage> <Opcode : 'load' 'store'> <Ports = 2> <Width = 8> <Depth = 16> <RAM>
ST_3 : Operation 50 [1/1] (1.58ns)   --->   "%ret_ln0 = ret"   --->   Operation 50 'ret' 'ret_ln0' <Predicate = (icmp_ln240)> <Delay = 1.58>

State 4 <SV = 3> <Delay = 5.63>
ST_4 : Operation 43 [1/1] (0.00ns)   --->   "%specloopname_ln0 = specloopname void @_ssdm_op_SpecLoopName, void @VITIS_LOOP_240_1_VITIS_LOOP_242_2_str"   --->   Operation 43 'specloopname' 'specloopname_ln0' <Predicate = true> <Delay = 0.00>
ST_4 : Operation 44 [1/1] (0.00ns)   --->   "%speclooptripcount_ln0 = speclooptripcount void @_ssdm_op_SpecLoopTripCount, i64 16, i64 16, i64 16"   --->   Operation 44 'speclooptripcount' 'speclooptripcount_ln0' <Predicate = true> <Delay = 0.00>
ST_4 : Operation 45 [1/1] (0.00ns)   --->   "%specpipeline_ln239 = specpipeline void @_ssdm_op_SpecPipeline, i32 4294967295, i32 0, i32 0, i32 0, void @empty_0" [../../tiny-AES-c-mod/aes.c:239->../../tiny-AES-c-mod/aes.c:432]   --->   Operation 45 'specpipeline' 'specpipeline_ln239' <Predicate = true> <Delay = 0.00>
ST_4 : Operation 46 [1/2] (2.32ns)   --->   "%buf_r_load = load i4 %buf_r_addr" [../../tiny-AES-c-mod/aes.c:244->../../tiny-AES-c-mod/aes.c:432]   --->   Operation 46 'load' 'buf_r_load' <Predicate = true> <Delay = 2.32> <CoreInst = "RAM">   --->   Core 81 'RAM' <Latency = 1> <II = 1> <Delay = 2.32> <Storage> <Opcode : 'load' 'store'> <Ports = 2> <Width = 8> <Depth = 16> <RAM>
ST_4 : Operation 47 [1/1] (0.99ns)   --->   "%xor_ln244 = xor i8 %buf_r_load, i8 %trunc_ln244_4" [../../tiny-AES-c-mod/aes.c:244->../../tiny-AES-c-mod/aes.c:432]   --->   Operation 47 'xor' 'xor_ln244' <Predicate = true> <Delay = 0.99> <CoreInst = "LogicGate">   --->   Core 74 'LogicGate' <Latency = 0> <II = 1> <Delay = 0.99> <FuncUnit> <Opcode : 'and' 'or' 'xor'> <InPorts = 2> <OutPorts = 1>
ST_4 : Operation 48 [1/1] (2.32ns)   --->   "%store_ln244 = store i8 %xor_ln244, i4 %buf_r_addr" [../../tiny-AES-c-mod/aes.c:244->../../tiny-AES-c-mod/aes.c:432]   --->   Operation 48 'store' 'store_ln244' <Predicate = true> <Delay = 2.32> <CoreInst = "RAM">   --->   Core 81 'RAM' <Latency = 1> <II = 1> <Delay = 2.32> <Storage> <Opcode : 'load' 'store'> <Ports = 2> <Width = 8> <Depth = 16> <RAM>
ST_4 : Operation 49 [1/1] (0.00ns)   --->   "%br_ln242 = br void %for.inc.i22" [../../tiny-AES-c-mod/aes.c:242->../../tiny-AES-c-mod/aes.c:432]   --->   Operation 49 'br' 'br_ln242' <Predicate = true> <Delay = 0.00>


============================================================
+ Verbose Summary: Binding
============================================================
STG Binding: 
---------------- STG Properties BEGIN ----------------
- Is combinational: 0
- Is one-state seq: 0
- Is datapath-only: 0
- Is pipelined: 0
- Is top level: 0
Port [ Return ] is wired: 1; IO mode=ap_ctrl_hs:ce=0
Port [ buf_r]:  wired=1; compound=1; hidden=0; nouse=0; global=0; static=0; extern=0; dir=2; type=1; pingpong=0; private_global=0; MemPort=[01]; IO mode=ap_memory:ce=0
Port [ round]:  wired=1; compound=0; hidden=0; nouse=0; global=0; static=0; extern=0; dir=0; type=0; pingpong=0; private_global=0; IO mode=ap_none:ce=0
Port [ RoundKey_val]:  wired=1; compound=0; hidden=0; nouse=0; global=0; static=0; extern=0; dir=0; type=0; pingpong=0; private_global=0; IO mode=ap_none:ce=0
---------------- STG Properties END ------------------

---------------- Datapath Model BEGIN ----------------

<LifeTime>
<method=bitvector/>
j                     (alloca           ) [ 01100]
i                     (alloca           ) [ 01100]
indvar_flatten13      (alloca           ) [ 01000]
specinterface_ln0     (specinterface    ) [ 00000]
RoundKey_val_read     (read             ) [ 01110]
round_read            (read             ) [ 01110]
store_ln0             (store            ) [ 00000]
store_ln239           (store            ) [ 00000]
store_ln239           (store            ) [ 00000]
br_ln0                (br               ) [ 00000]
indvar_flatten13_load (load             ) [ 00000]
icmp_ln240            (icmp             ) [ 01110]
add_ln240             (add              ) [ 00000]
br_ln240              (br               ) [ 00000]
store_ln240           (store            ) [ 00000]
j_load                (load             ) [ 00000]
i_load                (load             ) [ 00000]
add_ln240_2           (add              ) [ 00000]
icmp_ln242            (icmp             ) [ 00000]
select_ln239          (select           ) [ 01010]
select_ln240          (select           ) [ 00000]
trunc_ln244           (trunc            ) [ 01010]
trunc_ln244_3         (trunc            ) [ 01010]
add_ln242             (add              ) [ 00000]
store_ln239           (store            ) [ 00000]
store_ln239           (store            ) [ 00000]
tmp_s                 (bitconcatenate   ) [ 00000]
zext_ln244            (zext             ) [ 00000]
add_ln244             (add              ) [ 00000]
zext_ln244_4          (zext             ) [ 00000]
buf_r_addr            (getelementptr    ) [ 01001]
shl_ln244_2           (bitconcatenate   ) [ 00000]
zext_ln244_2          (zext             ) [ 00000]
lshr_ln244            (lshr             ) [ 00000]
trunc_ln244_4         (trunc            ) [ 01001]
specloopname_ln0      (specloopname     ) [ 00000]
speclooptripcount_ln0 (speclooptripcount) [ 00000]
specpipeline_ln239    (specpipeline     ) [ 00000]
buf_r_load            (load             ) [ 00000]
xor_ln244             (xor              ) [ 00000]
store_ln244           (store            ) [ 00000]
br_ln242              (br               ) [ 00000]
ret_ln0               (ret              ) [ 00000]
</LifeTime>

<model>

<comp_list>
<comp id="0" class="1000" name="buf_r">
<pin_list>
<pin id="1" dir="1" index="0" bw="1" slack="0"/>
</pin_list>
<bind>
<StgValue><ssdm name="buf_r"/><MemPortTyVec>0 1 </MemPortTyVec>
</StgValue>
</bind>
</comp>

<comp id="2" class="1000" name="round">
<pin_list>
<pin id="3" dir="1" index="0" bw="1" slack="0"/>
</pin_list>
<bind>
<StgValue><ssdm name="round"/></StgValue>
</bind>
</comp>

<comp id="4" class="1000" name="RoundKey_val">
<pin_list>
<pin id="5" dir="1" index="0" bw="1" slack="0"/>
</pin_list>
<bind>
<StgValue><ssdm name="RoundKey_val"/></StgValue>
</bind>
</comp>

<comp id="6" class="1001" name="const_6">
<pin_list>
<pin id="7" dir="1" index="0" bw="1" slack="0"/>
</pin_list>
<bind>
<StgValue><ssdm name=""/></StgValue>
</bind>
</comp>

<comp id="8" class="1001" name="const_8">
<pin_list>
<pin id="9" dir="1" index="0" bw="1" slack="2147483647"/>
</pin_list>
<bind>
<StgValue><ssdm name="_ssdm_op_SpecInterface"/></StgValue>
</bind>
</comp>

<comp id="10" class="1001" name="const_10">
<pin_list>
<pin id="11" dir="1" index="0" bw="1" slack="2147483647"/>
</pin_list>
<bind>
<StgValue><ssdm name="empty_1"/></StgValue>
</bind>
</comp>

<comp id="12" class="1001" name="const_12">
<pin_list>
<pin id="13" dir="1" index="0" bw="1" slack="2147483647"/>
</pin_list>
<bind>
<StgValue><ssdm name=""/></StgValue>
</bind>
</comp>

<comp id="14" class="1001" name="const_14">
<pin_list>
<pin id="15" dir="1" index="0" bw="1" slack="2147483647"/>
</pin_list>
<bind>
<StgValue><ssdm name="empty_0"/></StgValue>
</bind>
</comp>

<comp id="16" class="1001" name="const_16">
<pin_list>
<pin id="17" dir="1" index="0" bw="1" slack="2147483647"/>
</pin_list>
<bind>
<StgValue><ssdm name=""/></StgValue>
</bind>
</comp>

<comp id="18" class="1001" name="const_18">
<pin_list>
<pin id="19" dir="1" index="0" bw="1" slack="0"/>
</pin_list>
<bind>
<StgValue><ssdm name="_ssdm_op_Read.ap_auto.i1536"/></StgValue>
</bind>
</comp>

<comp id="20" class="1001" name="const_20">
<pin_list>
<pin id="21" dir="1" index="0" bw="1" slack="0"/>
</pin_list>
<bind>
<StgValue><ssdm name="_ssdm_op_Read.ap_auto.i4"/></StgValue>
</bind>
</comp>

<comp id="22" class="1001" name="const_22">
<pin_list>
<pin id="23" dir="1" index="0" bw="1" slack="0"/>
</pin_list>
<bind>
<StgValue><ssdm name=""/></StgValue>
</bind>
</comp>

<comp id="24" class="1001" name="const_24">
<pin_list>
<pin id="25" dir="1" index="0" bw="1" slack="0"/>
</pin_list>
<bind>
<StgValue><ssdm name=""/></StgValue>
</bind>
</comp>

<comp id="26" class="1001" name="const_26">
<pin_list>
<pin id="27" dir="1" index="0" bw="1" slack="0"/>
</pin_list>
<bind>
<StgValue><ssdm name=""/></StgValue>
</bind>
</comp>

<comp id="28" class="1001" name="const_28">
<pin_list>
<pin id="29" dir="1" index="0" bw="1" slack="0"/>
</pin_list>
<bind>
<StgValue><ssdm name=""/></StgValue>
</bind>
</comp>

<comp id="30" class="1001" name="const_30">
<pin_list>
<pin id="31" dir="1" index="0" bw="1" slack="0"/>
</pin_list>
<bind>
<StgValue><ssdm name=""/></StgValue>
</bind>
</comp>

<comp id="32" class="1001" name="const_32">
<pin_list>
<pin id="33" dir="1" index="0" bw="1" slack="0"/>
</pin_list>
<bind>
<StgValue><ssdm name=""/></StgValue>
</bind>
</comp>

<comp id="34" class="1001" name="const_34">
<pin_list>
<pin id="35" dir="1" index="0" bw="1" slack="0"/>
</pin_list>
<bind>
<StgValue><ssdm name="_ssdm_op_BitConcatenate.i4.i2.i2"/></StgValue>
</bind>
</comp>

<comp id="36" class="1001" name="const_36">
<pin_list>
<pin id="37" dir="1" index="0" bw="1" slack="0"/>
</pin_list>
<bind>
<StgValue><ssdm name=""/></StgValue>
</bind>
</comp>

<comp id="38" class="1001" name="const_38">
<pin_list>
<pin id="39" dir="1" index="0" bw="1" slack="0"/>
</pin_list>
<bind>
<StgValue><ssdm name=""/></StgValue>
</bind>
</comp>

<comp id="40" class="1001" name="const_40">
<pin_list>
<pin id="41" dir="1" index="0" bw="1" slack="0"/>
</pin_list>
<bind>
<StgValue><ssdm name="_ssdm_op_BitConcatenate.i11.i4.i2.i2.i3"/></StgValue>
</bind>
</comp>

<comp id="42" class="1001" name="const_42">
<pin_list>
<pin id="43" dir="1" index="0" bw="1" slack="2147483647"/>
</pin_list>
<bind>
<StgValue><ssdm name="_ssdm_op_SpecLoopName"/></StgValue>
</bind>
</comp>

<comp id="44" class="1001" name="const_44">
<pin_list>
<pin id="45" dir="1" index="0" bw="1" slack="2147483647"/>
</pin_list>
<bind>
<StgValue><ssdm name="VITIS_LOOP_240_1_VITIS_LOOP_242_2_str"/></StgValue>
</bind>
</comp>

<comp id="46" class="1001" name="const_46">
<pin_list>
<pin id="47" dir="1" index="0" bw="1" slack="2147483647"/>
</pin_list>
<bind>
<StgValue><ssdm name="_ssdm_op_SpecLoopTripCount"/></StgValue>
</bind>
</comp>

<comp id="48" class="1001" name="const_48">
<pin_list>
<pin id="49" dir="1" index="0" bw="1" slack="2147483647"/>
</pin_list>
<bind>
<StgValue><ssdm name=""/></StgValue>
</bind>
</comp>

<comp id="50" class="1001" name="const_50">
<pin_list>
<pin id="51" dir="1" index="0" bw="1" slack="2147483647"/>
</pin_list>
<bind>
<StgValue><ssdm name="_ssdm_op_SpecPipeline"/></StgValue>
</bind>
</comp>

<comp id="52" class="1004" name="j_fu_52">
<pin_list>
<pin id="53" dir="0" index="0" bw="1" slack="0"/>
<pin id="54" dir="1" index="1" bw="3" slack="0"/>
</pin_list>
<bind>
<opcode="alloca(26) " fcode="alloca"/>
<opset="j/1 "/>
</bind>
</comp>

<comp id="56" class="1004" name="i_fu_56">
<pin_list>
<pin id="57" dir="0" index="0" bw="1" slack="0"/>
<pin id="58" dir="1" index="1" bw="3" slack="0"/>
</pin_list>
<bind>
<opcode="alloca(26) " fcode="alloca"/>
<opset="i/1 "/>
</bind>
</comp>

<comp id="60" class="1004" name="indvar_flatten13_fu_60">
<pin_list>
<pin id="61" dir="0" index="0" bw="1" slack="0"/>
<pin id="62" dir="1" index="1" bw="5" slack="0"/>
</pin_list>
<bind>
<opcode="alloca(26) " fcode="alloca"/>
<opset="indvar_flatten13/1 "/>
</bind>
</comp>

<comp id="64" class="1004" name="RoundKey_val_read_read_fu_64">
<pin_list>
<pin id="65" dir="0" index="0" bw="1536" slack="0"/>
<pin id="66" dir="0" index="1" bw="1536" slack="0"/>
<pin id="67" dir="1" index="2" bw="1536" slack="2"/>
</pin_list>
<bind>
<opcode="read(1150) " fcode="read"/>
<opset="RoundKey_val_read/1 "/>
</bind>
</comp>

<comp id="70" class="1004" name="round_read_read_fu_70">
<pin_list>
<pin id="71" dir="0" index="0" bw="4" slack="0"/>
<pin id="72" dir="0" index="1" bw="4" slack="0"/>
<pin id="73" dir="1" index="2" bw="4" slack="2"/>
</pin_list>
<bind>
<opcode="read(1150) " fcode="read"/>
<opset="round_read/1 "/>
</bind>
</comp>

<comp id="76" class="1004" name="buf_r_addr_gep_fu_76">
<pin_list>
<pin id="77" dir="0" index="0" bw="8" slack="0"/>
<pin id="78" dir="0" index="1" bw="1" slack="0"/>
<pin id="79" dir="0" index="2" bw="4" slack="0"/>
<pin id="80" dir="1" index="3" bw="4" slack="0"/>
</pin_list>
<bind>
<opcode="getelementptr(29) " fcode="getelementptr"/>
<opset="buf_r_addr/3 "/>
</bind>
</comp>

<comp id="83" class="1004" name="grp_access_fu_83">
<pin_list>
<pin id="84" dir="0" index="0" bw="4" slack="1"/>
<pin id="85" dir="0" index="1" bw="8" slack="0"/>
<pin id="86" dir="0" index="2" bw="0" slack="0"/>
<pin id="88" dir="0" index="4" bw="4" slack="2147483647"/>
<pin id="89" dir="0" index="5" bw="8" slack="2147483647"/>
<pin id="90" dir="0" index="6" bw="0" slack="2147483647"/>
<pin id="87" dir="1" index="3" bw="8" slack="2147483647"/>
<pin id="91" dir="1" index="7" bw="8" slack="0"/>
</pin_list>
<bind>
<opcode="load(27) store(28) " fcode="store"/>
<opset="buf_r_load/3 store_ln244/4 "/>
</bind>
</comp>

<comp id="93" class="1004" name="store_ln0_store_fu_93">
<pin_list>
<pin id="94" dir="0" index="0" bw="1" slack="0"/>
<pin id="95" dir="0" index="1" bw="5" slack="0"/>
<pin id="96" dir="1" index="2" bw="0" slack="2147483647"/>
</pin_list>
<bind>
<opcode="store(28) " fcode="store"/>
<opset="store_ln0/1 "/>
</bind>
</comp>

<comp id="98" class="1004" name="store_ln239_store_fu_98">
<pin_list>
<pin id="99" dir="0" index="0" bw="1" slack="0"/>
<pin id="100" dir="0" index="1" bw="3" slack="0"/>
<pin id="101" dir="1" index="2" bw="0" slack="2147483647"/>
</pin_list>
<bind>
<opcode="store(28) " fcode="store"/>
<opset="store_ln239/1 "/>
</bind>
</comp>

<comp id="103" class="1004" name="store_ln239_store_fu_103">
<pin_list>
<pin id="104" dir="0" index="0" bw="1" slack="0"/>
<pin id="105" dir="0" index="1" bw="3" slack="0"/>
<pin id="106" dir="1" index="2" bw="0" slack="2147483647"/>
</pin_list>
<bind>
<opcode="store(28) " fcode="store"/>
<opset="store_ln239/1 "/>
</bind>
</comp>

<comp id="108" class="1004" name="indvar_flatten13_load_load_fu_108">
<pin_list>
<pin id="109" dir="0" index="0" bw="5" slack="0"/>
<pin id="110" dir="1" index="1" bw="5" slack="0"/>
</pin_list>
<bind>
<opcode="load(27) " fcode="load"/>
<opset="indvar_flatten13_load/1 "/>
</bind>
</comp>

<comp id="111" class="1004" name="icmp_ln240_fu_111">
<pin_list>
<pin id="112" dir="0" index="0" bw="5" slack="0"/>
<pin id="113" dir="0" index="1" bw="5" slack="0"/>
<pin id="114" dir="1" index="2" bw="1" slack="2"/>
</pin_list>
<bind>
<opcode="icmp(45) " fcode="icmp"/>
<opset="icmp_ln240/1 "/>
</bind>
</comp>

<comp id="117" class="1004" name="add_ln240_fu_117">
<pin_list>
<pin id="118" dir="0" index="0" bw="5" slack="0"/>
<pin id="119" dir="0" index="1" bw="1" slack="0"/>
<pin id="120" dir="1" index="2" bw="5" slack="0"/>
</pin_list>
<bind>
<opcode="add(8) " fcode="add"/>
<opset="add_ln240/1 "/>
</bind>
</comp>

<comp id="123" class="1004" name="store_ln240_store_fu_123">
<pin_list>
<pin id="124" dir="0" index="0" bw="5" slack="0"/>
<pin id="125" dir="0" index="1" bw="5" slack="0"/>
<pin id="126" dir="1" index="2" bw="0" slack="2147483647"/>
</pin_list>
<bind>
<opcode="store(28) " fcode="store"/>
<opset="store_ln240/1 "/>
</bind>
</comp>

<comp id="128" class="1004" name="j_load_load_fu_128">
<pin_list>
<pin id="129" dir="0" index="0" bw="3" slack="1"/>
<pin id="130" dir="1" index="1" bw="3" slack="0"/>
</pin_list>
<bind>
<opcode="load(27) " fcode="load"/>
<opset="j_load/2 "/>
</bind>
</comp>

<comp id="131" class="1004" name="i_load_load_fu_131">
<pin_list>
<pin id="132" dir="0" index="0" bw="3" slack="1"/>
<pin id="133" dir="1" index="1" bw="3" slack="0"/>
</pin_list>
<bind>
<opcode="load(27) " fcode="load"/>
<opset="i_load/2 "/>
</bind>
</comp>

<comp id="134" class="1004" name="add_ln240_2_fu_134">
<pin_list>
<pin id="135" dir="0" index="0" bw="3" slack="0"/>
<pin id="136" dir="0" index="1" bw="1" slack="0"/>
<pin id="137" dir="1" index="2" bw="3" slack="0"/>
</pin_list>
<bind>
<opcode="add(8) " fcode="add"/>
<opset="add_ln240_2/2 "/>
</bind>
</comp>

<comp id="140" class="1004" name="icmp_ln242_fu_140">
<pin_list>
<pin id="141" dir="0" index="0" bw="3" slack="0"/>
<pin id="142" dir="0" index="1" bw="3" slack="0"/>
<pin id="143" dir="1" index="2" bw="1" slack="0"/>
</pin_list>
<bind>
<opcode="icmp(45) " fcode="icmp"/>
<opset="icmp_ln242/2 "/>
</bind>
</comp>

<comp id="146" class="1004" name="select_ln239_fu_146">
<pin_list>
<pin id="147" dir="0" index="0" bw="1" slack="0"/>
<pin id="148" dir="0" index="1" bw="1" slack="0"/>
<pin id="149" dir="0" index="2" bw="3" slack="0"/>
<pin id="150" dir="1" index="3" bw="3" slack="0"/>
</pin_list>
<bind>
<opcode="select(49) " fcode="select"/>
<opset="select_ln239/2 "/>
</bind>
</comp>

<comp id="154" class="1004" name="select_ln240_fu_154">
<pin_list>
<pin id="155" dir="0" index="0" bw="1" slack="0"/>
<pin id="156" dir="0" index="1" bw="3" slack="0"/>
<pin id="157" dir="0" index="2" bw="3" slack="0"/>
<pin id="158" dir="1" index="3" bw="3" slack="0"/>
</pin_list>
<bind>
<opcode="select(49) " fcode="select"/>
<opset="select_ln240/2 "/>
</bind>
</comp>

<comp id="162" class="1004" name="trunc_ln244_fu_162">
<pin_list>
<pin id="163" dir="0" index="0" bw="3" slack="0"/>
<pin id="164" dir="1" index="1" bw="2" slack="1"/>
</pin_list>
<bind>
<opcode="trunc(33) " fcode="trunc"/>
<opset="trunc_ln244/2 "/>
</bind>
</comp>

<comp id="166" class="1004" name="trunc_ln244_3_fu_166">
<pin_list>
<pin id="167" dir="0" index="0" bw="3" slack="0"/>
<pin id="168" dir="1" index="1" bw="2" slack="1"/>
</pin_list>
<bind>
<opcode="trunc(33) " fcode="trunc"/>
<opset="trunc_ln244_3/2 "/>
</bind>
</comp>

<comp id="170" class="1004" name="add_ln242_fu_170">
<pin_list>
<pin id="171" dir="0" index="0" bw="3" slack="0"/>
<pin id="172" dir="0" index="1" bw="1" slack="0"/>
<pin id="173" dir="1" index="2" bw="3" slack="0"/>
</pin_list>
<bind>
<opcode="add(8) " fcode="add"/>
<opset="add_ln242/2 "/>
</bind>
</comp>

<comp id="176" class="1004" name="store_ln239_store_fu_176">
<pin_list>
<pin id="177" dir="0" index="0" bw="3" slack="0"/>
<pin id="178" dir="0" index="1" bw="3" slack="1"/>
<pin id="179" dir="1" index="2" bw="0" slack="2147483647"/>
</pin_list>
<bind>
<opcode="store(28) " fcode="store"/>
<opset="store_ln239/2 "/>
</bind>
</comp>

<comp id="181" class="1004" name="store_ln239_store_fu_181">
<pin_list>
<pin id="182" dir="0" index="0" bw="3" slack="0"/>
<pin id="183" dir="0" index="1" bw="3" slack="1"/>
<pin id="184" dir="1" index="2" bw="0" slack="2147483647"/>
</pin_list>
<bind>
<opcode="store(28) " fcode="store"/>
<opset="store_ln239/2 "/>
</bind>
</comp>

<comp id="186" class="1004" name="tmp_s_fu_186">
<pin_list>
<pin id="187" dir="0" index="0" bw="4" slack="0"/>
<pin id="188" dir="0" index="1" bw="2" slack="1"/>
<pin id="189" dir="0" index="2" bw="1" slack="0"/>
<pin id="190" dir="1" index="3" bw="4" slack="0"/>
</pin_list>
<bind>
<opcode="bitconcatenate(1004) " fcode="bitconcatenate"/>
<opset="tmp_s/3 "/>
</bind>
</comp>

<comp id="193" class="1004" name="zext_ln244_fu_193">
<pin_list>
<pin id="194" dir="0" index="0" bw="3" slack="1"/>
<pin id="195" dir="1" index="1" bw="4" slack="0"/>
</pin_list>
<bind>
<opcode="zext(34) " fcode="zext"/>
<opset="zext_ln244/3 "/>
</bind>
</comp>

<comp id="196" class="1004" name="add_ln244_fu_196">
<pin_list>
<pin id="197" dir="0" index="0" bw="4" slack="0"/>
<pin id="198" dir="0" index="1" bw="3" slack="0"/>
<pin id="199" dir="1" index="2" bw="4" slack="0"/>
</pin_list>
<bind>
<opcode="add(8) " fcode="add"/>
<opset="add_ln244/3 "/>
</bind>
</comp>

<comp id="202" class="1004" name="zext_ln244_4_fu_202">
<pin_list>
<pin id="203" dir="0" index="0" bw="4" slack="0"/>
<pin id="204" dir="1" index="1" bw="64" slack="0"/>
</pin_list>
<bind>
<opcode="zext(34) " fcode="zext"/>
<opset="zext_ln244_4/3 "/>
</bind>
</comp>

<comp id="207" class="1004" name="shl_ln244_2_fu_207">
<pin_list>
<pin id="208" dir="0" index="0" bw="11" slack="0"/>
<pin id="209" dir="0" index="1" bw="4" slack="2"/>
<pin id="210" dir="0" index="2" bw="2" slack="1"/>
<pin id="211" dir="0" index="3" bw="2" slack="1"/>
<pin id="212" dir="0" index="4" bw="1" slack="0"/>
<pin id="213" dir="1" index="5" bw="11" slack="0"/>
</pin_list>
<bind>
<opcode="bitconcatenate(1004) " fcode="bitconcatenate"/>
<opset="shl_ln244_2/3 "/>
</bind>
</comp>

<comp id="216" class="1004" name="zext_ln244_2_fu_216">
<pin_list>
<pin id="217" dir="0" index="0" bw="11" slack="0"/>
<pin id="218" dir="1" index="1" bw="1536" slack="0"/>
</pin_list>
<bind>
<opcode="zext(34) " fcode="zext"/>
<opset="zext_ln244_2/3 "/>
</bind>
</comp>

<comp id="220" class="1004" name="lshr_ln244_fu_220">
<pin_list>
<pin id="221" dir="0" index="0" bw="1536" slack="2"/>
<pin id="222" dir="0" index="1" bw="11" slack="0"/>
<pin id="223" dir="1" index="2" bw="1536" slack="0"/>
</pin_list>
<bind>
<opcode="lshr(21) " fcode="lshr"/>
<opset="lshr_ln244/3 "/>
</bind>
</comp>

<comp id="225" class="1004" name="trunc_ln244_4_fu_225">
<pin_list>
<pin id="226" dir="0" index="0" bw="1536" slack="0"/>
<pin id="227" dir="1" index="1" bw="8" slack="1"/>
</pin_list>
<bind>
<opcode="trunc(33) " fcode="trunc"/>
<opset="trunc_ln244_4/3 "/>
</bind>
</comp>

<comp id="229" class="1004" name="xor_ln244_fu_229">
<pin_list>
<pin id="230" dir="0" index="0" bw="8" slack="0"/>
<pin id="231" dir="0" index="1" bw="8" slack="1"/>
<pin id="232" dir="1" index="2" bw="8" slack="0"/>
</pin_list>
<bind>
<opcode="xor(25) " fcode="xor"/>
<opset="xor_ln244/4 "/>
</bind>
</comp>

<comp id="235" class="1005" name="j_reg_235">
<pin_list>
<pin id="236" dir="0" index="0" bw="3" slack="0"/>
<pin id="237" dir="1" index="1" bw="3" slack="0"/>
</pin_list>
<bind>
<opset="j "/>
</bind>
</comp>

<comp id="242" class="1005" name="i_reg_242">
<pin_list>
<pin id="243" dir="0" index="0" bw="3" slack="0"/>
<pin id="244" dir="1" index="1" bw="3" slack="0"/>
</pin_list>
<bind>
<opset="i "/>
</bind>
</comp>

<comp id="249" class="1005" name="indvar_flatten13_reg_249">
<pin_list>
<pin id="250" dir="0" index="0" bw="5" slack="0"/>
<pin id="251" dir="1" index="1" bw="5" slack="0"/>
</pin_list>
<bind>
<opset="indvar_flatten13 "/>
</bind>
</comp>

<comp id="256" class="1005" name="RoundKey_val_read_reg_256">
<pin_list>
<pin id="257" dir="0" index="0" bw="1536" slack="2"/>
<pin id="258" dir="1" index="1" bw="1536" slack="2"/>
</pin_list>
<bind>
<opset="RoundKey_val_read "/>
</bind>
</comp>

<comp id="261" class="1005" name="round_read_reg_261">
<pin_list>
<pin id="262" dir="0" index="0" bw="4" slack="2"/>
<pin id="263" dir="1" index="1" bw="4" slack="2"/>
</pin_list>
<bind>
<opset="round_read "/>
</bind>
</comp>

<comp id="266" class="1005" name="icmp_ln240_reg_266">
<pin_list>
<pin id="267" dir="0" index="0" bw="1" slack="2"/>
<pin id="268" dir="1" index="1" bw="1" slack="2147483647"/>
</pin_list>
<bind>
<opset="icmp_ln240 "/>
</bind>
</comp>

<comp id="270" class="1005" name="select_ln239_reg_270">
<pin_list>
<pin id="271" dir="0" index="0" bw="3" slack="1"/>
<pin id="272" dir="1" index="1" bw="3" slack="1"/>
</pin_list>
<bind>
<opset="select_ln239 "/>
</bind>
</comp>

<comp id="275" class="1005" name="trunc_ln244_reg_275">
<pin_list>
<pin id="276" dir="0" index="0" bw="2" slack="1"/>
<pin id="277" dir="1" index="1" bw="2" slack="1"/>
</pin_list>
<bind>
<opset="trunc_ln244 "/>
</bind>
</comp>

<comp id="281" class="1005" name="trunc_ln244_3_reg_281">
<pin_list>
<pin id="282" dir="0" index="0" bw="2" slack="1"/>
<pin id="283" dir="1" index="1" bw="2" slack="1"/>
</pin_list>
<bind>
<opset="trunc_ln244_3 "/>
</bind>
</comp>

<comp id="286" class="1005" name="buf_r_addr_reg_286">
<pin_list>
<pin id="287" dir="0" index="0" bw="4" slack="1"/>
<pin id="288" dir="1" index="1" bw="4" slack="1"/>
</pin_list>
<bind>
<opset="buf_r_addr "/>
</bind>
</comp>

<comp id="292" class="1005" name="trunc_ln244_4_reg_292">
<pin_list>
<pin id="293" dir="0" index="0" bw="8" slack="1"/>
<pin id="294" dir="1" index="1" bw="8" slack="1"/>
</pin_list>
<bind>
<opset="trunc_ln244_4 "/>
</bind>
</comp>

</comp_list>

<net_list>
<net id="55"><net_src comp="6" pin="0"/><net_sink comp="52" pin=0"/></net>

<net id="59"><net_src comp="6" pin="0"/><net_sink comp="56" pin=0"/></net>

<net id="63"><net_src comp="6" pin="0"/><net_sink comp="60" pin=0"/></net>

<net id="68"><net_src comp="18" pin="0"/><net_sink comp="64" pin=0"/></net>

<net id="69"><net_src comp="4" pin="0"/><net_sink comp="64" pin=1"/></net>

<net id="74"><net_src comp="20" pin="0"/><net_sink comp="70" pin=0"/></net>

<net id="75"><net_src comp="2" pin="0"/><net_sink comp="70" pin=1"/></net>

<net id="81"><net_src comp="0" pin="0"/><net_sink comp="76" pin=0"/></net>

<net id="82"><net_src comp="38" pin="0"/><net_sink comp="76" pin=1"/></net>

<net id="92"><net_src comp="76" pin="3"/><net_sink comp="83" pin=2"/></net>

<net id="97"><net_src comp="22" pin="0"/><net_sink comp="93" pin=0"/></net>

<net id="102"><net_src comp="24" pin="0"/><net_sink comp="98" pin=0"/></net>

<net id="107"><net_src comp="24" pin="0"/><net_sink comp="103" pin=0"/></net>

<net id="115"><net_src comp="108" pin="1"/><net_sink comp="111" pin=0"/></net>

<net id="116"><net_src comp="26" pin="0"/><net_sink comp="111" pin=1"/></net>

<net id="121"><net_src comp="108" pin="1"/><net_sink comp="117" pin=0"/></net>

<net id="122"><net_src comp="28" pin="0"/><net_sink comp="117" pin=1"/></net>

<net id="127"><net_src comp="117" pin="2"/><net_sink comp="123" pin=0"/></net>

<net id="138"><net_src comp="131" pin="1"/><net_sink comp="134" pin=0"/></net>

<net id="139"><net_src comp="30" pin="0"/><net_sink comp="134" pin=1"/></net>

<net id="144"><net_src comp="128" pin="1"/><net_sink comp="140" pin=0"/></net>

<net id="145"><net_src comp="32" pin="0"/><net_sink comp="140" pin=1"/></net>

<net id="151"><net_src comp="140" pin="2"/><net_sink comp="146" pin=0"/></net>

<net id="152"><net_src comp="24" pin="0"/><net_sink comp="146" pin=1"/></net>

<net id="153"><net_src comp="128" pin="1"/><net_sink comp="146" pin=2"/></net>

<net id="159"><net_src comp="140" pin="2"/><net_sink comp="154" pin=0"/></net>

<net id="160"><net_src comp="134" pin="2"/><net_sink comp="154" pin=1"/></net>

<net id="161"><net_src comp="131" pin="1"/><net_sink comp="154" pin=2"/></net>

<net id="165"><net_src comp="154" pin="3"/><net_sink comp="162" pin=0"/></net>

<net id="169"><net_src comp="146" pin="3"/><net_sink comp="166" pin=0"/></net>

<net id="174"><net_src comp="146" pin="3"/><net_sink comp="170" pin=0"/></net>

<net id="175"><net_src comp="30" pin="0"/><net_sink comp="170" pin=1"/></net>

<net id="180"><net_src comp="154" pin="3"/><net_sink comp="176" pin=0"/></net>

<net id="185"><net_src comp="170" pin="2"/><net_sink comp="181" pin=0"/></net>

<net id="191"><net_src comp="34" pin="0"/><net_sink comp="186" pin=0"/></net>

<net id="192"><net_src comp="36" pin="0"/><net_sink comp="186" pin=2"/></net>

<net id="200"><net_src comp="186" pin="3"/><net_sink comp="196" pin=0"/></net>

<net id="201"><net_src comp="193" pin="1"/><net_sink comp="196" pin=1"/></net>

<net id="205"><net_src comp="196" pin="2"/><net_sink comp="202" pin=0"/></net>

<net id="206"><net_src comp="202" pin="1"/><net_sink comp="76" pin=2"/></net>

<net id="214"><net_src comp="40" pin="0"/><net_sink comp="207" pin=0"/></net>

<net id="215"><net_src comp="24" pin="0"/><net_sink comp="207" pin=4"/></net>

<net id="219"><net_src comp="207" pin="5"/><net_sink comp="216" pin=0"/></net>

<net id="224"><net_src comp="216" pin="1"/><net_sink comp="220" pin=1"/></net>

<net id="228"><net_src comp="220" pin="2"/><net_sink comp="225" pin=0"/></net>

<net id="233"><net_src comp="83" pin="7"/><net_sink comp="229" pin=0"/></net>

<net id="234"><net_src comp="229" pin="2"/><net_sink comp="83" pin=1"/></net>

<net id="238"><net_src comp="52" pin="1"/><net_sink comp="235" pin=0"/></net>

<net id="239"><net_src comp="235" pin="1"/><net_sink comp="103" pin=1"/></net>

<net id="240"><net_src comp="235" pin="1"/><net_sink comp="128" pin=0"/></net>

<net id="241"><net_src comp="235" pin="1"/><net_sink comp="181" pin=1"/></net>

<net id="245"><net_src comp="56" pin="1"/><net_sink comp="242" pin=0"/></net>

<net id="246"><net_src comp="242" pin="1"/><net_sink comp="98" pin=1"/></net>

<net id="247"><net_src comp="242" pin="1"/><net_sink comp="131" pin=0"/></net>

<net id="248"><net_src comp="242" pin="1"/><net_sink comp="176" pin=1"/></net>

<net id="252"><net_src comp="60" pin="1"/><net_sink comp="249" pin=0"/></net>

<net id="253"><net_src comp="249" pin="1"/><net_sink comp="93" pin=1"/></net>

<net id="254"><net_src comp="249" pin="1"/><net_sink comp="108" pin=0"/></net>

<net id="255"><net_src comp="249" pin="1"/><net_sink comp="123" pin=1"/></net>

<net id="259"><net_src comp="64" pin="2"/><net_sink comp="256" pin=0"/></net>

<net id="260"><net_src comp="256" pin="1"/><net_sink comp="220" pin=0"/></net>

<net id="264"><net_src comp="70" pin="2"/><net_sink comp="261" pin=0"/></net>

<net id="265"><net_src comp="261" pin="1"/><net_sink comp="207" pin=1"/></net>

<net id="269"><net_src comp="111" pin="2"/><net_sink comp="266" pin=0"/></net>

<net id="273"><net_src comp="146" pin="3"/><net_sink comp="270" pin=0"/></net>

<net id="274"><net_src comp="270" pin="1"/><net_sink comp="193" pin=0"/></net>

<net id="278"><net_src comp="162" pin="1"/><net_sink comp="275" pin=0"/></net>

<net id="279"><net_src comp="275" pin="1"/><net_sink comp="186" pin=1"/></net>

<net id="280"><net_src comp="275" pin="1"/><net_sink comp="207" pin=2"/></net>

<net id="284"><net_src comp="166" pin="1"/><net_sink comp="281" pin=0"/></net>

<net id="285"><net_src comp="281" pin="1"/><net_sink comp="207" pin=3"/></net>

<net id="289"><net_src comp="76" pin="3"/><net_sink comp="286" pin=0"/></net>

<net id="290"><net_src comp="286" pin="1"/><net_sink comp="83" pin=2"/></net>

<net id="291"><net_src comp="286" pin="1"/><net_sink comp="83" pin=0"/></net>

<net id="295"><net_src comp="225" pin="1"/><net_sink comp="292" pin=0"/></net>

<net id="296"><net_src comp="292" pin="1"/><net_sink comp="229" pin=1"/></net>

</net_list>

</model> 
---------------- Datapath Model END ------------------

* FSMD analyzer results:
  - Output states:
	Port: buf_r | {4 }
 - Input state : 
	Port: Cipher_Pipeline_VITIS_LOOP_240_1_VITIS_LOOP_242_22 : buf_r | {3 4 }
	Port: Cipher_Pipeline_VITIS_LOOP_240_1_VITIS_LOOP_242_22 : round | {1 }
	Port: Cipher_Pipeline_VITIS_LOOP_240_1_VITIS_LOOP_242_22 : RoundKey_val | {1 }
  - Chain level:
	State 1
		store_ln0 : 1
		store_ln239 : 1
		store_ln239 : 1
		indvar_flatten13_load : 1
		icmp_ln240 : 2
		add_ln240 : 2
		br_ln240 : 3
		store_ln240 : 3
	State 2
		add_ln240_2 : 1
		icmp_ln242 : 1
		select_ln239 : 2
		select_ln240 : 2
		trunc_ln244 : 3
		trunc_ln244_3 : 3
		add_ln242 : 3
		store_ln239 : 3
		store_ln239 : 4
	State 3
		add_ln244 : 1
		zext_ln244_4 : 2
		buf_r_addr : 3
		zext_ln244_2 : 1
		lshr_ln244 : 2
		trunc_ln244_4 : 3
		buf_r_load : 4
	State 4
		xor_ln244 : 1
		store_ln244 : 1


============================================================
+ Verbose Summary: Datapath Resource usage 
============================================================

* Functional unit list:
|----------|------------------------------|---------|---------|
| Operation|        Functional Unit       |    FF   |   LUT   |
|----------|------------------------------|---------|---------|
|   lshr   |       lshr_ln244_fu_220      |    0    |   2171  |
|----------|------------------------------|---------|---------|
|          |       add_ln240_fu_117       |    0    |    13   |
|    add   |      add_ln240_2_fu_134      |    0    |    11   |
|          |       add_ln242_fu_170       |    0    |    11   |
|          |       add_ln244_fu_196       |    0    |    13   |
|----------|------------------------------|---------|---------|
|   icmp   |       icmp_ln240_fu_111      |    0    |    13   |
|          |       icmp_ln242_fu_140      |    0    |    11   |
|----------|------------------------------|---------|---------|
|    xor   |       xor_ln244_fu_229       |    0    |    8    |
|----------|------------------------------|---------|---------|
|  select  |      select_ln239_fu_146     |    0    |    3    |
|          |      select_ln240_fu_154     |    0    |    3    |
|----------|------------------------------|---------|---------|
|   read   | RoundKey_val_read_read_fu_64 |    0    |    0    |
|          |     round_read_read_fu_70    |    0    |    0    |
|----------|------------------------------|---------|---------|
|          |      trunc_ln244_fu_162      |    0    |    0    |
|   trunc  |     trunc_ln244_3_fu_166     |    0    |    0    |
|          |     trunc_ln244_4_fu_225     |    0    |    0    |
|----------|------------------------------|---------|---------|
|bitconcatenate|         tmp_s_fu_186         |    0    |    0    |
|          |      shl_ln244_2_fu_207      |    0    |    0    |
|----------|------------------------------|---------|---------|
|          |       zext_ln244_fu_193      |    0    |    0    |
|   zext   |      zext_ln244_4_fu_202     |    0    |    0    |
|          |      zext_ln244_2_fu_216     |    0    |    0    |
|----------|------------------------------|---------|---------|
|   Total  |                              |    0    |   2257  |
|----------|------------------------------|---------|---------|

Memories:
N/A

* Register list:
+-------------------------+--------+
|                         |   FF   |
+-------------------------+--------+
|RoundKey_val_read_reg_256|  1536  |
|    buf_r_addr_reg_286   |    4   |
|        i_reg_242        |    3   |
|    icmp_ln240_reg_266   |    1   |
| indvar_flatten13_reg_249|    5   |
|        j_reg_235        |    3   |
|    round_read_reg_261   |    4   |
|   select_ln239_reg_270  |    3   |
|  trunc_ln244_3_reg_281  |    2   |
|  trunc_ln244_4_reg_292  |    8   |
|   trunc_ln244_reg_275   |    2   |
+-------------------------+--------+
|          Total          |  1571  |
+-------------------------+--------+

* Multiplexer (MUX) list: 
|------------------|------|------|------|--------||---------||---------||---------|
|       Comp       |  Pin | Size |  BW  | S x BW ||  Delay  ||    FF   ||   LUT   |
|------------------|------|------|------|--------||---------||---------||---------|
| grp_access_fu_83 |  p2  |   2  |   0  |    0   ||    0    ||    9    |
|------------------|------|------|------|--------||---------||---------||---------|
|       Total      |      |      |      |    0   ||  1.588  ||    0    ||    9    |
|------------------|------|------|------|--------||---------||---------||---------|



* Summary:
+-----------+--------+--------+--------+
|           |  Delay |   FF   |   LUT  |
+-----------+--------+--------+--------+
|  Function |    -   |    0   |  2257  |
|   Memory  |    -   |    -   |    -   |
|Multiplexer|    1   |    0   |    9   |
|  Register |    -   |  1571  |    -   |
+-----------+--------+--------+--------+
|   Total   |    1   |  1571  |  2266  |
+-----------+--------+--------+--------+
