Mon Mar  3 00:20:29 2025: Running xcd server. This server was built by gradle.
Mon Mar  3 00:20:29 2025: Server was asked to start on port: '39951'
Mon Mar  3 00:20:29 2025: Server is using token UUID: 'd29adac7-5466-492e-98b6-3757dfa38e11'
Mon Mar  3 00:20:29 2025: SESSION_MGR: creating session with session uuid: '6d04a3e9-ade5-4ab9-8d63-1f78fcd2ec76' and name 'default'
Mon Mar  3 00:20:29 2025: Attempting to start server on port '39951'
Mon Mar  3 00:20:29 2025: XCD main fifo: created main fifo '/tmp/xcdmaind29adac7-5466-492e-98b6-3757dfa38e11', fd read = 13
Mon Mar  3 00:20:29 2025: Running Dispatch Server
Mon Mar  3 00:20:29 2025: Version 2.2.0
Mon Mar  3 00:20:30 2025: Dispatch Server: Accepted socket connection from client
Mon Mar  3 00:20:30 2025: Starting Socket connection
Mon Mar  3 00:20:30 2025: EXCHANGE_TOKEN received, server token: d29adac7-5466-492e-98b6-3757dfa38e11, passed token: d29adac7-5466-492e-98b6-3757dfa38e11
Mon Mar  3 00:20:30 2025: DISPATCH_HANDLER: Adding handler from function makeHandler in library libxv_system_diagram
Mon Mar  3 00:20:30 2025: SESSION_MGR: creating session with session uuid: '5544ac41-258c-4163-a320-caa7d2192e7f' and name 'vitis-run_compile_AES_ECB_encrypt'
Mon Mar  3 00:20:30 2025: KERNEL_SVC: creating session with uuid: '5544ac41-258c-4163-a320-caa7d2192e7f' and name 'vitis-run_compile_AES_ECB_encrypt'
Mon Mar  3 00:20:30 2025: GUIDANCE_SMGR: creating guidance session with uuid: '5544ac41-258c-4163-a320-caa7d2192e7f' and name 'vitis-run_compile_AES_ECB_encrypt'
Mon Mar  3 00:20:30 2025: SYSTEM_DIAGRAM: creating session with uuid: '5544ac41-258c-4163-a320-caa7d2192e7f' and name 'vitis-run_compile_AES_ECB_encrypt'
Mon Mar  3 00:20:40 2025: Dispatch Server: Accepted socket connection from client
Mon Mar  3 00:20:40 2025: Starting Socket connection
Mon Mar  3 00:20:50 2025: SESSION_MGR: closing session for UUID '5544ac41-258c-4163-a320-caa7d2192e7f' with name 'vitis-run_compile_AES_ECB_encrypt'
Mon Mar  3 00:20:50 2025: KERNEL_SVC: closing session for UUID '5544ac41-258c-4163-a320-caa7d2192e7f' with name 'vitis-run_compile_AES_ECB_encrypt'
Mon Mar  3 00:20:50 2025: GUIDANCE_SMGR: closing session for UUID '5544ac41-258c-4163-a320-caa7d2192e7f' with name 'vitis-run_compile_AES_ECB_encrypt'
Mon Mar  3 00:20:50 2025: SYSTEM_DIAGRAM: closing session for UUID '5544ac41-258c-4163-a320-caa7d2192e7f' with name 'vitis-run_compile_AES_ECB_encrypt'
Mon Mar  3 00:20:50 2025: STOP_SERVER received, server token: d29adac7-5466-492e-98b6-3757dfa38e11, passed token: d29adac7-5466-492e-98b6-3757dfa38e11
Mon Mar  3 00:20:50 2025: Socket received request to stop server.
Mon Mar  3 00:20:50 2025: Dispatch Server: do_await_stop
Mon Mar  3 00:20:50 2025: Dispatch Server: stopping mainFifo_
Mon Mar  3 00:20:50 2025: XCD main fifo: Stopping
Mon Mar  3 00:20:50 2025: XCD main fifo: do_read error code: Operation canceled
Mon Mar  3 00:20:50 2025: XCD main fifo: bytes_transferred: 0
Mon Mar  3 00:20:50 2025: SERVER: destructor for server bound to port 39951
Mon Mar  3 00:20:50 2025: XCD main fifo: Good unlink of /tmp/xcdmaind29adac7-5466-492e-98b6-3757dfa38e11
Mon Mar  3 00:20:50 2025: Server exiting with status 0.
Mon Mar  3 00:20:50 2025: Closing log file.
Mon Mar  3 00:21:05 2025: Running xcd server. This server was built by gradle.
Mon Mar  3 00:21:05 2025: Server was asked to start on port: '43509'
Mon Mar  3 00:21:05 2025: Server is using token UUID: 'c111b5f3-117b-4c6a-a5f9-cc9425e8d224'
Mon Mar  3 00:21:05 2025: SESSION_MGR: creating session with session uuid: '6d04a3e9-ade5-4ab9-8d63-1f78fcd2ec76' and name 'default'
Mon Mar  3 00:21:05 2025: Attempting to start server on port '43509'
Mon Mar  3 00:21:05 2025: XCD main fifo: created main fifo '/tmp/xcdmainc111b5f3-117b-4c6a-a5f9-cc9425e8d224', fd read = 13
Mon Mar  3 00:21:05 2025: Running Dispatch Server
Mon Mar  3 00:21:05 2025: Version 2.2.0
Mon Mar  3 00:21:06 2025: Dispatch Server: Accepted socket connection from client
Mon Mar  3 00:21:06 2025: Starting Socket connection
Mon Mar  3 00:21:06 2025: EXCHANGE_TOKEN received, server token: c111b5f3-117b-4c6a-a5f9-cc9425e8d224, passed token: c111b5f3-117b-4c6a-a5f9-cc9425e8d224
Mon Mar  3 00:21:07 2025: DISPATCH_HANDLER: Adding handler from function makeHandler in library libxv_system_diagram
Mon Mar  3 00:21:07 2025: SESSION_MGR: creating session with session uuid: 'cf3be88e-3a05-49e6-873b-0f855f478877' and name 'v++_compile_AES_ECB_encrypt'
Mon Mar  3 00:21:07 2025: KERNEL_SVC: creating session with uuid: 'cf3be88e-3a05-49e6-873b-0f855f478877' and name 'v++_compile_AES_ECB_encrypt'
Mon Mar  3 00:21:07 2025: GUIDANCE_SMGR: creating guidance session with uuid: 'cf3be88e-3a05-49e6-873b-0f855f478877' and name 'v++_compile_AES_ECB_encrypt'
Mon Mar  3 00:21:07 2025: SYSTEM_DIAGRAM: creating session with uuid: 'cf3be88e-3a05-49e6-873b-0f855f478877' and name 'v++_compile_AES_ECB_encrypt'
Mon Mar  3 00:21:16 2025: Dispatch Server: Accepted socket connection from client
Mon Mar  3 00:21:16 2025: Starting Socket connection
Mon Mar  3 00:21:34 2025: SESSION_MGR: closing session for UUID 'cf3be88e-3a05-49e6-873b-0f855f478877' with name 'v++_compile_AES_ECB_encrypt'
Mon Mar  3 00:21:34 2025: KERNEL_SVC: closing session for UUID 'cf3be88e-3a05-49e6-873b-0f855f478877' with name 'v++_compile_AES_ECB_encrypt'
Mon Mar  3 00:21:34 2025: GUIDANCE_SMGR: closing session for UUID 'cf3be88e-3a05-49e6-873b-0f855f478877' with name 'v++_compile_AES_ECB_encrypt'
Mon Mar  3 00:21:34 2025: SYSTEM_DIAGRAM: closing session for UUID 'cf3be88e-3a05-49e6-873b-0f855f478877' with name 'v++_compile_AES_ECB_encrypt'
Mon Mar  3 00:21:34 2025: STOP_SERVER received, server token: c111b5f3-117b-4c6a-a5f9-cc9425e8d224, passed token: c111b5f3-117b-4c6a-a5f9-cc9425e8d224
Mon Mar  3 00:21:34 2025: Socket received request to stop server.
Mon Mar  3 00:21:34 2025: Dispatch Server: do_await_stop
Mon Mar  3 00:21:34 2025: Dispatch Server: stopping mainFifo_
Mon Mar  3 00:21:34 2025: XCD main fifo: Stopping
Mon Mar  3 00:21:34 2025: XCD main fifo: do_read error code: Operation canceled
Mon Mar  3 00:21:34 2025: XCD main fifo: bytes_transferred: 0
Mon Mar  3 00:21:34 2025: SERVER: destructor for server bound to port 43509
Mon Mar  3 00:21:34 2025: XCD main fifo: Good unlink of /tmp/xcdmainc111b5f3-117b-4c6a-a5f9-cc9425e8d224
Mon Mar  3 00:21:34 2025: Server exiting with status 0.
Mon Mar  3 00:21:34 2025: Closing log file.
Mon Mar  3 00:22:10 2025: Running xcd server. This server was built by gradle.
Mon Mar  3 00:22:10 2025: Server was asked to start on port: '39547'
Mon Mar  3 00:22:10 2025: Server is using token UUID: 'dada7324-52b6-450f-99f6-f26d65c99f77'
Mon Mar  3 00:22:10 2025: SESSION_MGR: creating session with session uuid: '6d04a3e9-ade5-4ab9-8d63-1f78fcd2ec76' and name 'default'
Mon Mar  3 00:22:10 2025: Attempting to start server on port '39547'
Mon Mar  3 00:22:10 2025: XCD main fifo: created main fifo '/tmp/xcdmaindada7324-52b6-450f-99f6-f26d65c99f77', fd read = 13
Mon Mar  3 00:22:10 2025: Running Dispatch Server
Mon Mar  3 00:22:10 2025: Version 2.2.0
Mon Mar  3 00:22:11 2025: Dispatch Server: Accepted socket connection from client
Mon Mar  3 00:22:11 2025: Starting Socket connection
Mon Mar  3 00:22:11 2025: EXCHANGE_TOKEN received, server token: dada7324-52b6-450f-99f6-f26d65c99f77, passed token: dada7324-52b6-450f-99f6-f26d65c99f77
Mon Mar  3 00:22:11 2025: DISPATCH_HANDLER: Adding handler from function makeHandler in library libxv_system_diagram
Mon Mar  3 00:22:11 2025: SESSION_MGR: creating session with session uuid: 'f3875b59-bfc3-4eb9-8f17-048ad41187e2' and name 'vitis-run_compile_AES_ECB_encrypt'
Mon Mar  3 00:22:11 2025: KERNEL_SVC: creating session with uuid: 'f3875b59-bfc3-4eb9-8f17-048ad41187e2' and name 'vitis-run_compile_AES_ECB_encrypt'
Mon Mar  3 00:22:11 2025: GUIDANCE_SMGR: creating guidance session with uuid: 'f3875b59-bfc3-4eb9-8f17-048ad41187e2' and name 'vitis-run_compile_AES_ECB_encrypt'
Mon Mar  3 00:22:11 2025: SYSTEM_DIAGRAM: creating session with uuid: 'f3875b59-bfc3-4eb9-8f17-048ad41187e2' and name 'vitis-run_compile_AES_ECB_encrypt'
Mon Mar  3 00:22:21 2025: Dispatch Server: Accepted socket connection from client
Mon Mar  3 00:22:21 2025: Starting Socket connection
Mon Mar  3 00:22:56 2025: SESSION_MGR: closing session for UUID 'f3875b59-bfc3-4eb9-8f17-048ad41187e2' with name 'vitis-run_compile_AES_ECB_encrypt'
Mon Mar  3 00:22:56 2025: KERNEL_SVC: closing session for UUID 'f3875b59-bfc3-4eb9-8f17-048ad41187e2' with name 'vitis-run_compile_AES_ECB_encrypt'
Mon Mar  3 00:22:56 2025: GUIDANCE_SMGR: closing session for UUID 'f3875b59-bfc3-4eb9-8f17-048ad41187e2' with name 'vitis-run_compile_AES_ECB_encrypt'
Mon Mar  3 00:22:56 2025: SYSTEM_DIAGRAM: closing session for UUID 'f3875b59-bfc3-4eb9-8f17-048ad41187e2' with name 'vitis-run_compile_AES_ECB_encrypt'
Mon Mar  3 00:22:56 2025: STOP_SERVER received, server token: dada7324-52b6-450f-99f6-f26d65c99f77, passed token: dada7324-52b6-450f-99f6-f26d65c99f77
Mon Mar  3 00:22:56 2025: Socket received request to stop server.
Mon Mar  3 00:22:56 2025: Dispatch Server: do_await_stop
Mon Mar  3 00:22:56 2025: Dispatch Server: stopping mainFifo_
Mon Mar  3 00:22:56 2025: XCD main fifo: Stopping
Mon Mar  3 00:22:56 2025: XCD main fifo: do_read error code: Operation canceled
Mon Mar  3 00:22:56 2025: XCD main fifo: bytes_transferred: 0
Mon Mar  3 00:22:56 2025: SERVER: destructor for server bound to port 39547
Mon Mar  3 00:22:56 2025: XCD main fifo: Good unlink of /tmp/xcdmaindada7324-52b6-450f-99f6-f26d65c99f77
Mon Mar  3 00:22:56 2025: Server exiting with status 0.
Mon Mar  3 00:22:56 2025: Closing log file.
